-> Version: 1.4
-> Contact: Lambert Theisen <lambert.theisen@rwth-aachen.de>
-> Contact: Manuel Torrilhon <mt@mathcces.rwth-aachen.de>
-> Repository: <https://git.rwth-aachen.de/lamBOO/fenicsR13>
-> Documentation: <https://lamboo.pages.rwth-aachen.de/fenicsR13/>
  __            _          ____  _ _____
 / _| ___ _ __ (_) ___ ___|  _ \/ |___ /
| |_ / _ \ '_ \| |/ __/ __| |_) | | |_ \
|  _|  __/ | | | | (__\__ \  _ <| |___) |
|_|  \___|_| |_|_|\___|___/_| \_\_|____/

Input:
{"output_folder": "../../examples/precon_study/Simulation_Output_v1/additive_gasm_jacobi", "meshes": ["../../tests/square_manufactured_solution/meshes/square2.h5", "../../tests/square_manufactured_solution/meshes/square3.h5", "../../tests/square_manufactured_solution/meshes/square4.h5", "../../tests/square_manufactured_solution/meshes/square5.h5"], "elements": {"theta": {"shape": "Lagrange", "degree": 1}, "s": {"shape": "Lagrange", "degree": 2}, "p": {"shape": "Lagrange", "degree": 1}, "u": {"shape": "Lagrange", "degree": 1}, "sigma": {"shape": "Lagrange", "degree": 2}}, "stabilization": {"cip": {"enable": false, "delta_theta": 1.0, "delta_u": 1.0, "delta_p": 0.1}, "gls": {"enable": false, "tau_energy": 0.001, "tau_heatflux": 0.001, "tau_mass": 0.01, "tau_momentum": 0.01, "tau_stress": 0.01}}, "nsd": 2, "mode": "r13", "heat_source": "2*(-1 + x[0])*x[0]*(-1 + x[1])*x[1]*(-((-1 + x[1])*x[1]) + std::pow(x[0],2)*(-1 + 2*x[1]) + x[0]*(1 - 4*x[1] + 2*std::pow(x[1],2)))", "mass_source": 0, "body_force": ["2*std::pow(-1 + x[0],2)*std::pow(x[0],2)*(-1 + x[1])*x[1]*(-1 + 2*x[1])", "2*(-1 + x[0])*x[0]*(-1 + 2*x[0])*std::pow(-1 + x[1],2)*std::pow(x[1],2)"], "f_s": ["(2*(-108*std::pow(-1 + x[1],2)*std::pow(x[1],2) + 9*x[0]*x[1]*(-16 + 115*x[1] - 166*std::pow(x[1],2) + 67*std::pow(x[1],3)) + std::pow(x[0],2)*(-36 + 678*x[1] - 2105*std::pow(x[1],2) + 1930*std::pow(x[1],3) - 503*std::pow(x[1],4)) + 2*std::pow(x[0],4)*(-18 + 123*x[1] - 148*std::pow(x[1],2) + 20*std::pow(x[1],3) + 5*std::pow(x[1],4)) - 2*std::pow(x[0],3)*(-36 + 390*x[1] - 683*std::pow(x[1],2) + 238*std::pow(x[1],3) + 55*std::pow(x[1],4))))/75.", "(2*(-36*std::pow(-1 + x[1],2)*std::pow(x[1],2) + 6*x[0]*x[1]*(-24 + 113*x[1] - 130*std::pow(x[1],2) + 41*std::pow(x[1],3)) + std::pow(x[0],2)*(-108 + 1035*x[1] - 2105*std::pow(x[1],2) + 1366*std::pow(x[1],3) - 296*std::pow(x[1],4)) + std::pow(x[0],4)*(-108 + 603*x[1] - 503*std::pow(x[1],2) - 110*std::pow(x[1],3) + 10*std::pow(x[1],4)) + 2*std::pow(x[0],3)*(108 - 747*x[1] + 965*std::pow(x[1],2) - 238*std::pow(x[1],3) + 20*std::pow(x[1],4))))/75."], "f_sigma": [["(-36*std::pow(-1 + x[1],2)*std::pow(x[1],2) + 8*x[0]*x[1]*(13 - 10*x[1] - 32*std::pow(x[1],2) + 29*std::pow(x[1],3)) + 2*std::pow(x[0],3)*(12 + 40*x[1] - 263*std::pow(x[1],2) + 222*std::pow(x[1],3) + std::pow(x[1],4)) + std::pow(x[0],4)*(-12 + 64*x[1] - 33*std::pow(x[1],2) - 46*std::pow(x[1],3) + 15*std::pow(x[1],4)) - std::pow(x[0],2)*(12 + 248*x[1] - 639*std::pow(x[1],2) + 142*std::pow(x[1],3) + 249*std::pow(x[1],4)))/30.", "(-62*std::pow(-1 + x[1],2)*std::pow(x[1],2) + 48*x[0]*x[1]*(-1 + 11*x[1] - 18*std::pow(x[1],2) + 8*std::pow(x[1],3)) + std::pow(x[0],2)*(-2 + 168*x[1] - 873*std::pow(x[1],2) + 1098*std::pow(x[1],3) - 393*std::pow(x[1],4)) - 2*std::pow(x[0],3)*(-2 + 72*x[1] - 189*std::pow(x[1],2) + 114*std::pow(x[1],3) + 3*std::pow(x[1],4)) + std::pow(x[0],4)*(-2 + 24*x[1] - 33*std::pow(x[1],2) - 6*std::pow(x[1],3) + 15*std::pow(x[1],4)))/30."], ["(-62*std::pow(-1 + x[1],2)*std::pow(x[1],2) + 48*x[0]*x[1]*(-1 + 11*x[1] - 18*std::pow(x[1],2) + 8*std::pow(x[1],3)) + std::pow(x[0],2)*(-2 + 168*x[1] - 873*std::pow(x[1],2) + 1098*std::pow(x[1],3) - 393*std::pow(x[1],4)) - 2*std::pow(x[0],3)*(-2 + 72*x[1] - 189*std::pow(x[1],2) + 114*std::pow(x[1],3) + 3*std::pow(x[1],4)) + std::pow(x[0],4)*(-2 + 24*x[1] - 33*std::pow(x[1],2) - 6*std::pow(x[1],3) + 15*std::pow(x[1],4)))/30.", "(-12*std::pow(-1 + x[1],2)*std::pow(x[1],2) + 8*x[0]*x[1]*(-17 + 59*x[1] - 50*std::pow(x[1],2) + 8*std::pow(x[1],3)) + std::pow(x[0],2)*(-36 + 640*x[1] - 1521*std::pow(x[1],2) + 914*std::pow(x[1],3) - 33*std::pow(x[1],4)) + std::pow(x[0],4)*(-36 + 232*x[1] - 249*std::pow(x[1],2) + 2*std::pow(x[1],3) + 15*std::pow(x[1],4)) - 2*std::pow(x[0],3)*(-36 + 368*x[1] - 649*std::pow(x[1],2) + 258*std::pow(x[1],3) + 23*std::pow(x[1],4)))/30."]], "petsc_options": {"ksp_type": "tfqmr", "ksp_rtol": "1E-7", "ksp_max_it": 1000, "ksp_view": null, "ksp_monitor_true_residual": null, "pc_type": "fieldsplit", "pc_fieldsplit_detect_saddle_point": null, "pc_fieldsplit_type": "additive", "pc_fieldsplit_schur_fact_type": "full", "pc_fieldsplit_schur_precondition": "selfp", "fieldsplit_0_ksp_type": "preonly", "fieldsplit_0_pc_type": "gasm", "fieldsplit_0_pc_gamg_type": "classical", "fieldsplit_1_ksp_type": "preonly", "fieldsplit_1_pc_type": "jacobi"}, "regs": {"4000": {"kn": 1.0}}, "polar_coord_syst": true, "bcs": {"3000": {"chi_tilde": 1, "theta_w": 0, "u_t_w": 0, "u_n_w": 0, "u_x_w": "1E300", "u_y_w": "1E300", "u_z_w": "1E300", "p_w": 0, "epsilon_w": 0}, "3100": {"chi_tilde": 1, "theta_w": 0, "u_t_w": 0, "u_n_w": 0, "u_x_w": "1E300", "u_y_w": "1E300", "u_z_w": "1E300", "p_w": 0, "epsilon_w": 0}, "3200": {"chi_tilde": 1, "theta_w": 0, "u_t_w": 0, "u_n_w": 0, "u_x_w": "1E300", "u_y_w": "1E300", "u_z_w": "1E300", "p_w": 0, "epsilon_w": 0}, "3300": {"chi_tilde": 1, "theta_w": 0, "u_t_w": 0, "u_n_w": 0, "u_x_w": "1E300", "u_y_w": "1E300", "u_z_w": "1E300", "p_w": 0, "epsilon_w": 0}}, "convergence_study": {"enable": ...
Study [''] : 
Mesh: ../../tests/square_manufactured_solution/meshes/square2.h5
hmax: 0.35355339059415386
Start assemble
Write: ../../examples/precon_study/Simulation_Output_v1/additive_gasm_jacobi/assemble_0
Finish assemble: 0.0371706485748291
Start solve
#PETSc Option Table entries:
-fieldsplit_0_ksp_type preonly
-fieldsplit_0_pc_gamg_type classical
-fieldsplit_0_pc_type gasm
-fieldsplit_1_ksp_type preonly
-fieldsplit_1_pc_type jacobi
-ksp_max_it 1000
-ksp_monitor_true_residual
-ksp_rtol 1E-7
-ksp_type tfqmr
-ksp_view
-pc_fieldsplit_detect_saddle_point
-pc_fieldsplit_schur_fact_type full
-pc_fieldsplit_schur_precondition selfp
-pc_fieldsplit_type additive
-pc_type fieldsplit
#End of PETSc Option Table entries
  0 KSP preconditioned resid norm 1.532334382822e-02 true resid norm 1.929814312902e-02 ||r(i)||/||b|| 1.000000000000e+00
  1 KSP preconditioned resid norm 9.121588977100e-03 true resid norm 1.213477027975e-02 ||r(i)||/||b|| 6.288050720021e-01
  1 KSP preconditioned resid norm 8.744100019948e-03 true resid norm 8.412447042824e-03 ||r(i)||/||b|| 4.359200253922e-01
  2 KSP preconditioned resid norm 4.530312147351e-03 true resid norm 5.219865535820e-03 ||r(i)||/||b|| 2.704853778378e-01
  2 KSP preconditioned resid norm 4.858120813550e-03 true resid norm 4.654613934212e-03 ||r(i)||/||b|| 2.411949120231e-01
  3 KSP preconditioned resid norm 2.813943962725e-03 true resid norm 4.807196777643e-03 ||r(i)||/||b|| 2.491015195350e-01
  3 KSP preconditioned resid norm 3.388165592727e-03 true resid norm 4.861056762585e-03 ||r(i)||/||b|| 2.518924608490e-01
  4 KSP preconditioned resid norm 2.385259309144e-03 true resid norm 4.791447568525e-03 ||r(i)||/||b|| 2.482854198195e-01
  4 KSP preconditioned resid norm 3.372789848425e-03 true resid norm 4.819094437599e-03 ||r(i)||/||b|| 2.497180379159e-01
  5 KSP preconditioned resid norm 2.383617380161e-03 true resid norm 4.858309082984e-03 ||r(i)||/||b|| 2.517500803317e-01
  5 KSP preconditioned resid norm 3.363810782592e-03 true resid norm 4.920014740527e-03 ||r(i)||/||b|| 2.549475722941e-01
  6 KSP preconditioned resid norm 2.356457582276e-03 true resid norm 4.787440058950e-03 ||r(i)||/||b|| 2.480777568569e-01
  6 KSP preconditioned resid norm 3.202931906383e-03 true resid norm 4.533965446061e-03 ||r(i)||/||b|| 2.349430935271e-01
  7 KSP preconditioned resid norm 2.235182893667e-03 true resid norm 4.510437109662e-03 ||r(i)||/||b|| 2.337238914390e-01
  7 KSP preconditioned resid norm 3.146744877229e-03 true resid norm 4.600412026415e-03 ||r(i)||/||b|| 2.383862527943e-01
  8 KSP preconditioned resid norm 2.224415217727e-03 true resid norm 4.561908970834e-03 ||r(i)||/||b|| 2.363910838642e-01
  8 KSP preconditioned resid norm 3.145734985355e-03 true resid norm 4.570529722726e-03 ||r(i)||/||b|| 2.368377979254e-01
  9 KSP preconditioned resid norm 2.224369938569e-03 true resid norm 4.571555567212e-03 ||r(i)||/||b|| 2.368909556038e-01
  9 KSP preconditioned resid norm 3.145734123410e-03 true resid norm 4.571671481850e-03 ||r(i)||/||b|| 2.368969621215e-01
 10 KSP preconditioned resid norm 2.224368615496e-03 true resid norm 4.570276405796e-03 ||r(i)||/||b|| 2.368246714329e-01
 10 KSP preconditioned resid norm 3.145430231967e-03 true resid norm 4.588100358968e-03 ||r(i)||/||b|| 2.377482811840e-01
 11 KSP preconditioned resid norm 2.223701932528e-03 true resid norm 4.560168351334e-03 ||r(i)||/||b|| 2.363008876474e-01
 11 KSP preconditioned resid norm 3.143430574602e-03 true resid norm 4.595608982580e-03 ||r(i)||/||b|| 2.381373664738e-01
 12 KSP preconditioned resid norm 2.177219825991e-03 true resid norm 4.398727065573e-03 ||r(i)||/||b|| 2.279352493224e-01
 12 KSP preconditioned resid norm 1.782883742276e-03 true resid norm 2.048597704431e-03 ||r(i)||/||b|| 1.061551720668e-01
 13 KSP preconditioned resid norm 1.256277027455e-03 true resid norm 2.052024384939e-03 ||r(i)||/||b|| 1.063327373634e-01
 13 KSP preconditioned resid norm 1.776578308221e-03 true resid norm 2.057443446914e-03 ||r(i)||/||b|| 1.066135447934e-01
 14 KSP preconditioned resid norm 1.256183626750e-03 true resid norm 2.063200881321e-03 ||r(i)||/||b|| 1.069118861606e-01
 14 KSP preconditioned resid norm 1.776444843954e-03 true resid norm 2.069215374281e-03 ||r(i)||/||b|| 1.072235479055e-01
 15 KSP preconditioned resid norm 1.256093306518e-03 true resid norm 2.063198790344e-03 ||r(i)||/||b|| 1.069117778094e-01
 15 KSP preconditioned resid norm 1.776329343269e-03 true resid norm 2.068649831143e-03 ||r(i)||/||b|| 1.071942423327e-01
 16 KSP preconditioned resid norm 1.252910513813e-03 true resid norm 2.022811578527e-03 ||r(i)||/||b|| 1.048189748103e-01
 16 KSP preconditioned resid norm 1.493848839804e-03 true resid norm 1.975294153436e-03 ||r(i)||/||b|| 1.023566951613e-01
 17 KSP preconditioned resid norm 1.055926017882e-03 true resid norm 2.016078232617e-03 ||r(i)||/||b|| 1.044700632148e-01
 17 KSP preconditioned resid norm 1.493303525658e-03 true resid norm 2.018487775963e-03 ||r(i)||/||b|| 1.045949220331e-01
 18 KSP preconditioned resid norm 1.055925049190e-03 true resid norm 2.018455560427e-03 ||r(i)||/||b|| 1.045932526737e-01
 18 KSP preconditioned resid norm 1.493303525414e-03 true resid norm 2.018455990324e-03 ||r(i)||/||b|| 1.045932749503e-01
 19 KSP preconditioned resid norm 1.055925049181e-03 true resid norm 2.018463304984e-03 ||r(i)||/||b|| 1.045936539847e-01
 19 KSP preconditioned resid norm 1.493303521770e-03 true resid norm 2.018587764045e-03 ||r(i)||/||b|| 1.046001032612e-01
 20 KSP preconditioned resid norm 1.055925044497e-03 true resid norm 2.018700684282e-03 ||r(i)||/||b|| 1.046059546137e-01
 20 KSP preconditioned resid norm 1.493303516309e-03 true resid norm 2.018803204305e-03 ||r(i)||/||b|| 1.046112670431e-01
 21 KSP preconditioned resid norm 1.055924930075e-03 true resid norm 2.017990099789e-03 ||r(i)||/||b|| 1.045691332217e-01
 21 KSP preconditioned resid norm 1.493293066788e-03 true resid norm 2.024470554099e-03 ||r(i)||/||b|| 1.049049403647e-01
 22 KSP preconditioned resid norm 1.055907110480e-03 true resid norm 2.016773481657e-03 ||r(i)||/||b|| 1.045060899473e-01
 22 KSP preconditioned resid norm 1.493256550999e-03 true resid norm 2.025755196161e-03 ||r(i)||/||b|| 1.049715085341e-01
 23 KSP preconditioned resid norm 1.055511871167e-03 true resid norm 2.033843742352e-03 ||r(i)||/||b|| 1.053906445172e-01
 23 KSP preconditioned resid norm 1.479531307377e-03 true resid norm 2.038802933743e-03 ||r(i)||/||b|| 1.056476221630e-01
 24 KSP preconditioned resid norm 1.046186476156e-03 true resid norm 2.039060885357e-03 ||r(i)||/||b|| 1.056609888177e-01
 24 KSP preconditioned resid norm 1.479531103348e-03 true resid norm 2.039063133228e-03 ||r(i)||/||b|| 1.056611052989e-01
 25 KSP preconditioned resid norm 1.046186246017e-03 true resid norm 2.039466655882e-03 ||r(i)||/||b|| 1.056820152202e-01
 25 KSP preconditioned resid norm 1.447487159309e-03 true resid norm 2.020101248338e-03 ||r(i)||/||b|| 1.046785296820e-01
 26 KSP preconditioned resid norm 1.019497970248e-03 true resid norm 2.014940891238e-03 ||r(i)||/||b|| 1.044111279395e-01
 26 KSP preconditioned resid norm 1.440741526612e-03 true resid norm 2.025774144450e-03 ||r(i)||/||b|| 1.049724904052e-01
 27 KSP preconditioned resid norm 1.018642232998e-03 true resid norm 2.032466031044e-03 ||r(i)||/||b|| 1.053192536430e-01
 27 KSP preconditioned resid norm 1.440551970894e-03 true resid norm 2.036947553659e-03 ||r(i)||/||b|| 1.055514792299e-01
 28 KSP preconditioned resid norm 1.018145862541e-03 true resid norm 2.054977069505e-03 ||r(i)||/||b|| 1.064857409216e-01
 28 KSP preconditioned resid norm 1.422395876796e-03 true resid norm 2.109221289174e-03 ||r(i)||/||b|| 1.092965926863e-01
 29 KSP preconditioned resid norm 7.653622263624e-04 true resid norm 1.349618241246e-03 ||r(i)||/||b|| 6.993513480663e-02
 29 KSP preconditioned resid norm 2.926429811640e-04 true resid norm 3.379999470848e-04 ||r(i)||/||b|| 1.751463572557e-02
 30 KSP preconditioned resid norm 2.058209129622e-04 true resid norm 3.453630681935e-04 ||r(i)||/||b|| 1.789618130017e-02
 30 KSP preconditioned resid norm 2.910565941725e-04 true resid norm 3.468292563518e-04 ||r(i)||/||b|| 1.797215690821e-02
 31 KSP preconditioned resid norm 2.058052666050e-04 true resid norm 3.474405170544e-04 ||r(i)||/||b|| 1.800383149464e-02
 31 KSP preconditioned resid norm 2.910517189967e-04 true resid norm 3.477055426448e-04 ||r(i)||/||b|| 1.801756471181e-02
 32 KSP preconditioned resid norm 2.057953406801e-04 true resid norm 3.488098988588e-04 ||r(i)||/||b|| 1.807479074680e-02
 32 KSP preconditioned resid norm 2.908420985065e-04 true resid norm 3.538399073233e-04 ||r(i)||/||b|| 1.833543802415e-02
 33 KSP preconditioned resid norm 2.055527079067e-04 true resid norm 3.488391511381e-04 ||r(i)||/||b|| 1.807630655478e-02
 33 KSP preconditioned resid norm 2.905858797970e-04 true resid norm 3.525981878436e-04 ||r(i)||/||b|| 1.827109403668e-02
 34 KSP preconditioned resid norm 2.035948483479e-04 true resid norm 3.355646433196e-04 ||r(i)||/||b|| 1.738844204213e-02
 34 KSP preconditioned resid norm 2.392195168510e-04 true resid norm 3.083353067171e-04 ||r(i)||/||b|| 1.597745983413e-02
 35 KSP preconditioned resid norm 1.665257662560e-04 true resid norm 3.277954110278e-04 ||r(i)||/||b|| 1.698585241266e-02
 35 KSP preconditioned resid norm 2.351309967328e-04 true resid norm 3.375972172651e-04 ||r(i)||/||b|| 1.749376688773e-02
 36 KSP preconditioned resid norm 1.662618118426e-04 true resid norm 3.372486759591e-04 ||r(i)||/||b|| 1.747570601505e-02
 36 KSP preconditioned resid norm 2.351297047458e-04 true resid norm 3.372761178903e-04 ||r(i)||/||b|| 1.747712801358e-02
 37 KSP preconditioned resid norm 1.662617830758e-04 true resid norm 3.371972452269e-04 ||r(i)||/||b|| 1.747304095387e-02
 37 KSP preconditioned resid norm 2.351293749016e-04 true resid norm 3.374265351217e-04 ||r(i)||/||b|| 1.748492240242e-02
 38 KSP preconditioned resid norm 1.662610559202e-04 true resid norm 3.377824210190e-04 ||r(i)||/||b|| 1.750336386049e-02
 38 KSP preconditioned resid norm 2.351268017474e-04 true resid norm 3.383385066955e-04 ||r(i)||/||b|| 1.753217936221e-02
 39 KSP preconditioned resid norm 1.659963888552e-04 true resid norm 3.312419587355e-04 ||r(i)||/||b|| 1.716444719686e-02
 39 KSP preconditioned resid norm 1.831517741854e-04 true resid norm 2.796444578313e-04 ||r(i)||/||b|| 1.449074431471e-02
 40 KSP preconditioned resid norm 1.283960938489e-04 true resid norm 2.619698271074e-04 ||r(i)||/||b|| 1.357487222247e-02
 40 KSP preconditioned resid norm 1.815105503665e-04 true resid norm 2.657994468686e-04 ||r(i)||/||b|| 1.377331720941e-02
 41 KSP preconditioned resid norm 1.283461765502e-04 true resid norm 2.664221083006e-04 ||r(i)||/||b|| 1.380558256406e-02
 41 KSP preconditioned resid norm 1.815088641993e-04 true resid norm 2.665221683912e-04 ||r(i)||/||b|| 1.381076752356e-02
 42 KSP preconditioned resid norm 1.283460610541e-04 true resid norm 2.666346726868e-04 ||r(i)||/||b|| 1.381659732256e-02
 42 KSP preconditioned resid norm 1.815083496686e-04 true resid norm 2.667942372042e-04 ||r(i)||/||b|| 1.382486570965e-02
 43 KSP preconditioned resid norm 1.283456149858e-04 true resid norm 2.669546679573e-04 ||r(i)||/||b|| 1.383317898373e-02
 43 KSP preconditioned resid norm 1.815079615500e-04 true resid norm 2.671445450525e-04 ||r(i)||/||b|| 1.384301812182e-02
 44 KSP preconditioned resid norm 1.283390022329e-04 true resid norm 2.676853971844e-04 ||r(i)||/||b|| 1.387104424476e-02
 44 KSP preconditioned resid norm 1.809284232288e-04 true resid norm 2.699132870204e-04 ||r(i)||/||b|| 1.398649005844e-02
 45 KSP preconditioned resid norm 1.277644422782e-04 true resid norm 2.685921340487e-04 ||r(i)||/||b|| 1.391802994998e-02
 45 KSP preconditioned resid norm 1.805829417911e-04 true resid norm 2.732250962238e-04 ||r(i)||/||b|| 1.415810290125e-02
 46 KSP preconditioned resid norm 1.276898826963e-04 true resid norm 2.734377595459e-04 ||r(i)||/||b|| 1.416912278647e-02
 46 KSP preconditioned resid norm 1.805807179147e-04 true resid norm 2.734727182046e-04 ||r(i)||/||b|| 1.417093429022e-02
 47 KSP preconditioned resid norm 1.276896490522e-04 true resid norm 2.734023588091e-04 ||r(i)||/||b|| 1.416728837491e-02
 47 KSP preconditioned resid norm 1.805786734692e-04 true resid norm 2.735762274659e-04 ||r(i)||/||b|| 1.417629798043e-02
 48 KSP preconditioned resid norm 1.276878691856e-04 true resid norm 2.734523234349e-04 ||r(i)||/||b|| 1.416987746472e-02
 48 KSP preconditioned resid norm 1.805775906518e-04 true resid norm 2.735345604114e-04 ||r(i)||/||b|| 1.417413885796e-02
 49 KSP preconditioned resid norm 1.276873469430e-04 true resid norm 2.736280542942e-04 ||r(i)||/||b|| 1.417898356670e-02
 49 KSP preconditioned resid norm 1.805766544441e-04 true resid norm 2.737344231756e-04 ||r(i)||/||b|| 1.418449543801e-02
 50 KSP preconditioned resid norm 1.276734008686e-04 true resid norm 2.743320748716e-04 ||r(i)||/||b|| 1.421546482672e-02
 50 KSP preconditioned resid norm 1.798572018471e-04 true resid norm 2.768266000465e-04 ||r(i)||/||b|| 1.434472727224e-02
 51 KSP preconditioned resid norm 1.271515777012e-04 true resid norm 2.756039475167e-04 ||r(i)||/||b|| 1.428137130470e-02
 51 KSP preconditioned resid norm 1.798174424024e-04 true resid norm 2.762165050490e-04 ||r(i)||/||b|| 1.431311309085e-02
 52 KSP preconditioned resid norm 1.271360483123e-04 true resid norm 2.780024486612e-04 ||r(i)||/||b|| 1.440565793313e-02
 52 KSP preconditioned resid norm 1.796036589060e-04 true resid norm 2.831872297189e-04 ||r(i)||/||b|| 1.467432528745e-02
 53 KSP preconditioned resid norm 1.266428365592e-04 true resid norm 2.903235482257e-04 ||r(i)||/||b|| 1.504411830116e-02
 53 KSP preconditioned resid norm 1.778036948652e-04 true resid norm 2.996720126406e-04 ||r(i)||/||b|| 1.552854130250e-02
 54 KSP preconditioned resid norm 1.255279641562e-04 true resid norm 3.055852809140e-04 ||r(i)||/||b|| 1.583495774028e-02
 54 KSP preconditioned resid norm 1.774620890764e-04 true resid norm 3.089326204575e-04 ||r(i)||/||b|| 1.600841171050e-02
 55 KSP preconditioned resid norm 1.254411445378e-04 true resid norm 3.119551498190e-04 ||r(i)||/||b|| 1.616503451827e-02
 55 KSP preconditioned resid norm 1.773387849764e-04 true resid norm 3.149304017008e-04 ||r(i)||/||b|| 1.631920747998e-02
 56 KSP preconditioned resid norm 1.252246370801e-04 true resid norm 3.136598317439e-04 ||r(i)||/||b|| 1.625336850530e-02
 56 KSP preconditioned resid norm 1.761348958917e-04 true resid norm 3.160998896615e-04 ||r(i)||/||b|| 1.637980854159e-02
 57 KSP preconditioned resid norm 1.242948516966e-04 true resid norm 3.113802798497e-04 ||r(i)||/||b|| 1.613524564348e-02
 57 KSP preconditioned resid norm 1.756468725520e-04 true resid norm 3.168756346591e-04 ||r(i)||/||b|| 1.642000645039e-02
 58 KSP preconditioned resid norm 1.236138711477e-04 true resid norm 3.134946469146e-04 ||r(i)||/||b|| 1.624480888232e-02
 58 KSP preconditioned resid norm 1.698308061884e-04 true resid norm 3.009186375618e-04 ||r(i)||/||b|| 1.559313948239e-02
 59 KSP preconditioned resid norm 1.179183371877e-04 true resid norm 2.893974343906e-04 ||r(i)||/||b|| 1.499612851121e-02
 59 KSP preconditioned resid norm 1.648229855203e-04 true resid norm 2.861691796684e-04 ||r(i)||/||b|| 1.482884533269e-02
 60 KSP preconditioned resid norm 1.138775738861e-04 true resid norm 2.764625976658e-04 ||r(i)||/||b|| 1.432586523053e-02
 60 KSP preconditioned resid norm 1.540470520471e-04 true resid norm 2.610891255946e-04 ||r(i)||/||b|| 1.352923562899e-02
 61 KSP preconditioned resid norm 1.042391755270e-04 true resid norm 2.493943423378e-04 ||r(i)||/||b|| 1.292323000563e-02
 61 KSP preconditioned resid norm 1.411279498977e-04 true resid norm 2.408620982257e-04 ||r(i)||/||b|| 1.248110228095e-02
 62 KSP preconditioned resid norm 9.677147858860e-05 true resid norm 2.386142885365e-04 ||r(i)||/||b|| 1.236462425122e-02
 62 KSP preconditioned resid norm 1.338581375850e-04 true resid norm 2.441683224782e-04 ||r(i)||/||b|| 1.265242572023e-02
 63 KSP preconditioned resid norm 9.165153432867e-05 true resid norm 2.302304630631e-04 ||r(i)||/||b|| 1.193018735139e-02
 63 KSP preconditioned resid norm 1.238172202734e-04 true resid norm 2.292237943971e-04 ||r(i)||/||b|| 1.187802333440e-02
 64 KSP preconditioned resid norm 8.646235090628e-05 true resid norm 2.206203574926e-04 ||r(i)||/||b|| 1.143220650907e-02
 64 KSP preconditioned resid norm 1.218399796029e-04 true resid norm 2.202244778413e-04 ||r(i)||/||b|| 1.141169263638e-02
 65 KSP preconditioned resid norm 8.392644750846e-05 true resid norm 2.136238433642e-04 ||r(i)||/||b|| 1.106965794253e-02
 65 KSP preconditioned resid norm 1.008381820007e-04 true resid norm 1.609248788034e-04 ||r(i)||/||b|| 8.338878913249e-03
 66 KSP preconditioned resid norm 6.911655314663e-05 true resid norm 1.540187066057e-04 ||r(i)||/||b|| 7.981011726153e-03
 66 KSP preconditioned resid norm 9.707056915730e-05 true resid norm 1.599075924779e-04 ||r(i)||/||b|| 8.286164705530e-03
 67 KSP preconditioned resid norm 6.683212730986e-05 true resid norm 1.519606908063e-04 ||r(i)||/||b|| 7.874368522937e-03
 67 KSP preconditioned resid norm 8.603181430822e-05 true resid norm 1.303317184762e-04 ||r(i)||/||b|| 6.753588550198e-03
 68 KSP preconditioned resid norm 5.911908707175e-05 true resid norm 1.253883027917e-04 ||r(i)||/||b|| 6.497428377091e-03
 68 KSP preconditioned resid norm 8.282085807451e-05 true resid norm 1.320366057556e-04 ||r(i)||/||b|| 6.841933178382e-03
 69 KSP preconditioned resid norm 5.854006389061e-05 true resid norm 1.316465972298e-04 ||r(i)||/||b|| 6.821723538355e-03
 69 KSP preconditioned resid norm 8.278677229758e-05 true resid norm 1.316671291051e-04 ||r(i)||/||b|| 6.822787468455e-03
 70 KSP preconditioned resid norm 5.848718851108e-05 true resid norm 1.313675646857e-04 ||r(i)||/||b|| 6.807264502466e-03
 70 KSP preconditioned resid norm 7.906584277651e-05 true resid norm 1.240330223125e-04 ||r(i)||/||b|| 6.427199833851e-03
 71 KSP preconditioned resid norm 5.440349042791e-05 true resid norm 1.244494343260e-04 ||r(i)||/||b|| 6.448777661870e-03
 71 KSP preconditioned resid norm 7.564366533748e-05 true resid norm 1.298829160466e-04 ||r(i)||/||b|| 6.730332300794e-03
 72 KSP preconditioned resid norm 4.883923933203e-05 true resid norm 9.172405464517e-05 ||r(i)||/||b|| 4.752998981920e-03
 72 KSP preconditioned resid norm 4.891465307548e-05 true resid norm 7.621761113301e-05 ||r(i)||/||b|| 3.949479005490e-03
 73 KSP preconditioned resid norm 3.410035001399e-05 true resid norm 8.183170475980e-05 ||r(i)||/||b|| 4.240392674710e-03
 73 KSP preconditioned resid norm 4.818622826305e-05 true resid norm 8.363115669633e-05 ||r(i)||/||b|| 4.333637497515e-03
 74 KSP preconditioned resid norm 3.406209147767e-05 true resid norm 8.416644342321e-05 ||r(i)||/||b|| 4.361375229757e-03
 74 KSP preconditioned resid norm 4.816516771412e-05 true resid norm 8.491917503420e-05 ||r(i)||/||b|| 4.400380620377e-03
 75 KSP preconditioned resid norm 3.403849381793e-05 true resid norm 8.412039604773e-05 ||r(i)||/||b|| 4.358989125810e-03
 75 KSP preconditioned resid norm 4.801038902798e-05 true resid norm 8.631640226952e-05 ||r(i)||/||b|| 4.472782779796e-03
 76 KSP preconditioned resid norm 3.354939777674e-05 true resid norm 8.276781172688e-05 ||r(i)||/||b|| 4.288900293336e-03
 76 KSP preconditioned resid norm 4.511743117033e-05 true resid norm 8.442818079031e-05 ||r(i)||/||b|| 4.374938056261e-03
 77 KSP preconditioned resid norm 2.798866571388e-05 true resid norm 7.774588456844e-05 ||r(i)||/||b|| 4.028671776795e-03
 77 KSP preconditioned resid norm 3.018206126023e-05 true resid norm 5.887392440052e-05 ||r(i)||/||b|| 3.050755920242e-03
 78 KSP preconditioned resid norm 2.131795976840e-05 true resid norm 5.839059239854e-05 ||r(i)||/||b|| 3.025710401678e-03
 78 KSP preconditioned resid norm 3.014796574711e-05 true resid norm 5.846046257143e-05 ||r(i)||/||b|| 3.029330966228e-03
 79 KSP preconditioned resid norm 2.124242486738e-05 true resid norm 5.775399337357e-05 ||r(i)||/||b|| 2.992722822473e-03
 79 KSP preconditioned resid norm 1.322734493278e-05 true resid norm 1.978687300463e-05 ||r(i)||/||b|| 1.025325228046e-03
 80 KSP preconditioned resid norm 9.319047973612e-06 true resid norm 2.047717987292e-05 ||r(i)||/||b|| 1.061095864821e-03
 80 KSP preconditioned resid norm 1.317868791678e-05 true resid norm 2.058163784748e-05 ||r(i)||/||b|| 1.066508715884e-03
 81 KSP preconditioned resid norm 9.318514768144e-06 true resid norm 2.067105088478e-05 ||r(i)||/||b|| 1.071141961513e-03
 81 KSP preconditioned resid norm 1.317813815893e-05 true resid norm 2.074755394822e-05 ||r(i)||/||b|| 1.075106232217e-03
 82 KSP preconditioned resid norm 9.318350202877e-06 true resid norm 2.075232660198e-05 ||r(i)||/||b|| 1.075353543771e-03
 82 KSP preconditioned resid norm 1.317813723217e-05 true resid norm 2.075262332404e-05 ||r(i)||/||b|| 1.075368919450e-03
 83 KSP preconditioned resid norm 9.318331252311e-06 true resid norm 2.077785306143e-05 ||r(i)||/||b|| 1.076676285512e-03
 83 KSP preconditioned resid norm 1.298701005176e-05 true resid norm 2.237479466360e-05 ||r(i)||/||b|| 1.159427335263e-03
 84 KSP preconditioned resid norm 8.573122520547e-06 true resid norm 2.338114001726e-05 ||r(i)||/||b|| 1.211574598703e-03
 84 KSP preconditioned resid norm 9.417146128850e-06 true resid norm 1.944197768609e-05 ||r(i)||/||b|| 1.007453284812e-03
 85 KSP preconditioned resid norm 6.628528072466e-06 true resid norm 1.845498669716e-05 ||r(i)||/||b|| 9.563089346874e-04
 85 KSP preconditioned resid norm 9.373164949315e-06 true resid norm 1.860158293985e-05 ||r(i)||/||b|| 9.639053257865e-04
 86 KSP preconditioned resid norm 6.619394177791e-06 true resid norm 1.811056902193e-05 ||r(i)||/||b|| 9.384617421918e-04
 86 KSP preconditioned resid norm 9.220639209592e-06 true resid norm 1.895131597840e-05 ||r(i)||/||b|| 9.820279522074e-04
 87 KSP preconditioned resid norm 6.439403231529e-06 true resid norm 1.880506782985e-05 ||r(i)||/||b|| 9.744495988099e-04
 87 KSP preconditioned resid norm 9.013665942488e-06 true resid norm 1.856283320580e-05 ||r(i)||/||b|| 9.618973743587e-04
 88 KSP preconditioned resid norm 6.312758300268e-06 true resid norm 1.846004055882e-05 ||r(i)||/||b|| 9.565708180007e-04
 88 KSP preconditioned resid norm 8.847785768694e-06 true resid norm 1.908439571761e-05 ||r(i)||/||b|| 9.889239389522e-04
 89 KSP preconditioned resid norm 6.248738507473e-06 true resid norm 1.865256124556e-05 ||r(i)||/||b|| 9.665469429289e-04
 89 KSP preconditioned resid norm 8.835587469741e-06 true resid norm 1.881689087179e-05 ||r(i)||/||b|| 9.750622506004e-04
 90 KSP preconditioned resid norm 6.224051359962e-06 true resid norm 1.909711064151e-05 ||r(i)||/||b|| 9.895828066897e-04
 90 KSP preconditioned resid norm 8.124454798648e-06 true resid norm 1.770059798793e-05 ||r(i)||/||b|| 9.172176757935e-04
 91 KSP preconditioned resid norm 5.645595598755e-06 true resid norm 1.752992105969e-05 ||r(i)||/||b|| 9.083734607261e-04
 91 KSP preconditioned resid norm 7.951510929832e-06 true resid norm 1.766442870962e-05 ||r(i)||/||b|| 9.153434396004e-04
 92 KSP preconditioned resid norm 5.622477805657e-06 true resid norm 1.767541888309e-05 ||r(i)||/||b|| 9.159129334319e-04
 92 KSP preconditioned resid norm 7.951383872024e-06 true resid norm 1.767781985730e-05 ||r(i)||/||b|| 9.160373482107e-04
 93 KSP preconditioned resid norm 5.622477268361e-06 true resid norm 1.767608036392e-05 ||r(i)||/||b|| 9.159472103478e-04
 93 KSP preconditioned resid norm 7.951383465174e-06 true resid norm 1.767737676682e-05 ||r(i)||/||b|| 9.160143879456e-04
 94 KSP preconditioned resid norm 5.622431797133e-06 true resid norm 1.770281213690e-05 ||r(i)||/||b|| 9.173324095766e-04
 94 KSP preconditioned resid norm 7.922458622643e-06 true resid norm 1.812814029123e-05 ||r(i)||/||b|| 9.393722582549e-04
 95 KSP preconditioned resid norm 5.487106219085e-06 true resid norm 1.713833611642e-05 ||r(i)||/||b|| 8.880821331796e-04
 95 KSP preconditioned resid norm 6.976557304893e-06 true resid norm 1.425834425744e-05 ||r(i)||/||b|| 7.388453988611e-04
 96 KSP preconditioned resid norm 4.933122633856e-06 true resid norm 1.425381737822e-05 ||r(i)||/||b|| 7.386108229651e-04
 96 KSP preconditioned resid norm 6.976488926658e-06 true resid norm 1.425406002717e-05 ||r(i)||/||b|| 7.386233966590e-04
 97 KSP preconditioned resid norm 4.933115874108e-06 true resid norm 1.425432493239e-05 ||r(i)||/||b|| 7.386371236387e-04
 97 KSP preconditioned resid norm 6.963461069984e-06 true resid norm 1.425881848573e-05 ||r(i)||/||b|| 7.388699726397e-04
 98 KSP preconditioned resid norm 4.914498245120e-06 true resid norm 1.428281392671e-05 ||r(i)||/||b|| 7.401133793661e-04
 98 KSP preconditioned resid norm 6.936541675842e-06 true resid norm 1.451105186084e-05 ||r(i)||/||b|| 7.519403169429e-04
 99 KSP preconditioned resid norm 4.841514400923e-06 true resid norm 1.379128354692e-05 ||r(i)||/||b|| 7.146430335147e-04
 99 KSP preconditioned resid norm 6.322266257489e-06 true resid norm 1.264580929752e-05 ||r(i)||/||b|| 6.552863253722e-04
100 KSP preconditioned resid norm 3.451093480222e-06 true resid norm 7.511200361478e-06 ||r(i)||/||b|| 3.892188129843e-04
100 KSP preconditioned resid norm 2.886506451568e-06 true resid norm 3.587744430343e-06 ||r(i)||/||b|| 1.859113805073e-04
101 KSP preconditioned resid norm 1.955729095570e-06 true resid norm 3.355119698636e-06 ||r(i)||/||b|| 1.738571258491e-04
101 KSP preconditioned resid norm 2.750419805727e-06 true resid norm 3.386999123007e-06 ||r(i)||/||b|| 1.755090684302e-04
102 KSP preconditioned resid norm 1.897360350800e-06 true resid norm 3.328423606004e-06 ||r(i)||/||b|| 1.724737755208e-04
102 KSP preconditioned resid norm 2.429214444060e-06 true resid norm 3.091788958543e-06 ||r(i)||/||b|| 1.602117332156e-04
103 KSP preconditioned resid norm 1.714111357329e-06 true resid norm 3.112849957521e-06 ||r(i)||/||b|| 1.613030816856e-04
103 KSP preconditioned resid norm 2.424001069230e-06 true resid norm 3.123399898169e-06 ||r(i)||/||b|| 1.618497633315e-04
104 KSP preconditioned resid norm 1.713166038872e-06 true resid norm 3.138325120109e-06 ||r(i)||/||b|| 1.626231653029e-04
104 KSP preconditioned resid norm 2.410346011146e-06 true resid norm 3.157313354395e-06 ||r(i)||/||b|| 1.636071063048e-04
105 KSP preconditioned resid norm 1.704271661397e-06 true resid norm 3.150808414118e-06 ||r(i)||/||b|| 1.632700303368e-04
105 KSP preconditioned resid norm 2.410202465607e-06 true resid norm 3.151903994547e-06 ||r(i)||/||b|| 1.633268016241e-04
106 KSP preconditioned resid norm 1.704270008941e-06 true resid norm 3.152582901137e-06 ||r(i)||/||b|| 1.633619815161e-04
106 KSP preconditioned resid norm 2.410201456009e-06 true resid norm 3.153016008347e-06 ||r(i)||/||b|| 1.633844244634e-04
107 KSP preconditioned resid norm 1.704242775768e-06 true resid norm 3.153241503533e-06 ||r(i)||/||b|| 1.633961092760e-04
107 KSP preconditioned resid norm 2.405384282206e-06 true resid norm 3.208100489837e-06 ||r(i)||/||b|| 1.662388172991e-04
108 KSP preconditioned resid norm 1.608588842900e-06 true resid norm 2.983016008010e-06 ||r(i)||/||b|| 1.545752867551e-04
108 KSP preconditioned resid norm 1.117429373071e-06 true resid norm 1.168132093549e-06 ||r(i)||/||b|| 6.053080266529e-05
109 KSP preconditioned resid norm 6.823488281486e-07 true resid norm 9.983707510499e-07 ||r(i)||/||b|| 5.173403183795e-05
109 KSP preconditioned resid norm 9.141846925304e-07 true resid norm 1.011370579418e-06 ||r(i)||/||b|| 5.240766288529e-05
110 KSP preconditioned resid norm 6.102001658059e-07 true resid norm 1.088826465335e-06 ||r(i)||/||b|| 5.642130737945e-05
110 KSP preconditioned resid norm 8.118281941433e-07 true resid norm 1.185164653014e-06 ||r(i)||/||b|| 6.141340361559e-05
111 KSP preconditioned resid norm 5.283469782128e-07 true resid norm 1.187159449994e-06 ||r(i)||/||b|| 6.151677091714e-05
111 KSP preconditioned resid norm 6.710036795000e-07 true resid norm 1.198248312156e-06 ||r(i)||/||b|| 6.209137864430e-05
112 KSP preconditioned resid norm 4.281250810749e-07 true resid norm 1.023537273988e-06 ||r(i)||/||b|| 5.303812222479e-05
112 KSP preconditioned resid norm 5.483563921280e-07 true resid norm 1.002122083353e-06 ||r(i)||/||b|| 5.192842008962e-05
113 KSP preconditioned resid norm 3.876335406400e-07 true resid norm 9.986536979671e-07 ||r(i)||/||b|| 5.174869371061e-05
113 KSP preconditioned resid norm 5.481960923326e-07 true resid norm 9.989801624539e-07 ||r(i)||/||b|| 5.176561059658e-05
114 KSP preconditioned resid norm 3.875148280666e-07 true resid norm 1.002555861285e-06 ||r(i)||/||b|| 5.195089779271e-05
114 KSP preconditioned resid norm 5.008385310699e-07 true resid norm 9.918990916522e-07 ||r(i)||/||b|| 5.139868043370e-05
115 KSP preconditioned resid norm 3.258577989469e-07 true resid norm 9.582250427631e-07 ||r(i)||/||b|| 4.965374317917e-05
115 KSP preconditioned resid norm 4.262950312302e-07 true resid norm 9.243773061473e-07 ||r(i)||/||b|| 4.789980569464e-05
116 KSP preconditioned resid norm 2.817117489392e-07 true resid norm 9.000876260967e-07 ||r(i)||/||b|| 4.664115195328e-05
116 KSP preconditioned resid norm 3.752545406985e-07 true resid norm 8.819910970361e-07 ||r(i)||/||b|| 4.570341774022e-05
117 KSP preconditioned resid norm 2.635509013197e-07 true resid norm 8.815351500185e-07 ||r(i)||/||b|| 4.567979126929e-05
117 KSP preconditioned resid norm 3.724134986369e-07 true resid norm 8.849642291794e-07 ||r(i)||/||b|| 4.585748086036e-05
118 KSP preconditioned resid norm 2.629452265239e-07 true resid norm 8.897943420450e-07 ||r(i)||/||b|| 4.610776985621e-05
118 KSP preconditioned resid norm 3.708575567532e-07 true resid norm 8.970397682913e-07 ||r(i)||/||b|| 4.648321666463e-05
119 KSP preconditioned resid norm 2.588479666726e-07 true resid norm 8.883590437919e-07 ||r(i)||/||b|| 4.603339491539e-05
119 KSP preconditioned resid norm 3.450478896314e-07 true resid norm 8.664229850179e-07 ||r(i)||/||b|| 4.489670219696e-05
120 KSP preconditioned resid norm 2.298523009801e-07 true resid norm 8.410692030925e-07 ||r(i)||/||b|| 4.358290833836e-05
120 KSP preconditioned resid norm 3.060820290983e-07 true resid norm 8.150451753623e-07 ||r(i)||/||b|| 4.223438337633e-05
121 KSP preconditioned resid norm 2.147791796673e-07 true resid norm 8.107058911610e-07 ||r(i)||/||b|| 4.200952836452e-05
121 KSP preconditioned resid norm 3.034289220631e-07 true resid norm 8.113557866444e-07 ||r(i)||/||b|| 4.204320494568e-05
122 KSP preconditioned resid norm 2.142448339587e-07 true resid norm 8.122644027065e-07 ||r(i)||/||b|| 4.209028802803e-05
122 KSP preconditioned resid norm 3.023709802336e-07 true resid norm 8.135243945159e-07 ||r(i)||/||b|| 4.215557885943e-05
123 KSP preconditioned resid norm 2.130705793859e-07 true resid norm 8.144388373454e-07 ||r(i)||/||b|| 4.220296387587e-05
123 KSP preconditioned resid norm 2.995718492663e-07 true resid norm 8.213116195117e-07 ||r(i)||/||b|| 4.255910084306e-05
124 KSP preconditioned resid norm 2.110705207330e-07 true resid norm 8.247734156150e-07 ||r(i)||/||b|| 4.273848577560e-05
124 KSP preconditioned resid norm 2.978392849107e-07 true resid norm 8.279544212894e-07 ||r(i)||/||b|| 4.290332058137e-05
125 KSP preconditioned resid norm 2.098021084928e-07 true resid norm 8.253787487132e-07 ||r(i)||/||b|| 4.276985320272e-05
125 KSP preconditioned resid norm 2.947667617461e-07 true resid norm 8.186941335767e-07 ||r(i)||/||b|| 4.242346676068e-05
126 KSP preconditioned resid norm 2.077833528431e-07 true resid norm 8.174063188325e-07 ||r(i)||/||b|| 4.235673418772e-05
126 KSP preconditioned resid norm 2.934131439805e-07 true resid norm 8.191940279434e-07 ||r(i)||/||b|| 4.244937051542e-05
127 KSP preconditioned resid norm 2.063380479916e-07 true resid norm 8.118745625722e-07 ||r(i)||/||b|| 4.207008711379e-05
127 KSP preconditioned resid norm 2.860558273098e-07 true resid norm 8.135551529800e-07 ||r(i)||/||b|| 4.215717271558e-05
128 KSP preconditioned resid norm 2.021265466208e-07 true resid norm 8.122069442257e-07 ||r(i)||/||b|| 4.208731061821e-05
128 KSP preconditioned resid norm 2.858425210960e-07 true resid norm 8.126674923553e-07 ||r(i)||/||b|| 4.211117551166e-05
129 KSP preconditioned resid norm 2.020781339845e-07 true resid norm 8.127475494808e-07 ||r(i)||/||b|| 4.211532394838e-05
129 KSP preconditioned resid norm 2.852940057568e-07 true resid norm 8.197353233190e-07 ||r(i)||/||b|| 4.247741960657e-05
130 KSP preconditioned resid norm 2.016526649373e-07 true resid norm 8.185124334605e-07 ||r(i)||/||b|| 4.241405134102e-05
130 KSP preconditioned resid norm 2.851531839959e-07 true resid norm 8.194960472073e-07 ||r(i)||/||b|| 4.246502068766e-05
131 KSP preconditioned resid norm 2.015995305626e-07 true resid norm 8.207514712832e-07 ||r(i)||/||b|| 4.253007482617e-05
131 KSP preconditioned resid norm 2.850172675704e-07 true resid norm 8.224462478981e-07 ||r(i)||/||b|| 4.261789553531e-05
132 KSP preconditioned resid norm 2.014298658697e-07 true resid norm 8.197659782837e-07 ||r(i)||/||b|| 4.247900809954e-05
132 KSP preconditioned resid norm 2.845996607670e-07 true resid norm 8.226541730976e-07 ||r(i)||/||b|| 4.262866989833e-05
133 KSP preconditioned resid norm 2.011596519442e-07 true resid norm 8.203114089668e-07 ||r(i)||/||b|| 4.250727147594e-05
133 KSP preconditioned resid norm 2.844310714966e-07 true resid norm 8.216194880036e-07 ||r(i)||/||b|| 4.257505411327e-05
134 KSP preconditioned resid norm 2.011094888915e-07 true resid norm 8.224655509423e-07 ||r(i)||/||b|| 4.261889578928e-05
134 KSP preconditioned resid norm 2.844045477469e-07 true resid norm 8.231375603465e-07 ||r(i)||/||b|| 4.265371827970e-05
135 KSP preconditioned resid norm 2.010748124155e-07 true resid norm 8.234459891679e-07 ||r(i)||/||b|| 4.266970058532e-05
135 KSP preconditioned resid norm 2.841207490832e-07 true resid norm 8.284461165240e-07 ||r(i)||/||b|| 4.292879946974e-05
136 KSP preconditioned resid norm 2.007033319299e-07 true resid norm 8.335287100042e-07 ||r(i)||/||b|| 4.319217162147e-05
136 KSP preconditioned resid norm 2.835056776293e-07 true resid norm 8.389776311177e-07 ||r(i)||/||b|| 4.347452630591e-05
137 KSP preconditioned resid norm 2.002036234858e-07 true resid norm 8.442511278978e-07 ||r(i)||/||b|| 4.374779077207e-05
137 KSP preconditioned resid norm 2.827069358202e-07 true resid norm 8.496965029795e-07 ||r(i)||/||b|| 4.402996170661e-05
138 KSP preconditioned resid norm 1.995812537693e-07 true resid norm 8.531121235639e-07 ||r(i)||/||b|| 4.420695389501e-05
138 KSP preconditioned resid norm 2.817590805339e-07 true resid norm 8.555022644111e-07 ||r(i)||/||b|| 4.433080730574e-05
139 KSP preconditioned resid norm 1.991663379504e-07 true resid norm 8.575583779014e-07 ||r(i)||/||b|| 4.443735193423e-05
139 KSP preconditioned resid norm 2.816451918162e-07 true resid norm 8.589131566972e-07 ||r(i)||/||b|| 4.450755448101e-05
140 KSP preconditioned resid norm 1.991412788212e-07 true resid norm 8.601596062031e-07 ||r(i)||/||b|| 4.457214357114e-05
140 KSP preconditioned resid norm 2.816129057928e-07 true resid norm 8.613100669959e-07 ||r(i)||/||b|| 4.463175867427e-05
141 KSP preconditioned resid norm 1.990434404472e-07 true resid norm 8.633768640003e-07 ||r(i)||/||b|| 4.473885690598e-05
141 KSP preconditioned resid norm 2.805124596853e-07 true resid norm 8.651477049013e-07 ||r(i)||/||b|| 4.483061914907e-05
142 KSP preconditioned resid norm 1.983230202386e-07 true resid norm 8.659601929222e-07 ||r(i)||/||b|| 4.487272102465e-05
142 KSP preconditioned resid norm 2.804693461910e-07 true resid norm 8.661100526365e-07 ||r(i)||/||b|| 4.488048652381e-05
143 KSP preconditioned resid norm 1.981097436285e-07 true resid norm 8.617890652507e-07 ||r(i)||/||b|| 4.465657962474e-05
143 KSP preconditioned resid norm 2.398065999700e-07 true resid norm 6.780062320815e-07 ||r(i)||/||b|| 3.513323678598e-05
144 KSP preconditioned resid norm 1.432929193370e-07 true resid norm 5.402434652030e-07 ||r(i)||/||b|| 2.799458277365e-05
144 KSP preconditioned resid norm 1.695737976912e-07 true resid norm 4.353892335776e-07 ||r(i)||/||b|| 2.256119828041e-05
145 KSP preconditioned resid norm 1.160397506110e-07 true resid norm 4.014265829670e-07 ||r(i)||/||b|| 2.080130612999e-05
145 KSP preconditioned resid norm 1.629404955903e-07 true resid norm 3.981118653096e-07 ||r(i)||/||b|| 2.062954257557e-05
146 KSP preconditioned resid norm 1.151982548018e-07 true resid norm 3.986025790491e-07 ||r(i)||/||b|| 2.065497060438e-05
146 KSP preconditioned resid norm 1.629143671987e-07 true resid norm 3.986388729623e-07 ||r(i)||/||b|| 2.065685129896e-05
147 KSP preconditioned resid norm 1.151973873317e-07 true resid norm 3.986666037491e-07 ||r(i)||/||b|| 2.065828826555e-05
147 KSP preconditioned resid norm 1.629129401369e-07 true resid norm 3.986853254107e-07 ||r(i)||/||b|| 2.065925839316e-05
148 KSP preconditioned resid norm 1.151929583062e-07 true resid norm 3.986623518528e-07 ||r(i)||/||b|| 2.065806793884e-05
148 KSP preconditioned resid norm 1.628680922391e-07 true resid norm 3.986929431225e-07 ||r(i)||/||b|| 2.065965313124e-05
149 KSP preconditioned resid norm 1.151644243897e-07 true resid norm 3.987056053628e-07 ||r(i)||/||b|| 2.066030926899e-05
149 KSP preconditioned resid norm 1.628670653842e-07 true resid norm 3.987238283059e-07 ||r(i)||/||b|| 2.066125355378e-05
150 KSP preconditioned resid norm 1.151641069959e-07 true resid norm 3.986873893184e-07 ||r(i)||/||b|| 2.065936534168e-05
150 KSP preconditioned resid norm 1.628596106706e-07 true resid norm 3.990074551026e-07 ||r(i)||/||b|| 2.067595065675e-05
151 KSP preconditioned resid norm 1.151585673036e-07 true resid norm 3.991016542714e-07 ||r(i)||/||b|| 2.068083191233e-05
151 KSP preconditioned resid norm 1.628587160010e-07 true resid norm 3.991337308758e-07 ||r(i)||/||b|| 2.068249407248e-05
152 KSP preconditioned resid norm 1.151559818538e-07 true resid norm 3.992676733613e-07 ||r(i)||/||b|| 2.068943476541e-05
152 KSP preconditioned resid norm 1.627167621776e-07 true resid norm 4.002635812112e-07 ||r(i)||/||b|| 2.074104117350e-05
153 KSP preconditioned resid norm 1.150480010094e-07 true resid norm 4.006245754449e-07 ||r(i)||/||b|| 2.075974733768e-05
153 KSP preconditioned resid norm 1.627009599433e-07 true resid norm 4.007842725536e-07 ||r(i)||/||b|| 2.076802259545e-05
154 KSP preconditioned resid norm 1.150424585815e-07 true resid norm 4.010025208938e-07 ||r(i)||/||b|| 2.077933188768e-05
154 KSP preconditioned resid norm 1.626673884533e-07 true resid norm 4.015434013483e-07 ||r(i)||/||b|| 2.080735947826e-05
155 KSP preconditioned resid norm 1.149989988639e-07 true resid norm 4.018602072059e-07 ||r(i)||/||b|| 2.082377586896e-05
155 KSP preconditioned resid norm 1.625900629489e-07 true resid norm 4.019850776685e-07 ||r(i)||/||b|| 2.083024646366e-05
156 KSP preconditioned resid norm 1.149395514580e-07 true resid norm 4.019859935508e-07 ||r(i)||/||b|| 2.083029392327e-05
156 KSP preconditioned resid norm 1.625100696813e-07 true resid norm 4.020278360043e-07 ||r(i)||/||b|| 2.083246213465e-05
157 KSP preconditioned resid norm 1.148917915015e-07 true resid norm 4.018141588530e-07 ||r(i)||/||b|| 2.082138971437e-05
157 KSP preconditioned resid norm 1.624606424494e-07 true resid norm 4.015283661554e-07 ||r(i)||/||b|| 2.080658037776e-05
158 KSP preconditioned resid norm 1.148614389660e-07 true resid norm 4.012281256142e-07 ||r(i)||/||b|| 2.079102237618e-05
158 KSP preconditioned resid norm 1.624153538884e-07 true resid norm 4.009352674217e-07 ||r(i)||/||b|| 2.077584691652e-05
159 KSP preconditioned resid norm 1.148431176064e-07 true resid norm 4.008741373957e-07 ||r(i)||/||b|| 2.077267925290e-05
159 KSP preconditioned resid norm 1.624123902163e-07 true resid norm 4.009071762472e-07 ||r(i)||/||b|| 2.077439127521e-05
160 KSP preconditioned resid norm 1.148410037479e-07 true resid norm 4.009136115203e-07 ||r(i)||/||b|| 2.077472474113e-05
160 KSP preconditioned resid norm 1.623860113866e-07 true resid norm 4.009606881181e-07 ||r(i)||/||b|| 2.077716417779e-05
161 KSP preconditioned resid norm 1.147719724616e-07 true resid norm 4.007105186960e-07 ||r(i)||/||b|| 2.076420078435e-05
161 KSP preconditioned resid norm 1.620818320300e-07 true resid norm 3.990860776661e-07 ||r(i)||/||b|| 2.068002475668e-05
162 KSP preconditioned resid norm 1.144884165163e-07 true resid norm 3.970599692020e-07 ||r(i)||/||b|| 2.057503494235e-05
162 KSP preconditioned resid norm 1.617843078569e-07 true resid norm 3.982750800251e-07 ||r(i)||/||b|| 2.063800011029e-05
163 KSP preconditioned resid norm 1.143962999050e-07 true resid norm 3.985979777172e-07 ||r(i)||/||b|| 2.065473217046e-05
163 KSP preconditioned resid norm 1.617807015600e-07 true resid norm 3.986615293445e-07 ||r(i)||/||b|| 2.065802531773e-05
164 KSP preconditioned resid norm 1.143952690543e-07 true resid norm 3.987046802442e-07 ||r(i)||/||b|| 2.066026133077e-05
164 KSP preconditioned resid norm 1.617603088960e-07 true resid norm 3.997490491183e-07 ||r(i)||/||b|| 2.071437891437e-05
165 KSP preconditioned resid norm 1.143401435695e-07 true resid norm 4.013049147472e-07 ||r(i)||/||b|| 2.079500147057e-05
165 KSP preconditioned resid norm 1.615192075653e-07 true resid norm 4.042750770733e-07 ||r(i)||/||b|| 2.094891069936e-05
166 KSP preconditioned resid norm 1.139986346620e-07 true resid norm 4.080397261423e-07 ||r(i)||/||b|| 2.114398900528e-05
166 KSP preconditioned resid norm 1.607232196474e-07 true resid norm 4.128422095130e-07 ||r(i)||/||b|| 2.139284628334e-05
167 KSP preconditioned resid norm 1.131566214640e-07 true resid norm 4.145411188691e-07 ||r(i)||/||b|| 2.148088114476e-05
167 KSP preconditioned resid norm 1.590549644891e-07 true resid norm 4.180151471744e-07 ||r(i)||/||b|| 2.166089993114e-05
168 KSP preconditioned resid norm 1.123776903967e-07 true resid norm 4.186304702370e-07 ||r(i)||/||b|| 2.169278502280e-05
168 KSP preconditioned resid norm 1.589088148125e-07 true resid norm 4.190780703922e-07 ||r(i)||/||b|| 2.171597897220e-05
169 KSP preconditioned resid norm 1.123633100402e-07 true resid norm 4.189246992148e-07 ||r(i)||/||b|| 2.170803151444e-05
169 KSP preconditioned resid norm 1.589051602055e-07 true resid norm 4.189111381355e-07 ||r(i)||/||b|| 2.170732880023e-05
170 KSP preconditioned resid norm 1.123617208770e-07 true resid norm 4.188976140366e-07 ||r(i)||/||b|| 2.170662800229e-05
170 KSP preconditioned resid norm 1.588983360342e-07 true resid norm 4.187989223629e-07 ||r(i)||/||b|| 2.170151395204e-05
171 KSP preconditioned resid norm 1.123138227743e-07 true resid norm 4.186039031884e-07 ||r(i)||/||b|| 2.169140835933e-05
171 KSP preconditioned resid norm 1.580776763311e-07 true resid norm 4.227253845594e-07 ||r(i)||/||b|| 2.190497716455e-05
172 KSP preconditioned resid norm 1.111939590799e-07 true resid norm 4.262807337662e-07 ||r(i)||/||b|| 2.208920987456e-05
172 KSP preconditioned resid norm 1.563539578183e-07 true resid norm 4.300794889661e-07 ||r(i)||/||b|| 2.228605550756e-05
173 KSP preconditioned resid norm 1.100259478987e-07 true resid norm 4.340681727636e-07 ||r(i)||/||b|| 2.249274294742e-05
173 KSP preconditioned resid norm 1.549659548727e-07 true resid norm 4.393651102818e-07 ||r(i)||/||b|| 2.276722207647e-05
174 KSP preconditioned resid norm 1.094808663974e-07 true resid norm 4.390061733586e-07 ||r(i)||/||b|| 2.274862251894e-05
174 KSP preconditioned resid norm 1.547997206711e-07 true resid norm 4.394265753892e-07 ||r(i)||/||b|| 2.277040710349e-05
175 KSP preconditioned resid norm 1.093807304014e-07 true resid norm 4.386959012573e-07 ||r(i)||/||b|| 2.273254469740e-05
175 KSP preconditioned resid norm 1.542655562496e-07 true resid norm 4.394520393456e-07 ||r(i)||/||b|| 2.277172660642e-05
176 KSP preconditioned resid norm 1.090087445317e-07 true resid norm 4.396149133551e-07 ||r(i)||/||b|| 2.278016648628e-05
176 KSP preconditioned resid norm 1.541359691344e-07 true resid norm 4.399213735511e-07 ||r(i)||/||b|| 2.279604678077e-05
177 KSP preconditioned resid norm 1.089890091173e-07 true resid norm 4.400577535123e-07 ||r(i)||/||b|| 2.280311377993e-05
177 KSP preconditioned resid norm 1.541335403685e-07 true resid norm 4.401050899418e-07 ||r(i)||/||b|| 2.280556668066e-05
178 KSP preconditioned resid norm 1.089870158206e-07 true resid norm 4.399281042920e-07 ||r(i)||/||b|| 2.279639555738e-05
178 KSP preconditioned resid norm 1.540955102962e-07 true resid norm 4.415791145873e-07 ||r(i)||/||b|| 2.288194836338e-05
179 KSP preconditioned resid norm 1.089593869617e-07 true resid norm 4.413958961857e-07 ||r(i)||/||b|| 2.287245426851e-05
179 KSP preconditioned resid norm 1.540914627589e-07 true resid norm 4.414427889615e-07 ||r(i)||/||b|| 2.287488417980e-05
180 KSP preconditioned resid norm 1.089580157182e-07 true resid norm 4.415477633885e-07 ||r(i)||/||b|| 2.288032379263e-05
180 KSP preconditioned resid norm 1.540835067878e-07 true resid norm 4.417892712976e-07 ||r(i)||/||b|| 2.289283835984e-05
181 KSP preconditioned resid norm 1.089388842013e-07 true resid norm 4.422332318274e-07 ||r(i)||/||b|| 2.291584370946e-05
181 KSP preconditioned resid norm 1.539961645798e-07 true resid norm 4.441297965999e-07 ||r(i)||/||b|| 2.301412076958e-05
182 KSP preconditioned resid norm 1.088908370171e-07 true resid norm 4.442476107631e-07 ||r(i)||/||b|| 2.302022571773e-05
182 KSP preconditioned resid norm 1.539948744747e-07 true resid norm 4.442714052528e-07 ||r(i)||/||b|| 2.302145871147e-05
183 KSP preconditioned resid norm 1.088883468756e-07 true resid norm 4.443754305022e-07 ||r(i)||/||b|| 2.302684913938e-05
183 KSP preconditioned resid norm 1.534853077422e-07 true resid norm 4.444908677954e-07 ||r(i)||/||b|| 2.303283092180e-05
184 KSP preconditioned resid norm 1.074832276147e-07 true resid norm 4.356123384936e-07 ||r(i)||/||b|| 2.257275923291e-05
184 KSP preconditioned resid norm 1.478269012639e-07 true resid norm 4.159175785258e-07 ||r(i)||/||b|| 2.155220716030e-05
185 KSP preconditioned resid norm 1.019940753165e-07 true resid norm 4.013174233019e-07 ||r(i)||/||b|| 2.079564964457e-05
185 KSP preconditioned resid norm 1.411356285657e-07 true resid norm 3.913741935858e-07 ||r(i)||/||b|| 2.028040682304e-05
186 KSP preconditioned resid norm 9.917866660729e-08 true resid norm 3.889088019884e-07 ||r(i)||/||b|| 2.015265403455e-05
186 KSP preconditioned resid norm 1.400053504032e-07 true resid norm 3.904367926289e-07 ||r(i)||/||b|| 2.023183215186e-05
187 KSP preconditioned resid norm 9.698043621279e-08 true resid norm 3.725091564620e-07 ||r(i)||/||b|| 1.930284970795e-05
187 KSP preconditioned resid norm 1.131895938697e-07 true resid norm 2.668146310451e-07 ||r(i)||/||b|| 1.382592248701e-05
188 KSP preconditioned resid norm 7.989281926585e-08 true resid norm 2.650636490046e-07 ||r(i)||/||b|| 1.373518929943e-05
188 KSP preconditioned resid norm 1.129832007969e-07 true resid norm 2.652852811898e-07 ||r(i)||/||b|| 1.374667393729e-05
189 KSP preconditioned resid norm 7.985792994409e-08 true resid norm 2.640749725988e-07 ||r(i)||/||b|| 1.368395761361e-05
189 KSP preconditioned resid norm 1.119896082461e-07 true resid norm 2.647715438784e-07 ||r(i)||/||b|| 1.372005286251e-05
190 KSP preconditioned resid norm 7.790880142586e-08 true resid norm 2.502956738276e-07 ||r(i)||/||b|| 1.296993561268e-05
190 KSP preconditioned resid norm 1.068335838668e-07 true resid norm 2.450108220153e-07 ||r(i)||/||b|| 1.269608274626e-05
191 KSP preconditioned resid norm 6.911846282833e-08 true resid norm 1.957997400216e-07 ||r(i)||/||b|| 1.014604040983e-05
191 KSP preconditioned resid norm 7.903479246437e-08 true resid norm 1.489546715640e-07 ||r(i)||/||b|| 7.718601244075e-06
192 KSP preconditioned resid norm 3.348108424831e-08 true resid norm 8.104375178253e-08 ||r(i)||/||b|| 4.199562167236e-06
192 KSP preconditioned resid norm 2.281480590191e-08 true resid norm 3.601745603843e-08 ||r(i)||/||b|| 1.866368997143e-06
193 KSP preconditioned resid norm 1.169025453585e-08 true resid norm 2.278908184859e-08 ||r(i)||/||b|| 1.180895057946e-06
193 KSP preconditioned resid norm 1.323933480092e-08 true resid norm 1.980834911338e-08 ||r(i)||/||b|| 1.026438086864e-06
194 KSP preconditioned resid norm 8.065626094255e-09 true resid norm 1.840255346772e-08 ||r(i)||/||b|| 9.535919256422e-07
194 KSP preconditioned resid norm 1.020463807599e-08 true resid norm 1.800385657659e-08 ||r(i)||/||b|| 9.329320679315e-07
195 KSP preconditioned resid norm 6.667750641004e-09 true resid norm 1.807094273644e-08 ||r(i)||/||b|| 9.364083692209e-07
195 KSP preconditioned resid norm 8.889284424849e-09 true resid norm 1.864306281559e-08 ||r(i)||/||b|| 9.660547489441e-07
196 KSP preconditioned resid norm 6.269159427779e-09 true resid norm 1.863517638162e-08 ||r(i)||/||b|| 9.656460861046e-07
196 KSP preconditioned resid norm 8.864828155846e-09 true resid norm 1.867602199971e-08 ||r(i)||/||b|| 9.677626430093e-07
197 KSP preconditioned resid norm 6.248679448361e-09 true resid norm 1.856850996581e-08 ||r(i)||/||b|| 9.621915353033e-07
197 KSP preconditioned resid norm 8.206939074226e-09 true resid norm 1.807722642497e-08 ||r(i)||/||b|| 9.367339802652e-07
198 KSP preconditioned resid norm 5.431618528778e-09 true resid norm 1.755526113627e-08 ||r(i)||/||b|| 9.096865443948e-07
198 KSP preconditioned resid norm 7.233960982011e-09 true resid norm 1.719161981996e-08 ||r(i)||/||b|| 8.908432124804e-07
199 KSP preconditioned resid norm 5.069504994930e-09 true resid norm 1.710665087441e-08 ||r(i)||/||b|| 8.864402528285e-07
199 KSP preconditioned resid norm 7.159185453680e-09 true resid norm 1.718664598729e-08 ||r(i)||/||b|| 8.905854761458e-07
200 KSP preconditioned resid norm 5.026499324830e-09 true resid norm 1.728811568530e-08 ||r(i)||/||b|| 8.958434793295e-07
200 KSP preconditioned resid norm 6.868716117701e-09 true resid norm 1.738816727115e-08 ||r(i)||/||b|| 9.010279981289e-07
201 KSP preconditioned resid norm 4.691529167019e-09 true resid norm 1.743675856547e-08 ||r(i)||/||b|| 9.035459240248e-07
201 KSP preconditioned resid norm 6.406936484393e-09 true resid norm 1.743859011947e-08 ||r(i)||/||b|| 9.036408323271e-07
202 KSP preconditioned resid norm 4.383983419558e-09 true resid norm 1.743034711030e-08 ||r(i)||/||b|| 9.032136923108e-07
202 KSP preconditioned resid norm 6.010657016328e-09 true resid norm 1.741364942512e-08 ||r(i)||/||b|| 9.023484440289e-07
203 KSP preconditioned resid norm 4.246170145320e-09 true resid norm 1.745299630361e-08 ||r(i)||/||b|| 9.043873385604e-07
203 KSP preconditioned resid norm 6.004813734982e-09 true resid norm 1.747109585290e-08 ||r(i)||/||b|| 9.053252292770e-07
204 KSP preconditioned resid norm 4.245741464057e-09 true resid norm 1.744293810245e-08 ||r(i)||/||b|| 9.038661380959e-07
204 KSP preconditioned resid norm 6.003351594121e-09 true resid norm 1.748621092758e-08 ||r(i)||/||b|| 9.061084691243e-07
205 KSP preconditioned resid norm 4.244871344844e-09 true resid norm 1.746696159325e-08 ||r(i)||/||b|| 9.051109983210e-07
205 KSP preconditioned resid norm 6.003117080754e-09 true resid norm 1.747534487856e-08 ||r(i)||/||b|| 9.055454072304e-07
206 KSP preconditioned resid norm 4.244455479633e-09 true resid norm 1.746818396001e-08 ||r(i)||/||b|| 9.051743394805e-07
206 KSP preconditioned resid norm 5.994508922577e-09 true resid norm 1.744024368159e-08 ||r(i)||/||b|| 9.037265173646e-07
207 KSP preconditioned resid norm 4.238086322944e-09 true resid norm 1.743168059282e-08 ||r(i)||/||b|| 9.032827913170e-07
207 KSP preconditioned resid norm 5.993446982614e-09 true resid norm 1.743950056489e-08 ||r(i)||/||b|| 9.036880102037e-07
208 KSP preconditioned resid norm 4.237976599685e-09 true resid norm 1.744247541890e-08 ||r(i)||/||b|| 9.038421625485e-07
208 KSP preconditioned resid norm 5.993387501837e-09 true resid norm 1.744414539050e-08 ||r(i)||/||b|| 9.039286979001e-07
209 KSP preconditioned resid norm 4.237836526038e-09 true resid norm 1.744152772997e-08 ||r(i)||/||b|| 9.037930547702e-07
209 KSP preconditioned resid norm 5.991205800250e-09 true resid norm 1.743553711760e-08 ||r(i)||/||b|| 9.034826304807e-07
210 KSP preconditioned resid norm 4.235100175875e-09 true resid norm 1.743066105569e-08 ||r(i)||/||b|| 9.032299604766e-07
210 KSP preconditioned resid norm 5.987588198590e-09 true resid norm 1.742712415678e-08 ||r(i)||/||b|| 9.030466838323e-07
211 KSP preconditioned resid norm 4.232520137336e-09 true resid norm 1.742657581038e-08 ||r(i)||/||b|| 9.030182693681e-07
211 KSP preconditioned resid norm 5.983620443845e-09 true resid norm 1.743915212546e-08 ||r(i)||/||b|| 9.036699546103e-07
212 KSP preconditioned resid norm 4.226387763785e-09 true resid norm 1.742469608135e-08 ||r(i)||/||b|| 9.029208647100e-07
212 KSP preconditioned resid norm 5.956005141027e-09 true resid norm 1.751471840850e-08 ||r(i)||/||b|| 9.075856827989e-07
213 KSP preconditioned resid norm 4.201648205565e-09 true resid norm 1.751231109791e-08 ||r(i)||/||b|| 9.074609396783e-07
213 KSP preconditioned resid norm 5.932701910077e-09 true resid norm 1.759918708807e-08 ||r(i)||/||b|| 9.119627194392e-07
214 KSP preconditioned resid norm 4.182615871367e-09 true resid norm 1.760143574969e-08 ||r(i)||/||b|| 9.120792416146e-07
214 KSP preconditioned resid norm 5.882135233876e-09 true resid norm 1.768848045333e-08 ||r(i)||/||b|| 9.165897638477e-07
215 KSP preconditioned resid norm 4.158767808371e-09 true resid norm 1.768647310766e-08 ||r(i)||/||b|| 9.164857462924e-07
215 KSP preconditioned resid norm 5.881368664111e-09 true resid norm 1.768756365135e-08 ||r(i)||/||b|| 9.165422565837e-07
216 KSP preconditioned resid norm 4.158692981710e-09 true resid norm 1.768941610309e-08 ||r(i)||/||b|| 9.166382477747e-07
216 KSP preconditioned resid norm 5.880822472289e-09 true resid norm 1.769866549929e-08 ||r(i)||/||b|| 9.171175372139e-07
217 KSP preconditioned resid norm 4.158108383394e-09 true resid norm 1.770170151409e-08 ||r(i)||/||b|| 9.172748588166e-07
217 KSP preconditioned resid norm 5.880155339565e-09 true resid norm 1.771357528326e-08 ||r(i)||/||b|| 9.178901392139e-07
218 KSP preconditioned resid norm 4.157782569562e-09 true resid norm 1.772083210557e-08 ||r(i)||/||b|| 9.182661765487e-07
218 KSP preconditioned resid norm 5.879903490547e-09 true resid norm 1.772633754417e-08 ||r(i)||/||b|| 9.185514598820e-07
219 KSP preconditioned resid norm 4.157671687939e-09 true resid norm 1.773045875890e-08 ||r(i)||/||b|| 9.187650148703e-07
219 KSP preconditioned resid norm 5.879784041271e-09 true resid norm 1.773400116543e-08 ||r(i)||/||b|| 9.189485769108e-07
220 KSP preconditioned resid norm 4.157583814946e-09 true resid norm 1.773892195730e-08 ||r(i)||/||b|| 9.192035647524e-07
220 KSP preconditioned resid norm 5.879609300956e-09 true resid norm 1.774553986965e-08 ||r(i)||/||b|| 9.195464947591e-07
221 KSP preconditioned resid norm 4.157508811602e-09 true resid norm 1.774564602741e-08 ||r(i)||/||b|| 9.195519956904e-07
221 KSP preconditioned resid norm 5.879605193957e-09 true resid norm 1.774564535791e-08 ||r(i)||/||b|| 9.195519609979e-07
222 KSP preconditioned resid norm 4.157508697584e-09 true resid norm 1.774564259493e-08 ||r(i)||/||b|| 9.195518178246e-07
222 KSP preconditioned resid norm 5.879605185373e-09 true resid norm 1.774564265267e-08 ||r(i)||/||b|| 9.195518208166e-07
223 KSP preconditioned resid norm 4.157508683789e-09 true resid norm 1.774563349485e-08 ||r(i)||/||b|| 9.195513462724e-07
223 KSP preconditioned resid norm 5.879604327632e-09 true resid norm 1.774572527642e-08 ||r(i)||/||b|| 9.195561022519e-07
224 KSP preconditioned resid norm 4.157503004031e-09 true resid norm 1.774635025564e-08 ||r(i)||/||b|| 9.195884877109e-07
224 KSP preconditioned resid norm 5.879535430161e-09 true resid norm 1.775089161999e-08 ||r(i)||/||b|| 9.198238142040e-07
225 KSP preconditioned resid norm 4.157456971510e-09 true resid norm 1.775114618012e-08 ||r(i)||/||b|| 9.198370051170e-07
225 KSP preconditioned resid norm 5.879531847175e-09 true resid norm 1.775115845233e-08 ||r(i)||/||b|| 9.198376410442e-07
226 KSP preconditioned resid norm 4.157454503261e-09 true resid norm 1.775139497884e-08 ||r(i)||/||b|| 9.198498974832e-07
226 KSP preconditioned resid norm 5.879470151867e-09 true resid norm 1.775554358515e-08 ||r(i)||/||b|| 9.200648718608e-07
227 KSP preconditioned resid norm 4.157407789800e-09 true resid norm 1.775613012082e-08 ||r(i)||/||b|| 9.200952652339e-07
227 KSP preconditioned resid norm 5.879461472828e-09 true resid norm 1.775621297093e-08 ||r(i)||/||b|| 9.200995583990e-07
228 KSP preconditioned resid norm 4.157392631606e-09 true resid norm 1.775657371649e-08 ||r(i)||/||b|| 9.201182516771e-07
228 KSP preconditioned resid norm 5.879026978897e-09 true resid norm 1.775760715352e-08 ||r(i)||/||b|| 9.201718027897e-07
229 KSP preconditioned resid norm 4.157055143606e-09 true resid norm 1.775951834601e-08 ||r(i)||/||b|| 9.202708378352e-07
229 KSP preconditioned resid norm 5.878954111548e-09 true resid norm 1.776127985747e-08 ||r(i)||/||b|| 9.203621166414e-07
230 KSP preconditioned resid norm 4.157035927944e-09 true resid norm 1.776358075727e-08 ||r(i)||/||b|| 9.204813457187e-07
230 KSP preconditioned resid norm 5.878904776439e-09 true resid norm 1.776663068773e-08 ||r(i)||/||b|| 9.206393884089e-07
231 KSP preconditioned resid norm 4.157011260312e-09 true resid norm 1.776635065226e-08 ||r(i)||/||b|| 9.206248774031e-07
231 KSP preconditioned resid norm 5.878901406390e-09 true resid norm 1.776635806450e-08 ||r(i)||/||b|| 9.206252614941e-07
232 KSP preconditioned resid norm 4.156985140701e-09 true resid norm 1.776540496392e-08 ||r(i)||/||b|| 9.205758732927e-07
232 KSP preconditioned resid norm 5.874347556213e-09 true resid norm 1.775529621304e-08 ||r(i)||/||b|| 9.200520534197e-07
233 KSP preconditioned resid norm 4.152950107675e-09 true resid norm 1.775077738446e-08 ||r(i)||/||b|| 9.198178946952e-07
233 KSP preconditioned resid norm 5.872844966567e-09 true resid norm 1.774926668037e-08 ||r(i)||/||b|| 9.197396123401e-07
234 KSP preconditioned resid norm 4.152700334578e-09 true resid norm 1.774932792814e-08 ||r(i)||/||b|| 9.197427861051e-07
234 KSP preconditioned resid norm 5.872800070486e-09 true resid norm 1.774957859419e-08 ||r(i)||/||b|| 9.197557752333e-07
235 KSP preconditioned resid norm 4.152650775464e-09 true resid norm 1.774829523523e-08 ||r(i)||/||b|| 9.196892735519e-07
235 KSP preconditioned resid norm 5.871900144980e-09 true resid norm 1.774814599616e-08 ||r(i)||/||b|| 9.196815402135e-07
236 KSP preconditioned resid norm 4.150410764934e-09 true resid norm 1.775014954207e-08 ||r(i)||/||b|| 9.197853608711e-07
236 KSP preconditioned resid norm 5.863057717608e-09 true resid norm 1.774802927143e-08 ||r(i)||/||b|| 9.196754917184e-07
237 KSP preconditioned resid norm 4.144422717711e-09 true resid norm 1.775409122787e-08 ||r(i)||/||b|| 9.199896129474e-07
237 KSP preconditioned resid norm 5.860508428835e-09 true resid norm 1.775801888035e-08 ||r(i)||/||b|| 9.201931378385e-07
238 KSP preconditioned resid norm 4.143200013824e-09 true resid norm 1.775492957852e-08 ||r(i)||/||b|| 9.200330549846e-07
238 KSP preconditioned resid norm 5.857174003098e-09 true resid norm 1.775933183577e-08 ||r(i)||/||b|| 9.202611731627e-07
239 KSP preconditioned resid norm 4.139899490702e-09 true resid norm 1.772883561144e-08 ||r(i)||/||b|| 9.186809058734e-07
239 KSP preconditioned resid norm 5.851919299985e-09 true resid norm 1.772988085623e-08 ||r(i)||/||b|| 9.187350688454e-07
240 KSP preconditioned resid norm 4.053755399656e-09 true resid norm 1.715411147135e-08 ||r(i)||/||b|| 8.888995877304e-07
240 KSP preconditioned resid norm 3.439525262214e-09 true resid norm 7.181401018684e-09 ||r(i)||/||b|| 3.721291199196e-07
241 KSP preconditioned resid norm 2.313991097412e-09 true resid norm 7.060385912378e-09 ||r(i)||/||b|| 3.658583038366e-07
241 KSP preconditioned resid norm 3.247401564219e-09 true resid norm 7.255691876144e-09 ||r(i)||/||b|| 3.759787575227e-07
242 KSP preconditioned resid norm 2.273707256914e-09 true resid norm 6.863956519215e-09 ||r(i)||/||b|| 3.556796357725e-07
242 KSP preconditioned resid norm 3.175239883477e-09 true resid norm 6.968943173048e-09 ||r(i)||/||b|| 3.611198821802e-07
243 KSP preconditioned resid norm 2.207577310173e-09 true resid norm 7.034244810916e-09 ||r(i)||/||b|| 3.645037122944e-07
243 KSP preconditioned resid norm 3.052593600338e-09 true resid norm 7.058698220356e-09 ||r(i)||/||b|| 3.657708502401e-07
244 KSP preconditioned resid norm 2.139764525346e-09 true resid norm 7.193351013843e-09 ||r(i)||/||b|| 3.727483502300e-07
244 KSP preconditioned resid norm 3.015663921132e-09 true resid norm 7.344497274080e-09 ||r(i)||/||b|| 3.805805162175e-07
245 KSP preconditioned resid norm 1.948197715716e-09 true resid norm 5.883901544981e-09 ||r(i)||/||b|| 3.048946992280e-07
245 KSP preconditioned resid norm 1.147834873894e-09 true resid norm 1.636415948297e-09 ||r(i)||/||b|| 8.479654945852e-08
KSP Object: 1 MPI processes
  type: tfqmr
  maximum iterations=1000, initial guess is zero
  tolerances:  relative=1e-07, absolute=1e-50, divergence=10000.
  left preconditioning
  using PRECONDITIONED norm type for convergence test
PC Object: 1 MPI processes
  type: fieldsplit
    FieldSplit with ADDITIVE composition: total splits = 2, blocksize = 1
    Solver info for each split is in the following KSP objects:
  Split number 0 Defined by IS
  KSP Object: (fieldsplit_0_) 1 MPI processes
    type: preonly
    maximum iterations=10000, initial guess is zero
    tolerances:  relative=1e-05, absolute=1e-50, divergence=10000.
    left preconditioning
    using NONE norm type for convergence test
  PC Object: (fieldsplit_0_) 1 MPI processes
    type: gasm
      Restriction/interpolation type: RESTRICT
      requested amount of overlap = 0
      total number of subdomains = 1
      max number of local subdomains = 1
      [0|1] number of locally-supported subdomains = 1
      Subdomain solver info is as follows:
        - - - - - - - - - - - - - - - - - -
        [0|1] (subcomm [0|1]) local subdomain number 0, local size = 405
      KSP Object: (fieldsplit_0_sub_) 1 MPI processes
        type: preonly
        maximum iterations=10000, initial guess is zero
        tolerances:  relative=1e-05, absolute=1e-50, divergence=10000.
        left preconditioning
        using NONE norm type for convergence test
      PC Object: (fieldsplit_0_sub_) 1 MPI processes
        type: ilu
          out-of-place factorization
          0 levels of fill
          tolerance for zero pivot 2.22045e-14
          matrix ordering: natural
          factor fill ratio given 1., needed 1.
            Factored matrix follows:
              Mat Object: 1 MPI processes
                type: seqaij
                rows=405, cols=405
                package used to perform factorization: petsc
                total: nonzeros=20025, allocated nonzeros=20025
                total number of mallocs used during MatSetValues calls =0
                  using I-node routines: found 245 nodes, limit used is 5
        linear system matrix = precond matrix:
        Mat Object: (fieldsplit_0_) 1 MPI processes
          type: seqaij
          rows=405, cols=405
          total: nonzeros=20025, allocated nonzeros=20025
          total number of mallocs used during MatSetValues calls =0
            using I-node routines: found 245 nodes, limit used is 5
        - - - - - - - - - - - - - - - - - -
None
Traceback (most recent call last):
  File "/usr/local/bin/fenicsR13", line 11, in <module>
    load_entry_point('fenicsR13', 'console_scripts', 'fenicsR13')()
  File "/fenicsR13/fenicsR13/fenicsR13.py", line 120, in main
    solver.solve()
  File "/fenicsR13/fenicsR13/solver.py", line 1141, in solve
    solver.solve(sol.vector(), LL)
RuntimeError: 

*** -------------------------------------------------------------------------
*** DOLFIN encountered an error. If you are not able to resolve this issue
*** using the information listed below, you can ask for help at
***
***     fenics-support@googlegroups.com
***
*** Remember to include the error message listed below and, if possible,
*** include a *minimal* running example to reproduce the error.
***
*** -------------------------------------------------------------------------
*** Error:   Unable to successfully call PETSc function 'KSPSolve'.
*** Reason:  PETSc error code is: 77 (Petsc has generated inconsistent data).
*** Where:   This error was encountered inside /tmp/dolfin/dolfin/la/PETScKrylovSolver.cpp.
*** Process: 0
*** 
*** DOLFIN version: 2019.1.0
*** Git changeset:  74d7efe1e84d65e9433fd96c50f1d278fa3e3f3f
*** -------------------------------------------------------------------------

