-> Version: 1.4
-> Contact: Lambert Theisen <lambert.theisen@rwth-aachen.de>
-> Contact: Manuel Torrilhon <mt@mathcces.rwth-aachen.de>
-> Repository: <https://git.rwth-aachen.de/lamBOO/fenicsR13>
-> Documentation: <https://lamboo.pages.rwth-aachen.de/fenicsR13/>
  __            _          ____  _ _____
 / _| ___ _ __ (_) ___ ___|  _ \/ |___ /
| |_ / _ \ '_ \| |/ __/ __| |_) | | |_ \
|  _|  __/ | | | | (__\__ \  _ <| |___) |
|_|  \___|_| |_|_|\___|___/_| \_\_|____/

Input:
{"output_folder": "../../examples/precon_study/Simulation_Output_v1/multiplicative_gasm_none", "meshes": ["../../tests/square_manufactured_solution/meshes/square2.h5", "../../tests/square_manufactured_solution/meshes/square3.h5", "../../tests/square_manufactured_solution/meshes/square4.h5", "../../tests/square_manufactured_solution/meshes/square5.h5"], "elements": {"theta": {"shape": "Lagrange", "degree": 1}, "s": {"shape": "Lagrange", "degree": 2}, "p": {"shape": "Lagrange", "degree": 1}, "u": {"shape": "Lagrange", "degree": 1}, "sigma": {"shape": "Lagrange", "degree": 2}}, "stabilization": {"cip": {"enable": false, "delta_theta": 1.0, "delta_u": 1.0, "delta_p": 0.1}, "gls": {"enable": false, "tau_energy": 0.001, "tau_heatflux": 0.001, "tau_mass": 0.01, "tau_momentum": 0.01, "tau_stress": 0.01}}, "nsd": 2, "mode": "r13", "heat_source": "2*(-1 + x[0])*x[0]*(-1 + x[1])*x[1]*(-((-1 + x[1])*x[1]) + std::pow(x[0],2)*(-1 + 2*x[1]) + x[0]*(1 - 4*x[1] + 2*std::pow(x[1],2)))", "mass_source": 0, "body_force": ["2*std::pow(-1 + x[0],2)*std::pow(x[0],2)*(-1 + x[1])*x[1]*(-1 + 2*x[1])", "2*(-1 + x[0])*x[0]*(-1 + 2*x[0])*std::pow(-1 + x[1],2)*std::pow(x[1],2)"], "f_s": ["(2*(-108*std::pow(-1 + x[1],2)*std::pow(x[1],2) + 9*x[0]*x[1]*(-16 + 115*x[1] - 166*std::pow(x[1],2) + 67*std::pow(x[1],3)) + std::pow(x[0],2)*(-36 + 678*x[1] - 2105*std::pow(x[1],2) + 1930*std::pow(x[1],3) - 503*std::pow(x[1],4)) + 2*std::pow(x[0],4)*(-18 + 123*x[1] - 148*std::pow(x[1],2) + 20*std::pow(x[1],3) + 5*std::pow(x[1],4)) - 2*std::pow(x[0],3)*(-36 + 390*x[1] - 683*std::pow(x[1],2) + 238*std::pow(x[1],3) + 55*std::pow(x[1],4))))/75.", "(2*(-36*std::pow(-1 + x[1],2)*std::pow(x[1],2) + 6*x[0]*x[1]*(-24 + 113*x[1] - 130*std::pow(x[1],2) + 41*std::pow(x[1],3)) + std::pow(x[0],2)*(-108 + 1035*x[1] - 2105*std::pow(x[1],2) + 1366*std::pow(x[1],3) - 296*std::pow(x[1],4)) + std::pow(x[0],4)*(-108 + 603*x[1] - 503*std::pow(x[1],2) - 110*std::pow(x[1],3) + 10*std::pow(x[1],4)) + 2*std::pow(x[0],3)*(108 - 747*x[1] + 965*std::pow(x[1],2) - 238*std::pow(x[1],3) + 20*std::pow(x[1],4))))/75."], "f_sigma": [["(-36*std::pow(-1 + x[1],2)*std::pow(x[1],2) + 8*x[0]*x[1]*(13 - 10*x[1] - 32*std::pow(x[1],2) + 29*std::pow(x[1],3)) + 2*std::pow(x[0],3)*(12 + 40*x[1] - 263*std::pow(x[1],2) + 222*std::pow(x[1],3) + std::pow(x[1],4)) + std::pow(x[0],4)*(-12 + 64*x[1] - 33*std::pow(x[1],2) - 46*std::pow(x[1],3) + 15*std::pow(x[1],4)) - std::pow(x[0],2)*(12 + 248*x[1] - 639*std::pow(x[1],2) + 142*std::pow(x[1],3) + 249*std::pow(x[1],4)))/30.", "(-62*std::pow(-1 + x[1],2)*std::pow(x[1],2) + 48*x[0]*x[1]*(-1 + 11*x[1] - 18*std::pow(x[1],2) + 8*std::pow(x[1],3)) + std::pow(x[0],2)*(-2 + 168*x[1] - 873*std::pow(x[1],2) + 1098*std::pow(x[1],3) - 393*std::pow(x[1],4)) - 2*std::pow(x[0],3)*(-2 + 72*x[1] - 189*std::pow(x[1],2) + 114*std::pow(x[1],3) + 3*std::pow(x[1],4)) + std::pow(x[0],4)*(-2 + 24*x[1] - 33*std::pow(x[1],2) - 6*std::pow(x[1],3) + 15*std::pow(x[1],4)))/30."], ["(-62*std::pow(-1 + x[1],2)*std::pow(x[1],2) + 48*x[0]*x[1]*(-1 + 11*x[1] - 18*std::pow(x[1],2) + 8*std::pow(x[1],3)) + std::pow(x[0],2)*(-2 + 168*x[1] - 873*std::pow(x[1],2) + 1098*std::pow(x[1],3) - 393*std::pow(x[1],4)) - 2*std::pow(x[0],3)*(-2 + 72*x[1] - 189*std::pow(x[1],2) + 114*std::pow(x[1],3) + 3*std::pow(x[1],4)) + std::pow(x[0],4)*(-2 + 24*x[1] - 33*std::pow(x[1],2) - 6*std::pow(x[1],3) + 15*std::pow(x[1],4)))/30.", "(-12*std::pow(-1 + x[1],2)*std::pow(x[1],2) + 8*x[0]*x[1]*(-17 + 59*x[1] - 50*std::pow(x[1],2) + 8*std::pow(x[1],3)) + std::pow(x[0],2)*(-36 + 640*x[1] - 1521*std::pow(x[1],2) + 914*std::pow(x[1],3) - 33*std::pow(x[1],4)) + std::pow(x[0],4)*(-36 + 232*x[1] - 249*std::pow(x[1],2) + 2*std::pow(x[1],3) + 15*std::pow(x[1],4)) - 2*std::pow(x[0],3)*(-36 + 368*x[1] - 649*std::pow(x[1],2) + 258*std::pow(x[1],3) + 23*std::pow(x[1],4)))/30."]], "petsc_options": {"ksp_type": "tfqmr", "ksp_rtol": "1E-7", "ksp_max_it": 1000, "ksp_view": null, "ksp_monitor_true_residual": null, "pc_type": "fieldsplit", "pc_fieldsplit_detect_saddle_point": null, "pc_fieldsplit_type": "multiplicative", "pc_fieldsplit_schur_fact_type": "full", "pc_fieldsplit_schur_precondition": "selfp", "fieldsplit_0_ksp_type": "preonly", "fieldsplit_0_pc_type": "gasm", "fieldsplit_0_pc_gamg_type": "classical", "fieldsplit_1_ksp_type": "preonly", "fieldsplit_1_pc_type": "none"}, "regs": {"4000": {"kn": 1.0}}, "polar_coord_syst": true, "bcs": {"3000": {"chi_tilde": 1, "theta_w": 0, "u_t_w": 0, "u_n_w": 0, "u_x_w": "1E300", "u_y_w": "1E300", "u_z_w": "1E300", "p_w": 0, "epsilon_w": 0}, "3100": {"chi_tilde": 1, "theta_w": 0, "u_t_w": 0, "u_n_w": 0, "u_x_w": "1E300", "u_y_w": "1E300", "u_z_w": "1E300", "p_w": 0, "epsilon_w": 0}, "3200": {"chi_tilde": 1, "theta_w": 0, "u_t_w": 0, "u_n_w": 0, "u_x_w": "1E300", "u_y_w": "1E300", "u_z_w": "1E300", "p_w": 0, "epsilon_w": 0}, "3300": {"chi_tilde": 1, "theta_w": 0, "u_t_w": 0, "u_n_w": 0, "u_x_w": "1E300", "u_y_w": "1E300", "u_z_w": "1E300", "p_w": 0, "epsilon_w": 0}}, "convergence_study": {"e...
Study [''] : 
Mesh: ../../tests/square_manufactured_solution/meshes/square2.h5
hmax: 0.35355339059415386
Start assemble
Write: ../../examples/precon_study/Simulation_Output_v1/multiplicative_gasm_none/assemble_0
Finish assemble: 0.036887407302856445
Start solve
#PETSc Option Table entries:
-fieldsplit_0_ksp_type preonly
-fieldsplit_0_pc_gamg_type classical
-fieldsplit_0_pc_type gasm
-fieldsplit_1_ksp_type preonly
-fieldsplit_1_pc_type none
-ksp_max_it 1000
-ksp_monitor_true_residual
-ksp_rtol 1E-7
-ksp_type tfqmr
-ksp_view
-pc_fieldsplit_detect_saddle_point
-pc_fieldsplit_schur_fact_type full
-pc_fieldsplit_schur_precondition selfp
-pc_fieldsplit_type multiplicative
-pc_type fieldsplit
#End of PETSc Option Table entries
  0 KSP preconditioned resid norm 1.525345736870e-02 true resid norm 1.929814312902e-02 ||r(i)||/||b|| 1.000000000000e+00
  1 KSP preconditioned resid norm 9.043079452027e-03 true resid norm 1.193402191387e-02 ||r(i)||/||b|| 6.184026014361e-01
  1 KSP preconditioned resid norm 8.628872980977e-03 true resid norm 8.272154516698e-03 ||r(i)||/||b|| 4.286502831591e-01
  2 KSP preconditioned resid norm 4.557912517125e-03 true resid norm 5.125311697351e-03 ||r(i)||/||b|| 2.655857438245e-01
  2 KSP preconditioned resid norm 5.029388389324e-03 true resid norm 4.637436299351e-03 ||r(i)||/||b|| 2.403047934896e-01
  3 KSP preconditioned resid norm 2.838570563363e-03 true resid norm 4.531310905851e-03 ||r(i)||/||b|| 2.348055393494e-01
  3 KSP preconditioned resid norm 3.247060428919e-03 true resid norm 4.329263959884e-03 ||r(i)||/||b|| 2.243357783669e-01
  4 KSP preconditioned resid norm 2.267522931921e-03 true resid norm 4.302499146475e-03 ||r(i)||/||b|| 2.229488670340e-01
  4 KSP preconditioned resid norm 3.203872303865e-03 true resid norm 4.349945018500e-03 ||r(i)||/||b|| 2.254074389136e-01
  5 KSP preconditioned resid norm 2.263930587502e-03 true resid norm 4.376619212040e-03 ||r(i)||/||b|| 2.267896544647e-01
  5 KSP preconditioned resid norm 3.200019022329e-03 true resid norm 4.401402801609e-03 ||r(i)||/||b|| 2.280739018352e-01
  6 KSP preconditioned resid norm 2.254266648619e-03 true resid norm 4.329918696623e-03 ||r(i)||/||b|| 2.243697058145e-01
  6 KSP preconditioned resid norm 3.104643158913e-03 true resid norm 4.212918657693e-03 ||r(i)||/||b|| 2.183069443276e-01
  7 KSP preconditioned resid norm 2.147989429956e-03 true resid norm 4.233194600788e-03 ||r(i)||/||b|| 2.193576124131e-01
  7 KSP preconditioned resid norm 2.983306175121e-03 true resid norm 4.364954691792e-03 ||r(i)||/||b|| 2.261852170237e-01
  8 KSP preconditioned resid norm 2.107818948352e-03 true resid norm 4.297721184533e-03 ||r(i)||/||b|| 2.227012804186e-01
  8 KSP preconditioned resid norm 2.980797378388e-03 true resid norm 4.312877440724e-03 ||r(i)||/||b|| 2.234866542283e-01
  9 KSP preconditioned resid norm 2.107741630414e-03 true resid norm 4.311717585236e-03 ||r(i)||/||b|| 2.234265523066e-01
  9 KSP preconditioned resid norm 2.980796796630e-03 true resid norm 4.311798435674e-03 ||r(i)||/||b|| 2.234307418515e-01
 10 KSP preconditioned resid norm 2.107741265835e-03 true resid norm 4.312832797117e-03 ||r(i)||/||b|| 2.234843408655e-01
 10 KSP preconditioned resid norm 2.980710977236e-03 true resid norm 4.326072309922e-03 ||r(i)||/||b|| 2.241703919906e-01
 11 KSP preconditioned resid norm 2.107575881374e-03 true resid norm 4.308137719240e-03 ||r(i)||/||b|| 2.232410491744e-01
 11 KSP preconditioned resid norm 2.980303627026e-03 true resid norm 4.330598681359e-03 ||r(i)||/||b|| 2.244049415743e-01
 12 KSP preconditioned resid norm 2.094388566571e-03 true resid norm 4.154504607197e-03 ||r(i)||/||b|| 2.152800183635e-01
 12 KSP preconditioned resid norm 2.158646138516e-03 true resid norm 3.390553915633e-03 ||r(i)||/||b|| 1.756932722990e-01
 13 KSP preconditioned resid norm 1.525684174067e-03 true resid norm 3.456197921989e-03 ||r(i)||/||b|| 1.790948434200e-01
 13 KSP preconditioned resid norm 2.157641263305e-03 true resid norm 3.459888083017e-03 ||r(i)||/||b|| 1.792860618706e-01
 14 KSP preconditioned resid norm 1.525682318087e-03 true resid norm 3.461980702499e-03 ||r(i)||/||b|| 1.793944981832e-01
 14 KSP preconditioned resid norm 2.157640421833e-03 true resid norm 3.463166625948e-03 ||r(i)||/||b|| 1.794559509065e-01
 15 KSP preconditioned resid norm 1.525675942579e-03 true resid norm 3.470940158193e-03 ||r(i)||/||b|| 1.798587633529e-01
 15 KSP preconditioned resid norm 2.157251581023e-03 true resid norm 3.521314531662e-03 ||r(i)||/||b|| 1.824690856587e-01
 16 KSP preconditioned resid norm 1.520251524340e-03 true resid norm 3.286108779345e-03 ||r(i)||/||b|| 1.702810864950e-01
 16 KSP preconditioned resid norm 2.022362301900e-03 true resid norm 3.773706819381e-03 ||r(i)||/||b|| 1.955476645681e-01
 17 KSP preconditioned resid norm 1.346372009594e-03 true resid norm 4.266621777258e-03 ||r(i)||/||b|| 2.210897571198e-01
 17 KSP preconditioned resid norm 1.794090358905e-03 true resid norm 4.700844608625e-03 ||r(i)||/||b|| 2.435905142374e-01
 18 KSP preconditioned resid norm 1.264391801347e-03 true resid norm 4.447523866690e-03 ||r(i)||/||b|| 2.304638242631e-01
 18 KSP preconditioned resid norm 1.787765900489e-03 true resid norm 4.500628692062e-03 ||r(i)||/||b|| 2.332156343733e-01
 19 KSP preconditioned resid norm 1.264096788627e-03 true resid norm 4.477306871088e-03 ||r(i)||/||b|| 2.320071335959e-01
 19 KSP preconditioned resid norm 1.787691584026e-03 true resid norm 4.486959335397e-03 ||r(i)||/||b|| 2.325073094028e-01
 20 KSP preconditioned resid norm 1.264080422171e-03 true resid norm 4.496007207812e-03 ||r(i)||/||b|| 2.329761561904e-01
 20 KSP preconditioned resid norm 1.787667061696e-03 true resid norm 4.504616141390e-03 ||r(i)||/||b|| 2.334222578449e-01
 21 KSP preconditioned resid norm 1.264030864845e-03 true resid norm 4.497781230554e-03 ||r(i)||/||b|| 2.330680833116e-01
 21 KSP preconditioned resid norm 1.787347842937e-03 true resid norm 4.501983116838e-03 ||r(i)||/||b|| 2.332858185754e-01
 22 KSP preconditioned resid norm 1.263661697588e-03 true resid norm 4.496898888225e-03 ||r(i)||/||b|| 2.330223616936e-01
 22 KSP preconditioned resid norm 1.786828588181e-03 true resid norm 4.498268076130e-03 ||r(i)||/||b|| 2.330933108982e-01
 23 KSP preconditioned resid norm 1.261701198616e-03 true resid norm 4.494290524805e-03 ||r(i)||/||b|| 2.328872003258e-01
 23 KSP preconditioned resid norm 1.760396684696e-03 true resid norm 4.424706470838e-03 ||r(i)||/||b|| 2.292814620172e-01
 24 KSP preconditioned resid norm 1.244641426220e-03 true resid norm 4.429539422742e-03 ||r(i)||/||b|| 2.295318981276e-01
 24 KSP preconditioned resid norm 1.760186941265e-03 true resid norm 4.430136001183e-03 ||r(i)||/||b|| 2.295628119019e-01
 25 KSP preconditioned resid norm 1.244086739429e-03 true resid norm 4.430243221297e-03 ||r(i)||/||b|| 2.295683678828e-01
 25 KSP preconditioned resid norm 1.499029021119e-03 true resid norm 3.306863752342e-03 ||r(i)||/||b|| 1.713565771709e-01
 26 KSP preconditioned resid norm 1.057762485464e-03 true resid norm 3.299369146172e-03 ||r(i)||/||b|| 1.709682182433e-01
 26 KSP preconditioned resid norm 1.495854456835e-03 true resid norm 3.300964345037e-03 ||r(i)||/||b|| 1.710508789871e-01
 27 KSP preconditioned resid norm 1.057705223606e-03 true resid norm 3.302350549416e-03 ||r(i)||/||b|| 1.711227099591e-01
 27 KSP preconditioned resid norm 1.495797655066e-03 true resid norm 3.303547270209e-03 ||r(i)||/||b|| 1.711847221841e-01
 28 KSP preconditioned resid norm 1.057111168461e-03 true resid norm 3.307671991390e-03 ||r(i)||/||b|| 1.713984588712e-01
 28 KSP preconditioned resid norm 1.467285731734e-03 true resid norm 3.247843195523e-03 ||r(i)||/||b|| 1.682982229850e-01
 29 KSP preconditioned resid norm 8.113931632634e-04 true resid norm 2.013218400167e-03 ||r(i)||/||b|| 1.043218711099e-01
 29 KSP preconditioned resid norm 4.129959469249e-04 true resid norm 5.152731922698e-04 ||r(i)||/||b|| 2.670066175927e-02
 30 KSP preconditioned resid norm 2.901315806619e-04 true resid norm 5.465936957964e-04 ||r(i)||/||b|| 2.832364192462e-02
 30 KSP preconditioned resid norm 4.102678268386e-04 true resid norm 5.514842244140e-04 ||r(i)||/||b|| 2.857706157152e-02
 31 KSP preconditioned resid norm 2.900588167226e-04 true resid norm 5.576542536312e-04 ||r(i)||/||b|| 2.889678296523e-02
 31 KSP preconditioned resid norm 4.101072693102e-04 true resid norm 5.654476769589e-04 ||r(i)||/||b|| 2.930062613685e-02
 32 KSP preconditioned resid norm 2.896752076411e-04 true resid norm 5.772806827616e-04 ||r(i)||/||b|| 2.991379423928e-02
 32 KSP preconditioned resid norm 4.076558967531e-04 true resid norm 6.026399371176e-04 ||r(i)||/||b|| 3.122787167079e-02
 33 KSP preconditioned resid norm 2.868876983004e-04 true resid norm 5.685288202040e-04 ||r(i)||/||b|| 2.946028622563e-02
 33 KSP preconditioned resid norm 4.038529744625e-04 true resid norm 5.906669707206e-04 ||r(i)||/||b|| 3.060745102633e-02
 34 KSP preconditioned resid norm 2.728503211570e-04 true resid norm 4.911041542155e-04 ||r(i)||/||b|| 2.544825950000e-02
 34 KSP preconditioned resid norm 2.796166903181e-04 true resid norm 3.955688695993e-04 ||r(i)||/||b|| 2.049776846169e-02
 35 KSP preconditioned resid norm 1.578524658940e-04 true resid norm 3.791537462744e-04 ||r(i)||/||b|| 1.964716209946e-02
 35 KSP preconditioned resid norm 1.863948577504e-04 true resid norm 3.680837985146e-04 ||r(i)||/||b|| 1.907353448743e-02
 36 KSP preconditioned resid norm 1.317911301494e-04 true resid norm 3.669461826891e-04 ||r(i)||/||b|| 1.901458499068e-02
 36 KSP preconditioned resid norm 1.863807966594e-04 true resid norm 3.669775017331e-04 ||r(i)||/||b|| 1.901620789522e-02
 37 KSP preconditioned resid norm 1.317911165602e-04 true resid norm 3.670182245835e-04 ||r(i)||/||b|| 1.901831809049e-02
 37 KSP preconditioned resid norm 1.863807631034e-04 true resid norm 3.670713558859e-04 ||r(i)||/||b|| 1.902107127260e-02
 38 KSP preconditioned resid norm 1.317909738007e-04 true resid norm 3.672315793133e-04 ||r(i)||/||b|| 1.902937380338e-02
 38 KSP preconditioned resid norm 1.863790546348e-04 true resid norm 3.677383289374e-04 ||r(i)||/||b|| 1.905563278699e-02
 39 KSP preconditioned resid norm 1.316008773472e-04 true resid norm 3.604568034145e-04 ||r(i)||/||b|| 1.867831536976e-02
 39 KSP preconditioned resid norm 1.518299367435e-04 true resid norm 3.114776967555e-04 ||r(i)||/||b|| 1.614029363722e-02
 40 KSP preconditioned resid norm 8.846625236841e-05 true resid norm 2.762753997614e-04 ||r(i)||/||b|| 1.431616492397e-02
 40 KSP preconditioned resid norm 1.037656594624e-04 true resid norm 2.450798327025e-04 ||r(i)||/||b|| 1.269965877359e-02
 41 KSP preconditioned resid norm 7.288983701900e-05 true resid norm 2.523905966806e-04 ||r(i)||/||b|| 1.307849128246e-02
 41 KSP preconditioned resid norm 1.030529267640e-04 true resid norm 2.547391268196e-04 ||r(i)||/||b|| 1.320018849050e-02
 42 KSP preconditioned resid norm 7.286839659816e-05 true resid norm 2.541969100267e-04 ||r(i)||/||b|| 1.317209165293e-02
 42 KSP preconditioned resid norm 1.030514016750e-04 true resid norm 2.543212898260e-04 ||r(i)||/||b|| 1.317853682221e-02
 43 KSP preconditioned resid norm 7.286720833870e-05 true resid norm 2.548063703943e-04 ||r(i)||/||b|| 1.320367294878e-02
 43 KSP preconditioned resid norm 1.030144495377e-04 true resid norm 2.570502320095e-04 ||r(i)||/||b|| 1.331994639541e-02
 44 KSP preconditioned resid norm 7.282420549014e-05 true resid norm 2.555533616723e-04 ||r(i)||/||b|| 1.324238088420e-02
 44 KSP preconditioned resid norm 1.029706197705e-04 true resid norm 2.567357955772e-04 ||r(i)||/||b|| 1.330365278466e-02
 45 KSP preconditioned resid norm 7.277018393867e-05 true resid norm 2.547342777319e-04 ||r(i)||/||b|| 1.319993721825e-02
 45 KSP preconditioned resid norm 1.027295454349e-04 true resid norm 2.580395397299e-04 ||r(i)||/||b|| 1.337121079499e-02
 46 KSP preconditioned resid norm 7.256830742417e-05 true resid norm 2.566840372205e-04 ||r(i)||/||b|| 1.330097074648e-02
 46 KSP preconditioned resid norm 1.025696232858e-04 true resid norm 2.575330921581e-04 ||r(i)||/||b|| 1.334496746326e-02
 47 KSP preconditioned resid norm 7.250258636975e-05 true resid norm 2.566390776880e-04 ||r(i)||/||b|| 1.329864101288e-02
 47 KSP preconditioned resid norm 1.025122192283e-04 true resid norm 2.576353316953e-04 ||r(i)||/||b|| 1.335026535832e-02
 48 KSP preconditioned resid norm 7.248513198835e-05 true resid norm 2.580321378920e-04 ||r(i)||/||b|| 1.337082724317e-02
 48 KSP preconditioned resid norm 1.025091084977e-04 true resid norm 2.582884974223e-04 ||r(i)||/||b|| 1.338411139846e-02
 49 KSP preconditioned resid norm 7.246937487155e-05 true resid norm 2.567807089995e-04 ||r(i)||/||b|| 1.330598012891e-02
 49 KSP preconditioned resid norm 1.011327262805e-04 true resid norm 2.591772339925e-04 ||r(i)||/||b|| 1.343016435621e-02
 50 KSP preconditioned resid norm 7.057921597857e-05 true resid norm 2.635913485789e-04 ||r(i)||/||b|| 1.365889696313e-02
 50 KSP preconditioned resid norm 9.852962321334e-05 true resid norm 2.696439538121e-04 ||r(i)||/||b|| 1.397253362717e-02
 51 KSP preconditioned resid norm 6.954303338604e-05 true resid norm 2.709790866143e-04 ||r(i)||/||b|| 1.404171814887e-02
 51 KSP preconditioned resid norm 9.832272813575e-05 true resid norm 2.724854024937e-04 ||r(i)||/||b|| 1.411977311351e-02
 52 KSP preconditioned resid norm 6.951431318145e-05 true resid norm 2.710415952496e-04 ||r(i)||/||b|| 1.404495724991e-02
 52 KSP preconditioned resid norm 9.829982606387e-05 true resid norm 2.723144583675e-04 ||r(i)||/||b|| 1.411091505265e-02
 53 KSP preconditioned resid norm 6.949508025899e-05 true resid norm 2.731989660945e-04 ||r(i)||/||b|| 1.415674887827e-02
 53 KSP preconditioned resid norm 9.823746621381e-05 true resid norm 2.739770849148e-04 ||r(i)||/||b|| 1.419706979491e-02
 54 KSP preconditioned resid norm 6.946411430011e-05 true resid norm 2.741113417287e-04 ||r(i)||/||b|| 1.420402677584e-02
 54 KSP preconditioned resid norm 9.823708932340e-05 true resid norm 2.741359702248e-04 ||r(i)||/||b|| 1.420530298651e-02
 55 KSP preconditioned resid norm 6.946381361334e-05 true resid norm 2.742350615620e-04 ||r(i)||/||b|| 1.421043774671e-02
 55 KSP preconditioned resid norm 9.818137028597e-05 true resid norm 2.746999609977e-04 ||r(i)||/||b|| 1.423452811813e-02
 56 KSP preconditioned resid norm 6.941897170996e-05 true resid norm 2.745048972914e-04 ||r(i)||/||b|| 1.422442021785e-02
 56 KSP preconditioned resid norm 9.817205821614e-05 true resid norm 2.747359450945e-04 ||r(i)||/||b|| 1.423639275850e-02
 57 KSP preconditioned resid norm 6.941782956099e-05 true resid norm 2.747725559924e-04 ||r(i)||/||b|| 1.423828987874e-02
 57 KSP preconditioned resid norm 9.817148663923e-05 true resid norm 2.747913894986e-04 ||r(i)||/||b|| 1.423926580197e-02
 58 KSP preconditioned resid norm 6.941529506922e-05 true resid norm 2.747545141102e-04 ||r(i)||/||b|| 1.423735497625e-02
 58 KSP preconditioned resid norm 9.808917126932e-05 true resid norm 2.780519673058e-04 ||r(i)||/||b|| 1.440822391288e-02
 59 KSP preconditioned resid norm 6.931790868224e-05 true resid norm 2.745069309388e-04 ||r(i)||/||b|| 1.422452559832e-02
 59 KSP preconditioned resid norm 9.798640509470e-05 true resid norm 2.770672510857e-04 ||r(i)||/||b|| 1.435719743777e-02
 60 KSP preconditioned resid norm 6.922139611244e-05 true resid norm 2.727474366189e-04 ||r(i)||/||b|| 1.413335131756e-02
 60 KSP preconditioned resid norm 9.769919401596e-05 true resid norm 2.771588557186e-04 ||r(i)||/||b|| 1.436194424851e-02
 61 KSP preconditioned resid norm 6.908374780674e-05 true resid norm 2.771006220863e-04 ||r(i)||/||b|| 1.435892667153e-02
 61 KSP preconditioned resid norm 9.769917308560e-05 true resid norm 2.771012644077e-04 ||r(i)||/||b|| 1.435895995564e-02
 62 KSP preconditioned resid norm 6.908374279625e-05 true resid norm 2.771201215794e-04 ||r(i)||/||b|| 1.435993710518e-02
 62 KSP preconditioned resid norm 9.767694063900e-05 true resid norm 2.775539716927e-04 ||r(i)||/||b|| 1.438241854862e-02
 63 KSP preconditioned resid norm 6.905802905421e-05 true resid norm 2.775157562566e-04 ||r(i)||/||b|| 1.438043828368e-02
 63 KSP preconditioned resid norm 9.765380425638e-05 true resid norm 2.774748251341e-04 ||r(i)||/||b|| 1.437831729607e-02
 64 KSP preconditioned resid norm 6.903705739275e-05 true resid norm 2.774028811149e-04 ||r(i)||/||b|| 1.437458926801e-02
 64 KSP preconditioned resid norm 9.758572265019e-05 true resid norm 2.786702684940e-04 ||r(i)||/||b|| 1.444026332642e-02
 65 KSP preconditioned resid norm 6.900292108860e-05 true resid norm 2.786966676407e-04 ||r(i)||/||b|| 1.444163128947e-02
 65 KSP preconditioned resid norm 9.758485139073e-05 true resid norm 2.786979066505e-04 ||r(i)||/||b|| 1.444169549305e-02
 66 KSP preconditioned resid norm 6.900288727712e-05 true resid norm 2.787006926862e-04 ||r(i)||/||b|| 1.444183986112e-02
 66 KSP preconditioned resid norm 9.758475127698e-05 true resid norm 2.787087730489e-04 ||r(i)||/||b|| 1.444225857304e-02
 67 KSP preconditioned resid norm 6.900215357513e-05 true resid norm 2.786829046075e-04 ||r(i)||/||b|| 1.444091811032e-02
 67 KSP preconditioned resid norm 9.756990126947e-05 true resid norm 2.787049857611e-04 ||r(i)||/||b|| 1.444206232163e-02
 68 KSP preconditioned resid norm 6.895501319174e-05 true resid norm 2.783710312502e-04 ||r(i)||/||b|| 1.442475731417e-02
 68 KSP preconditioned resid norm 9.731694246433e-05 true resid norm 2.781276659245e-04 ||r(i)||/||b|| 1.441214649850e-02
 69 KSP preconditioned resid norm 6.731230104519e-05 true resid norm 2.626457896660e-04 ||r(i)||/||b|| 1.360989955925e-02
 69 KSP preconditioned resid norm 7.839300591954e-05 true resid norm 2.056383558120e-04 ||r(i)||/||b|| 1.065586229915e-02
 70 KSP preconditioned resid norm 4.090167013571e-05 true resid norm 1.458873476845e-04 ||r(i)||/||b|| 7.559657253504e-03
 70 KSP preconditioned resid norm 3.913758126244e-05 true resid norm 9.635732811519e-05 ||r(i)||/||b|| 4.993088064017e-03
 71 KSP preconditioned resid norm 1.997106778410e-05 true resid norm 4.723469563331e-05 ||r(i)||/||b|| 2.447629044801e-03
 71 KSP preconditioned resid norm 2.097361777399e-05 true resid norm 3.657424170691e-05 ||r(i)||/||b|| 1.895220771366e-03
 72 KSP preconditioned resid norm 1.355076740791e-05 true resid norm 3.709608532031e-05 ||r(i)||/||b|| 1.922261902210e-03
 72 KSP preconditioned resid norm 1.850176485319e-05 true resid norm 3.933071936874e-05 ||r(i)||/||b|| 2.038057190570e-03
 73 KSP preconditioned resid norm 1.263599255108e-05 true resid norm 4.065567816840e-05 ||r(i)||/||b|| 2.106714511163e-03
 73 KSP preconditioned resid norm 1.726627943662e-05 true resid norm 4.156324342263e-05 ||r(i)||/||b|| 2.153743142268e-03
 74 KSP preconditioned resid norm 1.150590038194e-05 true resid norm 4.036094976209e-05 ||r(i)||/||b|| 2.091442139913e-03
 74 KSP preconditioned resid norm 1.477936544296e-05 true resid norm 3.711649247870e-05 ||r(i)||/||b|| 1.923319369670e-03
 75 KSP preconditioned resid norm 9.957942612962e-06 true resid norm 3.658860431343e-05 ||r(i)||/||b|| 1.895965019474e-03
 75 KSP preconditioned resid norm 1.372152482713e-05 true resid norm 3.754620584242e-05 ||r(i)||/||b|| 1.945586453132e-03
 76 KSP preconditioned resid norm 9.082850612173e-06 true resid norm 3.301915086100e-05 ||r(i)||/||b|| 1.711001449220e-03
 76 KSP preconditioned resid norm 1.107711403295e-05 true resid norm 2.827820138473e-05 ||r(i)||/||b|| 1.465332762622e-03
 77 KSP preconditioned resid norm 6.927416938654e-06 true resid norm 2.452826651111e-05 ||r(i)||/||b|| 1.271016923604e-03
 77 KSP preconditioned resid norm 8.809978980938e-06 true resid norm 2.222309268594e-05 ||r(i)||/||b|| 1.151566372856e-03
 78 KSP preconditioned resid norm 5.703692849697e-06 true resid norm 2.073582252335e-05 ||r(i)||/||b|| 1.074498327881e-03
 78 KSP preconditioned resid norm 7.479464844178e-06 true resid norm 1.971330109324e-05 ||r(i)||/||b|| 1.021512845119e-03
 79 KSP preconditioned resid norm 4.962014140961e-06 true resid norm 1.902530895153e-05 ||r(i)||/||b|| 9.858621539042e-04
 79 KSP preconditioned resid norm 6.642034637574e-06 true resid norm 1.857135570031e-05 ||r(i)||/||b|| 9.623389968742e-04
 80 KSP preconditioned resid norm 4.610648862163e-06 true resid norm 1.854042152019e-05 ||r(i)||/||b|| 9.607360353916e-04
 80 KSP preconditioned resid norm 6.478092148081e-06 true resid norm 1.877466649218e-05 ||r(i)||/||b|| 9.728742484011e-04
 81 KSP preconditioned resid norm 4.567038407460e-06 true resid norm 1.864900431569e-05 ||r(i)||/||b|| 9.663626283116e-04
 81 KSP preconditioned resid norm 6.449881594493e-06 true resid norm 1.872512517573e-05 ||r(i)||/||b|| 9.703070938248e-04
 82 KSP preconditioned resid norm 4.557950002869e-06 true resid norm 1.873905779485e-05 ||r(i)||/||b|| 9.710290606495e-04
 82 KSP preconditioned resid norm 6.444140900328e-06 true resid norm 1.875553682891e-05 ||r(i)||/||b|| 9.718829787672e-04
 83 KSP preconditioned resid norm 4.556613924315e-06 true resid norm 1.875221456820e-05 ||r(i)||/||b|| 9.717108243436e-04
 83 KSP preconditioned resid norm 6.444017661715e-06 true resid norm 1.875557011616e-05 ||r(i)||/||b|| 9.718847036611e-04
 84 KSP preconditioned resid norm 4.556522099460e-06 true resid norm 1.874990003325e-05 ||r(i)||/||b|| 9.715908887136e-04
 84 KSP preconditioned resid norm 6.441914412152e-06 true resid norm 1.877871502633e-05 ||r(i)||/||b|| 9.730840371936e-04
 85 KSP preconditioned resid norm 4.551498873095e-06 true resid norm 1.879606309287e-05 ||r(i)||/||b|| 9.739829872339e-04
 85 KSP preconditioned resid norm 6.423577406418e-06 true resid norm 1.888184757926e-05 ||r(i)||/||b|| 9.784282069538e-04
 86 KSP preconditioned resid norm 4.538981078799e-06 true resid norm 1.887684905513e-05 ||r(i)||/||b|| 9.781691911460e-04
 86 KSP preconditioned resid norm 6.417559593378e-06 true resid norm 1.888277315290e-05 ||r(i)||/||b|| 9.784761687516e-04
 87 KSP preconditioned resid norm 4.537819567707e-06 true resid norm 1.888433578169e-05 ||r(i)||/||b|| 9.785571417642e-04
 87 KSP preconditioned resid norm 6.417437530619e-06 true resid norm 1.888469570749e-05 ||r(i)||/||b|| 9.785757925637e-04
 88 KSP preconditioned resid norm 4.537513574343e-06 true resid norm 1.888221799393e-05 ||r(i)||/||b|| 9.784474012701e-04
 88 KSP preconditioned resid norm 6.395802992087e-06 true resid norm 1.879325009666e-05 ||r(i)||/||b|| 9.738372221109e-04
 89 KSP preconditioned resid norm 4.469959971585e-06 true resid norm 1.841247303139e-05 ||r(i)||/||b|| 9.541059421257e-04
 89 KSP preconditioned resid norm 6.074934562352e-06 true resid norm 1.721502741951e-05 ||r(i)||/||b|| 8.920561581712e-04
 90 KSP preconditioned resid norm 4.278297719132e-06 true resid norm 1.712773817637e-05 ||r(i)||/||b|| 8.875329642786e-04
 90 KSP preconditioned resid norm 6.047842780259e-06 true resid norm 1.714209315615e-05 ||r(i)||/||b|| 8.882768171812e-04
 91 KSP preconditioned resid norm 4.261063638626e-06 true resid norm 1.711580533050e-05 ||r(i)||/||b|| 8.869146226177e-04
 91 KSP preconditioned resid norm 5.850207480449e-06 true resid norm 1.662594861083e-05 ||r(i)||/||b|| 8.615310032513e-04
 92 KSP preconditioned resid norm 4.046216628263e-06 true resid norm 1.574513442674e-05 ||r(i)||/||b|| 8.158885713240e-04
 92 KSP preconditioned resid norm 5.627237395008e-06 true resid norm 1.558256244145e-05 ||r(i)||/||b|| 8.074643418939e-04
 93 KSP preconditioned resid norm 3.904267028302e-06 true resid norm 1.507416465070e-05 ||r(i)||/||b|| 7.811199528330e-04
 93 KSP preconditioned resid norm 5.404501155215e-06 true resid norm 1.471982713174e-05 ||r(i)||/||b|| 7.627587293414e-04
 94 KSP preconditioned resid norm 3.780176366254e-06 true resid norm 1.445757081679e-05 ||r(i)||/||b|| 7.491690117612e-04
 94 KSP preconditioned resid norm 5.315992992789e-06 true resid norm 1.440143312925e-05 ||r(i)||/||b|| 7.462600434129e-04
 95 KSP preconditioned resid norm 3.756663171310e-06 true resid norm 1.441679386354e-05 ||r(i)||/||b|| 7.470560129624e-04
 95 KSP preconditioned resid norm 5.312364621565e-06 true resid norm 1.442681236766e-05 ||r(i)||/||b|| 7.475751563873e-04
 96 KSP preconditioned resid norm 3.755724600180e-06 true resid norm 1.444331915771e-05 ||r(i)||/||b|| 7.484305127776e-04
 96 KSP preconditioned resid norm 5.308791258100e-06 true resid norm 1.447257713123e-05 ||r(i)||/||b|| 7.499466158208e-04
 97 KSP preconditioned resid norm 3.753879880877e-06 true resid norm 1.447325329959e-05 ||r(i)||/||b|| 7.499816538215e-04
 97 KSP preconditioned resid norm 5.308787834565e-06 true resid norm 1.447329036967e-05 ||r(i)||/||b|| 7.499835747360e-04
 98 KSP preconditioned resid norm 3.753878613346e-06 true resid norm 1.447360890657e-05 ||r(i)||/||b|| 7.500000808266e-04
 98 KSP preconditioned resid norm 5.308074132295e-06 true resid norm 1.447961883902e-05 ||r(i)||/||b|| 7.503115062529e-04
 99 KSP preconditioned resid norm 3.753293640002e-06 true resid norm 1.448307172595e-05 ||r(i)||/||b|| 7.504904295258e-04
 99 KSP preconditioned resid norm 5.307940071448e-06 true resid norm 1.448557625329e-05 ||r(i)||/||b|| 7.506202102683e-04
100 KSP preconditioned resid norm 3.752991512230e-06 true resid norm 1.448998959717e-05 ||r(i)||/||b|| 7.508489029384e-04
100 KSP preconditioned resid norm 5.298625924716e-06 true resid norm 1.450578676646e-05 ||r(i)||/||b|| 7.516674878762e-04
101 KSP preconditioned resid norm 3.737836129718e-06 true resid norm 1.446784947674e-05 ||r(i)||/||b|| 7.497016360596e-04
101 KSP preconditioned resid norm 5.268520026843e-06 true resid norm 1.444563734760e-05 ||r(i)||/||b|| 7.485506378010e-04
102 KSP preconditioned resid norm 3.710285289059e-06 true resid norm 1.431553921602e-05 ||r(i)||/||b|| 7.418091533634e-04
102 KSP preconditioned resid norm 5.221185276613e-06 true resid norm 1.433459872691e-05 ||r(i)||/||b|| 7.427967878087e-04
103 KSP preconditioned resid norm 3.675597592249e-06 true resid norm 1.436984503624e-05 ||r(i)||/||b|| 7.446231971732e-04
103 KSP preconditioned resid norm 5.177477433768e-06 true resid norm 1.442026911707e-05 ||r(i)||/||b|| 7.472360952380e-04
104 KSP preconditioned resid norm 3.658038225828e-06 true resid norm 1.445520092148e-05 ||r(i)||/||b|| 7.490462074429e-04
104 KSP preconditioned resid norm 5.172373756436e-06 true resid norm 1.447785788394e-05 ||r(i)||/||b|| 7.502202562779e-04
105 KSP preconditioned resid norm 3.657388952520e-06 true resid norm 1.448340430381e-05 ||r(i)||/||b|| 7.505076631972e-04
105 KSP preconditioned resid norm 5.172326771850e-06 true resid norm 1.448490923034e-05 ||r(i)||/||b|| 7.505856461684e-04
106 KSP preconditioned resid norm 3.657346790700e-06 true resid norm 1.449007598009e-05 ||r(i)||/||b|| 7.508533791679e-04
106 KSP preconditioned resid norm 5.170832913233e-06 true resid norm 1.451114709327e-05 ||r(i)||/||b|| 7.519452517405e-04
107 KSP preconditioned resid norm 3.653292047483e-06 true resid norm 1.447441810406e-05 ||r(i)||/||b|| 7.500420121919e-04
107 KSP preconditioned resid norm 5.153719713954e-06 true resid norm 1.447770832407e-05 ||r(i)||/||b|| 7.502125063162e-04
108 KSP preconditioned resid norm 3.638270780424e-06 true resid norm 1.449547519281e-05 ||r(i)||/||b|| 7.511331580403e-04
108 KSP preconditioned resid norm 5.139737799606e-06 true resid norm 1.451998335428e-05 ||r(i)||/||b|| 7.524031331515e-04
109 KSP preconditioned resid norm 3.556769827993e-06 true resid norm 1.385433356115e-05 ||r(i)||/||b|| 7.179101879659e-04
109 KSP preconditioned resid norm 3.685132634627e-06 true resid norm 8.458256768907e-06 ||r(i)||/||b|| 4.382938147136e-04
110 KSP preconditioned resid norm 2.450782603614e-06 true resid norm 7.984010248591e-06 ||r(i)||/||b|| 4.137190917910e-04
110 KSP preconditioned resid norm 3.410923106267e-06 true resid norm 8.033647755599e-06 ||r(i)||/||b|| 4.162912308137e-04
111 KSP preconditioned resid norm 2.405209192639e-06 true resid norm 8.072610057105e-06 ||r(i)||/||b|| 4.183101971591e-04
111 KSP preconditioned resid norm 3.399820052845e-06 true resid norm 8.100259945845e-06 ||r(i)||/||b|| 4.197429717300e-04
112 KSP preconditioned resid norm 2.392836851197e-06 true resid norm 8.072949067813e-06 ||r(i)||/||b|| 4.183277641709e-04
112 KSP preconditioned resid norm 3.242154434203e-06 true resid norm 7.733734910118e-06 ||r(i)||/||b|| 4.007502099250e-04
113 KSP preconditioned resid norm 2.258000529725e-06 true resid norm 7.706207176156e-06 ||r(i)||/||b|| 3.993237652263e-04
113 KSP preconditioned resid norm 3.175499455670e-06 true resid norm 7.777727882618e-06 ||r(i)||/||b|| 4.030298578790e-04
114 KSP preconditioned resid norm 2.245123919058e-06 true resid norm 7.782509785544e-06 ||r(i)||/||b|| 4.032776487102e-04
114 KSP preconditioned resid norm 3.175074947436e-06 true resid norm 7.786532808789e-06 ||r(i)||/||b|| 4.034861155673e-04
115 KSP preconditioned resid norm 2.244706819970e-06 true resid norm 7.800334217942e-06 ||r(i)||/||b|| 4.042012832941e-04
115 KSP preconditioned resid norm 3.140524389315e-06 true resid norm 7.844312311364e-06 ||r(i)||/||b|| 4.064801602372e-04
116 KSP preconditioned resid norm 2.061443788864e-06 true resid norm 6.705841235711e-06 ||r(i)||/||b|| 3.474863457525e-04
116 KSP preconditioned resid norm 2.039983946945e-06 true resid norm 4.106615585577e-06 ||r(i)||/||b|| 2.127984831557e-04
117 KSP preconditioned resid norm 1.163976459517e-06 true resid norm 3.547037917517e-06 ||r(i)||/||b|| 1.838020318226e-04
117 KSP preconditioned resid norm 1.408286927361e-06 true resid norm 3.351336758109e-06 ||r(i)||/||b|| 1.736610997081e-04
118 KSP preconditioned resid norm 9.921518170992e-07 true resid norm 3.309089853388e-06 ||r(i)||/||b|| 1.714719302922e-04
118 KSP preconditioned resid norm 1.402972848985e-06 true resid norm 3.314045907231e-06 ||r(i)||/||b|| 1.717287453552e-04
119 KSP preconditioned resid norm 9.918370784721e-07 true resid norm 3.319382199290e-06 ||r(i)||/||b|| 1.720052637758e-04
119 KSP preconditioned resid norm 1.402020204413e-06 true resid norm 3.324176878764e-06 ||r(i)||/||b|| 1.722537166680e-04
120 KSP preconditioned resid norm 9.879991202110e-07 true resid norm 3.303861868018e-06 ||r(i)||/||b|| 1.712010241571e-04
120 KSP preconditioned resid norm 1.363323964888e-06 true resid norm 3.501886114215e-06 ||r(i)||/||b|| 1.814623350445e-04
121 KSP preconditioned resid norm 8.481653871623e-07 true resid norm 3.001622073716e-06 ||r(i)||/||b|| 1.555394243709e-04
121 KSP preconditioned resid norm 7.783908896287e-07 true resid norm 1.577048178549e-06 ||r(i)||/||b|| 8.172020323435e-05
122 KSP preconditioned resid norm 5.269060222657e-07 true resid norm 1.497579765220e-06 ||r(i)||/||b|| 7.760227267503e-05
122 KSP preconditioned resid norm 7.403010370019e-07 true resid norm 1.530523737988e-06 ||r(i)||/||b|| 7.930937851150e-05
123 KSP preconditioned resid norm 5.231722819602e-07 true resid norm 1.518207383367e-06 ||r(i)||/||b|| 7.867116401910e-05
123 KSP preconditioned resid norm 7.398400107787e-07 true resid norm 1.521471057958e-06 ||r(i)||/||b|| 7.884028260054e-05
124 KSP preconditioned resid norm 5.230672612027e-07 true resid norm 1.522955242250e-06 ||r(i)||/||b|| 7.891719074048e-05
124 KSP preconditioned resid norm 7.393977525024e-07 true resid norm 1.523739316343e-06 ||r(i)||/||b|| 7.895782025014e-05
125 KSP preconditioned resid norm 5.221673182810e-07 true resid norm 1.522774271562e-06 ||r(i)||/||b|| 7.890781311869e-05
125 KSP preconditioned resid norm 7.357904494942e-07 true resid norm 1.518873249880e-06 ||r(i)||/||b|| 7.870566819435e-05
126 KSP preconditioned resid norm 5.183431538475e-07 true resid norm 1.514811109463e-06 ||r(i)||/||b|| 7.849517434582e-05
126 KSP preconditioned resid norm 7.302273031442e-07 true resid norm 1.511812946351e-06 ||r(i)||/||b|| 7.833981415952e-05
127 KSP preconditioned resid norm 5.143901939930e-07 true resid norm 1.510239577110e-06 ||r(i)||/||b|| 7.825828459317e-05
127 KSP preconditioned resid norm 7.247374119001e-07 true resid norm 1.510033989774e-06 ||r(i)||/||b|| 7.824763137462e-05
128 KSP preconditioned resid norm 5.124159043627e-07 true resid norm 1.509735876284e-06 ||r(i)||/||b|| 7.823218359355e-05
128 KSP preconditioned resid norm 7.246636108700e-07 true resid norm 1.510333892318e-06 ||r(i)||/||b|| 7.826317186167e-05
129 KSP preconditioned resid norm 5.123622194936e-07 true resid norm 1.507278698937e-06 ||r(i)||/||b|| 7.810485645483e-05
129 KSP preconditioned resid norm 7.217395908284e-07 true resid norm 1.518898422294e-06 ||r(i)||/||b|| 7.870697259001e-05
130 KSP preconditioned resid norm 5.050908348381e-07 true resid norm 1.492577865688e-06 ||r(i)||/||b|| 7.734308195918e-05
130 KSP preconditioned resid norm 6.955677072212e-07 true resid norm 1.440128352306e-06 ||r(i)||/||b|| 7.462522910510e-05
131 KSP preconditioned resid norm 4.791096416382e-07 true resid norm 1.399430988958e-06 ||r(i)||/||b|| 7.251635453226e-05
131 KSP preconditioned resid norm 6.602464702074e-07 true resid norm 1.368752009006e-06 ||r(i)||/||b|| 7.092661712863e-05
132 KSP preconditioned resid norm 4.632746985455e-07 true resid norm 1.351626697129e-06 ||r(i)||/||b|| 7.003920989148e-05
132 KSP preconditioned resid norm 6.536274351603e-07 true resid norm 1.358141580984e-06 ||r(i)||/||b|| 7.037680112040e-05
133 KSP preconditioned resid norm 4.545488939200e-07 true resid norm 1.329606648930e-06 ||r(i)||/||b|| 6.889816497062e-05
133 KSP preconditioned resid norm 5.781820153173e-07 true resid norm 1.082945218686e-06 ||r(i)||/||b|| 5.611655025284e-05
134 KSP preconditioned resid norm 3.950869011107e-07 true resid norm 9.855104395228e-07 ||r(i)||/||b|| 5.106763033801e-05
134 KSP preconditioned resid norm 5.520117830654e-07 true resid norm 9.829218630172e-07 ||r(i)||/||b|| 5.093349429765e-05
135 KSP preconditioned resid norm 3.903014324166e-07 true resid norm 9.846106937045e-07 ||r(i)||/||b|| 5.102100689801e-05
135 KSP preconditioned resid norm 5.519693094479e-07 true resid norm 9.846992456008e-07 ||r(i)||/||b|| 5.102559552064e-05
136 KSP preconditioned resid norm 3.902037795581e-07 true resid norm 9.822073585716e-07 ||r(i)||/||b|| 5.089646977976e-05
136 KSP preconditioned resid norm 4.925287056750e-07 true resid norm 8.069514977695e-07 ||r(i)||/||b|| 4.181498149198e-05
137 KSP preconditioned resid norm 3.161808773741e-07 true resid norm 7.098486997970e-07 ||r(i)||/||b|| 3.678326433021e-05
137 KSP preconditioned resid norm 4.108763443921e-07 true resid norm 6.571454073243e-07 ||r(i)||/||b|| 3.405226103522e-05
138 KSP preconditioned resid norm 2.726951727093e-07 true resid norm 6.293651211531e-07 ||r(i)||/||b|| 3.261272947068e-05
138 KSP preconditioned resid norm 3.671489763920e-07 true resid norm 6.240213382187e-07 ||r(i)||/||b|| 3.233582288445e-05
139 KSP preconditioned resid norm 2.561432856756e-07 true resid norm 6.314849529565e-07 ||r(i)||/||b|| 3.272257588384e-05
139 KSP preconditioned resid norm 3.608482291924e-07 true resid norm 6.415741450114e-07 ||r(i)||/||b|| 3.324538224855e-05
140 KSP preconditioned resid norm 2.541238698461e-07 true resid norm 6.521309690211e-07 ||r(i)||/||b|| 3.379242057960e-05
140 KSP preconditioned resid norm 3.578503849756e-07 true resid norm 6.617099187368e-07 ||r(i)||/||b|| 3.428878697359e-05
141 KSP preconditioned resid norm 2.432660643210e-07 true resid norm 5.764735357329e-07 ||r(i)||/||b|| 2.987196912568e-05
141 KSP preconditioned resid norm 2.616912235815e-07 true resid norm 4.087530069001e-07 ||r(i)||/||b|| 2.118095011356e-05
142 KSP preconditioned resid norm 1.672051458933e-07 true resid norm 3.928650889446e-07 ||r(i)||/||b|| 2.035766272009e-05
142 KSP preconditioned resid norm 2.256772117958e-07 true resid norm 4.174217852214e-07 ||r(i)||/||b|| 2.163015283029e-05
143 KSP preconditioned resid norm 1.441822818463e-07 true resid norm 2.940899083516e-07 ||r(i)||/||b|| 1.523928527141e-05
143 KSP preconditioned resid norm 1.685563719955e-07 true resid norm 2.775731602950e-07 ||r(i)||/||b|| 1.438341287238e-05
144 KSP preconditioned resid norm 1.014294756129e-07 true resid norm 2.263761897989e-07 ||r(i)||/||b|| 1.173046485796e-05
144 KSP preconditioned resid norm 1.243038323693e-07 true resid norm 1.978183833969e-07 ||r(i)||/||b|| 1.025064339478e-05
145 KSP preconditioned resid norm 8.710920483498e-08 true resid norm 1.930028435614e-07 ||r(i)||/||b|| 1.000110955085e-05
145 KSP preconditioned resid norm 1.231110927840e-07 true resid norm 1.957524916543e-07 ||r(i)||/||b|| 1.014359207234e-05
146 KSP preconditioned resid norm 8.701662385725e-08 true resid norm 1.949599180495e-07 ||r(i)||/||b|| 1.010252213107e-05
146 KSP preconditioned resid norm 1.230275242320e-07 true resid norm 1.944656203161e-07 ||r(i)||/||b|| 1.007690838523e-05
147 KSP preconditioned resid norm 8.699042062669e-08 true resid norm 1.942726731462e-07 ||r(i)||/||b|| 1.006691016060e-05
147 KSP preconditioned resid norm 1.230224129029e-07 true resid norm 1.943079603490e-07 ||r(i)||/||b|| 1.006873868900e-05
148 KSP preconditioned resid norm 8.698997242584e-08 true resid norm 1.943012524063e-07 ||r(i)||/||b|| 1.006839109376e-05
148 KSP preconditioned resid norm 1.230223984739e-07 true resid norm 1.943007067123e-07 ||r(i)||/||b|| 1.006836281674e-05
149 KSP preconditioned resid norm 8.698997177855e-08 true resid norm 1.943015490743e-07 ||r(i)||/||b|| 1.006840646664e-05
149 KSP preconditioned resid norm 1.230223967801e-07 true resid norm 1.943010536654e-07 ||r(i)||/||b|| 1.006838079531e-05
150 KSP preconditioned resid norm 8.698969270492e-08 true resid norm 1.942966547607e-07 ||r(i)||/||b|| 1.006815285086e-05
150 KSP preconditioned resid norm 1.228813791972e-07 true resid norm 1.974623932706e-07 ||r(i)||/||b|| 1.023219653572e-05
151 KSP preconditioned resid norm 8.663893841630e-08 true resid norm 2.003275978159e-07 ||r(i)||/||b|| 1.038066701426e-05
151 KSP preconditioned resid norm 1.216359174189e-07 true resid norm 2.035339512876e-07 ||r(i)||/||b|| 1.054681530378e-05
152 KSP preconditioned resid norm 8.549509617935e-08 true resid norm 1.999655871323e-07 ||r(i)||/||b|| 1.036190817922e-05
152 KSP preconditioned resid norm 1.203114398180e-07 true resid norm 2.007582778803e-07 ||r(i)||/||b|| 1.040298419066e-05
153 KSP preconditioned resid norm 8.293738099618e-08 true resid norm 1.889383332022e-07 ||r(i)||/||b|| 9.790492895561e-06
153 KSP preconditioned resid norm 1.043845353962e-07 true resid norm 1.681800655003e-07 ||r(i)||/||b|| 8.714831493163e-06
154 KSP preconditioned resid norm 6.625754989616e-08 true resid norm 1.555937264630e-07 ||r(i)||/||b|| 8.062626824909e-06
154 KSP preconditioned resid norm 8.465940410033e-08 true resid norm 1.499789160998e-07 ||r(i)||/||b|| 7.771676015515e-06
155 KSP preconditioned resid norm 5.844198486427e-08 true resid norm 1.446896272577e-07 ||r(i)||/||b|| 7.497593229069e-06
155 KSP preconditioned resid norm 8.213468272658e-08 true resid norm 1.471714099338e-07 ||r(i)||/||b|| 7.626195377963e-06
156 KSP preconditioned resid norm 5.771625309588e-08 true resid norm 1.481557546218e-07 ||r(i)||/||b|| 7.677202600859e-06
156 KSP preconditioned resid norm 8.111470364902e-08 true resid norm 1.482258826628e-07 ||r(i)||/||b|| 7.680836527733e-06
157 KSP preconditioned resid norm 5.701785527680e-08 true resid norm 1.442779598212e-07 ||r(i)||/||b|| 7.476261257707e-06
157 KSP preconditioned resid norm 8.018317819865e-08 true resid norm 1.482425323684e-07 ||r(i)||/||b|| 7.681699289787e-06
158 KSP preconditioned resid norm 5.504785631092e-08 true resid norm 1.464494423599e-07 ||r(i)||/||b|| 7.588784132275e-06
158 KSP preconditioned resid norm 6.796341174914e-08 true resid norm 1.311462550541e-07 ||r(i)||/||b|| 6.795796578840e-06
159 KSP preconditioned resid norm 4.365250612081e-08 true resid norm 1.198703473321e-07 ||r(i)||/||b|| 6.211496439356e-06
159 KSP preconditioned resid norm 5.742002240975e-08 true resid norm 1.185206933002e-07 ||r(i)||/||b|| 6.141559449935e-06
160 KSP preconditioned resid norm 3.824912010903e-08 true resid norm 1.188835237465e-07 ||r(i)||/||b|| 6.160360763817e-06
160 KSP preconditioned resid norm 5.143916662042e-08 true resid norm 1.202659000325e-07 ||r(i)||/||b|| 6.231993369954e-06
161 KSP preconditioned resid norm 3.470101878464e-08 true resid norm 1.146266113327e-07 ||r(i)||/||b|| 5.939774130929e-06
161 KSP preconditioned resid norm 4.694841871969e-08 true resid norm 1.148364239491e-07 ||r(i)||/||b|| 5.950646296971e-06
162 KSP preconditioned resid norm 3.293045205971e-08 true resid norm 1.138407001151e-07 ||r(i)||/||b|| 5.899049424287e-06
162 KSP preconditioned resid norm 4.649916026070e-08 true resid norm 1.143569241340e-07 ||r(i)||/||b|| 5.925799356417e-06
163 KSP preconditioned resid norm 3.262474907588e-08 true resid norm 1.144304953817e-07 ||r(i)||/||b|| 5.929611704954e-06
163 KSP preconditioned resid norm 4.441581386248e-08 true resid norm 1.137865254837e-07 ||r(i)||/||b|| 5.896242178481e-06
164 KSP preconditioned resid norm 3.041896994432e-08 true resid norm 1.136558085234e-07 ||r(i)||/||b|| 5.889468627296e-06
164 KSP preconditioned resid norm 4.186743095282e-08 true resid norm 1.140128257846e-07 ||r(i)||/||b|| 5.907968710893e-06
165 KSP preconditioned resid norm 2.888889054369e-08 true resid norm 1.145660555614e-07 ||r(i)||/||b|| 5.936636224297e-06
165 KSP preconditioned resid norm 3.995838562758e-08 true resid norm 1.152844012403e-07 ||r(i)||/||b|| 5.973859788975e-06
166 KSP preconditioned resid norm 2.771345779630e-08 true resid norm 1.161377672482e-07 ||r(i)||/||b|| 6.018079898762e-06
166 KSP preconditioned resid norm 3.853384460955e-08 true resid norm 1.172019476577e-07 ||r(i)||/||b|| 6.073224085560e-06
167 KSP preconditioned resid norm 2.722335896650e-08 true resid norm 1.172264123039e-07 ||r(i)||/||b|| 6.074491805774e-06
167 KSP preconditioned resid norm 3.849782267998e-08 true resid norm 1.172954099797e-07 ||r(i)||/||b|| 6.078067158872e-06
168 KSP preconditioned resid norm 2.721534594894e-08 true resid norm 1.174437384625e-07 ||r(i)||/||b|| 6.085753311980e-06
168 KSP preconditioned resid norm 3.843871892435e-08 true resid norm 1.178024786327e-07 ||r(i)||/||b|| 6.104342674067e-06
169 KSP preconditioned resid norm 2.717445484336e-08 true resid norm 1.179076024802e-07 ||r(i)||/||b|| 6.109790029638e-06
169 KSP preconditioned resid norm 3.842911212038e-08 true resid norm 1.179467583725e-07 ||r(i)||/||b|| 6.111819027562e-06
170 KSP preconditioned resid norm 2.717346739857e-08 true resid norm 1.179419190073e-07 ||r(i)||/||b|| 6.111568259124e-06
170 KSP preconditioned resid norm 3.842908563890e-08 true resid norm 1.179429061213e-07 ||r(i)||/||b|| 6.111619409845e-06
171 KSP preconditioned resid norm 2.717346675686e-08 true resid norm 1.179437270180e-07 ||r(i)||/||b|| 6.111661947446e-06
171 KSP preconditioned resid norm 3.842908487539e-08 true resid norm 1.179444201115e-07 ||r(i)||/||b|| 6.111697862484e-06
172 KSP preconditioned resid norm 2.717344197407e-08 true resid norm 1.179451494010e-07 ||r(i)||/||b|| 6.111735653138e-06
172 KSP preconditioned resid norm 3.842559926172e-08 true resid norm 1.181021893115e-07 ||r(i)||/||b|| 6.119873218988e-06
173 KSP preconditioned resid norm 2.716469129932e-08 true resid norm 1.182855968876e-07 ||r(i)||/||b|| 6.129377116587e-06
173 KSP preconditioned resid norm 3.839361311646e-08 true resid norm 1.186125917249e-07 ||r(i)||/||b|| 6.146321484503e-06
174 KSP preconditioned resid norm 2.713521489601e-08 true resid norm 1.183918386704e-07 ||r(i)||/||b|| 6.134882401839e-06
174 KSP preconditioned resid norm 3.835994370097e-08 true resid norm 1.184925592178e-07 ||r(i)||/||b|| 6.140101585195e-06
175 KSP preconditioned resid norm 2.701037780532e-08 true resid norm 1.176037106853e-07 ||r(i)||/||b|| 6.094042825728e-06
175 KSP preconditioned resid norm 3.657367415550e-08 true resid norm 1.112034799596e-07 ||r(i)||/||b|| 5.762392745048e-06
176 KSP preconditioned resid norm 2.547008345248e-08 true resid norm 1.091409013644e-07 ||r(i)||/||b|| 5.655513104796e-06
176 KSP preconditioned resid norm 3.582055680378e-08 true resid norm 1.095963992315e-07 ||r(i)||/||b|| 5.679116301437e-06
177 KSP preconditioned resid norm 2.512840983463e-08 true resid norm 1.088561056900e-07 ||r(i)||/||b|| 5.640755432387e-06
177 KSP preconditioned resid norm 3.513735858284e-08 true resid norm 1.078392644580e-07 ||r(i)||/||b|| 5.588064288726e-06
178 KSP preconditioned resid norm 2.455337914450e-08 true resid norm 1.068283862914e-07 ||r(i)||/||b|| 5.535682141913e-06
178 KSP preconditioned resid norm 3.429622621174e-08 true resid norm 1.058247016831e-07 ||r(i)||/||b|| 5.483672754194e-06
179 KSP preconditioned resid norm 2.400744115761e-08 true resid norm 1.052755896443e-07 ||r(i)||/||b|| 5.455218615618e-06
179 KSP preconditioned resid norm 3.367218458140e-08 true resid norm 1.051389061579e-07 ||r(i)||/||b|| 5.448135888255e-06
180 KSP preconditioned resid norm 2.357059774552e-08 true resid norm 1.046296277511e-07 ||r(i)||/||b|| 5.421745867031e-06
180 KSP preconditioned resid norm 3.292673982755e-08 true resid norm 1.043514385360e-07 ||r(i)||/||b|| 5.407330531150e-06
181 KSP preconditioned resid norm 2.219867604205e-08 true resid norm 9.720884289581e-08 ||r(i)||/||b|| 5.037212246065e-06
181 KSP preconditioned resid norm 2.677426158504e-08 true resid norm 7.806606055300e-08 ||r(i)||/||b|| 4.045262802285e-06
182 KSP preconditioned resid norm 1.858444224772e-08 true resid norm 7.610803984556e-08 ||r(i)||/||b|| 3.943801190443e-06
182 KSP preconditioned resid norm 2.621632178287e-08 true resid norm 7.608363423654e-08 ||r(i)||/||b|| 3.942536529441e-06
183 KSP preconditioned resid norm 1.824523410809e-08 true resid norm 7.439535699258e-08 ||r(i)||/||b|| 3.855052607663e-06
183 KSP preconditioned resid norm 2.353892507538e-08 true resid norm 6.686007243290e-08 ||r(i)||/||b|| 3.464585788690e-06
184 KSP preconditioned resid norm 1.615421889667e-08 true resid norm 6.452691346381e-08 ||r(i)||/||b|| 3.343685090965e-06
184 KSP preconditioned resid norm 2.260577980143e-08 true resid norm 6.411156510349e-08 ||r(i)||/||b|| 3.322162379814e-06
185 KSP preconditioned resid norm 1.574704643724e-08 true resid norm 6.335477835975e-08 ||r(i)||/||b|| 3.282946858472e-06
185 KSP preconditioned resid norm 2.180587429483e-08 true resid norm 6.320647828729e-08 ||r(i)||/||b|| 3.275262177543e-06
186 KSP preconditioned resid norm 1.478963460367e-08 true resid norm 6.042448962078e-08 ||r(i)||/||b|| 3.131103817440e-06
186 KSP preconditioned resid norm 1.934756928245e-08 true resid norm 5.637637432555e-08 ||r(i)||/||b|| 2.921336729065e-06
187 KSP preconditioned resid norm 1.318846494934e-08 true resid norm 5.498676520983e-08 ||r(i)||/||b|| 2.849329328848e-06
187 KSP preconditioned resid norm 1.831338105830e-08 true resid norm 5.481233264696e-08 ||r(i)||/||b|| 2.840290502589e-06
188 KSP preconditioned resid norm 1.275730109350e-08 true resid norm 5.357184146897e-08 ||r(i)||/||b|| 2.776010163818e-06
188 KSP preconditioned resid norm 1.782091203698e-08 true resid norm 5.357399240824e-08 ||r(i)||/||b|| 2.776121622172e-06
189 KSP preconditioned resid norm 1.219125360944e-08 true resid norm 5.248117828887e-08 ||r(i)||/||b|| 2.719493680714e-06
189 KSP preconditioned resid norm 1.587078534538e-08 true resid norm 4.882831592843e-08 ||r(i)||/||b|| 2.530207989545e-06
190 KSP preconditioned resid norm 1.077829190951e-08 true resid norm 4.628599750196e-08 ||r(i)||/||b|| 2.398468971471e-06
190 KSP preconditioned resid norm 1.492717022048e-08 true resid norm 4.576784124482e-08 ||r(i)||/||b|| 2.371618913739e-06
191 KSP preconditioned resid norm 1.036073434704e-08 true resid norm 4.570513299079e-08 ||r(i)||/||b|| 2.368369468773e-06
191 KSP preconditioned resid norm 1.441134209642e-08 true resid norm 4.598218386262e-08 ||r(i)||/||b|| 2.382725817464e-06
192 KSP preconditioned resid norm 9.759199537505e-09 true resid norm 4.352110120729e-08 ||r(i)||/||b|| 2.255196311704e-06
192 KSP preconditioned resid norm 1.244784652997e-08 true resid norm 3.851579950175e-08 ||r(i)||/||b|| 1.995829300480e-06
193 KSP preconditioned resid norm 8.027479519603e-09 true resid norm 3.469772489249e-08 ||r(i)||/||b|| 1.797982565500e-06
193 KSP preconditioned resid norm 1.044024681436e-08 true resid norm 3.235559604392e-08 ||r(i)||/||b|| 1.676617062461e-06
194 KSP preconditioned resid norm 6.829564097750e-09 true resid norm 3.017287973054e-08 ||r(i)||/||b|| 1.563512071023e-06
194 KSP preconditioned resid norm 8.977731624448e-09 true resid norm 2.831240270225e-08 ||r(i)||/||b|| 1.467105022124e-06
195 KSP preconditioned resid norm 5.978903184207e-09 true resid norm 2.651799072708e-08 ||r(i)||/||b|| 1.374121362340e-06
195 KSP preconditioned resid norm 8.040815515740e-09 true resid norm 2.581197393848e-08 ||r(i)||/||b|| 1.337536661735e-06
196 KSP preconditioned resid norm 5.622381899673e-09 true resid norm 2.591410799549e-08 ||r(i)||/||b|| 1.342829090977e-06
196 KSP preconditioned resid norm 7.930472875891e-09 true resid norm 2.615133592634e-08 ||r(i)||/||b|| 1.355121876312e-06
197 KSP preconditioned resid norm 5.547652268051e-09 true resid norm 2.615742904660e-08 ||r(i)||/||b|| 1.355437612403e-06
197 KSP preconditioned resid norm 7.518796230239e-09 true resid norm 2.541567164083e-08 ||r(i)||/||b|| 1.317000888164e-06
198 KSP preconditioned resid norm 5.091001658209e-09 true resid norm 2.466916600667e-08 ||r(i)||/||b|| 1.278318118056e-06
198 KSP preconditioned resid norm 6.889019812974e-09 true resid norm 2.399623153370e-08 ||r(i)||/||b|| 1.243447692002e-06
199 KSP preconditioned resid norm 4.674943734553e-09 true resid norm 2.325388463901e-08 ||r(i)||/||b|| 1.204980421357e-06
199 KSP preconditioned resid norm 6.361214801914e-09 true resid norm 2.265946192448e-08 ||r(i)||/||b|| 1.174178353481e-06
200 KSP preconditioned resid norm 4.339667772715e-09 true resid norm 2.215451124110e-08 ||r(i)||/||b|| 1.148012588205e-06
200 KSP preconditioned resid norm 5.935105863973e-09 true resid norm 2.172091895363e-08 ||r(i)||/||b|| 1.125544504899e-06
201 KSP preconditioned resid norm 4.068520039192e-09 true resid norm 2.135273521460e-08 ||r(i)||/||b|| 1.106465791649e-06
201 KSP preconditioned resid norm 5.589910129955e-09 true resid norm 2.104255720478e-08 ||r(i)||/||b|| 1.090392845783e-06
202 KSP preconditioned resid norm 3.909328489476e-09 true resid norm 2.092369294773e-08 ||r(i)||/||b|| 1.084233483390e-06
202 KSP preconditioned resid norm 5.504843420465e-09 true resid norm 2.095702296843e-08 ||r(i)||/||b|| 1.085960593634e-06
203 KSP preconditioned resid norm 3.852209437208e-09 true resid norm 2.087020357800e-08 ||r(i)||/||b|| 1.081461746784e-06
203 KSP preconditioned resid norm 5.315352529879e-09 true resid norm 2.066389558492e-08 ||r(i)||/||b|| 1.070771184915e-06
204 KSP preconditioned resid norm 3.670788950341e-09 true resid norm 2.046007368876e-08 ||r(i)||/||b|| 1.060209448752e-06
204 KSP preconditioned resid norm 5.074757583457e-09 true resid norm 2.028168422860e-08 ||r(i)||/||b|| 1.050965582181e-06
205 KSP preconditioned resid norm 3.516938245992e-09 true resid norm 2.014281962793e-08 ||r(i)||/||b|| 1.043769832842e-06
205 KSP preconditioned resid norm 4.885427044420e-09 true resid norm 2.004381316471e-08 ||r(i)||/||b|| 1.038639470684e-06
206 KSP preconditioned resid norm 3.431013202740e-09 true resid norm 1.994743195497e-08 ||r(i)||/||b|| 1.033645145111e-06
206 KSP preconditioned resid norm 4.839378036562e-09 true resid norm 1.994792453724e-08 ||r(i)||/||b|| 1.033670669964e-06
207 KSP preconditioned resid norm 3.421422084259e-09 true resid norm 1.995176050250e-08 ||r(i)||/||b|| 1.033869443765e-06
207 KSP preconditioned resid norm 4.838576650052e-09 true resid norm 1.995437589623e-08 ||r(i)||/||b|| 1.034004969433e-06
208 KSP preconditioned resid norm 3.421373801716e-09 true resid norm 1.995617560271e-08 ||r(i)||/||b|| 1.034098227446e-06
208 KSP preconditioned resid norm 4.838541008865e-09 true resid norm 1.995745115824e-08 ||r(i)||/||b|| 1.034164324765e-06
209 KSP preconditioned resid norm 3.421356786892e-09 true resid norm 1.995872116960e-08 ||r(i)||/||b|| 1.034230134794e-06
209 KSP preconditioned resid norm 4.838517702871e-09 true resid norm 1.995998704748e-08 ||r(i)||/||b|| 1.034295730632e-06
210 KSP preconditioned resid norm 3.421321864130e-09 true resid norm 1.996264191360e-08 ||r(i)||/||b|| 1.034433301698e-06
210 KSP preconditioned resid norm 4.838354378494e-09 true resid norm 1.996878270213e-08 ||r(i)||/||b|| 1.034751507885e-06
211 KSP preconditioned resid norm 3.421171632591e-09 true resid norm 1.997355888078e-08 ||r(i)||/||b|| 1.034999002093e-06
211 KSP preconditioned resid norm 4.838206885001e-09 true resid norm 1.997733455893e-08 ||r(i)||/||b|| 1.035194651909e-06
212 KSP preconditioned resid norm 3.420966163790e-09 true resid norm 1.998447133841e-08 ||r(i)||/||b|| 1.035564468809e-06
212 KSP preconditioned resid norm 4.837100611484e-09 true resid norm 1.999841801798e-08 ||r(i)||/||b|| 1.036287164225e-06
213 KSP preconditioned resid norm 3.419797242611e-09 true resid norm 2.000622578913e-08 ||r(i)||/||b|| 1.036691750878e-06
213 KSP preconditioned resid norm 4.835634570486e-09 true resid norm 2.001235746080e-08 ||r(i)||/||b|| 1.037009484643e-06
214 KSP preconditioned resid norm 3.419043970858e-09 true resid norm 2.001849988827e-08 ||r(i)||/||b|| 1.037327775757e-06
214 KSP preconditioned resid norm 4.835052917617e-09 true resid norm 2.002493587787e-08 ||r(i)||/||b|| 1.037661278807e-06
215 KSP preconditioned resid norm 3.418711973322e-09 true resid norm 2.002809822257e-08 ||r(i)||/||b|| 1.037825146630e-06
215 KSP preconditioned resid norm 4.834449390902e-09 true resid norm 2.002848126544e-08 ||r(i)||/||b|| 1.037844995321e-06
216 KSP preconditioned resid norm 3.418029196932e-09 true resid norm 2.003208208833e-08 ||r(i)||/||b|| 1.038031584407e-06
216 KSP preconditioned resid norm 4.832668555830e-09 true resid norm 2.004893024268e-08 ||r(i)||/||b|| 1.038904629769e-06
217 KSP preconditioned resid norm 3.416398497428e-09 true resid norm 2.006625605556e-08 ||r(i)||/||b|| 1.039802426659e-06
217 KSP preconditioned resid norm 4.830368836896e-09 true resid norm 2.008412735808e-08 ||r(i)||/||b|| 1.040728489980e-06
218 KSP preconditioned resid norm 3.414903859210e-09 true resid norm 2.009647252915e-08 ||r(i)||/||b|| 1.041368197696e-06
218 KSP preconditioned resid norm 4.828591458655e-09 true resid norm 2.010754859975e-08 ||r(i)||/||b|| 1.041942142584e-06
219 KSP preconditioned resid norm 3.413515762452e-09 true resid norm 2.010339155584e-08 ||r(i)||/||b|| 1.041726730983e-06
219 KSP preconditioned resid norm 4.825808472060e-09 true resid norm 2.009309889990e-08 ||r(i)||/||b|| 1.041193381434e-06
220 KSP preconditioned resid norm 3.412147527634e-09 true resid norm 2.008529646148e-08 ||r(i)||/||b|| 1.040789071114e-06
220 KSP preconditioned resid norm 4.825448960857e-09 true resid norm 2.008586180987e-08 ||r(i)||/||b|| 1.040818366595e-06
221 KSP preconditioned resid norm 3.412052732616e-09 true resid norm 2.008283585277e-08 ||r(i)||/||b|| 1.040661566168e-06
221 KSP preconditioned resid norm 4.825264081737e-09 true resid norm 2.008683883638e-08 ||r(i)||/||b|| 1.040868994602e-06
222 KSP preconditioned resid norm 3.411967451763e-09 true resid norm 2.008841829452e-08 ||r(i)||/||b|| 1.040950839685e-06
222 KSP preconditioned resid norm 4.825248959822e-09 true resid norm 2.008910580392e-08 ||r(i)||/||b|| 1.040986465361e-06
223 KSP preconditioned resid norm 3.411954431265e-09 true resid norm 2.008924140181e-08 ||r(i)||/||b|| 1.040993491835e-06
223 KSP preconditioned resid norm 4.825066135995e-09 true resid norm 2.008941051207e-08 ||r(i)||/||b|| 1.041002254868e-06
224 KSP preconditioned resid norm 3.411592593074e-09 true resid norm 2.008767959636e-08 ||r(i)||/||b|| 1.040912561487e-06
224 KSP preconditioned resid norm 4.824001445145e-09 true resid norm 2.008316540098e-08 ||r(i)||/||b|| 1.040678642847e-06
225 KSP preconditioned resid norm 3.409647878611e-09 true resid norm 2.006773377397e-08 ||r(i)||/||b|| 1.039878999747e-06
225 KSP preconditioned resid norm 4.816241712977e-09 true resid norm 2.002157321075e-08 ||r(i)||/||b|| 1.037487030586e-06
226 KSP preconditioned resid norm 3.404920201049e-09 true resid norm 2.001443186758e-08 ||r(i)||/||b|| 1.037116977202e-06
226 KSP preconditioned resid norm 4.815124046439e-09 true resid norm 2.001223763556e-08 ||r(i)||/||b|| 1.037003275484e-06
227 KSP preconditioned resid norm 3.404748315101e-09 true resid norm 2.001089251846e-08 ||r(i)||/||b|| 1.036933573592e-06
227 KSP preconditioned resid norm 4.814998465305e-09 true resid norm 2.001002652499e-08 ||r(i)||/||b|| 1.036888699146e-06
228 KSP preconditioned resid norm 3.404201047030e-09 true resid norm 2.000531718916e-08 ||r(i)||/||b|| 1.036644668630e-06
228 KSP preconditioned resid norm 4.801818196704e-09 true resid norm 1.990996144924e-08 ||r(i)||/||b|| 1.031703481321e-06
229 KSP preconditioned resid norm 3.390070718200e-09 true resid norm 1.985633750519e-08 ||r(i)||/||b|| 1.028924771282e-06
229 KSP preconditioned resid norm 4.789713074854e-09 true resid norm 1.982806830747e-08 ||r(i)||/||b|| 1.027459905075e-06
230 KSP preconditioned resid norm 3.377832510173e-09 true resid norm 1.972559962108e-08 ||r(i)||/||b|| 1.022150135855e-06
230 KSP preconditioned resid norm 4.741828000526e-09 true resid norm 1.950475300198e-08 ||r(i)||/||b|| 1.010706204819e-06
231 KSP preconditioned resid norm 3.352250818743e-09 true resid norm 1.949094135782e-08 ||r(i)||/||b|| 1.009990506730e-06
231 KSP preconditioned resid norm 4.740768087177e-09 true resid norm 1.949220286518e-08 ||r(i)||/||b|| 1.010055876095e-06
232 KSP preconditioned resid norm 3.352226626080e-09 true resid norm 1.949153844044e-08 ||r(i)||/||b|| 1.010021446630e-06
232 KSP preconditioned resid norm 4.740763902749e-09 true resid norm 1.949181188112e-08 ||r(i)||/||b|| 1.010035615904e-06
233 KSP preconditioned resid norm 3.352018952095e-09 true resid norm 1.949310197488e-08 ||r(i)||/||b|| 1.010102466572e-06
233 KSP preconditioned resid norm 4.562452675166e-09 true resid norm 1.824581845221e-08 ||r(i)||/||b|| 9.454701589800e-07
234 KSP preconditioned resid norm 3.207511852257e-09 true resid norm 1.807010376810e-08 ||r(i)||/||b|| 9.363648951765e-07
234 KSP preconditioned resid norm 4.531983615242e-09 true resid norm 1.806812220701e-08 ||r(i)||/||b|| 9.362622137383e-07
235 KSP preconditioned resid norm 3.183344619478e-09 true resid norm 1.789954838646e-08 ||r(i)||/||b|| 9.275269784659e-07
235 KSP preconditioned resid norm 4.297389065513e-09 true resid norm 1.655142444413e-08 ||r(i)||/||b|| 8.576692759234e-07
236 KSP preconditioned resid norm 2.890905400839e-09 true resid norm 1.525818274196e-08 ||r(i)||/||b|| 7.906554863826e-07
236 KSP preconditioned resid norm 3.876848042133e-09 true resid norm 1.403364451396e-08 ||r(i)||/||b|| 7.272018048648e-07
237 KSP preconditioned resid norm 2.562700627660e-09 true resid norm 1.265116881993e-08 ||r(i)||/||b|| 6.555640475536e-07
237 KSP preconditioned resid norm 3.335665319114e-09 true resid norm 1.117770086408e-08 ||r(i)||/||b|| 5.792112116356e-07
238 KSP preconditioned resid norm 2.316261639149e-09 true resid norm 1.068786130609e-08 ||r(i)||/||b|| 5.538284815612e-07
238 KSP preconditioned resid norm 3.261671104521e-09 true resid norm 1.066610256360e-08 ||r(i)||/||b|| 5.527009770989e-07
239 KSP preconditioned resid norm 2.288379561822e-09 true resid norm 1.059555849831e-08 ||r(i)||/||b|| 5.490454924846e-07
239 KSP preconditioned resid norm 3.190858077449e-09 true resid norm 1.043593841949e-08 ||r(i)||/||b|| 5.407742262930e-07
240 KSP preconditioned resid norm 2.227077014617e-09 true resid norm 1.030325633649e-08 ||r(i)||/||b|| 5.338988454800e-07
240 KSP preconditioned resid norm 3.111881765890e-09 true resid norm 1.020059027106e-08 ||r(i)||/||b|| 5.285788483824e-07
241 KSP preconditioned resid norm 2.160582942623e-09 true resid norm 1.001549935541e-08 ||r(i)||/||b|| 5.189877227278e-07
241 KSP preconditioned resid norm 2.973152268706e-09 true resid norm 9.711221504494e-09 ||r(i)||/||b|| 5.032205139929e-07
242 KSP preconditioned resid norm 2.049611034009e-09 true resid norm 9.439836611806e-09 ||r(i)||/||b|| 4.891577675995e-07
242 KSP preconditioned resid norm 2.830722678323e-09 true resid norm 9.226071600072e-09 ||r(i)||/||b|| 4.780807945298e-07
243 KSP preconditioned resid norm 1.683844896243e-09 true resid norm 6.783448689899e-09 ||r(i)||/||b|| 3.515078442806e-07
243 KSP preconditioned resid norm 1.253482014753e-09 true resid norm 2.588793170082e-09 ||r(i)||/||b|| 1.341472675777e-07
KSP Object: 1 MPI processes
  type: tfqmr
  maximum iterations=1000, initial guess is zero
  tolerances:  relative=1e-07, absolute=1e-50, divergence=10000.
  left preconditioning
  using PRECONDITIONED norm type for convergence test
PC Object: 1 MPI processes
  type: fieldsplit
    FieldSplit with MULTIPLICATIVE composition: total splits = 2, blocksize = 1
    Solver info for each split is in the following KSP objects:
  Split number 0 Defined by IS
  KSP Object: (fieldsplit_0_) 1 MPI processes
    type: preonly
    maximum iterations=10000, initial guess is zero
    tolerances:  relative=1e-05, absolute=1e-50, divergence=10000.
    left preconditioning
    using NONE norm type for convergence test
  PC Object: (fieldsplit_0_) 1 MPI processes
    type: gasm
      Restriction/interpolation type: RESTRICT
      requested amount of overlap = 0
      total number of subdomains = 1
      max number of local subdomains = 1
      [0|1] number of locally-supported subdomains = 1
      Subdomain solver info is as follows:
        - - - - - - - - - - - - - - - - - -
        [0|1] (subcomm [0|1]) local subdomain number 0, local size = 405
      KSP Object: (fieldsplit_0_sub_) 1 MPI processes
        type: preonly
        maximum iterations=10000, initial guess is zero
        tolerances:  relative=1e-05, absolute=1e-50, divergence=10000.
        left preconditioning
        using NONE norm type for convergence test
      PC Object: (fieldsplit_0_sub_) 1 MPI processes
        type: ilu
          out-of-place factorization
          0 levels of fill
          tolerance for zero pivot 2.22045e-14
          matrix ordering: natural
          factor fill ratio given 1., needed 1.
            Factored matrix follows:
              Mat Object: 1 MPI processes
                type: seqaij
                rows=405, cols=405
                package used to perform factorization: petsc
                total: nonzeros=20025, allocated nonzeros=20025
                total number of mallocs used during MatSetValues calls =0
                  using I-node routines: found 245 nodes, limit used is 5
        linear system matrix = precond matrix:
        Mat Object: (fieldsplit_0_) 1 MPI processes
          type: seqaij
          rows=405, cols=405
          total: nonzeros=20025, allocated nonzeros=20025
          total number of mallocs used during MatSetValues calls =0
            using I-node routines: found 245 nodes, limit used is 5
        - - - - - - - - - - - - - - - - - -
None
Traceback (most recent call last):
  File "/usr/local/bin/fenicsR13", line 11, in <module>
    load_entry_point('fenicsR13', 'console_scripts', 'fenicsR13')()
  File "/fenicsR13/fenicsR13/fenicsR13.py", line 120, in main
    solver.solve()
  File "/fenicsR13/fenicsR13/solver.py", line 1141, in solve
    solver.solve(sol.vector(), LL)
RuntimeError: 

*** -------------------------------------------------------------------------
*** DOLFIN encountered an error. If you are not able to resolve this issue
*** using the information listed below, you can ask for help at
***
***     fenics-support@googlegroups.com
***
*** Remember to include the error message listed below and, if possible,
*** include a *minimal* running example to reproduce the error.
***
*** -------------------------------------------------------------------------
*** Error:   Unable to successfully call PETSc function 'KSPSolve'.
*** Reason:  PETSc error code is: 77 (Petsc has generated inconsistent data).
*** Where:   This error was encountered inside /tmp/dolfin/dolfin/la/PETScKrylovSolver.cpp.
*** Process: 0
*** 
*** DOLFIN version: 2019.1.0
*** Git changeset:  74d7efe1e84d65e9433fd96c50f1d278fa3e3f3f
*** -------------------------------------------------------------------------

