-> Version: 1.4
-> Contact: Lambert Theisen <lambert.theisen@rwth-aachen.de>
-> Contact: Manuel Torrilhon <mt@mathcces.rwth-aachen.de>
-> Repository: <https://git.rwth-aachen.de/lamBOO/fenicsR13>
-> Documentation: <https://lamboo.pages.rwth-aachen.de/fenicsR13/>
  __            _          ____  _ _____
 / _| ___ _ __ (_) ___ ___|  _ \/ |___ /
| |_ / _ \ '_ \| |/ __/ __| |_) | | |_ \
|  _|  __/ | | | | (__\__ \  _ <| |___) |
|_|  \___|_| |_|_|\___|___/_| \_\_|____/

Input:
{"output_folder": "../../examples/precon_study/Simulation_Output_v1/symmetric_multiplicative_gasm_none", "meshes": ["../../tests/square_manufactured_solution/meshes/square2.h5", "../../tests/square_manufactured_solution/meshes/square3.h5", "../../tests/square_manufactured_solution/meshes/square4.h5", "../../tests/square_manufactured_solution/meshes/square5.h5"], "elements": {"theta": {"shape": "Lagrange", "degree": 1}, "s": {"shape": "Lagrange", "degree": 2}, "p": {"shape": "Lagrange", "degree": 1}, "u": {"shape": "Lagrange", "degree": 1}, "sigma": {"shape": "Lagrange", "degree": 2}}, "stabilization": {"cip": {"enable": false, "delta_theta": 1.0, "delta_u": 1.0, "delta_p": 0.1}, "gls": {"enable": false, "tau_energy": 0.001, "tau_heatflux": 0.001, "tau_mass": 0.01, "tau_momentum": 0.01, "tau_stress": 0.01}}, "nsd": 2, "mode": "r13", "heat_source": "2*(-1 + x[0])*x[0]*(-1 + x[1])*x[1]*(-((-1 + x[1])*x[1]) + std::pow(x[0],2)*(-1 + 2*x[1]) + x[0]*(1 - 4*x[1] + 2*std::pow(x[1],2)))", "mass_source": 0, "body_force": ["2*std::pow(-1 + x[0],2)*std::pow(x[0],2)*(-1 + x[1])*x[1]*(-1 + 2*x[1])", "2*(-1 + x[0])*x[0]*(-1 + 2*x[0])*std::pow(-1 + x[1],2)*std::pow(x[1],2)"], "f_s": ["(2*(-108*std::pow(-1 + x[1],2)*std::pow(x[1],2) + 9*x[0]*x[1]*(-16 + 115*x[1] - 166*std::pow(x[1],2) + 67*std::pow(x[1],3)) + std::pow(x[0],2)*(-36 + 678*x[1] - 2105*std::pow(x[1],2) + 1930*std::pow(x[1],3) - 503*std::pow(x[1],4)) + 2*std::pow(x[0],4)*(-18 + 123*x[1] - 148*std::pow(x[1],2) + 20*std::pow(x[1],3) + 5*std::pow(x[1],4)) - 2*std::pow(x[0],3)*(-36 + 390*x[1] - 683*std::pow(x[1],2) + 238*std::pow(x[1],3) + 55*std::pow(x[1],4))))/75.", "(2*(-36*std::pow(-1 + x[1],2)*std::pow(x[1],2) + 6*x[0]*x[1]*(-24 + 113*x[1] - 130*std::pow(x[1],2) + 41*std::pow(x[1],3)) + std::pow(x[0],2)*(-108 + 1035*x[1] - 2105*std::pow(x[1],2) + 1366*std::pow(x[1],3) - 296*std::pow(x[1],4)) + std::pow(x[0],4)*(-108 + 603*x[1] - 503*std::pow(x[1],2) - 110*std::pow(x[1],3) + 10*std::pow(x[1],4)) + 2*std::pow(x[0],3)*(108 - 747*x[1] + 965*std::pow(x[1],2) - 238*std::pow(x[1],3) + 20*std::pow(x[1],4))))/75."], "f_sigma": [["(-36*std::pow(-1 + x[1],2)*std::pow(x[1],2) + 8*x[0]*x[1]*(13 - 10*x[1] - 32*std::pow(x[1],2) + 29*std::pow(x[1],3)) + 2*std::pow(x[0],3)*(12 + 40*x[1] - 263*std::pow(x[1],2) + 222*std::pow(x[1],3) + std::pow(x[1],4)) + std::pow(x[0],4)*(-12 + 64*x[1] - 33*std::pow(x[1],2) - 46*std::pow(x[1],3) + 15*std::pow(x[1],4)) - std::pow(x[0],2)*(12 + 248*x[1] - 639*std::pow(x[1],2) + 142*std::pow(x[1],3) + 249*std::pow(x[1],4)))/30.", "(-62*std::pow(-1 + x[1],2)*std::pow(x[1],2) + 48*x[0]*x[1]*(-1 + 11*x[1] - 18*std::pow(x[1],2) + 8*std::pow(x[1],3)) + std::pow(x[0],2)*(-2 + 168*x[1] - 873*std::pow(x[1],2) + 1098*std::pow(x[1],3) - 393*std::pow(x[1],4)) - 2*std::pow(x[0],3)*(-2 + 72*x[1] - 189*std::pow(x[1],2) + 114*std::pow(x[1],3) + 3*std::pow(x[1],4)) + std::pow(x[0],4)*(-2 + 24*x[1] - 33*std::pow(x[1],2) - 6*std::pow(x[1],3) + 15*std::pow(x[1],4)))/30."], ["(-62*std::pow(-1 + x[1],2)*std::pow(x[1],2) + 48*x[0]*x[1]*(-1 + 11*x[1] - 18*std::pow(x[1],2) + 8*std::pow(x[1],3)) + std::pow(x[0],2)*(-2 + 168*x[1] - 873*std::pow(x[1],2) + 1098*std::pow(x[1],3) - 393*std::pow(x[1],4)) - 2*std::pow(x[0],3)*(-2 + 72*x[1] - 189*std::pow(x[1],2) + 114*std::pow(x[1],3) + 3*std::pow(x[1],4)) + std::pow(x[0],4)*(-2 + 24*x[1] - 33*std::pow(x[1],2) - 6*std::pow(x[1],3) + 15*std::pow(x[1],4)))/30.", "(-12*std::pow(-1 + x[1],2)*std::pow(x[1],2) + 8*x[0]*x[1]*(-17 + 59*x[1] - 50*std::pow(x[1],2) + 8*std::pow(x[1],3)) + std::pow(x[0],2)*(-36 + 640*x[1] - 1521*std::pow(x[1],2) + 914*std::pow(x[1],3) - 33*std::pow(x[1],4)) + std::pow(x[0],4)*(-36 + 232*x[1] - 249*std::pow(x[1],2) + 2*std::pow(x[1],3) + 15*std::pow(x[1],4)) - 2*std::pow(x[0],3)*(-36 + 368*x[1] - 649*std::pow(x[1],2) + 258*std::pow(x[1],3) + 23*std::pow(x[1],4)))/30."]], "petsc_options": {"ksp_type": "tfqmr", "ksp_rtol": "1E-7", "ksp_max_it": 1000, "ksp_view": null, "ksp_monitor_true_residual": null, "pc_type": "fieldsplit", "pc_fieldsplit_detect_saddle_point": null, "pc_fieldsplit_type": "symmetric_multiplicative", "pc_fieldsplit_schur_fact_type": "full", "pc_fieldsplit_schur_precondition": "selfp", "fieldsplit_0_ksp_type": "preonly", "fieldsplit_0_pc_type": "gasm", "fieldsplit_0_pc_gamg_type": "classical", "fieldsplit_1_ksp_type": "preonly", "fieldsplit_1_pc_type": "none"}, "regs": {"4000": {"kn": 1.0}}, "polar_coord_syst": true, "bcs": {"3000": {"chi_tilde": 1, "theta_w": 0, "u_t_w": 0, "u_n_w": 0, "u_x_w": "1E300", "u_y_w": "1E300", "u_z_w": "1E300", "p_w": 0, "epsilon_w": 0}, "3100": {"chi_tilde": 1, "theta_w": 0, "u_t_w": 0, "u_n_w": 0, "u_x_w": "1E300", "u_y_w": "1E300", "u_z_w": "1E300", "p_w": 0, "epsilon_w": 0}, "3200": {"chi_tilde": 1, "theta_w": 0, "u_t_w": 0, "u_n_w": 0, "u_x_w": "1E300", "u_y_w": "1E300", "u_z_w": "1E300", "p_w": 0, "epsilon_w": 0}, "3300": {"chi_tilde": 1, "theta_w": 0, "u_t_w": 0, "u_n_w": 0, "u_x_w": "1E300", "u_y_w": "1E300", "u_z_w": "1E300", "p_w": 0, "epsilon_w": 0}}, "con...
Study [''] : 
Mesh: ../../tests/square_manufactured_solution/meshes/square2.h5
hmax: 0.35355339059415386
Start assemble
Write: ../../examples/precon_study/Simulation_Output_v1/symmetric_multiplicative_gasm_none/assemble_0
Finish assemble: 0.03968477249145508
Start solve
#PETSc Option Table entries:
-fieldsplit_0_ksp_type preonly
-fieldsplit_0_pc_gamg_type classical
-fieldsplit_0_pc_type gasm
-fieldsplit_1_ksp_type preonly
-fieldsplit_1_pc_type none
-ksp_max_it 1000
-ksp_monitor_true_residual
-ksp_rtol 1E-7
-ksp_type tfqmr
-ksp_view
-pc_fieldsplit_detect_saddle_point
-pc_fieldsplit_schur_fact_type full
-pc_fieldsplit_schur_precondition selfp
-pc_fieldsplit_type symmetric_multiplicative
-pc_type fieldsplit
#End of PETSc Option Table entries
  0 KSP preconditioned resid norm 2.061934294543e-02 true resid norm 1.929814312902e-02 ||r(i)||/||b|| 1.000000000000e+00
  1 KSP preconditioned resid norm 8.874983220196e-03 true resid norm 7.637233170674e-03 ||r(i)||/||b|| 3.957496386888e-01
  1 KSP preconditioned resid norm 5.862812452985e-03 true resid norm 4.482772165327e-03 ||r(i)||/||b|| 2.322903367105e-01
  2 KSP preconditioned resid norm 3.046240212358e-03 true resid norm 4.346470003870e-03 ||r(i)||/||b|| 2.252273690174e-01
  2 KSP preconditioned resid norm 3.515856693488e-03 true resid norm 4.201476666096e-03 ||r(i)||/||b|| 2.177140379780e-01
  3 KSP preconditioned resid norm 2.445700042336e-03 true resid norm 4.013614949932e-03 ||r(i)||/||b|| 2.079793337161e-01
  3 KSP preconditioned resid norm 3.453198606513e-03 true resid norm 4.001122025961e-03 ||r(i)||/||b|| 2.073319696725e-01
  4 KSP preconditioned resid norm 2.409926815837e-03 true resid norm 3.924650980539e-03 ||r(i)||/||b|| 2.033693580932e-01
  4 KSP preconditioned resid norm 3.091504504523e-03 true resid norm 4.877754490415e-03 ||r(i)||/||b|| 2.527577113406e-01
  5 KSP preconditioned resid norm 2.017121734774e-03 true resid norm 6.508482545597e-03 ||r(i)||/||b|| 3.372595229543e-01
  5 KSP preconditioned resid norm 2.664401638916e-03 true resid norm 8.138681133189e-03 ||r(i)||/||b|| 4.217338983745e-01
  6 KSP preconditioned resid norm 1.868421784363e-03 true resid norm 7.029996780901e-03 ||r(i)||/||b|| 3.642835859337e-01
  6 KSP preconditioned resid norm 2.639491193023e-03 true resid norm 7.472596015045e-03 ||r(i)||/||b|| 3.872183953185e-01
  7 KSP preconditioned resid norm 1.864886887798e-03 true resid norm 6.939571030528e-03 ||r(i)||/||b|| 3.595978630759e-01
  7 KSP preconditioned resid norm 2.635739527848e-03 true resid norm 7.535716499073e-03 ||r(i)||/||b|| 3.904892014062e-01
  8 KSP preconditioned resid norm 1.863645921138e-03 true resid norm 7.718006879720e-03 ||r(i)||/||b|| 3.999352076581e-01
  8 KSP preconditioned resid norm 2.635580040817e-03 true resid norm 7.772872771995e-03 ||r(i)||/||b|| 4.027782735380e-01
  9 KSP preconditioned resid norm 1.861899241068e-03 true resid norm 8.443712420798e-03 ||r(i)||/||b|| 4.375401490365e-01
  9 KSP preconditioned resid norm 2.270587204230e-03 true resid norm 1.395558720175e-02 ||r(i)||/||b|| 7.231569953881e-01
 10 KSP preconditioned resid norm 1.424342112385e-03 true resid norm 1.747006639750e-02 ||r(i)||/||b|| 9.052718844866e-01
 10 KSP preconditioned resid norm 1.820109440734e-03 true resid norm 1.972663347115e-02 ||r(i)||/||b|| 1.022203708371e+00
 11 KSP preconditioned resid norm 1.239691696975e-03 true resid norm 1.995171661431e-02 ||r(i)||/||b|| 1.033867169547e+00
 11 KSP preconditioned resid norm 1.726967667685e-03 true resid norm 2.038948859787e-02 ||r(i)||/||b|| 1.056551838255e+00
 12 KSP preconditioned resid norm 1.207868640394e-03 true resid norm 1.934338402347e-02 ||r(i)||/||b|| 1.002344313344e+00
 12 KSP preconditioned resid norm 1.694585233505e-03 true resid norm 2.061965826286e-02 ||r(i)||/||b|| 1.068478875144e+00
 13 KSP preconditioned resid norm 1.192050189962e-03 true resid norm 2.171792424970e-02 ||r(i)||/||b|| 1.125389323963e+00
 13 KSP preconditioned resid norm 1.680116358119e-03 true resid norm 2.265125905849e-02 ||r(i)||/||b|| 1.173753293623e+00
 14 KSP preconditioned resid norm 1.186087768850e-03 true resid norm 2.331845057925e-02 ||r(i)||/||b|| 1.208326128755e+00
 14 KSP preconditioned resid norm 1.676063362051e-03 true resid norm 2.379210563770e-02 ||r(i)||/||b|| 1.232870203036e+00
 15 KSP preconditioned resid norm 1.182050881406e-03 true resid norm 2.459995345788e-02 ||r(i)||/||b|| 1.274731630573e+00
 15 KSP preconditioned resid norm 1.657216599275e-03 true resid norm 2.586300082229e-02 ||r(i)||/||b|| 1.340180796120e+00
 16 KSP preconditioned resid norm 1.133207225662e-03 true resid norm 2.580919759255e-02 ||r(i)||/||b|| 1.337392795773e+00
 16 KSP preconditioned resid norm 1.427142176536e-03 true resid norm 2.388211108518e-02 ||r(i)||/||b|| 1.237534146447e+00
 17 KSP preconditioned resid norm 1.004546315597e-03 true resid norm 2.353463323223e-02 ||r(i)||/||b|| 1.219528380264e+00
 17 KSP preconditioned resid norm 1.420357116110e-03 true resid norm 2.361776183984e-02 ||r(i)||/||b|| 1.223835976443e+00
 18 KSP preconditioned resid norm 1.004144740015e-03 true resid norm 2.370435163319e-02 ||r(i)||/||b|| 1.228322925927e+00
 18 KSP preconditioned resid norm 1.419796949487e-03 true resid norm 2.379440891254e-02 ||r(i)||/||b|| 1.232989555185e+00
 19 KSP preconditioned resid norm 1.003919927403e-03 true resid norm 2.375450923579e-02 ||r(i)||/||b|| 1.230922015501e+00
 19 KSP preconditioned resid norm 1.419751488368e-03 true resid norm 2.376924566227e-02 ||r(i)||/||b|| 1.231685634383e+00
 20 KSP preconditioned resid norm 1.003915064329e-03 true resid norm 2.376382831125e-02 ||r(i)||/||b|| 1.231404915612e+00
 20 KSP preconditioned resid norm 1.419750050953e-03 true resid norm 2.376575393136e-02 ||r(i)||/||b|| 1.231504698274e+00
 21 KSP preconditioned resid norm 1.003909090372e-03 true resid norm 2.376753847665e-02 ||r(i)||/||b|| 1.231597170658e+00
 21 KSP preconditioned resid norm 1.419471338634e-03 true resid norm 2.376085767020e-02 ||r(i)||/||b|| 1.231250981576e+00
 22 KSP preconditioned resid norm 1.003717506293e-03 true resid norm 2.376024689480e-02 ||r(i)||/||b|| 1.231219332137e+00
 22 KSP preconditioned resid norm 1.419470909511e-03 true resid norm 2.376040843612e-02 ||r(i)||/||b|| 1.231227702959e+00
 23 KSP preconditioned resid norm 1.003713961531e-03 true resid norm 2.375362361063e-02 ||r(i)||/||b|| 1.230876123771e+00
 23 KSP preconditioned resid norm 1.383839856941e-03 true resid norm 2.284208267530e-02 ||r(i)||/||b|| 1.183641479006e+00
 24 KSP preconditioned resid norm 8.731959949695e-04 true resid norm 1.765112775652e-02 ||r(i)||/||b|| 9.146542047344e-01
 24 KSP preconditioned resid norm 8.622357716155e-04 true resid norm 9.576500014046e-03 ||r(i)||/||b|| 4.962394542325e-01
 25 KSP preconditioned resid norm 6.066709687244e-04 true resid norm 9.523453438502e-03 ||r(i)||/||b|| 4.934906625385e-01
 25 KSP preconditioned resid norm 8.578796639218e-04 true resid norm 9.523661672893e-03 ||r(i)||/||b|| 4.935014529233e-01
 26 KSP preconditioned resid norm 6.029712779790e-04 true resid norm 9.411385589439e-03 ||r(i)||/||b|| 4.876834795202e-01
 26 KSP preconditioned resid norm 6.441188111090e-04 true resid norm 6.551398178742e-03 ||r(i)||/||b|| 3.394833448453e-01
 27 KSP preconditioned resid norm 3.790038569398e-04 true resid norm 5.903910924499e-03 ||r(i)||/||b|| 3.059315544003e-01
 27 KSP preconditioned resid norm 4.668571052353e-04 true resid norm 5.666722213035e-03 ||r(i)||/||b|| 2.936408013533e-01
 28 KSP preconditioned resid norm 3.233402485823e-04 true resid norm 5.329246891509e-03 ||r(i)||/||b|| 2.761533509147e-01
 28 KSP preconditioned resid norm 4.556498419390e-04 true resid norm 5.304557199087e-03 ||r(i)||/||b|| 2.748739691494e-01
 29 KSP preconditioned resid norm 3.195029873166e-04 true resid norm 5.156946575345e-03 ||r(i)||/||b|| 2.672250143896e-01
 29 KSP preconditioned resid norm 4.431347794978e-04 true resid norm 5.337957958317e-03 ||r(i)||/||b|| 2.766047449555e-01
 30 KSP preconditioned resid norm 3.076504041864e-04 true resid norm 5.657056602298e-03 ||r(i)||/||b|| 2.931399443188e-01
 30 KSP preconditioned resid norm 4.276172316121e-04 true resid norm 6.165724190441e-03 ||r(i)||/||b|| 3.194983138647e-01
 31 KSP preconditioned resid norm 2.978145404593e-04 true resid norm 6.646128648698e-03 ||r(i)||/||b|| 3.443921316297e-01
 31 KSP preconditioned resid norm 4.155788654903e-04 true resid norm 7.099241355036e-03 ||r(i)||/||b|| 3.678717329213e-01
 32 KSP preconditioned resid norm 2.887911787962e-04 true resid norm 7.537244697171e-03 ||r(i)||/||b|| 3.905683902736e-01
 32 KSP preconditioned resid norm 3.993561600132e-04 true resid norm 7.935196213760e-03 ||r(i)||/||b|| 4.111896238259e-01
 33 KSP preconditioned resid norm 2.767609142087e-04 true resid norm 8.244050595903e-03 ||r(i)||/||b|| 4.271939813477e-01
 33 KSP preconditioned resid norm 3.843626037563e-04 true resid norm 8.482031906676e-03 ||r(i)||/||b|| 4.395258056679e-01
 34 KSP preconditioned resid norm 2.716311797785e-04 true resid norm 8.515884801894e-03 ||r(i)||/||b|| 4.412800104632e-01
 34 KSP preconditioned resid norm 3.841375518698e-04 true resid norm 8.519086236428e-03 ||r(i)||/||b|| 4.414459038609e-01
 35 KSP preconditioned resid norm 2.716129404845e-04 true resid norm 8.524308605256e-03 ||r(i)||/||b|| 4.417165189555e-01
 35 KSP preconditioned resid norm 3.840675743111e-04 true resid norm 8.532446187055e-03 ||r(i)||/||b|| 4.421381958881e-01
 36 KSP preconditioned resid norm 2.712414385687e-04 true resid norm 8.552517792132e-03 ||r(i)||/||b|| 4.431782754928e-01
 36 KSP preconditioned resid norm 3.792677999005e-04 true resid norm 8.508521526532e-03 ||r(i)||/||b|| 4.408984568954e-01
 37 KSP preconditioned resid norm 2.667875165820e-04 true resid norm 8.446623438583e-03 ||r(i)||/||b|| 4.376909934864e-01
 37 KSP preconditioned resid norm 3.763822125826e-04 true resid norm 8.396145906905e-03 ||r(i)||/||b|| 4.350753256815e-01
 38 KSP preconditioned resid norm 2.656889815549e-04 true resid norm 8.366162324963e-03 ||r(i)||/||b|| 4.335216227298e-01
 38 KSP preconditioned resid norm 3.752894096271e-04 true resid norm 8.351000443755e-03 ||r(i)||/||b|| 4.327359574403e-01
 39 KSP preconditioned resid norm 2.570209954052e-04 true resid norm 7.986756086446e-03 ||r(i)||/||b|| 4.138613768719e-01
 39 KSP preconditioned resid norm 2.211200619842e-04 true resid norm 3.854573589922e-03 ||r(i)||/||b|| 1.997380558405e-01
 40 KSP preconditioned resid norm 1.561353706050e-04 true resid norm 3.835062021777e-03 ||r(i)||/||b|| 1.987269964855e-01
 40 KSP preconditioned resid norm 2.208073671982e-04 true resid norm 3.835103027580e-03 ||r(i)||/||b|| 1.987291213429e-01
 41 KSP preconditioned resid norm 1.559570714289e-04 true resid norm 3.821279233340e-03 ||r(i)||/||b|| 1.980127936555e-01
 41 KSP preconditioned resid norm 1.857560771602e-04 true resid norm 2.955129488100e-03 ||r(i)||/||b|| 1.531302503222e-01
 42 KSP preconditioned resid norm 1.243751624143e-04 true resid norm 2.720608028939e-03 ||r(i)||/||b|| 1.409777101740e-01
 42 KSP preconditioned resid norm 1.723942778994e-04 true resid norm 2.637221780077e-03 ||r(i)||/||b|| 1.366567634225e-01
 43 KSP preconditioned resid norm 1.208922355386e-04 true resid norm 2.605122916141e-03 ||r(i)||/||b|| 1.349934498218e-01
 43 KSP preconditioned resid norm 1.703709095878e-04 true resid norm 2.592792141565e-03 ||r(i)||/||b|| 1.343544881096e-01
 44 KSP preconditioned resid norm 1.198274709571e-04 true resid norm 2.571606386892e-03 ||r(i)||/||b|| 1.332566749920e-01
 44 KSP preconditioned resid norm 1.680853066691e-04 true resid norm 2.528796883258e-03 ||r(i)||/||b|| 1.310383525685e-01
 45 KSP preconditioned resid norm 1.174267477037e-04 true resid norm 2.481013143531e-03 ||r(i)||/||b|| 1.285622729059e-01
 45 KSP preconditioned resid norm 1.631475710674e-04 true resid norm 2.425183715192e-03 ||r(i)||/||b|| 1.256692780740e-01
 46 KSP preconditioned resid norm 1.100457723206e-04 true resid norm 2.240807201835e-03 ||r(i)||/||b|| 1.161151716439e-01
 46 KSP preconditioned resid norm 1.388777682618e-04 true resid norm 1.832162075028e-03 ||r(i)||/||b|| 9.493981171033e-02
 47 KSP preconditioned resid norm 9.620790465589e-05 true resid norm 1.761878705544e-03 ||r(i)||/||b|| 9.129783595059e-02
 47 KSP preconditioned resid norm 1.354999458946e-04 true resid norm 1.753330179752e-03 ||r(i)||/||b|| 9.085486453437e-02
 48 KSP preconditioned resid norm 9.469042619443e-05 true resid norm 1.714766515188e-03 ||r(i)||/||b|| 8.885655494021e-02
 48 KSP preconditioned resid norm 1.295914180618e-04 true resid norm 1.623042712582e-03 ||r(i)||/||b|| 8.410356901860e-02
 49 KSP preconditioned resid norm 9.010720791924e-05 true resid norm 1.575620757478e-03 ||r(i)||/||b|| 8.164623647693e-02
 49 KSP preconditioned resid norm 1.263110463828e-04 true resid norm 1.557972168465e-03 ||r(i)||/||b|| 8.073171382600e-02
 50 KSP preconditioned resid norm 8.842456851438e-05 true resid norm 1.534655873284e-03 ||r(i)||/||b|| 7.952349938666e-02
 50 KSP preconditioned resid norm 1.236392252136e-04 true resid norm 1.510708274119e-03 ||r(i)||/||b|| 7.828257174898e-02
 51 KSP preconditioned resid norm 8.588514811605e-05 true resid norm 1.476124890607e-03 ||r(i)||/||b|| 7.649051417737e-02
 51 KSP preconditioned resid norm 1.181765347822e-04 true resid norm 1.429241820443e-03 ||r(i)||/||b|| 7.406110582185e-02
 52 KSP preconditioned resid norm 8.143441696463e-05 true resid norm 1.389903138982e-03 ||r(i)||/||b|| 7.202263604793e-02
 52 KSP preconditioned resid norm 1.123921262005e-04 true resid norm 1.356606742557e-03 ||r(i)||/||b|| 7.029726816137e-02
 53 KSP preconditioned resid norm 7.829723451765e-05 true resid norm 1.323394560512e-03 ||r(i)||/||b|| 6.857626413405e-02
 53 KSP preconditioned resid norm 1.097088934347e-04 true resid norm 1.300062469970e-03 ||r(i)||/||b|| 6.736723120347e-02
 54 KSP preconditioned resid norm 7.740721662575e-05 true resid norm 1.293553280586e-03 ||r(i)||/||b|| 6.702993505322e-02
 54 KSP preconditioned resid norm 1.094138124707e-04 true resid norm 1.292396039764e-03 ||r(i)||/||b|| 6.696996861943e-02
 55 KSP preconditioned resid norm 7.734742900308e-05 true resid norm 1.291975174274e-03 ||r(i)||/||b|| 6.694816001917e-02
 55 KSP preconditioned resid norm 1.093718754548e-04 true resid norm 1.291888339944e-03 ||r(i)||/||b|| 6.694366039816e-02
 56 KSP preconditioned resid norm 7.725230414995e-05 true resid norm 1.288044806280e-03 ||r(i)||/||b|| 6.674449441422e-02
 56 KSP preconditioned resid norm 1.082197375926e-04 true resid norm 1.258452639322e-03 ||r(i)||/||b|| 6.521107398303e-02
 57 KSP preconditioned resid norm 7.581106622430e-05 true resid norm 1.231014688308e-03 ||r(i)||/||b|| 6.378928169814e-02
 57 KSP preconditioned resid norm 1.062301525724e-04 true resid norm 1.205697814418e-03 ||r(i)||/||b|| 6.247740035699e-02
 58 KSP preconditioned resid norm 7.509980480219e-05 true resid norm 1.203800787739e-03 ||r(i)||/||b|| 6.237909936157e-02
 58 KSP preconditioned resid norm 1.062066172648e-04 true resid norm 1.203477211841e-03 ||r(i)||/||b|| 6.236233215780e-02
 59 KSP preconditioned resid norm 7.509900577906e-05 true resid norm 1.203132074786e-03 ||r(i)||/||b|| 6.234444768817e-02
 59 KSP preconditioned resid norm 1.062054053000e-04 true resid norm 1.202769815074e-03 ||r(i)||/||b|| 6.232567594886e-02
 60 KSP preconditioned resid norm 7.509474935055e-05 true resid norm 1.203860017429e-03 ||r(i)||/||b|| 6.238216855271e-02
 60 KSP preconditioned resid norm 1.061536824921e-04 true resid norm 1.200004247544e-03 ||r(i)||/||b|| 6.218236850672e-02
 61 KSP preconditioned resid norm 7.500968306647e-05 true resid norm 1.200456834007e-03 ||r(i)||/||b|| 6.220582083889e-02
 61 KSP preconditioned resid norm 1.059617279916e-04 true resid norm 1.199227641917e-03 ||r(i)||/||b|| 6.214212600144e-02
 62 KSP preconditioned resid norm 7.485483294528e-05 true resid norm 1.197920896558e-03 ||r(i)||/||b|| 6.207441247324e-02
 62 KSP preconditioned resid norm 1.057742063754e-04 true resid norm 1.196608485951e-03 ||r(i)||/||b|| 6.200640538061e-02
 63 KSP preconditioned resid norm 7.478038580130e-05 true resid norm 1.196850058366e-03 ||r(i)||/||b|| 6.201892329042e-02
 63 KSP preconditioned resid norm 1.057513584465e-04 true resid norm 1.196882145565e-03 ||r(i)||/||b|| 6.202058599954e-02
 64 KSP preconditioned resid norm 7.476787355503e-05 true resid norm 1.196936476658e-03 ||r(i)||/||b|| 6.202340135295e-02
 64 KSP preconditioned resid norm 1.056922870244e-04 true resid norm 1.196636659175e-03 ||r(i)||/||b|| 6.200786527363e-02
 65 KSP preconditioned resid norm 7.470283022959e-05 true resid norm 1.196331469693e-03 ||r(i)||/||b|| 6.199205082557e-02
 65 KSP preconditioned resid norm 1.055981226680e-04 true resid norm 1.196495967999e-03 ||r(i)||/||b|| 6.200057487394e-02
 66 KSP preconditioned resid norm 7.466372359582e-05 true resid norm 1.196368386521e-03 ||r(i)||/||b|| 6.199396379864e-02
 66 KSP preconditioned resid norm 1.055892139770e-04 true resid norm 1.196181962482e-03 ||r(i)||/||b|| 6.198430359256e-02
 67 KSP preconditioned resid norm 7.466045436679e-05 true resid norm 1.195845441291e-03 ||r(i)||/||b|| 6.196686558370e-02
 67 KSP preconditioned resid norm 1.055765518403e-04 true resid norm 1.195422640057e-03 ||r(i)||/||b|| 6.194495667615e-02
 68 KSP preconditioned resid norm 7.462082152741e-05 true resid norm 1.194243310379e-03 ||r(i)||/||b|| 6.188384563190e-02
 68 KSP preconditioned resid norm 1.052946602475e-04 true resid norm 1.189629391076e-03 ||r(i)||/||b|| 6.164475945289e-02
 69 KSP preconditioned resid norm 7.431120359728e-05 true resid norm 1.185692915309e-03 ||r(i)||/||b|| 6.144077735264e-02
 69 KSP preconditioned resid norm 1.049169286409e-04 true resid norm 1.182334217303e-03 ||r(i)||/||b|| 6.126673480442e-02
 70 KSP preconditioned resid norm 7.409913306286e-05 true resid norm 1.179564999243e-03 ||r(i)||/||b|| 6.112323819742e-02
 70 KSP preconditioned resid norm 1.047026961695e-04 true resid norm 1.177299632064e-03 ||r(i)||/||b|| 6.100585036568e-02
 71 KSP preconditioned resid norm 7.399424162320e-05 true resid norm 1.175682457802e-03 ||r(i)||/||b|| 6.092205089071e-02
 71 KSP preconditioned resid norm 1.046046044679e-04 true resid norm 1.174460851788e-03 ||r(i)||/||b|| 6.085874915197e-02
 72 KSP preconditioned resid norm 7.395011226653e-05 true resid norm 1.173864056441e-03 ||r(i)||/||b|| 6.082782413798e-02
 72 KSP preconditioned resid norm 1.045672832107e-04 true resid norm 1.173545841025e-03 ||r(i)||/||b|| 6.081133470610e-02
 73 KSP preconditioned resid norm 7.394020233448e-05 true resid norm 1.173557041871e-03 ||r(i)||/||b|| 6.081191511664e-02
 73 KSP preconditioned resid norm 1.045672367928e-04 true resid norm 1.173549338637e-03 ||r(i)||/||b|| 6.081151594697e-02
 74 KSP preconditioned resid norm 7.394017884958e-05 true resid norm 1.173570919633e-03 ||r(i)||/||b|| 6.081263424089e-02
 74 KSP preconditioned resid norm 1.045600734108e-04 true resid norm 1.173356390596e-03 ||r(i)||/||b|| 6.080151767721e-02
 75 KSP preconditioned resid norm 7.392884557777e-05 true resid norm 1.173024702485e-03 ||r(i)||/||b|| 6.078433011105e-02
 75 KSP preconditioned resid norm 1.045400744342e-04 true resid norm 1.172477249812e-03 ||r(i)||/||b|| 6.075596195827e-02
 76 KSP preconditioned resid norm 7.383461308400e-05 true resid norm 1.170220976852e-03 ||r(i)||/||b|| 6.063904537492e-02
 76 KSP preconditioned resid norm 1.030988259757e-04 true resid norm 1.139991340336e-03 ||r(i)||/||b|| 5.907259225483e-02
 77 KSP preconditioned resid norm 7.230334453122e-05 true resid norm 1.121196221765e-03 ||r(i)||/||b|| 5.809865821125e-02
 77 KSP preconditioned resid norm 1.017032011380e-04 true resid norm 1.109238513402e-03 ||r(i)||/||b|| 5.747902821458e-02
 78 KSP preconditioned resid norm 7.159714714157e-05 true resid norm 1.099445856834e-03 ||r(i)||/||b|| 5.697158786126e-02
 78 KSP preconditioned resid norm 1.008847050344e-04 true resid norm 1.091551421439e-03 ||r(i)||/||b|| 5.656251040018e-02
 79 KSP preconditioned resid norm 7.103985520977e-05 true resid norm 1.082561897150e-03 ||r(i)||/||b|| 5.609668712229e-02
 79 KSP preconditioned resid norm 9.999006441856e-05 true resid norm 1.072466804993e-03 ||r(i)||/||b|| 5.557357502342e-02
 80 KSP preconditioned resid norm 7.026866053852e-05 true resid norm 1.059535072421e-03 ||r(i)||/||b|| 5.490347259515e-02
 80 KSP preconditioned resid norm 9.858284139776e-05 true resid norm 1.043031403280e-03 ||r(i)||/||b|| 5.404827792530e-02
 81 KSP preconditioned resid norm 6.911446994423e-05 true resid norm 1.025625140479e-03 ||r(i)||/||b|| 5.314631224474e-02
 81 KSP preconditioned resid norm 9.685282812323e-05 true resid norm 1.007187434160e-03 ||r(i)||/||b|| 5.219089875262e-02
 82 KSP preconditioned resid norm 6.708580567888e-05 true resid norm 9.665774015785e-04 ||r(i)||/||b|| 5.008654952533e-02
 82 KSP preconditioned resid norm 9.070230497630e-05 true resid norm 8.845039004734e-04 ||r(i)||/||b|| 4.583362733709e-02
 83 KSP preconditioned resid norm 6.070401492906e-05 true resid norm 7.933808451460e-04 ||r(i)||/||b|| 4.111177121248e-02
 83 KSP preconditioned resid norm 8.037505886563e-05 true resid norm 6.963097023625e-04 ||r(i)||/||b|| 3.608169437377e-02
 84 KSP preconditioned resid norm 5.420016123329e-05 true resid norm 6.345902128114e-04 ||r(i)||/||b|| 3.288348565812e-02
 84 KSP preconditioned resid norm 7.399734893347e-05 true resid norm 5.929388361536e-04 ||r(i)||/||b|| 3.072517558759e-02
 85 KSP preconditioned resid norm 5.230130310852e-05 true resid norm 5.922645242076e-04 ||r(i)||/||b|| 3.069023378301e-02
 85 KSP preconditioned resid norm 7.396480188431e-05 true resid norm 5.922769041312e-04 ||r(i)||/||b|| 3.069087529155e-02
 86 KSP preconditioned resid norm 5.229915735611e-05 true resid norm 5.921799088191e-04 ||r(i)||/||b|| 3.068584914414e-02
 86 KSP preconditioned resid norm 7.394539874188e-05 true resid norm 5.921279498017e-04 ||r(i)||/||b|| 3.068315670803e-02
 87 KSP preconditioned resid norm 5.222132447407e-05 true resid norm 5.909941840211e-04 ||r(i)||/||b|| 3.062440671467e-02
 87 KSP preconditioned resid norm 7.333860726334e-05 true resid norm 5.835033488283e-04 ||r(i)||/||b|| 3.023624319331e-02
 88 KSP preconditioned resid norm 5.180991683635e-05 true resid norm 5.827803067805e-04 ||r(i)||/||b|| 3.019877627004e-02
 88 KSP preconditioned resid norm 7.326110329203e-05 true resid norm 5.828210162327e-04 ||r(i)||/||b|| 3.020088577104e-02
 89 KSP preconditioned resid norm 5.165093519879e-05 true resid norm 5.801190743068e-04 ||r(i)||/||b|| 3.006087530953e-02
 89 KSP preconditioned resid norm 6.845312374145e-05 true resid norm 5.099232520991e-04 ||r(i)||/||b|| 2.642343611455e-02
 90 KSP preconditioned resid norm 4.833519358564e-05 true resid norm 5.092625260759e-04 ||r(i)||/||b|| 2.638919831153e-02
 90 KSP preconditioned resid norm 6.835403671905e-05 true resid norm 5.093495674068e-04 ||r(i)||/||b|| 2.639370865899e-02
 91 KSP preconditioned resid norm 4.832854584598e-05 true resid norm 5.095017695871e-04 ||r(i)||/||b|| 2.640159554112e-02
 91 KSP preconditioned resid norm 6.832415892435e-05 true resid norm 5.092566920965e-04 ||r(i)||/||b|| 2.638889600372e-02
 92 KSP preconditioned resid norm 4.829533261279e-05 true resid norm 5.087573133778e-04 ||r(i)||/||b|| 2.636301896905e-02
 92 KSP preconditioned resid norm 6.827405168404e-05 true resid norm 5.083419677721e-04 ||r(i)||/||b|| 2.634149640064e-02
 93 KSP preconditioned resid norm 4.826416523988e-05 true resid norm 5.083495524084e-04 ||r(i)||/||b|| 2.634188942479e-02
 93 KSP preconditioned resid norm 6.824300516024e-05 true resid norm 5.086095319557e-04 ||r(i)||/||b|| 2.635536116378e-02
 94 KSP preconditioned resid norm 4.812979300101e-05 true resid norm 5.041720071145e-04 ||r(i)||/||b|| 2.612541547359e-02
 94 KSP preconditioned resid norm 6.574270580233e-05 true resid norm 4.832229174888e-04 ||r(i)||/||b|| 2.503986597354e-02
 95 KSP preconditioned resid norm 4.642466942370e-05 true resid norm 4.869382168822e-04 ||r(i)||/||b|| 2.523238705542e-02
 95 KSP preconditioned resid norm 6.565086154851e-05 true resid norm 4.882170409977e-04 ||r(i)||/||b|| 2.529865374786e-02
 96 KSP preconditioned resid norm 4.641408048862e-05 true resid norm 4.905532157566e-04 ||r(i)||/||b|| 2.541971071916e-02
 96 KSP preconditioned resid norm 6.560243788013e-05 true resid norm 4.948764323619e-04 ||r(i)||/||b|| 2.564373313294e-02
 97 KSP preconditioned resid norm 4.607367423727e-05 true resid norm 4.880659836236e-04 ||r(i)||/||b|| 2.529082618781e-02
 97 KSP preconditioned resid norm 6.039202721302e-05 true resid norm 4.194434743115e-04 ||r(i)||/||b|| 2.173491363948e-02
 98 KSP preconditioned resid norm 4.067232794477e-05 true resid norm 3.809806654648e-04 ||r(i)||/||b|| 1.974183023298e-02
 98 KSP preconditioned resid norm 5.567211838207e-05 true resid norm 3.829654685001e-04 ||r(i)||/||b|| 1.984467966373e-02
 99 KSP preconditioned resid norm 3.687247122998e-05 true resid norm 3.442974390225e-04 ||r(i)||/||b|| 1.784096204079e-02
 99 KSP preconditioned resid norm 4.624557184448e-05 true resid norm 2.745956327271e-04 ||r(i)||/||b|| 1.422912198812e-02
100 KSP preconditioned resid norm 3.128980361875e-05 true resid norm 2.533699668791e-04 ||r(i)||/||b|| 1.312924073499e-02
100 KSP preconditioned resid norm 4.346514009164e-05 true resid norm 2.456644749821e-04 ||r(i)||/||b|| 1.272995403442e-02
101 KSP preconditioned resid norm 2.881730537092e-05 true resid norm 2.177305215845e-04 ||r(i)||/||b|| 1.128245967132e-02
101 KSP preconditioned resid norm 3.358626670552e-05 true resid norm 1.939012369662e-04 ||r(i)||/||b|| 1.004766291088e-02
102 KSP preconditioned resid norm 2.147885973910e-05 true resid norm 1.665593554678e-04 ||r(i)||/||b|| 8.630848800026e-03
102 KSP preconditioned resid norm 2.862205233244e-05 true resid norm 1.499393962823e-04 ||r(i)||/||b|| 7.769628159554e-03
103 KSP preconditioned resid norm 2.014075670256e-05 true resid norm 1.505223569828e-04 ||r(i)||/||b|| 7.799836283544e-03
103 KSP preconditioned resid norm 2.847134682959e-05 true resid norm 1.547867819829e-04 ||r(i)||/||b|| 8.020812207065e-03
104 KSP preconditioned resid norm 2.011590440841e-05 true resid norm 1.479366869021e-04 ||r(i)||/||b|| 7.665850849642e-03
104 KSP preconditioned resid norm 2.840349758483e-05 true resid norm 1.578793683930e-04 ||r(i)||/||b|| 8.181065262991e-03
105 KSP preconditioned resid norm 2.005592892499e-05 true resid norm 1.681077802451e-04 ||r(i)||/||b|| 8.711085782774e-03
105 KSP preconditioned resid norm 2.832731135971e-05 true resid norm 1.784518383423e-04 ||r(i)||/||b|| 9.247098912533e-03
106 KSP preconditioned resid norm 1.998545516888e-05 true resid norm 1.918860048719e-04 ||r(i)||/||b|| 9.943236693244e-03
106 KSP preconditioned resid norm 2.815193233987e-05 true resid norm 2.091236089640e-04 ||r(i)||/||b|| 1.083646273975e-02
107 KSP preconditioned resid norm 1.990381122278e-05 true resid norm 2.099846480538e-04 ||r(i)||/||b|| 1.088108045681e-02
107 KSP preconditioned resid norm 2.814811705539e-05 true resid norm 2.100384947169e-04 ||r(i)||/||b|| 1.088387070780e-02
108 KSP preconditioned resid norm 1.990370454216e-05 true resid norm 2.100378645734e-04 ||r(i)||/||b|| 1.088383805474e-02
108 KSP preconditioned resid norm 2.814808244755e-05 true resid norm 2.100393859691e-04 ||r(i)||/||b|| 1.088391689111e-02
109 KSP preconditioned resid norm 1.990368263290e-05 true resid norm 2.100410258813e-04 ||r(i)||/||b|| 1.088400186883e-02
109 KSP preconditioned resid norm 2.814796476180e-05 true resid norm 2.100499319630e-04 ||r(i)||/||b|| 1.088446336825e-02
110 KSP preconditioned resid norm 1.989406954732e-05 true resid norm 2.098408875552e-04 ||r(i)||/||b|| 1.087363100959e-02
110 KSP preconditioned resid norm 2.636065139218e-05 true resid norm 1.853508645943e-04 ||r(i)||/||b|| 9.604595807748e-03
111 KSP preconditioned resid norm 1.766791029056e-05 true resid norm 1.664664533336e-04 ||r(i)||/||b|| 8.626034754778e-03
111 KSP preconditioned resid norm 2.388850556813e-05 true resid norm 1.524637193873e-04 ||r(i)||/||b|| 7.900434687835e-03
112 KSP preconditioned resid norm 1.588212859925e-05 true resid norm 1.352230753452e-04 ||r(i)||/||b|| 7.007051115806e-03
112 KSP preconditioned resid norm 2.070293699534e-05 true resid norm 1.155336853092e-04 ||r(i)||/||b|| 5.986777304777e-03
113 KSP preconditioned resid norm 1.433444742508e-05 true resid norm 1.106936563494e-04 ||r(i)||/||b|| 5.735974472226e-03
113 KSP preconditioned resid norm 2.015369739916e-05 true resid norm 1.096503085476e-04 ||r(i)||/||b|| 5.681909799015e-03
114 KSP preconditioned resid norm 1.415899277470e-05 true resid norm 1.085244986314e-04 ||r(i)||/||b|| 5.623572066280e-03
114 KSP preconditioned resid norm 1.988153544998e-05 true resid norm 1.073124534592e-04 ||r(i)||/||b|| 5.560765755637e-03
115 KSP preconditioned resid norm 1.388294665928e-05 true resid norm 1.046902004078e-04 ||r(i)||/||b|| 5.424884648634e-03
115 KSP preconditioned resid norm 1.921037067434e-05 true resid norm 1.009043534050e-04 ||r(i)||/||b|| 5.228707898495e-03
116 KSP preconditioned resid norm 1.220749614760e-05 true resid norm 8.426034296261e-05 ||r(i)||/||b|| 4.366240959002e-03
116 KSP preconditioned resid norm 1.198549998815e-05 true resid norm 5.615619474737e-05 ||r(i)||/||b|| 2.909927363059e-03
117 KSP preconditioned resid norm 7.692426734041e-06 true resid norm 6.099560775853e-05 ||r(i)||/||b|| 3.160698278106e-03
117 KSP preconditioned resid norm 1.050356406100e-05 true resid norm 6.948184808693e-05 ||r(i)||/||b|| 3.600442157694e-03
118 KSP preconditioned resid norm 7.387879129932e-06 true resid norm 6.386146025142e-05 ||r(i)||/||b|| 3.309202332290e-03
118 KSP preconditioned resid norm 1.043938896298e-05 true resid norm 6.584908738397e-05 ||r(i)||/||b|| 3.412198103400e-03
119 KSP preconditioned resid norm 7.221637432145e-06 true resid norm 6.884031197370e-05 ||r(i)||/||b|| 3.567198746194e-03
119 KSP preconditioned resid norm 6.944933304220e-06 true resid norm 4.142150249091e-05 ||r(i)||/||b|| 2.146398345892e-03
120 KSP preconditioned resid norm 3.967333500853e-06 true resid norm 2.868691080273e-05 ||r(i)||/||b|| 1.486511454027e-03
120 KSP preconditioned resid norm 4.839937590676e-06 true resid norm 2.372503050613e-05 ||r(i)||/||b|| 1.229394473215e-03
121 KSP preconditioned resid norm 3.092012908422e-06 true resid norm 2.121253563425e-05 ||r(i)||/||b|| 1.099200865722e-03
121 KSP preconditioned resid norm 4.057160963969e-06 true resid norm 1.974617496177e-05 ||r(i)||/||b|| 1.023216318262e-03
122 KSP preconditioned resid norm 2.837693357915e-06 true resid norm 2.025084916083e-05 ||r(i)||/||b|| 1.049367756548e-03
122 KSP preconditioned resid norm 4.006245275242e-06 true resid norm 2.161002459987e-05 ||r(i)||/||b|| 1.119798130597e-03
123 KSP preconditioned resid norm 2.829813824977e-06 true resid norm 2.272222361036e-05 ||r(i)||/||b|| 1.177430567203e-03
123 KSP preconditioned resid norm 3.999281036037e-06 true resid norm 2.363057374335e-05 ||r(i)||/||b|| 1.224499869514e-03
124 KSP preconditioned resid norm 2.822338564785e-06 true resid norm 2.512150230976e-05 ||r(i)||/||b|| 1.301757487329e-03
124 KSP preconditioned resid norm 3.968330357182e-06 true resid norm 2.752089119143e-05 ||r(i)||/||b|| 1.426090116932e-03
125 KSP preconditioned resid norm 2.784744780604e-06 true resid norm 2.459496431832e-05 ||r(i)||/||b|| 1.274473101059e-03
125 KSP preconditioned resid norm 3.899161502757e-06 true resid norm 2.673848904047e-05 ||r(i)||/||b|| 1.385547244712e-03
126 KSP preconditioned resid norm 2.755068548864e-06 true resid norm 2.707802368256e-05 ||r(i)||/||b|| 1.403141405965e-03
126 KSP preconditioned resid norm 3.896035853196e-06 true resid norm 2.713363028177e-05 ||r(i)||/||b|| 1.406022854135e-03
127 KSP preconditioned resid norm 2.742614714217e-06 true resid norm 2.683456109037e-05 ||r(i)||/||b|| 1.390525550099e-03
127 KSP preconditioned resid norm 2.965316690366e-06 true resid norm 1.909987277508e-05 ||r(i)||/||b|| 9.897259361890e-04
128 KSP preconditioned resid norm 1.691331060703e-06 true resid norm 1.749496729203e-05 ||r(i)||/||b|| 9.065622104194e-04
128 KSP preconditioned resid norm 1.985373909174e-06 true resid norm 1.873429852394e-05 ||r(i)||/||b|| 9.707824425745e-04
129 KSP preconditioned resid norm 1.242808245876e-06 true resid norm 2.035558166598e-05 ||r(i)||/||b|| 1.054794833362e-03
129 KSP preconditioned resid norm 1.609886761304e-06 true resid norm 2.200267984939e-05 ||r(i)||/||b|| 1.140144919762e-03
130 KSP preconditioned resid norm 1.050963334486e-06 true resid norm 2.286797157179e-05 ||r(i)||/||b|| 1.184983001676e-03
130 KSP preconditioned resid norm 1.380660488785e-06 true resid norm 2.319450708275e-05 ||r(i)||/||b|| 1.201903568011e-03
131 KSP preconditioned resid norm 9.753806461409e-07 true resid norm 2.327282585509e-05 ||r(i)||/||b|| 1.205961925948e-03
131 KSP preconditioned resid norm 1.379379656807e-06 true resid norm 2.327647995940e-05 ||r(i)||/||b|| 1.206151275995e-03
132 KSP preconditioned resid norm 9.753459635151e-07 true resid norm 2.327052661667e-05 ||r(i)||/||b|| 1.205842782961e-03
132 KSP preconditioned resid norm 1.379286198712e-06 true resid norm 2.327408788914e-05 ||r(i)||/||b|| 1.206027322605e-03
133 KSP preconditioned resid norm 9.753013783187e-07 true resid norm 2.327224794562e-05 ||r(i)||/||b|| 1.205931979571e-03
133 KSP preconditioned resid norm 1.379284385957e-06 true resid norm 2.327283728452e-05 ||r(i)||/||b|| 1.205962518204e-03
134 KSP preconditioned resid norm 9.752999297350e-07 true resid norm 2.327514975173e-05 ||r(i)||/||b|| 1.206082346686e-03
134 KSP preconditioned resid norm 1.379203603874e-06 true resid norm 2.328210736666e-05 ||r(i)||/||b|| 1.206442879556e-03
135 KSP preconditioned resid norm 9.738705519559e-07 true resid norm 2.322054443438e-05 ||r(i)||/||b|| 1.203252783397e-03
135 KSP preconditioned resid norm 1.331717561128e-06 true resid norm 2.175714870400e-05 ||r(i)||/||b|| 1.127421874662e-03
136 KSP preconditioned resid norm 8.818564328428e-07 true resid norm 1.917953760103e-05 ||r(i)||/||b|| 9.938540445475e-04
136 KSP preconditioned resid norm 1.108746621111e-06 true resid norm 1.543697675828e-05 ||r(i)||/||b|| 7.999203164302e-04
137 KSP preconditioned resid norm 7.449802509275e-07 true resid norm 1.409469633437e-05 ||r(i)||/||b|| 7.303654159959e-04
137 KSP preconditioned resid norm 1.028276845425e-06 true resid norm 1.353112726126e-05 ||r(i)||/||b|| 7.011621362116e-04
138 KSP preconditioned resid norm 6.948485363749e-07 true resid norm 1.251155362900e-05 ||r(i)||/||b|| 6.483294037852e-04
138 KSP preconditioned resid norm 9.070156385819e-07 true resid norm 1.107937972395e-05 ||r(i)||/||b|| 5.741163618635e-04
139 KSP preconditioned resid norm 5.985057535641e-07 true resid norm 1.007051348054e-05 ||r(i)||/||b|| 5.218384698057e-04
139 KSP preconditioned resid norm 7.964492711391e-07 true resid norm 9.326461376711e-06 ||r(i)||/||b|| 4.832828378543e-04
140 KSP preconditioned resid norm 5.344603644790e-07 true resid norm 8.767070723284e-06 ||r(i)||/||b|| 4.542960773309e-04
140 KSP preconditioned resid norm 7.220806073579e-07 true resid norm 8.326255445157e-06 ||r(i)||/||b|| 4.314537097943e-04
141 KSP preconditioned resid norm 5.098511693952e-07 true resid norm 8.294613380031e-06 ||r(i)||/||b|| 4.298140668030e-04
141 KSP preconditioned resid norm 7.210039963877e-07 true resid norm 8.290200104291e-06 ||r(i)||/||b|| 4.295853776638e-04
142 KSP preconditioned resid norm 5.094393721263e-07 true resid norm 8.266935109593e-06 ||r(i)||/||b|| 4.283798215364e-04
142 KSP preconditioned resid norm 7.118937752608e-07 true resid norm 8.149117036647e-06 ||r(i)||/||b|| 4.222746707891e-04
143 KSP preconditioned resid norm 5.024089835960e-07 true resid norm 8.066466569197e-06 ||r(i)||/||b|| 4.179918510951e-04
143 KSP preconditioned resid norm 7.102872107643e-07 true resid norm 8.045052413247e-06 ||r(i)||/||b|| 4.168822025757e-04
144 KSP preconditioned resid norm 5.022446568834e-07 true resid norm 8.044862285857e-06 ||r(i)||/||b|| 4.168723504677e-04
144 KSP preconditioned resid norm 7.102810460138e-07 true resid norm 8.044869281457e-06 ||r(i)||/||b|| 4.168727129689e-04
145 KSP preconditioned resid norm 5.022415438264e-07 true resid norm 8.044797318081e-06 ||r(i)||/||b|| 4.168689839378e-04
145 KSP preconditioned resid norm 7.101638652632e-07 true resid norm 8.039965597219e-06 ||r(i)||/||b|| 4.166186116181e-04
146 KSP preconditioned resid norm 5.021451675016e-07 true resid norm 8.037554126223e-06 ||r(i)||/||b|| 4.164936529120e-04
146 KSP preconditioned resid norm 7.101356736495e-07 true resid norm 8.034524701102e-06 ||r(i)||/||b|| 4.163366727766e-04
147 KSP preconditioned resid norm 5.020932893849e-07 true resid norm 8.026137293618e-06 ||r(i)||/||b|| 4.159020502625e-04
147 KSP preconditioned resid norm 7.090971746406e-07 true resid norm 8.006800373210e-06 ||r(i)||/||b|| 4.149000408837e-04
148 KSP preconditioned resid norm 5.013835265037e-07 true resid norm 8.006272249174e-06 ||r(i)||/||b|| 4.148726743111e-04
148 KSP preconditioned resid norm 7.090622034946e-07 true resid norm 8.006249325025e-06 ||r(i)||/||b|| 4.148714864170e-04
149 KSP preconditioned resid norm 5.013817136534e-07 true resid norm 8.006282953231e-06 ||r(i)||/||b|| 4.148732289788e-04
149 KSP preconditioned resid norm 7.090591953273e-07 true resid norm 8.006159198035e-06 ||r(i)||/||b|| 4.148668161755e-04
150 KSP preconditioned resid norm 5.013689459439e-07 true resid norm 8.006908960687e-06 ||r(i)||/||b|| 4.149056677192e-04
150 KSP preconditioned resid norm 7.088765586609e-07 true resid norm 8.008961951353e-06 ||r(i)||/||b|| 4.150120505278e-04
151 KSP preconditioned resid norm 5.008608290372e-07 true resid norm 7.985052326547e-06 ||r(i)||/||b|| 4.137730906628e-04
151 KSP preconditioned resid norm 7.064948003729e-07 true resid norm 7.869041499477e-06 ||r(i)||/||b|| 4.077615886082e-04
152 KSP preconditioned resid norm 4.972511361598e-07 true resid norm 7.656986117943e-06 ||r(i)||/||b|| 3.967732059376e-04
152 KSP preconditioned resid norm 6.974046198899e-07 true resid norm 7.405456691395e-06 ||r(i)||/||b|| 3.837393391626e-04
153 KSP preconditioned resid norm 4.886166744656e-07 true resid norm 7.178874309082e-06 ||r(i)||/||b|| 3.719981897267e-04
153 KSP preconditioned resid norm 6.839922991659e-07 true resid norm 6.996534317882e-06 ||r(i)||/||b|| 3.625496127325e-04
154 KSP preconditioned resid norm 4.830019688107e-07 true resid norm 6.939631886539e-06 ||r(i)||/||b|| 3.596010165405e-04
154 KSP preconditioned resid norm 6.829443061516e-07 true resid norm 6.925500347616e-06 ||r(i)||/||b|| 3.588687419984e-04
155 KSP preconditioned resid norm 4.829064258379e-07 true resid norm 6.921783342612e-06 ||r(i)||/||b|| 3.586761325344e-04
155 KSP preconditioned resid norm 6.829317487309e-07 true resid norm 6.920875359748e-06 ||r(i)||/||b|| 3.586290822634e-04
156 KSP preconditioned resid norm 4.828315705364e-07 true resid norm 6.891982322088e-06 ||r(i)||/||b|| 3.571318896337e-04
156 KSP preconditioned resid norm 6.727714994887e-07 true resid norm 6.281273512392e-06 ||r(i)||/||b|| 3.254859014361e-04
157 KSP preconditioned resid norm 4.727416547456e-07 true resid norm 6.101882386248e-06 ||r(i)||/||b|| 3.161901300790e-04
157 KSP preconditioned resid norm 6.667593840909e-07 true resid norm 6.041998895309e-06 ||r(i)||/||b|| 3.130870599785e-04
158 KSP preconditioned resid norm 4.688388245277e-07 true resid norm 5.964700752013e-06 ||r(i)||/||b|| 3.090815894636e-04
158 KSP preconditioned resid norm 6.554394794309e-07 true resid norm 5.890823782931e-06 ||r(i)||/||b|| 3.052533989176e-04
159 KSP preconditioned resid norm 4.593747470234e-07 true resid norm 5.916711042290e-06 ||r(i)||/||b|| 3.065948367537e-04
159 KSP preconditioned resid norm 6.452180989679e-07 true resid norm 5.989476997750e-06 ||r(i)||/||b|| 3.103654562881e-04
160 KSP preconditioned resid norm 4.557754197847e-07 true resid norm 6.031243734997e-06 ||r(i)||/||b|| 3.125297441663e-04
160 KSP preconditioned resid norm 6.444662901316e-07 true resid norm 6.046120691690e-06 ||r(i)||/||b|| 3.133006451071e-04
161 KSP preconditioned resid norm 4.557061167978e-07 true resid norm 6.045478923045e-06 ||r(i)||/||b|| 3.132673896461e-04
161 KSP preconditioned resid norm 6.444657680650e-07 true resid norm 6.045504731813e-06 ||r(i)||/||b|| 3.132687270167e-04
162 KSP preconditioned resid norm 4.557060954098e-07 true resid norm 6.045526902509e-06 ||r(i)||/||b|| 3.132698758679e-04
162 KSP preconditioned resid norm 6.444654676433e-07 true resid norm 6.045576580723e-06 ||r(i)||/||b|| 3.132724501163e-04
163 KSP preconditioned resid norm 4.557056751235e-07 true resid norm 6.045629446939e-06 ||r(i)||/||b|| 3.132751895621e-04
163 KSP preconditioned resid norm 6.444647676696e-07 true resid norm 6.045687166877e-06 ||r(i)||/||b|| 3.132781805202e-04
164 KSP preconditioned resid norm 4.557037592489e-07 true resid norm 6.044947501056e-06 ||r(i)||/||b|| 3.132398521786e-04
164 KSP preconditioned resid norm 6.444480842871e-07 true resid norm 6.060425342486e-06 ||r(i)||/||b|| 3.140418900393e-04
165 KSP preconditioned resid norm 4.556924847160e-07 true resid norm 6.060591687009e-06 ||r(i)||/||b|| 3.140505097558e-04
165 KSP preconditioned resid norm 6.444463155348e-07 true resid norm 6.060626137010e-06 ||r(i)||/||b|| 3.140522949017e-04
166 KSP preconditioned resid norm 4.556923368846e-07 true resid norm 6.060620248539e-06 ||r(i)||/||b|| 3.140519897702e-04
166 KSP preconditioned resid norm 6.444462771322e-07 true resid norm 6.060729450962e-06 ||r(i)||/||b|| 3.140576484713e-04
167 KSP preconditioned resid norm 4.556923302508e-07 true resid norm 6.060795413682e-06 ||r(i)||/||b|| 3.140610665577e-04
167 KSP preconditioned resid norm 6.444462717450e-07 true resid norm 6.060835516060e-06 ||r(i)||/||b|| 3.140631446010e-04
168 KSP preconditioned resid norm 4.556922748570e-07 true resid norm 6.060490627512e-06 ||r(i)||/||b|| 3.140452730086e-04
168 KSP preconditioned resid norm 6.444432271623e-07 true resid norm 6.068795400855e-06 ||r(i)||/||b|| 3.144756135490e-04
169 KSP preconditioned resid norm 4.556899278628e-07 true resid norm 6.068701823917e-06 ||r(i)||/||b|| 3.144707645365e-04
169 KSP preconditioned resid norm 6.444428347270e-07 true resid norm 6.068713272723e-06 ||r(i)||/||b|| 3.144713577960e-04
170 KSP preconditioned resid norm 4.556892894550e-07 true resid norm 6.068649085360e-06 ||r(i)||/||b|| 3.144680317058e-04
170 KSP preconditioned resid norm 6.444240935201e-07 true resid norm 6.090786258501e-06 ||r(i)||/||b|| 3.156151458604e-04
171 KSP preconditioned resid norm 4.556744815291e-07 true resid norm 6.096339707855e-06 ||r(i)||/||b|| 3.159029170370e-04
171 KSP preconditioned resid norm 6.444205075021e-07 true resid norm 6.097728543115e-06 ||r(i)||/||b|| 3.159748843372e-04
172 KSP preconditioned resid norm 4.556727365611e-07 true resid norm 6.101766625578e-06 ||r(i)||/||b|| 3.161841315397e-04
172 KSP preconditioned resid norm 6.444113602952e-07 true resid norm 6.113702267951e-06 ||r(i)||/||b|| 3.168026181108e-04
173 KSP preconditioned resid norm 4.556605698311e-07 true resid norm 6.127348631599e-06 ||r(i)||/||b|| 3.175097516188e-04
173 KSP preconditioned resid norm 6.443874690341e-07 true resid norm 6.143227752370e-06 ||r(i)||/||b|| 3.183325831557e-04
174 KSP preconditioned resid norm 4.556449913413e-07 true resid norm 6.143044671808e-06 ||r(i)||/||b|| 3.183230962035e-04
174 KSP preconditioned resid norm 6.443745524021e-07 true resid norm 6.144148722551e-06 ||r(i)||/||b|| 3.183803064095e-04
175 KSP preconditioned resid norm 4.556404475277e-07 true resid norm 6.145232875669e-06 ||r(i)||/||b|| 3.184364855512e-04
175 KSP preconditioned resid norm 6.443723288313e-07 true resid norm 6.146405029345e-06 ||r(i)||/||b|| 3.184972247461e-04
176 KSP preconditioned resid norm 4.556397722801e-07 true resid norm 6.147346001547e-06 ||r(i)||/||b|| 3.185459844737e-04
176 KSP preconditioned resid norm 6.443716884750e-07 true resid norm 6.148117119521e-06 ||r(i)||/||b|| 3.185859426173e-04
177 KSP preconditioned resid norm 4.556392866333e-07 true resid norm 6.149040239943e-06 ||r(i)||/||b|| 3.186337772932e-04
177 KSP preconditioned resid norm 6.443705401397e-07 true resid norm 6.150154691945e-06 ||r(i)||/||b|| 3.186915264763e-04
178 KSP preconditioned resid norm 4.556386838170e-07 true resid norm 6.150560537254e-06 ||r(i)||/||b|| 3.187125567540e-04
178 KSP preconditioned resid norm 6.443703812282e-07 true resid norm 6.150816976369e-06 ||r(i)||/||b|| 3.187258450332e-04
179 KSP preconditioned resid norm 4.556384721140e-07 true resid norm 6.150719872042e-06 ||r(i)||/||b|| 3.187208132368e-04
179 KSP preconditioned resid norm 6.443670905525e-07 true resid norm 6.150818924941e-06 ||r(i)||/||b|| 3.187259460052e-04
180 KSP preconditioned resid norm 4.556140152240e-07 true resid norm 6.151148048632e-06 ||r(i)||/||b|| 3.187430006871e-04
180 KSP preconditioned resid norm 6.440053181827e-07 true resid norm 6.154221090422e-06 ||r(i)||/||b|| 3.189022409709e-04
181 KSP preconditioned resid norm 4.552216492176e-07 true resid norm 6.157604494919e-06 ||r(i)||/||b|| 3.190775637714e-04
181 KSP preconditioned resid norm 6.436276765275e-07 true resid norm 6.160852347799e-06 ||r(i)||/||b|| 3.192458624962e-04
182 KSP preconditioned resid norm 4.551130401016e-07 true resid norm 6.160960415141e-06 ||r(i)||/||b|| 3.192514623791e-04
182 KSP preconditioned resid norm 6.436270310222e-07 true resid norm 6.160963848938e-06 ||r(i)||/||b|| 3.192516403132e-04
183 KSP preconditioned resid norm 4.551129921609e-07 true resid norm 6.160988180879e-06 ||r(i)||/||b|| 3.192529011568e-04
183 KSP preconditioned resid norm 6.436253978836e-07 true resid norm 6.161170428931e-06 ||r(i)||/||b|| 3.192623449697e-04
184 KSP preconditioned resid norm 4.551085154758e-07 true resid norm 6.161862923851e-06 ||r(i)||/||b|| 3.192982289879e-04
184 KSP preconditioned resid norm 6.436061678705e-07 true resid norm 6.165701245885e-06 ||r(i)||/||b|| 3.194971249132e-04
185 KSP preconditioned resid norm 4.550680109782e-07 true resid norm 6.162686385643e-06 ||r(i)||/||b|| 3.193408995074e-04
185 KSP preconditioned resid norm 6.434366762533e-07 true resid norm 6.162128460594e-06 ||r(i)||/||b|| 3.193119886922e-04
186 KSP preconditioned resid norm 4.547527003974e-07 true resid norm 6.154357801269e-06 ||r(i)||/||b|| 3.189093251161e-04
186 KSP preconditioned resid norm 6.423141850126e-07 true resid norm 6.160378888549e-06 ||r(i)||/||b|| 3.192213285684e-04
187 KSP preconditioned resid norm 4.539885409757e-07 true resid norm 6.173281028715e-06 ||r(i)||/||b|| 3.198898975639e-04
187 KSP preconditioned resid norm 6.419407715173e-07 true resid norm 6.184782265341e-06 ||r(i)||/||b|| 3.204858738995e-04
188 KSP preconditioned resid norm 4.538561134798e-07 true resid norm 6.197856384479e-06 ||r(i)||/||b|| 3.211633545799e-04
188 KSP preconditioned resid norm 6.417626203777e-07 true resid norm 6.213012554201e-06 ||r(i)||/||b|| 3.219487239090e-04
189 KSP preconditioned resid norm 4.537007599311e-07 true resid norm 6.233770923428e-06 ||r(i)||/||b|| 3.230243905723e-04
189 KSP preconditioned resid norm 6.414266035416e-07 true resid norm 6.262369976296e-06 ||r(i)||/||b|| 3.245063493637e-04
190 KSP preconditioned resid norm 4.535460754190e-07 true resid norm 6.261297279970e-06 ||r(i)||/||b|| 3.244507638952e-04
190 KSP preconditioned resid norm 6.414098137538e-07 true resid norm 6.261419298363e-06 ||r(i)||/||b|| 3.244570867001e-04
191 KSP preconditioned resid norm 4.535437700863e-07 true resid norm 6.261590198687e-06 ||r(i)||/||b|| 3.244659424912e-04
191 KSP preconditioned resid norm 6.414041961730e-07 true resid norm 6.261827420061e-06 ||r(i)||/||b|| 3.244782349367e-04
192 KSP preconditioned resid norm 4.535388059373e-07 true resid norm 6.262061632789e-06 ||r(i)||/||b|| 3.244903714789e-04
192 KSP preconditioned resid norm 6.413973513015e-07 true resid norm 6.262292862509e-06 ||r(i)||/||b|| 3.245023534463e-04
193 KSP preconditioned resid norm 4.535326294004e-07 true resid norm 6.262597231187e-06 ||r(i)||/||b|| 3.245181253615e-04
193 KSP preconditioned resid norm 6.413835067175e-07 true resid norm 6.262997594170e-06 ||r(i)||/||b|| 3.245388715535e-04
194 KSP preconditioned resid norm 4.535113859194e-07 true resid norm 6.261710724085e-06 ||r(i)||/||b|| 3.244721879314e-04
194 KSP preconditioned resid norm 6.413072300256e-07 true resid norm 6.274445715732e-06 ||r(i)||/||b|| 3.251320955485e-04
195 KSP preconditioned resid norm 4.534690412687e-07 true resid norm 6.276574449012e-06 ||r(i)||/||b|| 3.252424032224e-04
195 KSP preconditioned resid norm 6.413015813317e-07 true resid norm 6.277075712319e-06 ||r(i)||/||b|| 3.252683779135e-04
196 KSP preconditioned resid norm 4.534674471098e-07 true resid norm 6.277341025120e-06 ||r(i)||/||b|| 3.252821260135e-04
196 KSP preconditioned resid norm 6.412933980365e-07 true resid norm 6.277468948434e-06 ||r(i)||/||b|| 3.252887548023e-04
197 KSP preconditioned resid norm 4.534117575681e-07 true resid norm 6.275658445955e-06 ||r(i)||/||b|| 3.251949373574e-04
197 KSP preconditioned resid norm 6.404069126305e-07 true resid norm 6.270255764589e-06 ||r(i)||/||b|| 3.249149787453e-04
198 KSP preconditioned resid norm 4.458824171442e-07 true resid norm 6.142971956317e-06 ||r(i)||/||b|| 3.183193281990e-04
198 KSP preconditioned resid norm 5.372686037626e-07 true resid norm 4.913371167055e-06 ||r(i)||/||b|| 2.546033125678e-04
199 KSP preconditioned resid norm 2.559795402431e-07 true resid norm 2.650778382037e-06 ||r(i)||/||b|| 1.373592456184e-04
199 KSP preconditioned resid norm 1.964392874446e-07 true resid norm 1.018598348829e-06 ||r(i)||/||b|| 5.278219474377e-05
200 KSP preconditioned resid norm 1.384839139455e-07 true resid norm 9.803797605993e-07 ||r(i)||/||b|| 5.080176647281e-05
200 KSP preconditioned resid norm 1.958407472086e-07 true resid norm 9.848509799471e-07 ||r(i)||/||b|| 5.103345816034e-05
201 KSP preconditioned resid norm 1.384744198583e-07 true resid norm 9.783475530439e-07 ||r(i)||/||b|| 5.069646061298e-05
201 KSP preconditioned resid norm 1.958187019104e-07 true resid norm 9.880573107915e-07 ||r(i)||/||b|| 5.119960527734e-05
202 KSP preconditioned resid norm 1.384532177992e-07 true resid norm 9.986716875542e-07 ||r(i)||/||b|| 5.174962590326e-05
202 KSP preconditioned resid norm 1.957830658919e-07 true resid norm 1.010340853086e-06 ||r(i)||/||b|| 5.235430405563e-05
203 KSP preconditioned resid norm 1.383510644834e-07 true resid norm 1.020216385683e-06 ||r(i)||/||b|| 5.286603891690e-05
203 KSP preconditioned resid norm 1.948539494186e-07 true resid norm 1.035004030586e-06 ||r(i)||/||b|| 5.363231185855e-05
204 KSP preconditioned resid norm 1.360487606621e-07 true resid norm 1.069287700220e-06 ||r(i)||/||b|| 5.540883871941e-05
204 KSP preconditioned resid norm 1.852921910409e-07 true resid norm 1.177130603530e-06 ||r(i)||/||b|| 6.099709156786e-05
205 KSP preconditioned resid norm 1.263598147900e-07 true resid norm 1.276243903961e-06 ||r(i)||/||b|| 6.613298986483e-05
205 KSP preconditioned resid norm 1.725622396399e-07 true resid norm 1.365157721933e-06 ||r(i)||/||b|| 7.074036671853e-05
206 KSP preconditioned resid norm 1.219135111275e-07 true resid norm 1.392182652853e-06 ||r(i)||/||b|| 7.214075693941e-05
206 KSP preconditioned resid norm 1.724078525793e-07 true resid norm 1.397426551850e-06 ||r(i)||/||b|| 7.241248769415e-05
207 KSP preconditioned resid norm 1.219043853910e-07 true resid norm 1.404432069935e-06 ||r(i)||/||b|| 7.277550283184e-05
207 KSP preconditioned resid norm 1.723779256269e-07 true resid norm 1.413774765046e-06 ||r(i)||/||b|| 7.325962687672e-05
208 KSP preconditioned resid norm 1.215759347454e-07 true resid norm 1.434292587421e-06 ||r(i)||/||b|| 7.432282877332e-05
208 KSP preconditioned resid norm 1.632304993157e-07 true resid norm 1.365122915133e-06 ||r(i)||/||b|| 7.073856308384e-05
209 KSP preconditioned resid norm 1.019784636697e-07 true resid norm 9.264163345601e-07 ||r(i)||/||b|| 4.800546500078e-05
209 KSP preconditioned resid norm 1.131453252636e-07 true resid norm 7.606090827672e-07 ||r(i)||/||b|| 3.941358905269e-05
210 KSP preconditioned resid norm 7.988343419842e-08 true resid norm 7.569968078083e-07 ||r(i)||/||b|| 3.922640653805e-05
210 KSP preconditioned resid norm 1.129708587587e-07 true resid norm 7.572007303885e-07 ||r(i)||/||b|| 3.923697349150e-05
211 KSP preconditioned resid norm 7.975250473940e-08 true resid norm 7.532495623190e-07 ||r(i)||/||b|| 3.903223005878e-05
211 KSP preconditioned resid norm 9.415667897400e-08 true resid norm 6.085170670759e-07 ||r(i)||/||b|| 3.153241547685e-05
212 KSP preconditioned resid norm 6.010960600001e-08 true resid norm 5.669158361976e-07 ||r(i)||/||b|| 2.937670388324e-05
212 KSP preconditioned resid norm 7.967387439917e-08 true resid norm 5.633827892929e-07 ||r(i)||/||b|| 2.919362684411e-05
213 KSP preconditioned resid norm 5.589074553932e-08 true resid norm 5.816849845148e-07 ||r(i)||/||b|| 3.014201836031e-05
213 KSP preconditioned resid norm 7.895898311287e-08 true resid norm 5.928618761577e-07 ||r(i)||/||b|| 3.072118763935e-05
214 KSP preconditioned resid norm 5.559868433014e-08 true resid norm 5.822114919764e-07 ||r(i)||/||b|| 3.016930116457e-05
214 KSP preconditioned resid norm 7.733392748955e-08 true resid norm 5.790012607925e-07 ||r(i)||/||b|| 3.000295193799e-05
215 KSP preconditioned resid norm 5.357929002186e-08 true resid norm 5.812689731125e-07 ||r(i)||/||b|| 3.012046129135e-05
215 KSP preconditioned resid norm 7.391247184633e-08 true resid norm 6.048878099060e-07 ||r(i)||/||b|| 3.134435297023e-05
216 KSP preconditioned resid norm 5.082071452034e-08 true resid norm 6.400360054679e-07 ||r(i)||/||b|| 3.316567823074e-05
216 KSP preconditioned resid norm 6.965327208364e-08 true resid norm 6.812320732206e-07 ||r(i)||/||b|| 3.530039489635e-05
217 KSP preconditioned resid norm 4.849647984248e-08 true resid norm 6.913788288129e-07 ||r(i)||/||b|| 3.582618411474e-05
217 KSP preconditioned resid norm 6.805080474407e-08 true resid norm 6.932194481613e-07 ||r(i)||/||b|| 3.592156216931e-05
218 KSP preconditioned resid norm 4.811453237349e-08 true resid norm 6.931440297590e-07 ||r(i)||/||b|| 3.591765410407e-05
218 KSP preconditioned resid norm 6.804414211753e-08 true resid norm 6.934079044155e-07 ||r(i)||/||b|| 3.593132768162e-05
219 KSP preconditioned resid norm 4.811036344846e-08 true resid norm 6.924920657780e-07 ||r(i)||/||b|| 3.588387033656e-05
219 KSP preconditioned resid norm 6.763041391537e-08 true resid norm 6.966248734456e-07 ||r(i)||/||b|| 3.609802605299e-05
220 KSP preconditioned resid norm 4.745765461064e-08 true resid norm 7.021963653614e-07 ||r(i)||/||b|| 3.638673216728e-05
220 KSP preconditioned resid norm 6.646824588898e-08 true resid norm 7.097137904326e-07 ||r(i)||/||b|| 3.677627353511e-05
221 KSP preconditioned resid norm 4.681070931675e-08 true resid norm 7.084530346760e-07 ||r(i)||/||b|| 3.671094311715e-05
221 KSP preconditioned resid norm 6.608807274060e-08 true resid norm 7.102204973196e-07 ||r(i)||/||b|| 3.680253030415e-05
222 KSP preconditioned resid norm 4.670292971143e-08 true resid norm 7.109274196044e-07 ||r(i)||/||b|| 3.683916192617e-05
222 KSP preconditioned resid norm 6.603352150789e-08 true resid norm 7.112149677641e-07 ||r(i)||/||b|| 3.685406222812e-05
223 KSP preconditioned resid norm 4.669042590896e-08 true resid norm 7.111785294610e-07 ||r(i)||/||b|| 3.685217405148e-05
223 KSP preconditioned resid norm 6.602948232553e-08 true resid norm 7.111992056219e-07 ||r(i)||/||b|| 3.685324545824e-05
224 KSP preconditioned resid norm 4.668826498559e-08 true resid norm 7.112343654624e-07 ||r(i)||/||b|| 3.685506738692e-05
224 KSP preconditioned resid norm 6.602010746170e-08 true resid norm 7.113596427004e-07 ||r(i)||/||b|| 3.686155906009e-05
225 KSP preconditioned resid norm 4.667957539829e-08 true resid norm 7.113643834327e-07 ||r(i)||/||b|| 3.686180471752e-05
225 KSP preconditioned resid norm 6.601103599241e-08 true resid norm 7.113835065755e-07 ||r(i)||/||b|| 3.686279564928e-05
226 KSP preconditioned resid norm 4.667674073638e-08 true resid norm 7.113759755685e-07 ||r(i)||/||b|| 3.686240540411e-05
226 KSP preconditioned resid norm 6.601087346362e-08 true resid norm 7.114088324880e-07 ||r(i)||/||b|| 3.686410799898e-05
227 KSP preconditioned resid norm 4.667673238536e-08 true resid norm 7.114344762424e-07 ||r(i)||/||b|| 3.686543681877e-05
227 KSP preconditioned resid norm 6.601086325007e-08 true resid norm 7.114545381695e-07 ||r(i)||/||b|| 3.686647639688e-05
228 KSP preconditioned resid norm 4.667648247399e-08 true resid norm 7.114052326653e-07 ||r(i)||/||b|| 3.686392146173e-05
228 KSP preconditioned resid norm 6.598485992478e-08 true resid norm 7.128476549225e-07 ||r(i)||/||b|| 3.693866555744e-05
229 KSP preconditioned resid norm 4.665818385427e-08 true resid norm 7.128990553880e-07 ||r(i)||/||b|| 3.694132905025e-05
229 KSP preconditioned resid norm 6.598463445378e-08 true resid norm 7.129149588037e-07 ||r(i)||/||b|| 3.694215314072e-05
230 KSP preconditioned resid norm 4.665813885030e-08 true resid norm 7.128261627815e-07 ||r(i)||/||b|| 3.693755186786e-05
230 KSP preconditioned resid norm 6.598261943525e-08 true resid norm 7.135698986029e-07 ||r(i)||/||b|| 3.697609111054e-05
231 KSP preconditioned resid norm 4.665563446555e-08 true resid norm 7.142025401531e-07 ||r(i)||/||b|| 3.700887361951e-05
231 KSP preconditioned resid norm 6.597973932861e-08 true resid norm 7.149712086689e-07 ||r(i)||/||b|| 3.704870483595e-05
232 KSP preconditioned resid norm 4.665357933351e-08 true resid norm 7.158631629247e-07 ||r(i)||/||b|| 3.709492452920e-05
232 KSP preconditioned resid norm 6.597610617668e-08 true resid norm 7.169132521788e-07 ||r(i)||/||b|| 3.714933853407e-05
233 KSP preconditioned resid norm 4.665066901074e-08 true resid norm 7.172143317866e-07 ||r(i)||/||b|| 3.716494001478e-05
233 KSP preconditioned resid norm 6.597182944540e-08 true resid norm 7.175130842702e-07 ||r(i)||/||b|| 3.718042090750e-05
234 KSP preconditioned resid norm 4.664849219498e-08 true resid norm 7.177017667261e-07 ||r(i)||/||b|| 3.719019814123e-05
234 KSP preconditioned resid norm 6.597055937026e-08 true resid norm 7.182791305461e-07 ||r(i)||/||b|| 3.722011624352e-05
235 KSP preconditioned resid norm 4.664822173620e-08 true resid norm 7.182520877692e-07 ||r(i)||/||b|| 3.721871492854e-05
235 KSP preconditioned resid norm 6.597054748153e-08 true resid norm 7.182541134332e-07 ||r(i)||/||b|| 3.721881989532e-05
236 KSP preconditioned resid norm 4.664822114233e-08 true resid norm 7.182562457137e-07 ||r(i)||/||b|| 3.721893038681e-05
236 KSP preconditioned resid norm 6.597054635326e-08 true resid norm 7.182585051226e-07 ||r(i)||/||b|| 3.721904746589e-05
237 KSP preconditioned resid norm 4.664822034517e-08 true resid norm 7.182554797420e-07 ||r(i)||/||b|| 3.721889069534e-05
237 KSP preconditioned resid norm 6.597054551569e-08 true resid norm 7.182604716945e-07 ||r(i)||/||b|| 3.721914937062e-05
238 KSP preconditioned resid norm 4.664821902036e-08 true resid norm 7.182755780966e-07 ||r(i)||/||b|| 3.721993216107e-05
238 KSP preconditioned resid norm 6.597053755739e-08 true resid norm 7.183234096948e-07 ||r(i)||/||b|| 3.722241072068e-05
239 KSP preconditioned resid norm 4.664816935033e-08 true resid norm 7.185034546359e-07 ||r(i)||/||b|| 3.723174037172e-05
239 KSP preconditioned resid norm 6.596984183649e-08 true resid norm 7.192332587695e-07 ||r(i)||/||b|| 3.726955769584e-05
240 KSP preconditioned resid norm 4.664264063759e-08 true resid norm 7.217685720707e-07 ||r(i)||/||b|| 3.740093371913e-05
240 KSP preconditioned resid norm 6.588106865140e-08 true resid norm 7.353598889479e-07 ||r(i)||/||b|| 3.810521478837e-05
241 KSP preconditioned resid norm 4.657966265054e-08 true resid norm 7.370684715072e-07 ||r(i)||/||b|| 3.819375090025e-05
241 KSP preconditioned resid norm 6.587290397344e-08 true resid norm 7.381657374127e-07 ||r(i)||/||b|| 3.825060952640e-05
242 KSP preconditioned resid norm 4.657333831543e-08 true resid norm 7.406392236717e-07 ||r(i)||/||b|| 3.837878176777e-05
242 KSP preconditioned resid norm 6.576557549221e-08 true resid norm 7.483549408844e-07 ||r(i)||/||b|| 3.877859832841e-05
243 KSP preconditioned resid norm 4.647325222785e-08 true resid norm 7.497719849523e-07 ||r(i)||/||b|| 3.885202736552e-05
243 KSP preconditioned resid norm 6.570486228997e-08 true resid norm 7.518052255824e-07 ||r(i)||/||b|| 3.895738675769e-05
244 KSP preconditioned resid norm 4.643666809296e-08 true resid norm 7.555543107843e-07 ||r(i)||/||b|| 3.915165856803e-05
244 KSP preconditioned resid norm 6.560991698046e-08 true resid norm 7.645257948321e-07 ||r(i)||/||b|| 3.961654702843e-05
245 KSP preconditioned resid norm 4.639173181537e-08 true resid norm 7.654356622579e-07 ||r(i)||/||b|| 3.966369495451e-05
245 KSP preconditioned resid norm 6.560774440199e-08 true resid norm 7.655253750413e-07 ||r(i)||/||b|| 3.966834373252e-05
246 KSP preconditioned resid norm 4.638530469635e-08 true resid norm 7.659549079480e-07 ||r(i)||/||b|| 3.969060146498e-05
246 KSP preconditioned resid norm 6.449642763451e-08 true resid norm 7.461735382063e-07 ||r(i)||/||b|| 3.866556140753e-05
247 KSP preconditioned resid norm 4.560237042537e-08 true resid norm 7.461887477685e-07 ||r(i)||/||b|| 3.866634954357e-05
247 KSP preconditioned resid norm 6.449146805243e-08 true resid norm 7.461954741264e-07 ||r(i)||/||b|| 3.866669809306e-05
248 KSP preconditioned resid norm 4.560092998516e-08 true resid norm 7.460931763866e-07 ||r(i)||/||b|| 3.866139718203e-05
248 KSP preconditioned resid norm 6.431127319085e-08 true resid norm 7.432415109617e-07 ||r(i)||/||b|| 3.851362827981e-05
249 KSP preconditioned resid norm 4.503060291440e-08 true resid norm 7.317161755855e-07 ||r(i)||/||b|| 3.791640318416e-05
249 KSP preconditioned resid norm 6.156776276125e-08 true resid norm 6.908828644208e-07 ||r(i)||/||b|| 3.580048400522e-05
250 KSP preconditioned resid norm 4.314785747793e-08 true resid norm 6.812535134424e-07 ||r(i)||/||b|| 3.530150589556e-05
250 KSP preconditioned resid norm 6.087177399985e-08 true resid norm 6.794359283162e-07 ||r(i)||/||b|| 3.520732143885e-05
251 KSP preconditioned resid norm 4.255234164304e-08 true resid norm 6.661670105607e-07 ||r(i)||/||b|| 3.451974659463e-05
251 KSP preconditioned resid norm 5.716798265483e-08 true resid norm 6.117687895124e-07 ||r(i)||/||b|| 3.170091471611e-05
252 KSP preconditioned resid norm 3.608403869126e-08 true resid norm 5.038699256965e-07 ||r(i)||/||b|| 2.610976208063e-05
252 KSP preconditioned resid norm 4.123926181340e-08 true resid norm 3.669502082214e-07 ||r(i)||/||b|| 1.901479358756e-05
253 KSP preconditioned resid norm 2.785418377681e-08 true resid norm 3.373001551974e-07 ||r(i)||/||b|| 1.747837358975e-05
253 KSP preconditioned resid norm 3.892287793593e-08 true resid norm 3.359404569487e-07 ||r(i)||/||b|| 1.740791612451e-05
254 KSP preconditioned resid norm 2.655774439876e-08 true resid norm 3.159412908751e-07 ||r(i)||/||b|| 1.637159019719e-05
254 KSP preconditioned resid norm 3.406852233869e-08 true resid norm 3.080656924367e-07 ||r(i)||/||b|| 1.596348883813e-05
255 KSP preconditioned resid norm 2.397738933716e-08 true resid norm 3.085884877443e-07 ||r(i)||/||b|| 1.599057928430e-05
255 KSP preconditioned resid norm 3.390073749088e-08 true resid norm 3.087568190618e-07 ||r(i)||/||b|| 1.599930195344e-05
256 KSP preconditioned resid norm 2.394065158329e-08 true resid norm 3.083463014469e-07 ||r(i)||/||b|| 1.597802956406e-05
256 KSP preconditioned resid norm 3.363393515172e-08 true resid norm 3.062849455043e-07 ||r(i)||/||b|| 1.587121327978e-05
257 KSP preconditioned resid norm 2.376380951124e-08 true resid norm 3.062646418318e-07 ||r(i)||/||b|| 1.587016117480e-05
257 KSP preconditioned resid norm 3.360384492440e-08 true resid norm 3.063278284976e-07 ||r(i)||/||b|| 1.587343541032e-05
258 KSP preconditioned resid norm 2.370140984819e-08 true resid norm 3.056378576525e-07 ||r(i)||/||b|| 1.583768218575e-05
258 KSP preconditioned resid norm 3.149904601015e-08 true resid norm 2.771988903397e-07 ||r(i)||/||b|| 1.436401878079e-05
259 KSP preconditioned resid norm 2.179560046981e-08 true resid norm 2.665248287518e-07 ||r(i)||/||b|| 1.381090537934e-05
259 KSP preconditioned resid norm 3.057875175510e-08 true resid norm 2.625182628813e-07 ||r(i)||/||b|| 1.360329131804e-05
260 KSP preconditioned resid norm 2.140287092320e-08 true resid norm 2.572515367144e-07 ||r(i)||/||b|| 1.333037769461e-05
260 KSP preconditioned resid norm 2.987742963324e-08 true resid norm 2.523053858997e-07 ||r(i)||/||b|| 1.307407579128e-05
261 KSP preconditioned resid norm 2.027534676741e-08 true resid norm 2.344130253067e-07 ||r(i)||/||b|| 1.214692127318e-05
261 KSP preconditioned resid norm 2.550588259067e-08 true resid norm 1.907200819767e-07 ||r(i)||/||b|| 9.882820367826e-06
262 KSP preconditioned resid norm 1.652590673218e-08 true resid norm 1.647769917027e-07 ||r(i)||/||b|| 8.538489459895e-06
262 KSP preconditioned resid norm 2.182442747103e-08 true resid norm 1.489496828399e-07 ||r(i)||/||b|| 7.718342736089e-06
263 KSP preconditioned resid norm 1.515898354006e-08 true resid norm 1.439773579646e-07 ||r(i)||/||b|| 7.460684533325e-06
263 KSP preconditioned resid norm 2.133192369392e-08 true resid norm 1.440371019847e-07 ||r(i)||/||b|| 7.463780376265e-06
264 KSP preconditioned resid norm 1.496510844360e-08 true resid norm 1.445727578635e-07 ||r(i)||/||b|| 7.491537237389e-06
264 KSP preconditioned resid norm 2.090068308244e-08 true resid norm 1.539932506959e-07 ||r(i)||/||b|| 7.979692640185e-06
265 KSP preconditioned resid norm 1.476942869548e-08 true resid norm 1.542948159558e-07 ||r(i)||/||b|| 7.995319286639e-06
265 KSP preconditioned resid norm 2.088641485631e-08 true resid norm 1.543487677127e-07 ||r(i)||/||b|| 7.998114983436e-06
266 KSP preconditioned resid norm 1.476840511720e-08 true resid norm 1.542994400877e-07 ||r(i)||/||b|| 7.995558902021e-06
266 KSP preconditioned resid norm 2.088491739173e-08 true resid norm 1.543424966183e-07 ||r(i)||/||b|| 7.997790025003e-06
267 KSP preconditioned resid norm 1.476761513347e-08 true resid norm 1.543648058198e-07 ||r(i)||/||b|| 7.998946053397e-06
267 KSP preconditioned resid norm 2.088439535156e-08 true resid norm 1.544056337556e-07 ||r(i)||/||b|| 8.001061694036e-06
268 KSP preconditioned resid norm 1.476743700607e-08 true resid norm 1.544217023704e-07 ||r(i)||/||b|| 8.001894344861e-06
268 KSP preconditioned resid norm 2.088426556406e-08 true resid norm 1.544322089152e-07 ||r(i)||/||b|| 8.002438777800e-06
269 KSP preconditioned resid norm 1.476656039917e-08 true resid norm 1.544676072335e-07 ||r(i)||/||b|| 8.004273064033e-06
269 KSP preconditioned resid norm 2.085075526983e-08 true resid norm 1.543731735381e-07 ||r(i)||/||b|| 7.999379655651e-06
270 KSP preconditioned resid norm 1.466764697720e-08 true resid norm 1.533586829239e-07 ||r(i)||/||b|| 7.946810317378e-06
270 KSP preconditioned resid norm 2.039332340911e-08 true resid norm 1.500602481270e-07 ||r(i)||/||b|| 7.775890515672e-06
271 KSP preconditioned resid norm 1.430997997432e-08 true resid norm 1.488122745199e-07 ||r(i)||/||b|| 7.711222448967e-06
271 KSP preconditioned resid norm 2.016642807482e-08 true resid norm 1.498937530673e-07 ||r(i)||/||b|| 7.767262998577e-06
272 KSP preconditioned resid norm 1.424500436554e-08 true resid norm 1.510933571025e-07 ||r(i)||/||b|| 7.829424628697e-06
272 KSP preconditioned resid norm 2.013926177537e-08 true resid norm 1.524314325682e-07 ||r(i)||/||b|| 7.898761634687e-06
273 KSP preconditioned resid norm 1.423899081304e-08 true resid norm 1.530148804369e-07 ||r(i)||/||b|| 7.928995002988e-06
273 KSP preconditioned resid norm 2.013613160152e-08 true resid norm 1.532927999577e-07 ||r(i)||/||b|| 7.943396363726e-06
274 KSP preconditioned resid norm 1.422722216307e-08 true resid norm 1.546156188423e-07 ||r(i)||/||b|| 8.011942797221e-06
274 KSP preconditioned resid norm 1.983029442907e-08 true resid norm 1.639114082263e-07 ||r(i)||/||b|| 8.493636259743e-06
275 KSP preconditioned resid norm 1.399143833984e-08 true resid norm 1.662553961380e-07 ||r(i)||/||b|| 8.615098096562e-06
275 KSP preconditioned resid norm 1.978024429843e-08 true resid norm 1.667855695841e-07 ||r(i)||/||b|| 8.642570866485e-06
276 KSP preconditioned resid norm 1.397230236430e-08 true resid norm 1.664297149908e-07 ||r(i)||/||b|| 8.624131030542e-06
276 KSP preconditioned resid norm 1.969723616254e-08 true resid norm 1.658461137889e-07 ||r(i)||/||b|| 8.593889716752e-06
277 KSP preconditioned resid norm 1.371259694576e-08 true resid norm 1.612401270982e-07 ||r(i)||/||b|| 8.355214593458e-06
277 KSP preconditioned resid norm 1.805437427466e-08 true resid norm 1.456598171139e-07 ||r(i)||/||b|| 7.547866970415e-06
278 KSP preconditioned resid norm 1.251364229359e-08 true resid norm 1.395993352266e-07 ||r(i)||/||b|| 7.233822150312e-06
278 KSP preconditioned resid norm 1.759169783779e-08 true resid norm 1.386630728997e-07 ||r(i)||/||b|| 7.185306481180e-06
279 KSP preconditioned resid norm 1.235131587478e-08 true resid norm 1.376440376210e-07 ||r(i)||/||b|| 7.132501645406e-06
279 KSP preconditioned resid norm 1.732115908829e-08 true resid norm 1.365358408740e-07 ||r(i)||/||b|| 7.075076599917e-06
280 KSP preconditioned resid norm 1.213426966176e-08 true resid norm 1.323326037259e-07 ||r(i)||/||b|| 6.857271336481e-06
280 KSP preconditioned resid norm 1.698434020959e-08 true resid norm 1.377564824341e-07 ||r(i)||/||b|| 7.138328362121e-06
281 KSP preconditioned resid norm 1.191272859403e-08 true resid norm 1.433307014944e-07 ||r(i)||/||b|| 7.427175792831e-06
281 KSP preconditioned resid norm 1.673962888882e-08 true resid norm 1.487090384651e-07 ||r(i)||/||b|| 7.705872915904e-06
282 KSP preconditioned resid norm 1.174772828606e-08 true resid norm 1.487695820842e-07 ||r(i)||/||b|| 7.709010192826e-06
282 KSP preconditioned resid norm 1.646706889399e-08 true resid norm 1.469254817451e-07 ||r(i)||/||b|| 7.613451758692e-06
283 KSP preconditioned resid norm 1.152456331648e-08 true resid norm 1.450524049856e-07 ||r(i)||/||b|| 7.516391811164e-06
283 KSP preconditioned resid norm 1.610472170795e-08 true resid norm 1.433068652520e-07 ||r(i)||/||b|| 7.425940635526e-06
284 KSP preconditioned resid norm 1.133582629192e-08 true resid norm 1.423603882206e-07 ||r(i)||/||b|| 7.376895656170e-06
284 KSP preconditioned resid norm 1.600297199546e-08 true resid norm 1.420030152617e-07 ||r(i)||/||b|| 7.358377140864e-06
285 KSP preconditioned resid norm 1.130362973686e-08 true resid norm 1.418167110948e-07 ||r(i)||/||b|| 7.348723146402e-06
285 KSP preconditioned resid norm 1.597524695586e-08 true resid norm 1.417942621573e-07 ||r(i)||/||b|| 7.347559877100e-06
286 KSP preconditioned resid norm 1.094630929063e-08 true resid norm 1.334146871346e-07 ||r(i)||/||b|| 6.913343229067e-06
286 KSP preconditioned resid norm 7.724172670182e-09 true resid norm 3.691889634284e-08 ||r(i)||/||b|| 1.913080242799e-06
287 KSP preconditioned resid norm 4.076610813561e-09 true resid norm 2.396596153037e-08 ||r(i)||/||b|| 1.241879147136e-06
287 KSP preconditioned resid norm 4.756891245408e-09 true resid norm 1.932813057635e-08 ||r(i)||/||b|| 1.001553903250e-06
288 KSP preconditioned resid norm 3.154114244889e-09 true resid norm 1.957452769910e-08 ||r(i)||/||b|| 1.014321821962e-06
288 KSP preconditioned resid norm 4.349152290814e-09 true resid norm 2.382356964075e-08 ||r(i)||/||b|| 1.234500619126e-06
289 KSP preconditioned resid norm 2.997430094260e-09 true resid norm 2.850122723010e-08 ||r(i)||/||b|| 1.476889617802e-06
289 KSP preconditioned resid norm 4.130250823590e-09 true resid norm 3.332120718549e-08 ||r(i)||/||b|| 1.726653541883e-06
290 KSP preconditioned resid norm 2.735156033291e-09 true resid norm 3.214846883495e-08 ||r(i)||/||b|| 1.665884050088e-06
290 KSP preconditioned resid norm 3.341442652099e-09 true resid norm 2.538797360377e-08 ||r(i)||/||b|| 1.315565618621e-06
291 KSP preconditioned resid norm 2.270775809979e-09 true resid norm 2.354673614119e-08 ||r(i)||/||b|| 1.220155534331e-06
291 KSP preconditioned resid norm 3.172165422025e-09 true resid norm 2.311138737032e-08 ||r(i)||/||b|| 1.197596432766e-06
292 KSP preconditioned resid norm 2.178635705934e-09 true resid norm 2.194871465970e-08 ||r(i)||/||b|| 1.137348526900e-06
292 KSP preconditioned resid norm 2.885606579104e-09 true resid norm 1.974768701355e-08 ||r(i)||/||b|| 1.023294670452e-06
293 KSP preconditioned resid norm 2.029638901676e-09 true resid norm 1.960792324958e-08 ||r(i)||/||b|| 1.016052327858e-06
KSP Object: 1 MPI processes
  type: tfqmr
  maximum iterations=1000, initial guess is zero
  tolerances:  relative=1e-07, absolute=1e-50, divergence=10000.
  left preconditioning
  using PRECONDITIONED norm type for convergence test
PC Object: 1 MPI processes
  type: fieldsplit
    FieldSplit with SYMMETRIC_MULTIPLICATIVE composition: total splits = 2, blocksize = 1
    Solver info for each split is in the following KSP objects:
  Split number 0 Defined by IS
  KSP Object: (fieldsplit_0_) 1 MPI processes
    type: preonly
    maximum iterations=10000, initial guess is zero
    tolerances:  relative=1e-05, absolute=1e-50, divergence=10000.
    left preconditioning
    using NONE norm type for convergence test
  PC Object: (fieldsplit_0_) 1 MPI processes
    type: gasm
      Restriction/interpolation type: RESTRICT
      requested amount of overlap = 0
      total number of subdomains = 1
      max number of local subdomains = 1
      [0|1] number of locally-supported subdomains = 1
      Subdomain solver info is as follows:
        - - - - - - - - - - - - - - - - - -
        [0|1] (subcomm [0|1]) local subdomain number 0, local size = 405
      KSP Object: (fieldsplit_0_sub_) 1 MPI processes
        type: preonly
        maximum iterations=10000, initial guess is zero
        tolerances:  relative=1e-05, absolute=1e-50, divergence=10000.
        left preconditioning
        using NONE norm type for convergence test
      PC Object: (fieldsplit_0_sub_) 1 MPI processes
        type: ilu
          out-of-place factorization
          0 levels of fill
          tolerance for zero pivot 2.22045e-14
          matrix ordering: natural
          factor fill ratio given 1., needed 1.
            Factored matrix follows:
              Mat Object: 1 MPI processes
                type: seqaij
                rows=405, cols=405
                package used to perform factorization: petsc
                total: nonzeros=20025, allocated nonzeros=20025
                total number of mallocs used during MatSetValues calls =0
                  using I-node routines: found 245 nodes, limit used is 5
        linear system matrix = precond matrix:
        Mat Object: (fieldsplit_0_) 1 MPI processes
          type: seqaij
          rows=405, cols=405
          total: nonzeros=20025, allocated nonzeros=20025
          total number of mallocs used during MatSetValues calls =0
            using I-node routines: found 245 nodes, limit used is 5
        - - - - - - - - - - - - - - - - - -
None
Traceback (most recent call last):
  File "/usr/local/bin/fenicsR13", line 11, in <module>
    load_entry_point('fenicsR13', 'console_scripts', 'fenicsR13')()
  File "/fenicsR13/fenicsR13/fenicsR13.py", line 120, in main
    solver.solve()
  File "/fenicsR13/fenicsR13/solver.py", line 1141, in solve
    solver.solve(sol.vector(), LL)
RuntimeError: 

*** -------------------------------------------------------------------------
*** DOLFIN encountered an error. If you are not able to resolve this issue
*** using the information listed below, you can ask for help at
***
***     fenics-support@googlegroups.com
***
*** Remember to include the error message listed below and, if possible,
*** include a *minimal* running example to reproduce the error.
***
*** -------------------------------------------------------------------------
*** Error:   Unable to successfully call PETSc function 'KSPSolve'.
*** Reason:  PETSc error code is: 77 (Petsc has generated inconsistent data).
*** Where:   This error was encountered inside /tmp/dolfin/dolfin/la/PETScKrylovSolver.cpp.
*** Process: 0
*** 
*** DOLFIN version: 2019.1.0
*** Git changeset:  74d7efe1e84d65e9433fd96c50f1d278fa3e3f3f
*** -------------------------------------------------------------------------

