-> Version: 1.4
-> Contact: Lambert Theisen <lambert.theisen@rwth-aachen.de>
-> Contact: Manuel Torrilhon <mt@mathcces.rwth-aachen.de>
-> Repository: <https://git.rwth-aachen.de/lamBOO/fenicsR13>
-> Documentation: <https://lamboo.pages.rwth-aachen.de/fenicsR13/>
  __            _          ____  _ _____
 / _| ___ _ __ (_) ___ ___|  _ \/ |___ /
| |_ / _ \ '_ \| |/ __/ __| |_) | | |_ \
|  _|  __/ | | | | (__\__ \  _ <| |___) |
|_|  \___|_| |_|_|\___|___/_| \_\_|____/

Input:
{"output_folder": "../../examples/precon_study/Simulation_Output_v1/schur_upper_gasm_none", "meshes": ["../../tests/square_manufactured_solution/meshes/square2.h5", "../../tests/square_manufactured_solution/meshes/square3.h5", "../../tests/square_manufactured_solution/meshes/square4.h5", "../../tests/square_manufactured_solution/meshes/square5.h5"], "elements": {"theta": {"shape": "Lagrange", "degree": 1}, "s": {"shape": "Lagrange", "degree": 2}, "p": {"shape": "Lagrange", "degree": 1}, "u": {"shape": "Lagrange", "degree": 1}, "sigma": {"shape": "Lagrange", "degree": 2}}, "stabilization": {"cip": {"enable": false, "delta_theta": 1.0, "delta_u": 1.0, "delta_p": 0.1}, "gls": {"enable": false, "tau_energy": 0.001, "tau_heatflux": 0.001, "tau_mass": 0.01, "tau_momentum": 0.01, "tau_stress": 0.01}}, "nsd": 2, "mode": "r13", "heat_source": "2*(-1 + x[0])*x[0]*(-1 + x[1])*x[1]*(-((-1 + x[1])*x[1]) + std::pow(x[0],2)*(-1 + 2*x[1]) + x[0]*(1 - 4*x[1] + 2*std::pow(x[1],2)))", "mass_source": 0, "body_force": ["2*std::pow(-1 + x[0],2)*std::pow(x[0],2)*(-1 + x[1])*x[1]*(-1 + 2*x[1])", "2*(-1 + x[0])*x[0]*(-1 + 2*x[0])*std::pow(-1 + x[1],2)*std::pow(x[1],2)"], "f_s": ["(2*(-108*std::pow(-1 + x[1],2)*std::pow(x[1],2) + 9*x[0]*x[1]*(-16 + 115*x[1] - 166*std::pow(x[1],2) + 67*std::pow(x[1],3)) + std::pow(x[0],2)*(-36 + 678*x[1] - 2105*std::pow(x[1],2) + 1930*std::pow(x[1],3) - 503*std::pow(x[1],4)) + 2*std::pow(x[0],4)*(-18 + 123*x[1] - 148*std::pow(x[1],2) + 20*std::pow(x[1],3) + 5*std::pow(x[1],4)) - 2*std::pow(x[0],3)*(-36 + 390*x[1] - 683*std::pow(x[1],2) + 238*std::pow(x[1],3) + 55*std::pow(x[1],4))))/75.", "(2*(-36*std::pow(-1 + x[1],2)*std::pow(x[1],2) + 6*x[0]*x[1]*(-24 + 113*x[1] - 130*std::pow(x[1],2) + 41*std::pow(x[1],3)) + std::pow(x[0],2)*(-108 + 1035*x[1] - 2105*std::pow(x[1],2) + 1366*std::pow(x[1],3) - 296*std::pow(x[1],4)) + std::pow(x[0],4)*(-108 + 603*x[1] - 503*std::pow(x[1],2) - 110*std::pow(x[1],3) + 10*std::pow(x[1],4)) + 2*std::pow(x[0],3)*(108 - 747*x[1] + 965*std::pow(x[1],2) - 238*std::pow(x[1],3) + 20*std::pow(x[1],4))))/75."], "f_sigma": [["(-36*std::pow(-1 + x[1],2)*std::pow(x[1],2) + 8*x[0]*x[1]*(13 - 10*x[1] - 32*std::pow(x[1],2) + 29*std::pow(x[1],3)) + 2*std::pow(x[0],3)*(12 + 40*x[1] - 263*std::pow(x[1],2) + 222*std::pow(x[1],3) + std::pow(x[1],4)) + std::pow(x[0],4)*(-12 + 64*x[1] - 33*std::pow(x[1],2) - 46*std::pow(x[1],3) + 15*std::pow(x[1],4)) - std::pow(x[0],2)*(12 + 248*x[1] - 639*std::pow(x[1],2) + 142*std::pow(x[1],3) + 249*std::pow(x[1],4)))/30.", "(-62*std::pow(-1 + x[1],2)*std::pow(x[1],2) + 48*x[0]*x[1]*(-1 + 11*x[1] - 18*std::pow(x[1],2) + 8*std::pow(x[1],3)) + std::pow(x[0],2)*(-2 + 168*x[1] - 873*std::pow(x[1],2) + 1098*std::pow(x[1],3) - 393*std::pow(x[1],4)) - 2*std::pow(x[0],3)*(-2 + 72*x[1] - 189*std::pow(x[1],2) + 114*std::pow(x[1],3) + 3*std::pow(x[1],4)) + std::pow(x[0],4)*(-2 + 24*x[1] - 33*std::pow(x[1],2) - 6*std::pow(x[1],3) + 15*std::pow(x[1],4)))/30."], ["(-62*std::pow(-1 + x[1],2)*std::pow(x[1],2) + 48*x[0]*x[1]*(-1 + 11*x[1] - 18*std::pow(x[1],2) + 8*std::pow(x[1],3)) + std::pow(x[0],2)*(-2 + 168*x[1] - 873*std::pow(x[1],2) + 1098*std::pow(x[1],3) - 393*std::pow(x[1],4)) - 2*std::pow(x[0],3)*(-2 + 72*x[1] - 189*std::pow(x[1],2) + 114*std::pow(x[1],3) + 3*std::pow(x[1],4)) + std::pow(x[0],4)*(-2 + 24*x[1] - 33*std::pow(x[1],2) - 6*std::pow(x[1],3) + 15*std::pow(x[1],4)))/30.", "(-12*std::pow(-1 + x[1],2)*std::pow(x[1],2) + 8*x[0]*x[1]*(-17 + 59*x[1] - 50*std::pow(x[1],2) + 8*std::pow(x[1],3)) + std::pow(x[0],2)*(-36 + 640*x[1] - 1521*std::pow(x[1],2) + 914*std::pow(x[1],3) - 33*std::pow(x[1],4)) + std::pow(x[0],4)*(-36 + 232*x[1] - 249*std::pow(x[1],2) + 2*std::pow(x[1],3) + 15*std::pow(x[1],4)) - 2*std::pow(x[0],3)*(-36 + 368*x[1] - 649*std::pow(x[1],2) + 258*std::pow(x[1],3) + 23*std::pow(x[1],4)))/30."]], "petsc_options": {"ksp_type": "tfqmr", "ksp_rtol": "1E-7", "ksp_max_it": 1000, "ksp_view": null, "ksp_monitor_true_residual": null, "pc_type": "fieldsplit", "pc_fieldsplit_detect_saddle_point": null, "pc_fieldsplit_type": "schur", "pc_fieldsplit_schur_fact_type": "upper", "pc_fieldsplit_schur_precondition": "selfp", "fieldsplit_0_ksp_type": "preonly", "fieldsplit_0_pc_type": "gasm", "fieldsplit_0_pc_gamg_type": "classical", "fieldsplit_1_ksp_type": "preonly", "fieldsplit_1_pc_type": "none"}, "regs": {"4000": {"kn": 1.0}}, "polar_coord_syst": true, "bcs": {"3000": {"chi_tilde": 1, "theta_w": 0, "u_t_w": 0, "u_n_w": 0, "u_x_w": "1E300", "u_y_w": "1E300", "u_z_w": "1E300", "p_w": 0, "epsilon_w": 0}, "3100": {"chi_tilde": 1, "theta_w": 0, "u_t_w": 0, "u_n_w": 0, "u_x_w": "1E300", "u_y_w": "1E300", "u_z_w": "1E300", "p_w": 0, "epsilon_w": 0}, "3200": {"chi_tilde": 1, "theta_w": 0, "u_t_w": 0, "u_n_w": 0, "u_x_w": "1E300", "u_y_w": "1E300", "u_z_w": "1E300", "p_w": 0, "epsilon_w": 0}, "3300": {"chi_tilde": 1, "theta_w": 0, "u_t_w": 0, "u_n_w": 0, "u_x_w": "1E300", "u_y_w": "1E300", "u_z_w": "1E300", "p_w": 0, "epsilon_w": 0}}, "convergence_study": {"enable": tru...
Study [''] : 
Mesh: ../../tests/square_manufactured_solution/meshes/square2.h5
hmax: 0.35355339059415386
Start assemble
Write: ../../examples/precon_study/Simulation_Output_v1/schur_upper_gasm_none/assemble_0
Finish assemble: 0.04331159591674805
Start solve
#PETSc Option Table entries:
-fieldsplit_0_ksp_type preonly
-fieldsplit_0_pc_gamg_type classical
-fieldsplit_0_pc_type gasm
-fieldsplit_1_ksp_type preonly
-fieldsplit_1_pc_type none
-ksp_max_it 1000
-ksp_monitor_true_residual
-ksp_rtol 1E-7
-ksp_type tfqmr
-ksp_view
-pc_fieldsplit_detect_saddle_point
-pc_fieldsplit_schur_fact_type upper
-pc_fieldsplit_schur_precondition selfp
-pc_fieldsplit_type schur
-pc_type fieldsplit
#End of PETSc Option Table entries
  0 KSP preconditioned resid norm 1.556916737267e-02 true resid norm 1.929814312902e-02 ||r(i)||/||b|| 1.000000000000e+00
  1 KSP preconditioned resid norm 8.958761299598e-03 true resid norm 1.213989547472e-02 ||r(i)||/||b|| 6.290706516972e-01
  1 KSP preconditioned resid norm 8.262454331422e-03 true resid norm 8.339636178548e-03 ||r(i)||/||b|| 4.321470787523e-01
  2 KSP preconditioned resid norm 4.201169426320e-03 true resid norm 5.227377147703e-03 ||r(i)||/||b|| 2.708746179752e-01
  2 KSP preconditioned resid norm 4.447221840561e-03 true resid norm 4.583300184664e-03 ||r(i)||/||b|| 2.374995435582e-01
  3 KSP preconditioned resid norm 2.558340654756e-03 true resid norm 4.595867849394e-03 ||r(i)||/||b|| 2.381507805527e-01
  3 KSP preconditioned resid norm 3.065628544186e-03 true resid norm 4.561801108400e-03 ||r(i)||/||b|| 2.363854945992e-01
  4 KSP preconditioned resid norm 2.157954330517e-03 true resid norm 4.516408073501e-03 ||r(i)||/||b|| 2.340332975720e-01
  4 KSP preconditioned resid norm 3.051366588602e-03 true resid norm 4.539075120066e-03 ||r(i)||/||b|| 2.352078689498e-01
  5 KSP preconditioned resid norm 2.156271104599e-03 true resid norm 4.571082393757e-03 ||r(i)||/||b|| 2.368664364855e-01
  5 KSP preconditioned resid norm 3.040951597554e-03 true resid norm 4.615052136199e-03 ||r(i)||/||b|| 2.391448806937e-01
  6 KSP preconditioned resid norm 2.129780531663e-03 true resid norm 4.500444432454e-03 ||r(i)||/||b|| 2.332060863248e-01
  6 KSP preconditioned resid norm 2.917095556348e-03 true resid norm 4.269982954559e-03 ||r(i)||/||b|| 2.212639281413e-01
  7 KSP preconditioned resid norm 2.046027689491e-03 true resid norm 4.230809128344e-03 ||r(i)||/||b|| 2.192340009118e-01
  7 KSP preconditioned resid norm 2.887393569429e-03 true resid norm 4.272355453667e-03 ||r(i)||/||b|| 2.213868673843e-01
  8 KSP preconditioned resid norm 2.041357849431e-03 true resid norm 4.252371592946e-03 ||r(i)||/||b|| 2.203513345567e-01
  8 KSP preconditioned resid norm 2.886878604701e-03 true resid norm 4.256990120895e-03 ||r(i)||/||b|| 2.205906595487e-01
  9 KSP preconditioned resid norm 2.041331337309e-03 true resid norm 4.257277332101e-03 ||r(i)||/||b|| 2.206055423902e-01
  9 KSP preconditioned resid norm 2.886878461979e-03 true resid norm 4.257294605008e-03 ||r(i)||/||b|| 2.206064374456e-01
 10 KSP preconditioned resid norm 2.041331213888e-03 true resid norm 4.257006090397e-03 ||r(i)||/||b|| 2.205914870636e-01
 10 KSP preconditioned resid norm 2.886822348673e-03 true resid norm 4.262179913665e-03 ||r(i)||/||b|| 2.208595866022e-01
 11 KSP preconditioned resid norm 2.041221109697e-03 true resid norm 4.255021173715e-03 ||r(i)||/||b|| 2.204886317439e-01
 11 KSP preconditioned resid norm 2.886544639120e-03 true resid norm 4.263760208388e-03 ||r(i)||/||b|| 2.209414750363e-01
 12 KSP preconditioned resid norm 2.034604846912e-03 true resid norm 4.196527098638e-03 ||r(i)||/||b|| 2.174575590295e-01
 12 KSP preconditioned resid norm 2.495795842709e-03 true resid norm 3.918298762975e-03 ||r(i)||/||b|| 2.030401959805e-01
 13 KSP preconditioned resid norm 1.764722944510e-03 true resid norm 3.938982945682e-03 ||r(i)||/||b|| 2.041120184127e-01
 13 KSP preconditioned resid norm 2.495695089129e-03 true resid norm 3.939387289036e-03 ||r(i)||/||b|| 2.041329708614e-01
 14 KSP preconditioned resid norm 1.764722903618e-03 true resid norm 3.939740236290e-03 ||r(i)||/||b|| 2.041512600435e-01
 14 KSP preconditioned resid norm 2.495695045085e-03 true resid norm 3.940048312395e-03 ||r(i)||/||b|| 2.041672240719e-01
 15 KSP preconditioned resid norm 1.764716271370e-03 true resid norm 3.946861108284e-03 ||r(i)||/||b|| 2.045202526428e-01
 15 KSP preconditioned resid norm 2.491097176484e-03 true resid norm 4.089835705141e-03 ||r(i)||/||b|| 2.119289756428e-01
 16 KSP preconditioned resid norm 1.717981110333e-03 true resid norm 3.447798410315e-03 ||r(i)||/||b|| 1.786595936855e-01
 16 KSP preconditioned resid norm 1.874118636157e-03 true resid norm 3.241799097847e-03 ||r(i)||/||b|| 1.679850271694e-01
 17 KSP preconditioned resid norm 1.188075745229e-03 true resid norm 3.604062334704e-03 ||r(i)||/||b|| 1.867569491328e-01
 17 KSP preconditioned resid norm 1.588830501636e-03 true resid norm 4.000859356013e-03 ||r(i)||/||b|| 2.073183585211e-01
 18 KSP preconditioned resid norm 1.118488287367e-03 true resid norm 3.748271999085e-03 ||r(i)||/||b|| 1.942296714262e-01
 18 KSP preconditioned resid norm 1.581190392503e-03 true resid norm 3.809811034564e-03 ||r(i)||/||b|| 1.974185292903e-01
 19 KSP preconditioned resid norm 1.117996171228e-03 true resid norm 3.782586035543e-03 ||r(i)||/||b|| 1.960077718490e-01
 19 KSP preconditioned resid norm 1.581066664514e-03 true resid norm 3.793701554466e-03 ||r(i)||/||b|| 1.965837608884e-01
 20 KSP preconditioned resid norm 1.117982153295e-03 true resid norm 3.796398248546e-03 ||r(i)||/||b|| 1.967234994147e-01
 20 KSP preconditioned resid norm 1.581065454020e-03 true resid norm 3.797048556820e-03 ||r(i)||/||b|| 1.967571973860e-01
 21 KSP preconditioned resid norm 1.117978394620e-03 true resid norm 3.792387004977e-03 ||r(i)||/||b|| 1.965156429623e-01
 21 KSP preconditioned resid norm 1.580665309009e-03 true resid norm 3.822807561995e-03 ||r(i)||/||b|| 1.980919892882e-01
 22 KSP preconditioned resid norm 1.116509500592e-03 true resid norm 3.762772738470e-03 ||r(i)||/||b|| 1.949810773665e-01
 22 KSP preconditioned resid norm 1.571860828615e-03 true resid norm 3.812520696934e-03 ||r(i)||/||b|| 1.975589398133e-01
 23 KSP preconditioned resid norm 1.100869774227e-03 true resid norm 3.783170889409e-03 ||r(i)||/||b|| 1.960380780740e-01
 23 KSP preconditioned resid norm 1.526016572779e-03 true resid norm 3.698656065362e-03 ||r(i)||/||b|| 1.916586502978e-01
 24 KSP preconditioned resid norm 1.078935086393e-03 true resid norm 3.691463172605e-03 ||r(i)||/||b|| 1.912859256937e-01
 24 KSP preconditioned resid norm 1.525843644591e-03 true resid norm 3.692031912495e-03 ||r(i)||/||b|| 1.913153969173e-01
 25 KSP preconditioned resid norm 1.078609776137e-03 true resid norm 3.681260242489e-03 ||r(i)||/||b|| 1.907572255982e-01
 25 KSP preconditioned resid norm 1.348359987796e-03 true resid norm 3.000585372556e-03 ||r(i)||/||b|| 1.554857041165e-01
 26 KSP preconditioned resid norm 9.466135274428e-04 true resid norm 2.954231086184e-03 ||r(i)||/||b|| 1.530836965211e-01
 26 KSP preconditioned resid norm 1.338082846171e-03 true resid norm 2.960880511955e-03 ||r(i)||/||b|| 1.534282595045e-01
 27 KSP preconditioned resid norm 9.460607752431e-04 true resid norm 2.964927408674e-03 ||r(i)||/||b|| 1.536379634482e-01
 27 KSP preconditioned resid norm 1.337895875049e-03 true resid norm 2.967196154445e-03 ||r(i)||/||b|| 1.537555263534e-01
 28 KSP preconditioned resid norm 9.453851895284e-04 true resid norm 2.974634725193e-03 ||r(i)||/||b|| 1.541409816119e-01
 28 KSP preconditioned resid norm 1.314164448353e-03 true resid norm 2.944860544800e-03 ||r(i)||/||b|| 1.525981295253e-01
 29 KSP preconditioned resid norm 7.674119339264e-04 true resid norm 2.016046087240e-03 ||r(i)||/||b|| 1.044683974910e-01
 29 KSP preconditioned resid norm 4.677994658084e-04 true resid norm 6.206961422463e-04 ||r(i)||/||b|| 3.216351635992e-02
 30 KSP preconditioned resid norm 3.303583715305e-04 true resid norm 6.366169642404e-04 ||r(i)||/||b|| 3.298850878990e-02
 30 KSP preconditioned resid norm 4.671953854001e-04 true resid norm 6.376696678225e-04 ||r(i)||/||b|| 3.304305826521e-02
 31 KSP preconditioned resid norm 3.303531996411e-04 true resid norm 6.394531246112e-04 ||r(i)||/||b|| 3.313547424414e-02
 31 KSP preconditioned resid norm 4.671746040322e-04 true resid norm 6.424871671557e-04 ||r(i)||/||b|| 3.329269364728e-02
 32 KSP preconditioned resid norm 3.302538834578e-04 true resid norm 6.485663202501e-04 ||r(i)||/||b|| 3.360770598052e-02
 32 KSP preconditioned resid norm 4.660349292006e-04 true resid norm 6.655803112281e-04 ||r(i)||/||b|| 3.448934474049e-02
 33 KSP preconditioned resid norm 3.290067517551e-04 true resid norm 6.468926347195e-04 ||r(i)||/||b|| 3.352097817882e-02
 33 KSP preconditioned resid norm 4.647318858805e-04 true resid norm 6.594149725262e-04 ||r(i)||/||b|| 3.416986640205e-02
 34 KSP preconditioned resid norm 3.258549253244e-04 true resid norm 6.875682549544e-04 ||r(i)||/||b|| 3.562872605709e-02
 34 KSP preconditioned resid norm 4.355205098566e-04 true resid norm 7.291929947099e-04 ||r(i)||/||b|| 3.778565584444e-02
 35 KSP preconditioned resid norm 2.995168539932e-04 true resid norm 7.816676767224e-04 ||r(i)||/||b|| 4.050481289814e-02
 35 KSP preconditioned resid norm 4.175810446292e-04 true resid norm 8.302650565786e-04 ||r(i)||/||b|| 4.302305413675e-02
 36 KSP preconditioned resid norm 2.949820469786e-04 true resid norm 8.475841688642e-04 ||r(i)||/||b|| 4.392050381208e-02
 36 KSP preconditioned resid norm 4.171385100810e-04 true resid norm 8.525310108458e-04 ||r(i)||/||b|| 4.417684153062e-02
 37 KSP preconditioned resid norm 2.948059383634e-04 true resid norm 8.625739480856e-04 ||r(i)||/||b|| 4.469725104217e-02
 37 KSP preconditioned resid norm 4.152658113808e-04 true resid norm 8.923363921432e-04 ||r(i)||/||b|| 4.623949496993e-02
 38 KSP preconditioned resid norm 2.927633862644e-04 true resid norm 9.080742443986e-04 ||r(i)||/||b|| 4.705500619037e-02
 38 KSP preconditioned resid norm 4.131034189499e-04 true resid norm 9.324353963513e-04 ||r(i)||/||b|| 4.831736349541e-02
 39 KSP preconditioned resid norm 2.754861391964e-04 true resid norm 8.318034907072e-04 ||r(i)||/||b|| 4.310277341950e-02
 39 KSP preconditioned resid norm 1.930068089691e-04 true resid norm 2.471601821717e-04 ||r(i)||/||b|| 1.280745927312e-02
 40 KSP preconditioned resid norm 1.258006405332e-04 true resid norm 2.282059508386e-04 ||r(i)||/||b|| 1.182528025173e-02
 40 KSP preconditioned resid norm 1.748540230306e-04 true resid norm 2.447462252161e-04 ||r(i)||/||b|| 1.268237174840e-02
 41 KSP preconditioned resid norm 1.235249661025e-04 true resid norm 2.423538262831e-04 ||r(i)||/||b|| 1.255840132716e-02
 41 KSP preconditioned resid norm 1.746817200749e-04 true resid norm 2.429421878517e-04 ||r(i)||/||b|| 1.258888931580e-02
 42 KSP preconditioned resid norm 1.235119471201e-04 true resid norm 2.426258878476e-04 ||r(i)||/||b|| 1.257249913764e-02
 42 KSP preconditioned resid norm 1.746623079421e-04 true resid norm 2.436323115428e-04 ||r(i)||/||b|| 1.262465046062e-02
 43 KSP preconditioned resid norm 1.234936226496e-04 true resid norm 2.429467983429e-04 ||r(i)||/||b|| 1.258912822434e-02
 43 KSP preconditioned resid norm 1.746208180064e-04 true resid norm 2.443329615126e-04 ||r(i)||/||b|| 1.266095706095e-02
 44 KSP preconditioned resid norm 1.234644636213e-04 true resid norm 2.435730534308e-04 ||r(i)||/||b|| 1.262157979669e-02
 44 KSP preconditioned resid norm 1.745954668493e-04 true resid norm 2.444518588486e-04 ||r(i)||/||b|| 1.266711813744e-02
 45 KSP preconditioned resid norm 1.234347418127e-04 true resid norm 2.434312899432e-04 ||r(i)||/||b|| 1.261423383150e-02
 45 KSP preconditioned resid norm 1.744545463390e-04 true resid norm 2.452980615730e-04 ||r(i)||/||b|| 1.271096705693e-02
 46 KSP preconditioned resid norm 1.233579619235e-04 true resid norm 2.453142611039e-04 ||r(i)||/||b|| 1.271180649163e-02
 46 KSP preconditioned resid norm 1.744545027615e-04 true resid norm 2.453147565891e-04 ||r(i)||/||b|| 1.271183216691e-02
 47 KSP preconditioned resid norm 1.233579427105e-04 true resid norm 2.453386097166e-04 ||r(i)||/||b|| 1.271306819917e-02
 47 KSP preconditioned resid norm 1.744123534308e-04 true resid norm 2.468137556031e-04 ||r(i)||/||b|| 1.278950798287e-02
 48 KSP preconditioned resid norm 1.232154611696e-04 true resid norm 2.451480300794e-04 ||r(i)||/||b|| 1.270319265644e-02
 48 KSP preconditioned resid norm 1.736528390280e-04 true resid norm 2.502772906216e-04 ||r(i)||/||b|| 1.296898302331e-02
 49 KSP preconditioned resid norm 1.223223812742e-04 true resid norm 2.492749189217e-04 ||r(i)||/||b|| 1.291704166848e-02
 49 KSP preconditioned resid norm 1.722586768897e-04 true resid norm 2.474403516326e-04 ||r(i)||/||b|| 1.282197722228e-02
 50 KSP preconditioned resid norm 1.192214430445e-04 true resid norm 2.451742686931e-04 ||r(i)||/||b|| 1.270455230091e-02
 50 KSP preconditioned resid norm 1.527732987422e-04 true resid norm 2.365025469451e-04 ||r(i)||/||b|| 1.225519706036e-02
 51 KSP preconditioned resid norm 1.080180442762e-04 true resid norm 2.357424256786e-04 ||r(i)||/||b|| 1.221580874919e-02
 51 KSP preconditioned resid norm 1.527605713698e-04 true resid norm 2.357859367502e-04 ||r(i)||/||b|| 1.221806342578e-02
 52 KSP preconditioned resid norm 1.080180278253e-04 true resid norm 2.358285790207e-04 ||r(i)||/||b|| 1.222027308244e-02
 52 KSP preconditioned resid norm 1.527605488683e-04 true resid norm 2.358705265956e-04 ||r(i)||/||b|| 1.222244674105e-02
 53 KSP preconditioned resid norm 1.080167658964e-04 true resid norm 2.363277689456e-04 ||r(i)||/||b|| 1.224614033411e-02
 53 KSP preconditioned resid norm 1.524752366045e-04 true resid norm 2.412312180358e-04 ||r(i)||/||b|| 1.250022949996e-02
 54 KSP preconditioned resid norm 1.076144287034e-04 true resid norm 2.463834948901e-04 ||r(i)||/||b|| 1.276721253661e-02
 54 KSP preconditioned resid norm 1.519024201608e-04 true resid norm 2.517637659234e-04 ||r(i)||/||b|| 1.304600987982e-02
 55 KSP preconditioned resid norm 1.071565763108e-04 true resid norm 2.537158172428e-04 ||r(i)||/||b|| 1.314716216719e-02
 55 KSP preconditioned resid norm 1.510916817628e-04 true resid norm 2.545080246857e-04 ||r(i)||/||b|| 1.318821313451e-02
 56 KSP preconditioned resid norm 1.064667311388e-04 true resid norm 2.545602799529e-04 ||r(i)||/||b|| 1.319092092182e-02
 56 KSP preconditioned resid norm 1.499560399366e-04 true resid norm 2.556685433624e-04 ||r(i)||/||b|| 1.324834942166e-02
 57 KSP preconditioned resid norm 1.060334340086e-04 true resid norm 2.556253914298e-04 ||r(i)||/||b|| 1.324611335509e-02
 57 KSP preconditioned resid norm 1.499539130386e-04 true resid norm 2.556270599467e-04 ||r(i)||/||b|| 1.324619981507e-02
 58 KSP preconditioned resid norm 1.060331181871e-04 true resid norm 2.557068901927e-04 ||r(i)||/||b|| 1.325033649524e-02
 58 KSP preconditioned resid norm 1.499274140683e-04 true resid norm 2.571152598433e-04 ||r(i)||/||b|| 1.332331603742e-02
 59 KSP preconditioned resid norm 1.059249064121e-04 true resid norm 2.603923079137e-04 ||r(i)||/||b|| 1.349312761196e-02
 59 KSP preconditioned resid norm 1.491854074434e-04 true resid norm 2.677601241135e-04 ||r(i)||/||b|| 1.387491647892e-02
 60 KSP preconditioned resid norm 1.054268743528e-04 true resid norm 2.684037073999e-04 ||r(i)||/||b|| 1.390826597178e-02
 60 KSP preconditioned resid norm 1.490830734113e-04 true resid norm 2.689547058534e-04 ||r(i)||/||b|| 1.393681786145e-02
 61 KSP preconditioned resid norm 1.052782553989e-04 true resid norm 2.680826423298e-04 ||r(i)||/||b|| 1.389162887525e-02
 61 KSP preconditioned resid norm 1.459923430384e-04 true resid norm 2.668730730680e-04 ||r(i)||/||b|| 1.382895086246e-02
 62 KSP preconditioned resid norm 1.017426443891e-04 true resid norm 2.500056440969e-04 ||r(i)||/||b|| 1.295490671954e-02
 62 KSP preconditioned resid norm 1.423320113504e-04 true resid norm 2.580155696725e-04 ||r(i)||/||b|| 1.336996870360e-02
 63 KSP preconditioned resid norm 1.004831178049e-04 true resid norm 2.560467359318e-04 ||r(i)||/||b|| 1.326794677705e-02
 63 KSP preconditioned resid norm 1.420707672994e-04 true resid norm 2.562600475935e-04 ||r(i)||/||b|| 1.327900025822e-02
 64 KSP preconditioned resid norm 1.004395281951e-04 true resid norm 2.568483182484e-04 ||r(i)||/||b|| 1.330948353587e-02
 64 KSP preconditioned resid norm 1.420200492211e-04 true resid norm 2.581351109473e-04 ||r(i)||/||b|| 1.337616314800e-02
 65 KSP preconditioned resid norm 1.004202230704e-04 true resid norm 2.578884778869e-04 ||r(i)||/||b|| 1.336338300337e-02
 65 KSP preconditioned resid norm 1.420147925516e-04 true resid norm 2.579229769782e-04 ||r(i)||/||b|| 1.336517069305e-02
 66 KSP preconditioned resid norm 1.004191122107e-04 true resid norm 2.579917570166e-04 ||r(i)||/||b|| 1.336873476851e-02
 66 KSP preconditioned resid norm 1.420134560619e-04 true resid norm 2.581731225607e-04 ||r(i)||/||b|| 1.337813285116e-02
 67 KSP preconditioned resid norm 1.004186342518e-04 true resid norm 2.581718915615e-04 ||r(i)||/||b|| 1.337806906268e-02
 67 KSP preconditioned resid norm 1.420133882996e-04 true resid norm 2.581753358744e-04 ||r(i)||/||b|| 1.337824754166e-02
 68 KSP preconditioned resid norm 1.004185181208e-04 true resid norm 2.581830042265e-04 ||r(i)||/||b|| 1.337864490383e-02
 68 KSP preconditioned resid norm 1.420091840797e-04 true resid norm 2.587057287765e-04 ||r(i)||/||b|| 1.340573168345e-02
 69 KSP preconditioned resid norm 1.003369194542e-04 true resid norm 2.558737071343e-04 ||r(i)||/||b|| 1.325898069175e-02
 69 KSP preconditioned resid norm 1.389290948696e-04 true resid norm 2.614043124527e-04 ||r(i)||/||b|| 1.354556812565e-02
 70 KSP preconditioned resid norm 9.168195656706e-05 true resid norm 2.620767791714e-04 ||r(i)||/||b|| 1.358041431340e-02
 70 KSP preconditioned resid norm 1.072493814398e-04 true resid norm 2.347560528065e-04 ||r(i)||/||b|| 1.216469642893e-02
 71 KSP preconditioned resid norm 7.435028474043e-05 true resid norm 2.423044001719e-04 ||r(i)||/||b|| 1.255584014234e-02
 71 KSP preconditioned resid norm 1.048871533935e-04 true resid norm 2.476397901782e-04 ||r(i)||/||b|| 1.283231181998e-02
 72 KSP preconditioned resid norm 7.409103857813e-05 true resid norm 2.514655045527e-04 ||r(i)||/||b|| 1.303055443581e-02
 72 KSP preconditioned resid norm 1.047367137225e-04 true resid norm 2.541399415412e-04 ||r(i)||/||b|| 1.316913963391e-02
 73 KSP preconditioned resid norm 7.170093601601e-05 true resid norm 2.617883640039e-04 ||r(i)||/||b|| 1.356546908444e-02
 73 KSP preconditioned resid norm 4.135362283258e-05 true resid norm 8.341650836288e-05 ||r(i)||/||b|| 4.322514752077e-03
 74 KSP preconditioned resid norm 2.047195387736e-05 true resid norm 4.422851995723e-05 ||r(i)||/||b|| 2.291853659782e-03
 74 KSP preconditioned resid norm 2.263387571332e-05 true resid norm 3.693989049899e-05 ||r(i)||/||b|| 1.914168127577e-03
 75 KSP preconditioned resid norm 1.070128932547e-05 true resid norm 1.656620674013e-05 ||r(i)||/||b|| 8.584352716930e-04
 75 KSP preconditioned resid norm 9.111678293689e-06 true resid norm 1.009931055433e-05 ||r(i)||/||b|| 5.233306897360e-04
 76 KSP preconditioned resid norm 5.054569815899e-06 true resid norm 9.182199622658e-06 ||r(i)||/||b|| 4.758074163545e-04
 76 KSP preconditioned resid norm 6.091906760737e-06 true resid norm 8.920988517387e-06 ||r(i)||/||b|| 4.622718599269e-04
 77 KSP preconditioned resid norm 4.178814654424e-06 true resid norm 8.763068861293e-06 ||r(i)||/||b|| 4.540887070174e-04
 77 KSP preconditioned resid norm 5.870320166804e-06 true resid norm 8.997823619710e-06 ||r(i)||/||b|| 4.662533363731e-04
 78 KSP preconditioned resid norm 4.146175386947e-06 true resid norm 9.095627666988e-06 ||r(i)||/||b|| 4.713213911918e-04
 78 KSP preconditioned resid norm 5.862412745308e-06 true resid norm 9.137582255169e-06 ||r(i)||/||b|| 4.734954132156e-04
 79 KSP preconditioned resid norm 4.134381941958e-06 true resid norm 9.142828010578e-06 ||r(i)||/||b|| 4.737672401667e-04
 79 KSP preconditioned resid norm 5.650551205246e-06 true resid norm 9.143176191160e-06 ||r(i)||/||b|| 4.737852823472e-04
 80 KSP preconditioned resid norm 3.972247764367e-06 true resid norm 8.874461481446e-06 ||r(i)||/||b|| 4.598609007154e-04
 80 KSP preconditioned resid norm 5.611798221593e-06 true resid norm 8.969155669237e-06 ||r(i)||/||b|| 4.647678074141e-04
 81 KSP preconditioned resid norm 3.940853929103e-06 true resid norm 9.022293284161e-06 ||r(i)||/||b|| 4.675213166283e-04
 81 KSP preconditioned resid norm 5.332919975400e-06 true resid norm 9.164117316948e-06 ||r(i)||/||b|| 4.748704191735e-04
 82 KSP preconditioned resid norm 3.650766932566e-06 true resid norm 9.476711625158e-06 ||r(i)||/||b|| 4.910685738934e-04
 82 KSP preconditioned resid norm 5.039138382962e-06 true resid norm 9.871462194432e-06 ||r(i)||/||b|| 5.115239392949e-04
 83 KSP preconditioned resid norm 3.521729093677e-06 true resid norm 1.025724974786e-05 ||r(i)||/||b|| 5.315148550449e-04
 83 KSP preconditioned resid norm 4.951905063704e-06 true resid norm 1.059711746303e-05 ||r(i)||/||b|| 5.491262756307e-04
 84 KSP preconditioned resid norm 3.430669288141e-06 true resid norm 1.091937933121e-05 ||r(i)||/||b|| 5.658253883916e-04
 84 KSP preconditioned resid norm 4.531840780185e-06 true resid norm 1.074585643565e-05 ||r(i)||/||b|| 5.568336996883e-04
 85 KSP preconditioned resid norm 2.861212073633e-06 true resid norm 8.744451518888e-06 ||r(i)||/||b|| 4.531239850605e-04
 85 KSP preconditioned resid norm 3.414326731871e-06 true resid norm 7.216885606900e-06 ||r(i)||/||b|| 3.739678765284e-04
 86 KSP preconditioned resid norm 2.291164921367e-06 true resid norm 7.018406062813e-06 ||r(i)||/||b|| 3.636829728068e-04
 86 KSP preconditioned resid norm 3.180192193161e-06 true resid norm 7.120792754517e-06 ||r(i)||/||b|| 3.689884931887e-04
 87 KSP preconditioned resid norm 2.235346537987e-06 true resid norm 7.229598417998e-06 ||r(i)||/||b|| 3.746266347837e-04
 87 KSP preconditioned resid norm 3.155130544342e-06 true resid norm 7.309480348410e-06 ||r(i)||/||b|| 3.787659931602e-04
 88 KSP preconditioned resid norm 2.219730769028e-06 true resid norm 7.282839293896e-06 ||r(i)||/||b|| 3.773854948223e-04
 88 KSP preconditioned resid norm 3.098304189017e-06 true resid norm 7.157592351452e-06 ||r(i)||/||b|| 3.708953915203e-04
 89 KSP preconditioned resid norm 2.173111663819e-06 true resid norm 7.139473596423e-06 ||r(i)||/||b|| 3.699565055918e-04
 89 KSP preconditioned resid norm 3.057691439867e-06 true resid norm 7.224842992766e-06 ||r(i)||/||b|| 3.743802159857e-04
 90 KSP preconditioned resid norm 2.140481023446e-06 true resid norm 6.986047633260e-06 ||r(i)||/||b|| 3.620062089163e-04
 90 KSP preconditioned resid norm 2.968216632436e-06 true resid norm 7.080892611645e-06 ||r(i)||/||b|| 3.669209293508e-04
 91 KSP preconditioned resid norm 2.089790795570e-06 true resid norm 6.948384259518e-06 ||r(i)||/||b|| 3.600545510034e-04
 91 KSP preconditioned resid norm 2.952546242780e-06 true resid norm 6.995973029270e-06 ||r(i)||/||b|| 3.625205276227e-04
 92 KSP preconditioned resid norm 2.087735421264e-06 true resid norm 6.992593455440e-06 ||r(i)||/||b|| 3.623454033215e-04
 92 KSP preconditioned resid norm 2.952503115997e-06 true resid norm 6.992851231689e-06 ||r(i)||/||b|| 3.623587608890e-04
 93 KSP preconditioned resid norm 2.087733494696e-06 true resid norm 6.993597582426e-06 ||r(i)||/||b|| 3.623974356325e-04
 93 KSP preconditioned resid norm 2.952494083679e-06 true resid norm 6.995931660742e-06 ||r(i)||/||b|| 3.625183839694e-04
 94 KSP preconditioned resid norm 2.087727934040e-06 true resid norm 6.996661887679e-06 ||r(i)||/||b|| 3.625562232025e-04
 94 KSP preconditioned resid norm 2.952493035609e-06 true resid norm 6.996925078307e-06 ||r(i)||/||b|| 3.625698613348e-04
 95 KSP preconditioned resid norm 2.087724286373e-06 true resid norm 6.998801750257e-06 ||r(i)||/||b|| 3.626671075795e-04
 95 KSP preconditioned resid norm 2.952282314589e-06 true resid norm 7.012167684086e-06 ||r(i)||/||b|| 3.633597096470e-04
 96 KSP preconditioned resid norm 2.086741753378e-06 true resid norm 6.993298517236e-06 ||r(i)||/||b|| 3.623819385358e-04
 96 KSP preconditioned resid norm 2.944307768056e-06 true resid norm 6.985671083659e-06 ||r(i)||/||b|| 3.619866966970e-04
 97 KSP preconditioned resid norm 2.075642374483e-06 true resid norm 6.945002780598e-06 ||r(i)||/||b|| 3.598793279834e-04
 97 KSP preconditioned resid norm 2.923750254713e-06 true resid norm 6.935077002073e-06 ||r(i)||/||b|| 3.593649894556e-04
 98 KSP preconditioned resid norm 2.059088489817e-06 true resid norm 6.928151594409e-06 ||r(i)||/||b|| 3.590061255164e-04
 98 KSP preconditioned resid norm 2.900124327053e-06 true resid norm 6.924263936152e-06 ||r(i)||/||b|| 3.588046730641e-04
 99 KSP preconditioned resid norm 2.041781396475e-06 true resid norm 6.926850832888e-06 ||r(i)||/||b|| 3.589387220614e-04
 99 KSP preconditioned resid norm 2.874127537311e-06 true resid norm 6.967132135326e-06 ||r(i)||/||b|| 3.610260369999e-04
100 KSP preconditioned resid norm 2.011820234446e-06 true resid norm 6.906144021009e-06 ||r(i)||/||b|| 3.578657270203e-04
100 KSP preconditioned resid norm 2.783982037773e-06 true resid norm 6.764992682884e-06 ||r(i)||/||b|| 3.505514824746e-04
101 KSP preconditioned resid norm 1.959595761160e-06 true resid norm 6.767373917806e-06 ||r(i)||/||b|| 3.506748743940e-04
101 KSP preconditioned resid norm 2.768568642126e-06 true resid norm 6.787593841277e-06 ||r(i)||/||b|| 3.517226396290e-04
102 KSP preconditioned resid norm 1.943370424579e-06 true resid norm 6.775382783324e-06 ||r(i)||/||b|| 3.510898814475e-04
102 KSP preconditioned resid norm 2.608960614171e-06 true resid norm 6.422861543353e-06 ||r(i)||/||b|| 3.328227747309e-04
103 KSP preconditioned resid norm 1.747851632581e-06 true resid norm 6.083022526026e-06 ||r(i)||/||b|| 3.152128412230e-04
103 KSP preconditioned resid norm 2.337686294652e-06 true resid norm 5.824649313949e-06 ||r(i)||/||b|| 3.018243400418e-04
104 KSP preconditioned resid norm 1.533074436533e-06 true resid norm 5.449652128676e-06 ||r(i)||/||b|| 2.823925645199e-04
104 KSP preconditioned resid norm 1.966722632091e-06 true resid norm 4.988156073454e-06 ||r(i)||/||b|| 2.584785510246e-04
105 KSP preconditioned resid norm 1.381012400542e-06 true resid norm 5.009743490494e-06 ||r(i)||/||b|| 2.595971776663e-04
105 KSP preconditioned resid norm 1.951973555192e-06 true resid norm 5.030636453011e-06 ||r(i)||/||b|| 2.606798187462e-04
106 KSP preconditioned resid norm 1.375146522313e-06 true resid norm 5.003238472495e-06 ||r(i)||/||b|| 2.592600976708e-04
106 KSP preconditioned resid norm 1.897841922607e-06 true resid norm 4.842136421707e-06 ||r(i)||/||b|| 2.509120379787e-04
107 KSP preconditioned resid norm 1.214835852752e-06 true resid norm 4.210599909422e-06 ||r(i)||/||b|| 2.181867903700e-04
107 KSP preconditioned resid norm 1.268540332718e-06 true resid norm 2.809405817797e-06 ||r(i)||/||b|| 1.455790745780e-04
108 KSP preconditioned resid norm 7.053605831000e-07 true resid norm 1.975496065096e-06 ||r(i)||/||b|| 1.023671579120e-04
108 KSP preconditioned resid norm 8.096715978175e-07 true resid norm 1.582861947520e-06 ||r(i)||/||b|| 8.202146377182e-05
109 KSP preconditioned resid norm 4.868953837279e-07 true resid norm 1.345811962484e-06 ||r(i)||/||b|| 6.973789931426e-05
109 KSP preconditioned resid norm 6.015165195544e-07 true resid norm 1.217260347090e-06 ||r(i)||/||b|| 6.307655295909e-05
110 KSP preconditioned resid norm 3.908994829797e-07 true resid norm 1.167857304676e-06 ||r(i)||/||b|| 6.051656352988e-05
110 KSP preconditioned resid norm 5.222078064642e-07 true resid norm 1.158101902853e-06 ||r(i)||/||b|| 6.001105365994e-05
111 KSP preconditioned resid norm 3.692044112329e-07 true resid norm 1.156465639542e-06 ||r(i)||/||b|| 5.992626501992e-05
111 KSP preconditioned resid norm 5.221336912816e-07 true resid norm 1.156568977830e-06 ||r(i)||/||b|| 5.993161985056e-05
112 KSP preconditioned resid norm 3.691538666245e-07 true resid norm 1.156985268683e-06 ||r(i)||/||b|| 5.995319140022e-05
112 KSP preconditioned resid norm 4.977310696933e-07 true resid norm 1.149105635588e-06 ||r(i)||/||b|| 5.954488097145e-05
113 KSP preconditioned resid norm 3.497006408954e-07 true resid norm 1.148992047564e-06 ||r(i)||/||b|| 5.953899501532e-05
113 KSP preconditioned resid norm 4.941057472067e-07 true resid norm 1.152543255029e-06 ||r(i)||/||b|| 5.972301310667e-05
114 KSP preconditioned resid norm 3.462562614000e-07 true resid norm 1.144163744779e-06 ||r(i)||/||b|| 5.928879981505e-05
114 KSP preconditioned resid norm 4.508371832478e-07 true resid norm 1.086943514503e-06 ||r(i)||/||b|| 5.632373577273e-05
115 KSP preconditioned resid norm 3.049655778309e-07 true resid norm 1.042761854946e-06 ||r(i)||/||b|| 5.403431034655e-05
115 KSP preconditioned resid norm 4.205648438101e-07 true resid norm 1.032349269310e-06 ||r(i)||/||b|| 5.349474622547e-05
116 KSP preconditioned resid norm 2.835984900334e-07 true resid norm 1.001518806551e-06 ||r(i)||/||b|| 5.189715921660e-05
116 KSP preconditioned resid norm 3.686400517788e-07 true resid norm 9.440346047339e-07 ||r(i)||/||b|| 4.891841657628e-05
117 KSP preconditioned resid norm 2.424180912018e-07 true resid norm 8.973930099256e-07 ||r(i)||/||b|| 4.650152110107e-05
117 KSP preconditioned resid norm 3.216493417195e-07 true resid norm 8.645632382442e-07 ||r(i)||/||b|| 4.480033298873e-05
118 KSP preconditioned resid norm 2.147787732847e-07 true resid norm 8.353441642289e-07 ||r(i)||/||b|| 4.328624565815e-05
118 KSP preconditioned resid norm 2.883374553262e-07 true resid norm 8.148311143853e-07 ||r(i)||/||b|| 4.222329106680e-05
119 KSP preconditioned resid norm 1.940733585661e-07 true resid norm 7.948067396307e-07 ||r(i)||/||b|| 4.118565886453e-05
119 KSP preconditioned resid norm 2.618669262102e-07 true resid norm 7.765392223988e-07 ||r(i)||/||b|| 4.023906430827e-05
120 KSP preconditioned resid norm 1.794403226287e-07 true resid norm 7.642597591966e-07 ||r(i)||/||b|| 3.960276147229e-05
120 KSP preconditioned resid norm 2.483554455172e-07 true resid norm 7.608410263943e-07 ||r(i)||/||b|| 3.942560801356e-05
121 KSP preconditioned resid norm 1.729302224690e-07 true resid norm 7.508211229715e-07 ||r(i)||/||b|| 3.890639207886e-05
121 KSP preconditioned resid norm 2.418566705144e-07 true resid norm 7.506569598128e-07 ||r(i)||/||b|| 3.889788539728e-05
122 KSP preconditioned resid norm 1.675299619346e-07 true resid norm 7.464879856334e-07 ||r(i)||/||b|| 3.868185558801e-05
122 KSP preconditioned resid norm 2.282668471465e-07 true resid norm 7.358355916327e-07 ||r(i)||/||b|| 3.812986496749e-05
123 KSP preconditioned resid norm 1.545902435410e-07 true resid norm 7.136451488086e-07 ||r(i)||/||b|| 3.697999046009e-05
123 KSP preconditioned resid norm 2.080762939146e-07 true resid norm 6.889248569514e-07 ||r(i)||/||b|| 3.569902307935e-05
124 KSP preconditioned resid norm 1.468548392810e-07 true resid norm 6.849615970750e-07 ||r(i)||/||b|| 3.549365306784e-05
124 KSP preconditioned resid norm 2.076684062113e-07 true resid norm 6.849808961112e-07 ||r(i)||/||b|| 3.549465311412e-05
125 KSP preconditioned resid norm 1.466610234833e-07 true resid norm 6.823804744960e-07 ||r(i)||/||b|| 3.535990327846e-05
125 KSP preconditioned resid norm 2.032830090534e-07 true resid norm 6.815841138277e-07 ||r(i)||/||b|| 3.531863709741e-05
126 KSP preconditioned resid norm 1.406538100114e-07 true resid norm 6.784955384017e-07 ||r(i)||/||b|| 3.515859188450e-05
126 KSP preconditioned resid norm 1.943133001858e-07 true resid norm 6.748237428076e-07 ||r(i)||/||b|| 3.496832510237e-05
127 KSP preconditioned resid norm 1.343960427254e-07 true resid norm 6.717659869752e-07 ||r(i)||/||b|| 3.480987691324e-05
127 KSP preconditioned resid norm 1.861271676395e-07 true resid norm 6.692512626957e-07 ||r(i)||/||b|| 3.467956778128e-05
128 KSP preconditioned resid norm 1.299654866730e-07 true resid norm 6.676594432435e-07 ||r(i)||/||b|| 3.459708215344e-05
128 KSP preconditioned resid norm 1.823946783325e-07 true resid norm 6.690998530295e-07 ||r(i)||/||b|| 3.467172196600e-05
129 KSP preconditioned resid norm 1.277811842115e-07 true resid norm 6.711207605455e-07 ||r(i)||/||b|| 3.477644227523e-05
129 KSP preconditioned resid norm 1.786991792990e-07 true resid norm 6.748507948482e-07 ||r(i)||/||b|| 3.496972689737e-05
130 KSP preconditioned resid norm 1.248934531678e-07 true resid norm 6.776681932421e-07 ||r(i)||/||b|| 3.511572013491e-05
130 KSP preconditioned resid norm 1.744915569972e-07 true resid norm 6.801255065617e-07 ||r(i)||/||b|| 3.524305431951e-05
131 KSP preconditioned resid norm 1.219498403835e-07 true resid norm 6.824665457759e-07 ||r(i)||/||b|| 3.536436335938e-05
131 KSP preconditioned resid norm 1.705328214672e-07 true resid norm 6.849977507328e-07 ||r(i)||/||b|| 3.549552649461e-05
132 KSP preconditioned resid norm 1.193094176345e-07 true resid norm 6.873768283977e-07 ||r(i)||/||b|| 3.561880662830e-05
132 KSP preconditioned resid norm 1.670403280382e-07 true resid norm 6.898025266297e-07 ||r(i)||/||b|| 3.574450256784e-05
133 KSP preconditioned resid norm 1.169282700206e-07 true resid norm 6.920096374951e-07 ||r(i)||/||b|| 3.585887164732e-05
133 KSP preconditioned resid norm 1.636928010989e-07 true resid norm 6.940837541886e-07 ||r(i)||/||b|| 3.596634917402e-05
134 KSP preconditioned resid norm 1.146321369744e-07 true resid norm 6.962263513410e-07 ||r(i)||/||b|| 3.607737525244e-05
134 KSP preconditioned resid norm 1.606192608551e-07 true resid norm 6.985305217600e-07 ||r(i)||/||b|| 3.619677380823e-05
135 KSP preconditioned resid norm 1.129508495370e-07 true resid norm 7.015814303635e-07 ||r(i)||/||b|| 3.635486718453e-05
135 KSP preconditioned resid norm 1.592108583951e-07 true resid norm 7.047826441960e-07 ||r(i)||/||b|| 3.652074914587e-05
136 KSP preconditioned resid norm 1.121539387128e-07 true resid norm 7.080603350664e-07 ||r(i)||/||b|| 3.669059402931e-05
136 KSP preconditioned resid norm 1.579231502562e-07 true resid norm 7.114201314894e-07 ||r(i)||/||b|| 3.686469349580e-05
137 KSP preconditioned resid norm 1.112783352557e-07 true resid norm 7.130550758254e-07 ||r(i)||/||b|| 3.694941378858e-05
137 KSP preconditioned resid norm 1.569267465663e-07 true resid norm 7.144712443534e-07 ||r(i)||/||b|| 3.702279745656e-05
138 KSP preconditioned resid norm 1.102251972617e-07 true resid norm 7.138157356471e-07 ||r(i)||/||b|| 3.698883000685e-05
138 KSP preconditioned resid norm 1.534732667282e-07 true resid norm 7.083744582367e-07 ||r(i)||/||b|| 3.670687140730e-05
139 KSP preconditioned resid norm 1.068522414959e-07 true resid norm 7.028885294341e-07 ||r(i)||/||b|| 3.642259904152e-05
139 KSP preconditioned resid norm 1.487964497679e-07 true resid norm 6.974248140335e-07 ||r(i)||/||b|| 3.613947773995e-05
140 KSP preconditioned resid norm 1.036984280362e-07 true resid norm 6.926991027273e-07 ||r(i)||/||b|| 3.589459867181e-05
140 KSP preconditioned resid norm 1.446598552135e-07 true resid norm 6.886179621070e-07 ||r(i)||/||b|| 3.568312026205e-05
141 KSP preconditioned resid norm 1.009629195903e-07 true resid norm 6.848700721474e-07 ||r(i)||/||b|| 3.548891038732e-05
141 KSP preconditioned resid norm 1.410117293564e-07 true resid norm 6.817128698078e-07 ||r(i)||/||b|| 3.532530903363e-05
142 KSP preconditioned resid norm 9.960242741829e-08 true resid norm 6.805244707586e-07 ||r(i)||/||b|| 3.526372802859e-05
142 KSP preconditioned resid norm 1.408457069197e-07 true resid norm 6.803843529926e-07 ||r(i)||/||b|| 3.525646734216e-05
143 KSP preconditioned resid norm 9.956120654223e-08 true resid norm 6.799950940571e-07 ||r(i)||/||b|| 3.523629654475e-05
143 KSP preconditioned resid norm 1.406505544151e-07 true resid norm 6.788422686999e-07 ||r(i)||/||b|| 3.517655891354e-05
144 KSP preconditioned resid norm 9.871140763914e-08 true resid norm 6.687892789711e-07 ||r(i)||/||b|| 3.465562849751e-05
144 KSP preconditioned resid norm 1.327647289265e-07 true resid norm 6.092521641623e-07 ||r(i)||/||b|| 3.157050707361e-05
145 KSP preconditioned resid norm 9.233072648665e-08 true resid norm 5.903726947187e-07 ||r(i)||/||b|| 3.059220209798e-05
145 KSP preconditioned resid norm 1.298258451437e-07 true resid norm 5.868274668314e-07 ||r(i)||/||b|| 3.040849385913e-05
146 KSP preconditioned resid norm 9.172172834479e-08 true resid norm 5.869404065069e-07 ||r(i)||/||b|| 3.041434621885e-05
146 KSP preconditioned resid norm 1.296973147489e-07 true resid norm 5.874145688136e-07 ||r(i)||/||b|| 3.043891657795e-05
147 KSP preconditioned resid norm 9.169656464167e-08 true resid norm 5.868867282164e-07 ||r(i)||/||b|| 3.041156469266e-05
147 KSP preconditioned resid norm 1.296575087647e-07 true resid norm 5.869806530666e-07 ||r(i)||/||b|| 3.041643173347e-05
148 KSP preconditioned resid norm 9.165056258861e-08 true resid norm 5.868293576628e-07 ||r(i)||/||b|| 3.040859183910e-05
148 KSP preconditioned resid norm 1.295212586897e-07 true resid norm 5.862873483990e-07 ||r(i)||/||b|| 3.038050575536e-05
149 KSP preconditioned resid norm 9.157862115192e-08 true resid norm 5.861901102762e-07 ||r(i)||/||b|| 3.037546702588e-05
149 KSP preconditioned resid norm 1.295107419485e-07 true resid norm 5.861876943923e-07 ||r(i)||/||b|| 3.037534183850e-05
150 KSP preconditioned resid norm 9.157562667683e-08 true resid norm 5.861732552894e-07 ||r(i)||/||b|| 3.037459362647e-05
150 KSP preconditioned resid norm 1.294967915726e-07 true resid norm 5.861110837100e-07 ||r(i)||/||b|| 3.037137199116e-05
151 KSP preconditioned resid norm 9.156019308040e-08 true resid norm 5.860357680639e-07 ||r(i)||/||b|| 3.036746925059e-05
151 KSP preconditioned resid norm 1.294741023838e-07 true resid norm 5.860870128716e-07 ||r(i)||/||b|| 3.037012467745e-05
152 KSP preconditioned resid norm 9.154174870813e-08 true resid norm 5.860994189403e-07 ||r(i)||/||b|| 3.037076754079e-05
152 KSP preconditioned resid norm 1.294413534475e-07 true resid norm 5.860782358848e-07 ||r(i)||/||b|| 3.036966986754e-05
153 KSP preconditioned resid norm 9.151619090049e-08 true resid norm 5.860793345394e-07 ||r(i)||/||b|| 3.036972679813e-05
153 KSP preconditioned resid norm 1.294058317138e-07 true resid norm 5.861101447747e-07 ||r(i)||/||b|| 3.037132333698e-05
154 KSP preconditioned resid norm 9.150244281533e-08 true resid norm 5.861465219804e-07 ||r(i)||/||b|| 3.037320834765e-05
154 KSP preconditioned resid norm 1.294038041054e-07 true resid norm 5.861669295773e-07 ||r(i)||/||b|| 3.037426583783e-05
155 KSP preconditioned resid norm 9.150182359741e-08 true resid norm 5.861906934292e-07 ||r(i)||/||b|| 3.037549724397e-05
155 KSP preconditioned resid norm 1.294006756751e-07 true resid norm 5.862259512982e-07 ||r(i)||/||b|| 3.037732425234e-05
156 KSP preconditioned resid norm 9.149743586101e-08 true resid norm 5.862186788598e-07 ||r(i)||/||b|| 3.037694740580e-05
156 KSP preconditioned resid norm 1.293911279417e-07 true resid norm 5.862145624932e-07 ||r(i)||/||b|| 3.037673410203e-05
157 KSP preconditioned resid norm 9.149331435078e-08 true resid norm 5.862151790658e-07 ||r(i)||/||b|| 3.037676605188e-05
157 KSP preconditioned resid norm 1.293910857176e-07 true resid norm 5.862156225907e-07 ||r(i)||/||b|| 3.037678903465e-05
158 KSP preconditioned resid norm 9.149331393900e-08 true resid norm 5.862160488859e-07 ||r(i)||/||b|| 3.037681112461e-05
158 KSP preconditioned resid norm 1.293910851833e-07 true resid norm 5.862164588632e-07 ||r(i)||/||b|| 3.037683236900e-05
159 KSP preconditioned resid norm 9.149330990672e-08 true resid norm 5.862184342084e-07 ||r(i)||/||b|| 3.037693472834e-05
159 KSP preconditioned resid norm 1.293909636901e-07 true resid norm 5.862323499677e-07 ||r(i)||/||b|| 3.037765582152e-05
160 KSP preconditioned resid norm 9.149304413371e-08 true resid norm 5.862705362710e-07 ||r(i)||/||b|| 3.037963457683e-05
160 KSP preconditioned resid norm 1.293901221903e-07 true resid norm 5.863887503289e-07 ||r(i)||/||b|| 3.038576024691e-05
161 KSP preconditioned resid norm 9.149174455019e-08 true resid norm 5.865712691099e-07 ||r(i)||/||b|| 3.039521808851e-05
161 KSP preconditioned resid norm 1.293861531770e-07 true resid norm 5.869552175580e-07 ||r(i)||/||b|| 3.041511370466e-05
162 KSP preconditioned resid norm 9.148917563891e-08 true resid norm 5.871033825960e-07 ||r(i)||/||b|| 3.042279138832e-05
162 KSP preconditioned resid norm 1.293849208683e-07 true resid norm 5.871638927625e-07 ||r(i)||/||b|| 3.042592693178e-05
163 KSP preconditioned resid norm 9.148895479448e-08 true resid norm 5.871634180394e-07 ||r(i)||/||b|| 3.042590233236e-05
163 KSP preconditioned resid norm 1.293849206776e-07 true resid norm 5.871634304878e-07 ||r(i)||/||b|| 3.042590297742e-05
164 KSP preconditioned resid norm 9.148895212194e-08 true resid norm 5.871599264162e-07 ||r(i)||/||b|| 3.042572140183e-05
164 KSP preconditioned resid norm 1.292623532077e-07 true resid norm 5.895894426689e-07 ||r(i)||/||b|| 3.055161518531e-05
165 KSP preconditioned resid norm 9.132325247294e-08 true resid norm 5.919371571160e-07 ||r(i)||/||b|| 3.067327012545e-05
165 KSP preconditioned resid norm 1.290486293556e-07 true resid norm 5.941705442857e-07 ||r(i)||/||b|| 3.078900080248e-05
166 KSP preconditioned resid norm 9.117728395427e-08 true resid norm 5.964801052280e-07 ||r(i)||/||b|| 3.090867868687e-05
166 KSP preconditioned resid norm 1.288370928205e-07 true resid norm 5.988555961042e-07 ||r(i)||/||b|| 3.103177295870e-05
167 KSP preconditioned resid norm 9.101997273608e-08 true resid norm 6.011228639607e-07 ||r(i)||/||b|| 3.114925928064e-05
167 KSP preconditioned resid norm 1.285972862686e-07 true resid norm 6.032510432815e-07 ||r(i)||/||b|| 3.125953824927e-05
168 KSP preconditioned resid norm 9.093181858132e-08 true resid norm 6.033628176408e-07 ||r(i)||/||b|| 3.126533022410e-05
168 KSP preconditioned resid norm 1.285970104793e-07 true resid norm 6.033674719539e-07 ||r(i)||/||b|| 3.126557140343e-05
169 KSP preconditioned resid norm 9.093170688294e-08 true resid norm 6.033959836835e-07 ||r(i)||/||b|| 3.126704883726e-05
169 KSP preconditioned resid norm 1.285562560059e-07 true resid norm 6.032979756690e-07 ||r(i)||/||b|| 3.126197021318e-05
170 KSP preconditioned resid norm 9.086573697326e-08 true resid norm 6.026741431756e-07 ||r(i)||/||b|| 3.122964417594e-05
170 KSP preconditioned resid norm 1.284351728801e-07 true resid norm 6.020761455008e-07 ||r(i)||/||b|| 3.119865685914e-05
171 KSP preconditioned resid norm 9.075912150166e-08 true resid norm 6.011660739903e-07 ||r(i)||/||b|| 3.115149835770e-05
171 KSP preconditioned resid norm 1.282535471837e-07 true resid norm 6.009464995335e-07 ||r(i)||/||b|| 3.114012034815e-05
172 KSP preconditioned resid norm 9.068684573730e-08 true resid norm 6.010778609987e-07 ||r(i)||/||b|| 3.114692729659e-05
172 KSP preconditioned resid norm 1.282504775759e-07 true resid norm 6.011321387606e-07 ||r(i)||/||b|| 3.114973988646e-05
173 KSP preconditioned resid norm 9.068678190498e-08 true resid norm 6.011378272144e-07 ||r(i)||/||b|| 3.115003465336e-05
173 KSP preconditioned resid norm 1.282504768929e-07 true resid norm 6.011384333589e-07 ||r(i)||/||b|| 3.115006606283e-05
174 KSP preconditioned resid norm 9.068678014654e-08 true resid norm 6.011423624796e-07 ||r(i)||/||b|| 3.115026966380e-05
174 KSP preconditioned resid norm 1.282492737074e-07 true resid norm 6.011651358932e-07 ||r(i)||/||b|| 3.115144974695e-05
175 KSP preconditioned resid norm 9.066395109054e-08 true resid norm 6.007221611835e-07 ||r(i)||/||b|| 3.112849548101e-05
175 KSP preconditioned resid norm 1.274209449259e-07 true resid norm 5.944380595603e-07 ||r(i)||/||b|| 3.080286303123e-05
176 KSP preconditioned resid norm 8.999623401621e-08 true resid norm 5.934844491900e-07 ||r(i)||/||b|| 3.075344841326e-05
176 KSP preconditioned resid norm 1.272465255738e-07 true resid norm 5.935706948492e-07 ||r(i)||/||b|| 3.075791753024e-05
177 KSP preconditioned resid norm 8.993386107133e-08 true resid norm 5.939902646410e-07 ||r(i)||/||b|| 3.077965898946e-05
177 KSP preconditioned resid norm 1.270506161645e-07 true resid norm 5.961811490790e-07 ||r(i)||/||b|| 3.089318724051e-05
178 KSP preconditioned resid norm 8.976148712182e-08 true resid norm 5.982948063358e-07 ||r(i)||/||b|| 3.100271369820e-05
178 KSP preconditioned resid norm 1.268543792369e-07 true resid norm 6.003673950203e-07 ||r(i)||/||b|| 3.111011204583e-05
179 KSP preconditioned resid norm 8.962314319289e-08 true resid norm 6.023262339803e-07 ||r(i)||/||b|| 3.121161605826e-05
179 KSP preconditioned resid norm 1.266128021789e-07 true resid norm 6.041940929103e-07 ||r(i)||/||b|| 3.130840562592e-05
180 KSP preconditioned resid norm 8.951346953794e-08 true resid norm 6.042594258148e-07 ||r(i)||/||b|| 3.131179107622e-05
180 KSP preconditioned resid norm 1.265876486066e-07 true resid norm 6.042103039463e-07 ||r(i)||/||b|| 3.130924565679e-05
181 KSP preconditioned resid norm 8.950651558354e-08 true resid norm 6.041083582585e-07 ||r(i)||/||b|| 3.130396298855e-05
181 KSP preconditioned resid norm 1.265699615127e-07 true resid norm 6.040677992757e-07 ||r(i)||/||b|| 3.130186128464e-05
182 KSP preconditioned resid norm 8.902111778019e-08 true resid norm 5.985755197439e-07 ||r(i)||/||b|| 3.101725983387e-05
182 KSP preconditioned resid norm 9.839607095366e-08 true resid norm 3.837728609224e-07 ||r(i)||/||b|| 1.988651749325e-05
183 KSP preconditioned resid norm 6.745526194584e-08 true resid norm 3.646696396985e-07 ||r(i)||/||b|| 1.889661804561e-05
183 KSP preconditioned resid norm 9.492941037777e-08 true resid norm 3.623843419838e-07 ||r(i)||/||b|| 1.877819744423e-05
184 KSP preconditioned resid norm 6.668657956485e-08 true resid norm 3.596907874425e-07 ||r(i)||/||b|| 1.863862160405e-05
184 KSP preconditioned resid norm 9.348927574273e-08 true resid norm 3.565032593762e-07 ||r(i)||/||b|| 1.847344881799e-05
185 KSP preconditioned resid norm 6.562530623246e-08 true resid norm 3.535371725160e-07 ||r(i)||/||b|| 1.831975077356e-05
185 KSP preconditioned resid norm 9.224015862926e-08 true resid norm 3.516820780485e-07 ||r(i)||/||b|| 1.822362264065e-05
186 KSP preconditioned resid norm 6.503098264325e-08 true resid norm 3.483818972997e-07 ||r(i)||/||b|| 1.805261236641e-05
186 KSP preconditioned resid norm 9.183608562780e-08 true resid norm 3.484424378041e-07 ||r(i)||/||b|| 1.805574948193e-05
187 KSP preconditioned resid norm 6.225041901251e-08 true resid norm 3.217175699280e-07 ||r(i)||/||b|| 1.667090806495e-05
187 KSP preconditioned resid norm 4.705724630133e-08 true resid norm 1.074285355366e-07 ||r(i)||/||b|| 5.566780949770e-06
188 KSP preconditioned resid norm 3.007039540996e-08 true resid norm 9.156393091701e-08 ||r(i)||/||b|| 4.744701617397e-06
188 KSP preconditioned resid norm 4.135159328190e-08 true resid norm 8.990264360658e-08 ||r(i)||/||b|| 4.658616272329e-06
189 KSP preconditioned resid norm 2.479457747507e-08 true resid norm 6.878846815996e-08 ||r(i)||/||b|| 3.564512279760e-06
189 KSP preconditioned resid norm 2.019296983171e-08 true resid norm 3.302975033162e-08 ||r(i)||/||b|| 1.711550697432e-06
190 KSP preconditioned resid norm 1.217697730865e-08 true resid norm 2.921033292308e-08 ||r(i)||/||b|| 1.513634380665e-06
190 KSP preconditioned resid norm 1.603766246170e-08 true resid norm 2.958686597939e-08 ||r(i)||/||b|| 1.533145742654e-06
191 KSP preconditioned resid norm 1.070812359547e-08 true resid norm 2.919596177401e-08 ||r(i)||/||b|| 1.512889689895e-06
191 KSP preconditioned resid norm 1.444340654403e-08 true resid norm 2.972093708531e-08 ||r(i)||/||b|| 1.540093100492e-06
192 KSP preconditioned resid norm 9.861738441786e-09 true resid norm 3.041303139225e-08 ||r(i)||/||b|| 1.575956359579e-06
192 KSP preconditioned resid norm 1.358288814379e-08 true resid norm 3.143328016579e-08 ||r(i)||/||b|| 1.628824076785e-06
193 KSP preconditioned resid norm 9.382325741587e-09 true resid norm 2.974969158894e-08 ||r(i)||/||b|| 1.541583114502e-06
193 KSP preconditioned resid norm 1.299477853370e-08 true resid norm 2.966186624563e-08 ||r(i)||/||b|| 1.537032140726e-06
194 KSP preconditioned resid norm 8.656007681117e-09 true resid norm 2.856679951589e-08 ||r(i)||/||b|| 1.480287472474e-06
194 KSP preconditioned resid norm 1.053711772519e-08 true resid norm 2.487687516649e-08 ||r(i)||/||b|| 1.289081286224e-06
195 KSP preconditioned resid norm 7.352753753121e-09 true resid norm 2.531807325638e-08 ||r(i)||/||b|| 1.311943490475e-06
195 KSP preconditioned resid norm 1.038428676420e-08 true resid norm 2.574510643493e-08 ||r(i)||/||b|| 1.334071690878e-06
196 KSP preconditioned resid norm 7.237696558435e-09 true resid norm 2.527615653165e-08 ||r(i)||/||b|| 1.309771430477e-06
196 KSP preconditioned resid norm 8.952163523770e-09 true resid norm 2.140886887008e-08 ||r(i)||/||b|| 1.109374551061e-06
197 KSP preconditioned resid norm 5.689797996910e-09 true resid norm 1.913917172151e-08 ||r(i)||/||b|| 9.917623469549e-07
197 KSP preconditioned resid norm 7.363082828241e-09 true resid norm 1.783590225776e-08 ||r(i)||/||b|| 9.242289342825e-07
198 KSP preconditioned resid norm 4.826888746022e-09 true resid norm 1.692164921264e-08 ||r(i)||/||b|| 8.768537521724e-07
198 KSP preconditioned resid norm 6.390036636467e-09 true resid norm 1.624860203648e-08 ||r(i)||/||b|| 8.419774860126e-07
199 KSP preconditioned resid norm 4.273072180700e-09 true resid norm 1.574811696877e-08 ||r(i)||/||b|| 8.160431220497e-07
199 KSP preconditioned resid norm 5.759476654266e-09 true resid norm 1.540023985826e-08 ||r(i)||/||b|| 7.980166669559e-07
200 KSP preconditioned resid norm 3.898922287769e-09 true resid norm 1.513197700607e-08 ||r(i)||/||b|| 7.841156998837e-07
200 KSP preconditioned resid norm 5.298603873884e-09 true resid norm 1.492159956441e-08 ||r(i)||/||b|| 7.732142654683e-07
201 KSP preconditioned resid norm 3.615943729296e-09 true resid norm 1.476286414054e-08 ||r(i)||/||b|| 7.649888407315e-07
201 KSP preconditioned resid norm 4.953056762633e-09 true resid norm 1.465174721545e-08 ||r(i)||/||b|| 7.592309331263e-07
202 KSP preconditioned resid norm 3.404601384728e-09 true resid norm 1.458180306426e-08 ||r(i)||/||b|| 7.556065351350e-07
202 KSP preconditioned resid norm 4.694720500916e-09 true resid norm 1.454631173059e-08 ||r(i)||/||b|| 7.537674289874e-07
203 KSP preconditioned resid norm 3.276717074952e-09 true resid norm 1.455329935387e-08 ||r(i)||/||b|| 7.541295168436e-07
203 KSP preconditioned resid norm 4.602399807665e-09 true resid norm 1.460319395008e-08 ||r(i)||/||b|| 7.567149778322e-07
204 KSP preconditioned resid norm 3.227407640155e-09 true resid norm 1.464830121182e-08 ||r(i)||/||b|| 7.590523665354e-07
204 KSP preconditioned resid norm 4.518364218725e-09 true resid norm 1.477922549503e-08 ||r(i)||/||b|| 7.658366608758e-07
205 KSP preconditioned resid norm 3.141266489920e-09 true resid norm 1.477198603901e-08 ||r(i)||/||b|| 7.654615234353e-07
205 KSP preconditioned resid norm 4.320039328401e-09 true resid norm 1.465123347519e-08 ||r(i)||/||b|| 7.592043118990e-07
206 KSP preconditioned resid norm 3.035524596292e-09 true resid norm 1.449536023511e-08 ||r(i)||/||b|| 7.511272011097e-07
206 KSP preconditioned resid norm 4.286609219691e-09 true resid norm 1.452101528257e-08 ||r(i)||/||b|| 7.524566060832e-07
207 KSP preconditioned resid norm 3.031041753544e-09 true resid norm 1.451987456774e-08 ||r(i)||/||b|| 7.523974960008e-07
207 KSP preconditioned resid norm 4.286539598089e-09 true resid norm 1.452015068508e-08 ||r(i)||/||b|| 7.524118039752e-07
208 KSP preconditioned resid norm 3.031040441439e-09 true resid norm 1.452031873322e-08 ||r(i)||/||b|| 7.524205119706e-07
208 KSP preconditioned resid norm 4.286536910507e-09 true resid norm 1.452043206513e-08 ||r(i)||/||b|| 7.524263846554e-07
209 KSP preconditioned resid norm 3.031034815674e-09 true resid norm 1.452021005536e-08 ||r(i)||/||b|| 7.524148804518e-07
209 KSP preconditioned resid norm 4.286505053328e-09 true resid norm 1.452112731658e-08 ||r(i)||/||b|| 7.524624115129e-07
210 KSP preconditioned resid norm 3.031005368619e-09 true resid norm 1.452167662285e-08 ||r(i)||/||b|| 7.524908757162e-07
210 KSP preconditioned resid norm 4.286478663628e-09 true resid norm 1.452200703536e-08 ||r(i)||/||b|| 7.525079971823e-07
211 KSP preconditioned resid norm 3.030973913236e-09 true resid norm 1.452240738881e-08 ||r(i)||/||b|| 7.525287428806e-07
211 KSP preconditioned resid norm 4.286329832358e-09 true resid norm 1.452303079592e-08 ||r(i)||/||b|| 7.525610468753e-07
212 KSP preconditioned resid norm 3.030801067164e-09 true resid norm 1.452379279045e-08 ||r(i)||/||b|| 7.526005322557e-07
212 KSP preconditioned resid norm 4.286052805609e-09 true resid norm 1.452471341177e-08 ||r(i)||/||b|| 7.526482374324e-07
213 KSP preconditioned resid norm 3.030693060441e-09 true resid norm 1.452496609743e-08 ||r(i)||/||b|| 7.526613312134e-07
213 KSP preconditioned resid norm 4.286047018178e-09 true resid norm 1.452504038970e-08 ||r(i)||/||b|| 7.526651809238e-07
214 KSP preconditioned resid norm 3.030692850731e-09 true resid norm 1.452506394752e-08 ||r(i)||/||b|| 7.526664016537e-07
214 KSP preconditioned resid norm 4.286046898465e-09 true resid norm 1.452507566644e-08 ||r(i)||/||b|| 7.526670089101e-07
215 KSP preconditioned resid norm 3.030692390851e-09 true resid norm 1.452505667538e-08 ||r(i)||/||b|| 7.526660248229e-07
215 KSP preconditioned resid norm 4.286035262341e-09 true resid norm 1.452664967745e-08 ||r(i)||/||b|| 7.527485717318e-07
216 KSP preconditioned resid norm 3.030643922550e-09 true resid norm 1.453062065690e-08 ||r(i)||/||b|| 7.529543417601e-07
216 KSP preconditioned resid norm 4.285677496529e-09 true resid norm 1.454037617708e-08 ||r(i)||/||b|| 7.534598577632e-07
217 KSP preconditioned resid norm 3.030197119224e-09 true resid norm 1.455071573373e-08 ||r(i)||/||b|| 7.539956376345e-07
217 KSP preconditioned resid norm 4.284979562595e-09 true resid norm 1.456170084232e-08 ||r(i)||/||b|| 7.545648690117e-07
218 KSP preconditioned resid norm 3.029771852660e-09 true resid norm 1.456462422990e-08 ||r(i)||/||b|| 7.547163544456e-07
218 KSP preconditioned resid norm 4.284593518166e-09 true resid norm 1.456572932127e-08 ||r(i)||/||b|| 7.547736185752e-07
219 KSP preconditioned resid norm 3.029663665895e-09 true resid norm 1.456534858638e-08 ||r(i)||/||b|| 7.547538894808e-07
219 KSP preconditioned resid norm 4.284591417279e-09 true resid norm 1.456541028705e-08 ||r(i)||/||b|| 7.547570867143e-07
220 KSP preconditioned resid norm 3.029663631254e-09 true resid norm 1.456534428934e-08 ||r(i)||/||b|| 7.547536668146e-07
220 KSP preconditioned resid norm 4.284591381935e-09 true resid norm 1.456541122183e-08 ||r(i)||/||b|| 7.547571351528e-07
221 KSP preconditioned resid norm 3.029663599205e-09 true resid norm 1.456551277809e-08 ||r(i)||/||b|| 7.547623976416e-07
221 KSP preconditioned resid norm 4.284591288583e-09 true resid norm 1.456566554363e-08 ||r(i)||/||b|| 7.547703137163e-07
222 KSP preconditioned resid norm 3.029663487035e-09 true resid norm 1.456585230027e-08 ||r(i)||/||b|| 7.547799911572e-07
222 KSP preconditioned resid norm 4.284591046773e-09 true resid norm 1.456608171687e-08 ||r(i)||/||b|| 7.547918791713e-07
223 KSP preconditioned resid norm 3.029662313117e-09 true resid norm 1.456567272836e-08 ||r(i)||/||b|| 7.547706860176e-07
223 KSP preconditioned resid norm 4.284573831432e-09 true resid norm 1.456652664617e-08 ||r(i)||/||b|| 7.548149347213e-07
224 KSP preconditioned resid norm 3.029635794096e-09 true resid norm 1.456773414078e-08 ||r(i)||/||b|| 7.548775052288e-07
224 KSP preconditioned resid norm 4.284521754859e-09 true resid norm 1.456949867963e-08 ||r(i)||/||b|| 7.549689409093e-07
225 KSP preconditioned resid norm 3.029614023136e-09 true resid norm 1.456960445139e-08 ||r(i)||/||b|| 7.549744218388e-07
225 KSP preconditioned resid norm 4.284521231528e-09 true resid norm 1.456960970376e-08 ||r(i)||/||b|| 7.549746940081e-07
226 KSP preconditioned resid norm 3.029614012864e-09 true resid norm 1.456960708920e-08 ||r(i)||/||b|| 7.549745585259e-07
226 KSP preconditioned resid norm 4.284521221930e-09 true resid norm 1.456960676988e-08 ||r(i)||/||b|| 7.549745419794e-07
227 KSP preconditioned resid norm 3.029613997764e-09 true resid norm 1.456960851518e-08 ||r(i)||/||b|| 7.549746324180e-07
227 KSP preconditioned resid norm 4.284521123855e-09 true resid norm 1.456962822427e-08 ||r(i)||/||b|| 7.549756537128e-07
228 KSP preconditioned resid norm 3.029613938160e-09 true resid norm 1.456962306582e-08 ||r(i)||/||b|| 7.549753864099e-07
228 KSP preconditioned resid norm 4.284521119926e-09 true resid norm 1.456962452845e-08 ||r(i)||/||b|| 7.549754622009e-07
229 KSP preconditioned resid norm 3.029613937614e-09 true resid norm 1.456962205275e-08 ||r(i)||/||b|| 7.549753339140e-07
229 KSP preconditioned resid norm 4.284521117286e-09 true resid norm 1.456962636233e-08 ||r(i)||/||b|| 7.549755572298e-07
230 KSP preconditioned resid norm 3.029608432012e-09 true resid norm 1.456959159195e-08 ||r(i)||/||b|| 7.549737554822e-07
230 KSP preconditioned resid norm 4.255149685222e-09 true resid norm 1.441485738700e-08 ||r(i)||/||b|| 7.469556677359e-07
231 KSP preconditioned resid norm 2.986392263805e-09 true resid norm 1.423163937294e-08 ||r(i)||/||b|| 7.374615929516e-07
231 KSP preconditioned resid norm 4.189124540006e-09 true resid norm 1.405198453665e-08 ||r(i)||/||b|| 7.281521565417e-07
232 KSP preconditioned resid norm 2.961460261617e-09 true resid norm 1.404051451722e-08 ||r(i)||/||b|| 7.275577978333e-07
232 KSP preconditioned resid norm 4.188108476742e-09 true resid norm 1.404174119145e-08 ||r(i)||/||b|| 7.276213621993e-07
233 KSP preconditioned resid norm 2.961428871285e-09 true resid norm 1.404289155994e-08 ||r(i)||/||b|| 7.276809725191e-07
233 KSP preconditioned resid norm 4.188084417464e-09 true resid norm 1.404394858041e-08 ||r(i)||/||b|| 7.277357456889e-07
234 KSP preconditioned resid norm 2.961397942285e-09 true resid norm 1.404167076730e-08 ||r(i)||/||b|| 7.276177129281e-07
234 KSP preconditioned resid norm 4.187901919034e-09 true resid norm 1.404452588271e-08 ||r(i)||/||b|| 7.277656606037e-07
235 KSP preconditioned resid norm 2.961128542627e-09 true resid norm 1.404680391764e-08 ||r(i)||/||b|| 7.278837048587e-07
235 KSP preconditioned resid norm 4.187296945448e-09 true resid norm 1.404864115918e-08 ||r(i)||/||b|| 7.279789078801e-07
236 KSP preconditioned resid norm 2.959088587775e-09 true resid norm 1.404009228362e-08 ||r(i)||/||b|| 7.275359183398e-07
236 KSP preconditioned resid norm 4.167861354185e-09 true resid norm 1.390792223010e-08 ||r(i)||/||b|| 7.206870701041e-07
237 KSP preconditioned resid norm 2.920880520422e-09 true resid norm 1.368311503896e-08 ||r(i)||/||b|| 7.090379083354e-07
237 KSP preconditioned resid norm 4.051214619760e-09 true resid norm 1.327155951455e-08 ||r(i)||/||b|| 6.877117360890e-07
238 KSP preconditioned resid norm 2.701019308036e-09 true resid norm 1.190204721747e-08 ||r(i)||/||b|| 6.167457220052e-07
238 KSP preconditioned resid norm 3.271599039170e-09 true resid norm 8.943402836487e-09 ||r(i)||/||b|| 4.634333353575e-07
239 KSP preconditioned resid norm 2.254778526658e-09 true resid norm 8.606112553054e-09 ||r(i)||/||b|| 4.459554733073e-07
239 KSP preconditioned resid norm 3.173098540254e-09 true resid norm 8.574223743264e-09 ||r(i)||/||b|| 4.443030443883e-07
240 KSP preconditioned resid norm 2.140989051490e-09 true resid norm 8.001512907863e-09 ||r(i)||/||b|| 4.146260525880e-07
240 KSP preconditioned resid norm 2.197453450958e-09 true resid norm 4.732499640971e-09 ||r(i)||/||b|| 2.452308291700e-07
241 KSP preconditioned resid norm 1.370144849573e-09 true resid norm 4.017147569623e-09 ||r(i)||/||b|| 2.081623886177e-07
KSP Object: 1 MPI processes
  type: tfqmr
  maximum iterations=1000, initial guess is zero
  tolerances:  relative=1e-07, absolute=1e-50, divergence=10000.
  left preconditioning
  using PRECONDITIONED norm type for convergence test
PC Object: 1 MPI processes
  type: fieldsplit
    FieldSplit with Schur preconditioner, blocksize = 1, factorization UPPER
    Preconditioner for the Schur complement formed from Sp, an assembled approximation to S, which uses A00's diagonal's inverse
    Split info:
    Split number 0 Defined by IS
    Split number 1 Defined by IS
    KSP solver for A00 block
      KSP Object: (fieldsplit_0_) 1 MPI processes
        type: preonly
        maximum iterations=10000, initial guess is zero
        tolerances:  relative=1e-05, absolute=1e-50, divergence=10000.
        left preconditioning
        using NONE norm type for convergence test
      PC Object: (fieldsplit_0_) 1 MPI processes
        type: gasm
          Restriction/interpolation type: RESTRICT
          requested amount of overlap = 0
          total number of subdomains = 1
          max number of local subdomains = 1
          [0|1] number of locally-supported subdomains = 1
          Subdomain solver info is as follows:
            - - - - - - - - - - - - - - - - - -
            [0|1] (subcomm [0|1]) local subdomain number 0, local size = 405
          KSP Object: (fieldsplit_0_sub_) 1 MPI processes
            type: preonly
            maximum iterations=10000, initial guess is zero
            tolerances:  relative=1e-05, absolute=1e-50, divergence=10000.
            left preconditioning
            using NONE norm type for convergence test
          PC Object: (fieldsplit_0_sub_) 1 MPI processes
            type: ilu
              out-of-place factorization
              0 levels of fill
              tolerance for zero pivot 2.22045e-14
              matrix ordering: natural
              factor fill ratio given 1., needed 1.
                Factored matrix follows:
                  Mat Object: 1 MPI processes
                    type: seqaij
                    rows=405, cols=405
                    package used to perform factorization: petsc
                    total: nonzeros=20025, allocated nonzeros=20025
                    total number of mallocs used during MatSetValues calls =0
                      using I-node routines: found 245 nodes, limit used is 5
            linear system matrix = precond matrix:
            Mat Object: (fieldsplit_0_) 1 MPI processes
              type: seqaij
              rows=405, cols=405
              total: nonzeros=20025, allocated nonzeros=20025
              total number of mallocs used during MatSetValues calls =0
                using I-node routines: found 245 nodes, limit used is 5
            - - - - - - - - - - - - - - - - - -
None
Traceback (most recent call last):
  File "/usr/local/bin/fenicsR13", line 11, in <module>
    load_entry_point('fenicsR13', 'console_scripts', 'fenicsR13')()
  File "/fenicsR13/fenicsR13/fenicsR13.py", line 120, in main
    solver.solve()
  File "/fenicsR13/fenicsR13/solver.py", line 1141, in solve
    solver.solve(sol.vector(), LL)
RuntimeError: 

*** -------------------------------------------------------------------------
*** DOLFIN encountered an error. If you are not able to resolve this issue
*** using the information listed below, you can ask for help at
***
***     fenics-support@googlegroups.com
***
*** Remember to include the error message listed below and, if possible,
*** include a *minimal* running example to reproduce the error.
***
*** -------------------------------------------------------------------------
*** Error:   Unable to successfully call PETSc function 'KSPSolve'.
*** Reason:  PETSc error code is: 77 (Petsc has generated inconsistent data).
*** Where:   This error was encountered inside /tmp/dolfin/dolfin/la/PETScKrylovSolver.cpp.
*** Process: 0
*** 
*** DOLFIN version: 2019.1.0
*** Git changeset:  74d7efe1e84d65e9433fd96c50f1d278fa3e3f3f
*** -------------------------------------------------------------------------

