-> Version: 1.4
-> Contact: Lambert Theisen <lambert.theisen@rwth-aachen.de>
-> Contact: Manuel Torrilhon <mt@mathcces.rwth-aachen.de>
-> Repository: <https://git.rwth-aachen.de/lamBOO/fenicsR13>
-> Documentation: <https://lamboo.pages.rwth-aachen.de/fenicsR13/>
  __            _          ____  _ _____
 / _| ___ _ __ (_) ___ ___|  _ \/ |___ /
| |_ / _ \ '_ \| |/ __/ __| |_) | | |_ \
|  _|  __/ | | | | (__\__ \  _ <| |___) |
|_|  \___|_| |_|_|\___|___/_| \_\_|____/

Input:
{"output_folder": "../../examples/precon_study/Simulation_Output_v1/schur_full_gasm_none", "meshes": ["../../tests/square_manufactured_solution/meshes/square2.h5", "../../tests/square_manufactured_solution/meshes/square3.h5", "../../tests/square_manufactured_solution/meshes/square4.h5", "../../tests/square_manufactured_solution/meshes/square5.h5"], "elements": {"theta": {"shape": "Lagrange", "degree": 1}, "s": {"shape": "Lagrange", "degree": 2}, "p": {"shape": "Lagrange", "degree": 1}, "u": {"shape": "Lagrange", "degree": 1}, "sigma": {"shape": "Lagrange", "degree": 2}}, "stabilization": {"cip": {"enable": false, "delta_theta": 1.0, "delta_u": 1.0, "delta_p": 0.1}, "gls": {"enable": false, "tau_energy": 0.001, "tau_heatflux": 0.001, "tau_mass": 0.01, "tau_momentum": 0.01, "tau_stress": 0.01}}, "nsd": 2, "mode": "r13", "heat_source": "2*(-1 + x[0])*x[0]*(-1 + x[1])*x[1]*(-((-1 + x[1])*x[1]) + std::pow(x[0],2)*(-1 + 2*x[1]) + x[0]*(1 - 4*x[1] + 2*std::pow(x[1],2)))", "mass_source": 0, "body_force": ["2*std::pow(-1 + x[0],2)*std::pow(x[0],2)*(-1 + x[1])*x[1]*(-1 + 2*x[1])", "2*(-1 + x[0])*x[0]*(-1 + 2*x[0])*std::pow(-1 + x[1],2)*std::pow(x[1],2)"], "f_s": ["(2*(-108*std::pow(-1 + x[1],2)*std::pow(x[1],2) + 9*x[0]*x[1]*(-16 + 115*x[1] - 166*std::pow(x[1],2) + 67*std::pow(x[1],3)) + std::pow(x[0],2)*(-36 + 678*x[1] - 2105*std::pow(x[1],2) + 1930*std::pow(x[1],3) - 503*std::pow(x[1],4)) + 2*std::pow(x[0],4)*(-18 + 123*x[1] - 148*std::pow(x[1],2) + 20*std::pow(x[1],3) + 5*std::pow(x[1],4)) - 2*std::pow(x[0],3)*(-36 + 390*x[1] - 683*std::pow(x[1],2) + 238*std::pow(x[1],3) + 55*std::pow(x[1],4))))/75.", "(2*(-36*std::pow(-1 + x[1],2)*std::pow(x[1],2) + 6*x[0]*x[1]*(-24 + 113*x[1] - 130*std::pow(x[1],2) + 41*std::pow(x[1],3)) + std::pow(x[0],2)*(-108 + 1035*x[1] - 2105*std::pow(x[1],2) + 1366*std::pow(x[1],3) - 296*std::pow(x[1],4)) + std::pow(x[0],4)*(-108 + 603*x[1] - 503*std::pow(x[1],2) - 110*std::pow(x[1],3) + 10*std::pow(x[1],4)) + 2*std::pow(x[0],3)*(108 - 747*x[1] + 965*std::pow(x[1],2) - 238*std::pow(x[1],3) + 20*std::pow(x[1],4))))/75."], "f_sigma": [["(-36*std::pow(-1 + x[1],2)*std::pow(x[1],2) + 8*x[0]*x[1]*(13 - 10*x[1] - 32*std::pow(x[1],2) + 29*std::pow(x[1],3)) + 2*std::pow(x[0],3)*(12 + 40*x[1] - 263*std::pow(x[1],2) + 222*std::pow(x[1],3) + std::pow(x[1],4)) + std::pow(x[0],4)*(-12 + 64*x[1] - 33*std::pow(x[1],2) - 46*std::pow(x[1],3) + 15*std::pow(x[1],4)) - std::pow(x[0],2)*(12 + 248*x[1] - 639*std::pow(x[1],2) + 142*std::pow(x[1],3) + 249*std::pow(x[1],4)))/30.", "(-62*std::pow(-1 + x[1],2)*std::pow(x[1],2) + 48*x[0]*x[1]*(-1 + 11*x[1] - 18*std::pow(x[1],2) + 8*std::pow(x[1],3)) + std::pow(x[0],2)*(-2 + 168*x[1] - 873*std::pow(x[1],2) + 1098*std::pow(x[1],3) - 393*std::pow(x[1],4)) - 2*std::pow(x[0],3)*(-2 + 72*x[1] - 189*std::pow(x[1],2) + 114*std::pow(x[1],3) + 3*std::pow(x[1],4)) + std::pow(x[0],4)*(-2 + 24*x[1] - 33*std::pow(x[1],2) - 6*std::pow(x[1],3) + 15*std::pow(x[1],4)))/30."], ["(-62*std::pow(-1 + x[1],2)*std::pow(x[1],2) + 48*x[0]*x[1]*(-1 + 11*x[1] - 18*std::pow(x[1],2) + 8*std::pow(x[1],3)) + std::pow(x[0],2)*(-2 + 168*x[1] - 873*std::pow(x[1],2) + 1098*std::pow(x[1],3) - 393*std::pow(x[1],4)) - 2*std::pow(x[0],3)*(-2 + 72*x[1] - 189*std::pow(x[1],2) + 114*std::pow(x[1],3) + 3*std::pow(x[1],4)) + std::pow(x[0],4)*(-2 + 24*x[1] - 33*std::pow(x[1],2) - 6*std::pow(x[1],3) + 15*std::pow(x[1],4)))/30.", "(-12*std::pow(-1 + x[1],2)*std::pow(x[1],2) + 8*x[0]*x[1]*(-17 + 59*x[1] - 50*std::pow(x[1],2) + 8*std::pow(x[1],3)) + std::pow(x[0],2)*(-36 + 640*x[1] - 1521*std::pow(x[1],2) + 914*std::pow(x[1],3) - 33*std::pow(x[1],4)) + std::pow(x[0],4)*(-36 + 232*x[1] - 249*std::pow(x[1],2) + 2*std::pow(x[1],3) + 15*std::pow(x[1],4)) - 2*std::pow(x[0],3)*(-36 + 368*x[1] - 649*std::pow(x[1],2) + 258*std::pow(x[1],3) + 23*std::pow(x[1],4)))/30."]], "petsc_options": {"ksp_type": "tfqmr", "ksp_rtol": "1E-7", "ksp_max_it": 1000, "ksp_view": null, "ksp_monitor_true_residual": null, "pc_type": "fieldsplit", "pc_fieldsplit_detect_saddle_point": null, "pc_fieldsplit_type": "schur", "pc_fieldsplit_schur_fact_type": "full", "pc_fieldsplit_schur_precondition": "selfp", "fieldsplit_0_ksp_type": "preonly", "fieldsplit_0_pc_type": "gasm", "fieldsplit_0_pc_gamg_type": "classical", "fieldsplit_1_ksp_type": "preonly", "fieldsplit_1_pc_type": "none"}, "regs": {"4000": {"kn": 1.0}}, "polar_coord_syst": true, "bcs": {"3000": {"chi_tilde": 1, "theta_w": 0, "u_t_w": 0, "u_n_w": 0, "u_x_w": "1E300", "u_y_w": "1E300", "u_z_w": "1E300", "p_w": 0, "epsilon_w": 0}, "3100": {"chi_tilde": 1, "theta_w": 0, "u_t_w": 0, "u_n_w": 0, "u_x_w": "1E300", "u_y_w": "1E300", "u_z_w": "1E300", "p_w": 0, "epsilon_w": 0}, "3200": {"chi_tilde": 1, "theta_w": 0, "u_t_w": 0, "u_n_w": 0, "u_x_w": "1E300", "u_y_w": "1E300", "u_z_w": "1E300", "p_w": 0, "epsilon_w": 0}, "3300": {"chi_tilde": 1, "theta_w": 0, "u_t_w": 0, "u_n_w": 0, "u_x_w": "1E300", "u_y_w": "1E300", "u_z_w": "1E300", "p_w": 0, "epsilon_w": 0}}, "convergence_study": {"enable": true,...
Study [''] : 
Mesh: ../../tests/square_manufactured_solution/meshes/square2.h5
hmax: 0.35355339059415386
Start assemble
Write: ../../examples/precon_study/Simulation_Output_v1/schur_full_gasm_none/assemble_0
Finish assemble: 0.03774523735046387
Start solve
#PETSc Option Table entries:
-fieldsplit_0_ksp_type preonly
-fieldsplit_0_pc_gamg_type classical
-fieldsplit_0_pc_type gasm
-fieldsplit_1_ksp_type preonly
-fieldsplit_1_pc_type none
-ksp_max_it 1000
-ksp_monitor_true_residual
-ksp_rtol 1E-7
-ksp_type tfqmr
-ksp_view
-pc_fieldsplit_detect_saddle_point
-pc_fieldsplit_schur_fact_type full
-pc_fieldsplit_schur_precondition selfp
-pc_fieldsplit_type schur
-pc_type fieldsplit
#End of PETSc Option Table entries
  0 KSP preconditioned resid norm 1.506452295357e-02 true resid norm 1.929814312902e-02 ||r(i)||/||b|| 1.000000000000e+00
  1 KSP preconditioned resid norm 8.731605319366e-03 true resid norm 1.192216030263e-02 ||r(i)||/||b|| 6.177879510437e-01
  1 KSP preconditioned resid norm 8.120111223350e-03 true resid norm 8.166283083051e-03 ||r(i)||/||b|| 4.231641888266e-01
  2 KSP preconditioned resid norm 4.238237341993e-03 true resid norm 5.085512851211e-03 ||r(i)||/||b|| 2.635234290269e-01
  2 KSP preconditioned resid norm 4.638267338270e-03 true resid norm 4.532861919837e-03 ||r(i)||/||b|| 2.348859105009e-01
  3 KSP preconditioned resid norm 2.613010131016e-03 true resid norm 4.281018039870e-03 ||r(i)||/||b|| 2.218357492350e-01
  3 KSP preconditioned resid norm 2.993465026449e-03 true resid norm 4.037586866372e-03 ||r(i)||/||b|| 2.092215214375e-01
  4 KSP preconditioned resid norm 2.077807178067e-03 true resid norm 4.038839222462e-03 ||r(i)||/||b|| 2.092864165977e-01
  4 KSP preconditioned resid norm 2.932601141668e-03 true resid norm 4.095723183465e-03 ||r(i)||/||b|| 2.122340556852e-01
  5 KSP preconditioned resid norm 2.072039268787e-03 true resid norm 4.113638564632e-03 ||r(i)||/||b|| 2.131624030939e-01
  5 KSP preconditioned resid norm 2.929405162186e-03 true resid norm 4.127969949373e-03 ||r(i)||/||b|| 2.139050333379e-01
  6 KSP preconditioned resid norm 2.067688751238e-03 true resid norm 4.097809680957e-03 ||r(i)||/||b|| 2.123421747658e-01
  6 KSP preconditioned resid norm 2.893997339119e-03 true resid norm 4.046382491690e-03 ||r(i)||/||b|| 2.096772971698e-01
  7 KSP preconditioned resid norm 2.032427470737e-03 true resid norm 4.031540416691e-03 ||r(i)||/||b|| 2.089082037447e-01
  7 KSP preconditioned resid norm 2.861289776223e-03 true resid norm 4.064967128732e-03 ||r(i)||/||b|| 2.106403243854e-01
  8 KSP preconditioned resid norm 2.022699492618e-03 true resid norm 4.039718452622e-03 ||r(i)||/||b|| 2.093319769479e-01
  8 KSP preconditioned resid norm 2.860484226142e-03 true resid norm 4.044395203850e-03 ||r(i)||/||b|| 2.095743189804e-01
  9 KSP preconditioned resid norm 2.022664584174e-03 true resid norm 4.046153579930e-03 ||r(i)||/||b|| 2.096654353157e-01
  9 KSP preconditioned resid norm 2.860479227464e-03 true resid norm 4.046659343873e-03 ||r(i)||/||b|| 2.096916432228e-01
 10 KSP preconditioned resid norm 2.022653245081e-03 true resid norm 4.043757609548e-03 ||r(i)||/||b|| 2.095412798275e-01
 10 KSP preconditioned resid norm 2.859935908664e-03 true resid norm 4.060366127360e-03 ||r(i)||/||b|| 2.104019075936e-01
 11 KSP preconditioned resid norm 2.021444537679e-03 true resid norm 4.031875275749e-03 ||r(i)||/||b|| 2.089255556244e-01
 11 KSP preconditioned resid norm 2.856111524798e-03 true resid norm 4.064928390235e-03 ||r(i)||/||b|| 2.106383170162e-01
 12 KSP preconditioned resid norm 1.975016858801e-03 true resid norm 3.869442947074e-03 ||r(i)||/||b|| 2.005085629848e-01
 12 KSP preconditioned resid norm 1.937797506020e-03 true resid norm 2.346204671171e-03 ||r(i)||/||b|| 1.215767058771e-01
 13 KSP preconditioned resid norm 1.356312643637e-03 true resid norm 2.350350791408e-03 ||r(i)||/||b|| 1.217915514303e-01
 13 KSP preconditioned resid norm 1.917345345698e-03 true resid norm 2.372470446690e-03 ||r(i)||/||b|| 1.229377578365e-01
 14 KSP preconditioned resid norm 1.355150982353e-03 true resid norm 2.399769733246e-03 ||r(i)||/||b|| 1.243523647432e-01
 14 KSP preconditioned resid norm 1.915485041898e-03 true resid norm 2.431555962852e-03 ||r(i)||/||b|| 1.259994781154e-01
 15 KSP preconditioned resid norm 1.353228911543e-03 true resid norm 2.382937953378e-03 ||r(i)||/||b|| 1.234801678818e-01
 15 KSP preconditioned resid norm 1.910728566800e-03 true resid norm 2.436317506579e-03 ||r(i)||/||b|| 1.262462139643e-01
 16 KSP preconditioned resid norm 1.319127690742e-03 true resid norm 2.200198358356e-03 ||r(i)||/||b|| 1.140108840341e-01
 16 KSP preconditioned resid norm 1.420127338100e-03 true resid norm 1.779693043312e-03 ||r(i)||/||b|| 9.222094744626e-02
 17 KSP preconditioned resid norm 9.484835791796e-04 true resid norm 2.027822445142e-03 ||r(i)||/||b|| 1.050786301866e-01
 17 KSP preconditioned resid norm 1.321032994761e-03 true resid norm 2.286832992264e-03 ||r(i)||/||b|| 1.185001570864e-01
 18 KSP preconditioned resid norm 9.309409581748e-04 true resid norm 2.127342423859e-03 ||r(i)||/||b|| 1.102356019248e-01
 18 KSP preconditioned resid norm 1.315538532895e-03 true resid norm 2.194970733930e-03 ||r(i)||/||b|| 1.137399966025e-01
 19 KSP preconditioned resid norm 9.302201943185e-04 true resid norm 2.188476524999e-03 ||r(i)||/||b|| 1.134034767163e-01
 19 KSP preconditioned resid norm 1.315529942933e-03 true resid norm 2.189069720180e-03 ||r(i)||/||b|| 1.134342151753e-01
 20 KSP preconditioned resid norm 9.302200063513e-04 true resid norm 2.190057840065e-03 ||r(i)||/||b|| 1.134854180231e-01
 20 KSP preconditioned resid norm 1.315529225490e-03 true resid norm 2.191693406183e-03 ||r(i)||/||b|| 1.135701705356e-01
 21 KSP preconditioned resid norm 9.302195372684e-04 true resid norm 2.190842991797e-03 ||r(i)||/||b|| 1.135261033743e-01
 21 KSP preconditioned resid norm 1.315529048201e-03 true resid norm 2.191283374777e-03 ||r(i)||/||b|| 1.135489233408e-01
 22 KSP preconditioned resid norm 9.302192854689e-04 true resid norm 2.192568362232e-03 ||r(i)||/||b|| 1.136155094080e-01
 22 KSP preconditioned resid norm 1.315526012735e-03 true resid norm 2.196315598691e-03 ||r(i)||/||b|| 1.138096854194e-01
 23 KSP preconditioned resid norm 9.299154128898e-04 true resid norm 2.208391939037e-03 ||r(i)||/||b|| 1.144354627423e-01
 23 KSP preconditioned resid norm 1.252715720007e-03 true resid norm 2.104246402149e-03 ||r(i)||/||b|| 1.090388017169e-01
 24 KSP preconditioned resid norm 8.719596710263e-04 true resid norm 1.932719865159e-03 ||r(i)||/||b|| 1.001505612347e-01
 24 KSP preconditioned resid norm 1.226582144942e-03 true resid norm 2.084031084763e-03 ||r(i)||/||b|| 1.079912751621e-01
 25 KSP preconditioned resid norm 8.652635234630e-04 true resid norm 1.957813419613e-03 ||r(i)||/||b|| 1.014508705073e-01
 25 KSP preconditioned resid norm 1.222363046269e-03 true resid norm 2.030589551068e-03 ||r(i)||/||b|| 1.052220173460e-01
 26 KSP preconditioned resid norm 8.641515540925e-04 true resid norm 2.032102975121e-03 ||r(i)||/||b|| 1.053004406453e-01
 26 KSP preconditioned resid norm 1.222039617194e-03 true resid norm 2.034780987876e-03 ||r(i)||/||b|| 1.054392111340e-01
 27 KSP preconditioned resid norm 8.640698840760e-04 true resid norm 2.038904805885e-03 ||r(i)||/||b|| 1.056529010203e-01
 27 KSP preconditioned resid norm 1.221913584198e-03 true resid norm 2.052616537586e-03 ||r(i)||/||b|| 1.063634217999e-01
 28 KSP preconditioned resid norm 8.632002087867e-04 true resid norm 2.100281201436e-03 ||r(i)||/||b|| 1.088333311342e-01
 28 KSP preconditioned resid norm 1.200648193538e-03 true resid norm 2.229160202305e-03 ||r(i)||/||b|| 1.155116420996e-01
 29 KSP preconditioned resid norm 6.276760843508e-04 true resid norm 1.306457554440e-03 ||r(i)||/||b|| 6.769861461310e-02
 29 KSP preconditioned resid norm 2.509216758383e-04 true resid norm 2.903658008141e-04 ||r(i)||/||b|| 1.504630776509e-02
 30 KSP preconditioned resid norm 1.715465501572e-04 true resid norm 3.152050712805e-04 ||r(i)||/||b|| 1.633344043378e-02
 30 KSP preconditioned resid norm 2.420060967689e-04 true resid norm 3.279509298477e-04 ||r(i)||/||b|| 1.699391115794e-02
 31 KSP preconditioned resid norm 1.710738068792e-04 true resid norm 3.320589661200e-04 ||r(i)||/||b|| 1.720678325889e-02
 31 KSP preconditioned resid norm 2.419263807386e-04 true resid norm 3.334117846316e-04 ||r(i)||/||b|| 1.727688422676e-02
 32 KSP preconditioned resid norm 1.710133222929e-04 true resid norm 3.376262999679e-04 ||r(i)||/||b|| 1.749527390851e-02
 32 KSP preconditioned resid norm 2.411558102614e-04 true resid norm 3.518064083263e-04 ||r(i)||/||b|| 1.823006524381e-02
 33 KSP preconditioned resid norm 1.697342026276e-04 true resid norm 3.298169862631e-04 ||r(i)||/||b|| 1.709060732207e-02
 33 KSP preconditioned resid norm 2.382588544230e-04 true resid norm 3.493147873413e-04 ||r(i)||/||b|| 1.810095328892e-02
 34 KSP preconditioned resid norm 1.604162413451e-04 true resid norm 3.797970496957e-04 ||r(i)||/||b|| 1.968049709014e-02
 34 KSP preconditioned resid norm 1.765987278902e-04 true resid norm 3.460362476353e-04 ||r(i)||/||b|| 1.793106442013e-02
 35 KSP preconditioned resid norm 1.179450119724e-04 true resid norm 2.769233032066e-04 ||r(i)||/||b|| 1.434973828079e-02
 35 KSP preconditioned resid norm 1.641040253682e-04 true resid norm 2.873991574915e-04 ||r(i)||/||b|| 1.489258088564e-02
 36 KSP preconditioned resid norm 1.160309634359e-04 true resid norm 2.859846993323e-04 ||r(i)||/||b|| 1.481928584633e-02
 36 KSP preconditioned resid norm 1.640925121903e-04 true resid norm 2.861154712757e-04 ||r(i)||/||b|| 1.482606224666e-02
 37 KSP preconditioned resid norm 1.160308243760e-04 true resid norm 2.863404898334e-04 ||r(i)||/||b|| 1.483772236111e-02
 37 KSP preconditioned resid norm 1.640919346639e-04 true resid norm 2.867281421245e-04 ||r(i)||/||b|| 1.485780990469e-02
 38 KSP preconditioned resid norm 1.160251192344e-04 true resid norm 2.882705936528e-04 ||r(i)||/||b|| 1.493773736289e-02
 38 KSP preconditioned resid norm 1.639490695793e-04 true resid norm 2.944642598475e-04 ||r(i)||/||b|| 1.525868358830e-02
 39 KSP preconditioned resid norm 1.128591498796e-04 true resid norm 2.598511058116e-04 ||r(i)||/||b|| 1.346508335410e-02
 39 KSP preconditioned resid norm 9.625397234579e-05 true resid norm 1.431381697296e-04 ||r(i)||/||b|| 7.417199093851e-03
 40 KSP preconditioned resid norm 6.363610761631e-05 true resid norm 1.483966251331e-04 ||r(i)||/||b|| 7.689684139088e-03
 40 KSP preconditioned resid norm 8.874108885496e-05 true resid norm 1.598214897036e-04 ||r(i)||/||b|| 8.281702992622e-03
 41 KSP preconditioned resid norm 6.273227870992e-05 true resid norm 1.616360422459e-04 ||r(i)||/||b|| 8.375730305513e-03
 41 KSP preconditioned resid norm 8.871636044502e-05 true resid norm 1.618875899695e-04 ||r(i)||/||b|| 8.388765120414e-03
 42 KSP preconditioned resid norm 6.273177050267e-05 true resid norm 1.617175463023e-04 ||r(i)||/||b|| 8.379953719959e-03
 42 KSP preconditioned resid norm 8.871600055337e-05 true resid norm 1.618419959919e-04 ||r(i)||/||b|| 8.386402510846e-03
 43 KSP preconditioned resid norm 6.273168333380e-05 true resid norm 1.618506697678e-04 ||r(i)||/||b|| 8.386851972533e-03
 43 KSP preconditioned resid norm 8.871599727629e-05 true resid norm 1.618515326568e-04 ||r(i)||/||b|| 8.386896686107e-03
 44 KSP preconditioned resid norm 6.273168252590e-05 true resid norm 1.618495655529e-04 ||r(i)||/||b|| 8.386794753819e-03
 44 KSP preconditioned resid norm 8.871598303579e-05 true resid norm 1.618576329571e-04 ||r(i)||/||b|| 8.387212794255e-03
 45 KSP preconditioned resid norm 6.273128412044e-05 true resid norm 1.617694518629e-04 ||r(i)||/||b|| 8.382643386017e-03
 45 KSP preconditioned resid norm 8.869247449663e-05 true resid norm 1.625964521655e-04 ||r(i)||/||b|| 8.425497265639e-03
 46 KSP preconditioned resid norm 6.270004083728e-05 true resid norm 1.618178544887e-04 ||r(i)||/||b|| 8.385151535404e-03
 46 KSP preconditioned resid norm 8.865162188563e-05 true resid norm 1.627743181427e-04 ||r(i)||/||b|| 8.434714006133e-03
 47 KSP preconditioned resid norm 6.268611589767e-05 true resid norm 1.627960293190e-04 ||r(i)||/||b|| 8.435839045789e-03
 47 KSP preconditioned resid norm 8.865155504882e-05 true resid norm 1.627977006683e-04 ||r(i)||/||b|| 8.435925652532e-03
 48 KSP preconditioned resid norm 6.268610416468e-05 true resid norm 1.627937163482e-04 ||r(i)||/||b|| 8.435719191212e-03
 48 KSP preconditioned resid norm 8.865035421180e-05 true resid norm 1.628529577310e-04 ||r(i)||/||b|| 8.438788988260e-03
 49 KSP preconditioned resid norm 6.259238733177e-05 true resid norm 1.619574069720e-04 ||r(i)||/||b|| 8.392382929759e-03
 49 KSP preconditioned resid norm 7.678129638701e-05 true resid norm 1.519859049895e-04 ||r(i)||/||b|| 7.875675083004e-03
 50 KSP preconditioned resid norm 5.404180280455e-05 true resid norm 1.565090142703e-04 ||r(i)||/||b|| 8.110055626801e-03
 50 KSP preconditioned resid norm 7.641342319154e-05 true resid norm 1.576916237798e-04 ||r(i)||/||b|| 8.171336626821e-03
 51 KSP preconditioned resid norm 5.403242346974e-05 true resid norm 1.576484860564e-04 ||r(i)||/||b|| 8.169101296558e-03
 51 KSP preconditioned resid norm 7.641338597464e-05 true resid norm 1.576501090506e-04 ||r(i)||/||b|| 8.169185397613e-03
 52 KSP preconditioned resid norm 5.403242322429e-05 true resid norm 1.576527614658e-04 ||r(i)||/||b|| 8.169322841676e-03
 52 KSP preconditioned resid norm 7.641338516490e-05 true resid norm 1.576571062342e-04 ||r(i)||/||b|| 8.169547980868e-03
 53 KSP preconditioned resid norm 5.403242276210e-05 true resid norm 1.576558635073e-04 ||r(i)||/||b|| 8.169483584678e-03
 53 KSP preconditioned resid norm 7.641338506474e-05 true resid norm 1.576562809132e-04 ||r(i)||/||b|| 8.169505214010e-03
 54 KSP preconditioned resid norm 5.403242210796e-05 true resid norm 1.576531153533e-04 ||r(i)||/||b|| 8.169341179581e-03
 54 KSP preconditioned resid norm 7.641332168984e-05 true resid norm 1.577386917974e-04 ||r(i)||/||b|| 8.173775618870e-03
 55 KSP preconditioned resid norm 5.403206225709e-05 true resid norm 1.576910401851e-04 ||r(i)||/||b|| 8.171306385843e-03
 55 KSP preconditioned resid norm 7.640968457923e-05 true resid norm 1.578653006588e-04 ||r(i)||/||b|| 8.180336294707e-03
 56 KSP preconditioned resid norm 5.402980374214e-05 true resid norm 1.578580756594e-04 ||r(i)||/||b|| 8.179961906390e-03
 56 KSP preconditioned resid norm 7.640968122097e-05 true resid norm 1.578588995117e-04 ||r(i)||/||b|| 8.180004597146e-03
 57 KSP preconditioned resid norm 5.402980235046e-05 true resid norm 1.578779063907e-04 ||r(i)||/||b|| 8.180989504288e-03
 57 KSP preconditioned resid norm 7.640858509647e-05 true resid norm 1.583218629246e-04 ||r(i)||/||b|| 8.203994646847e-03
 58 KSP preconditioned resid norm 5.392407575457e-05 true resid norm 1.552143221021e-04 ||r(i)||/||b|| 8.042966676349e-03
 58 KSP preconditioned resid norm 6.169188457735e-05 true resid norm 1.219301899580e-04 ||r(i)||/||b|| 6.318234305902e-03
 59 KSP preconditioned resid norm 3.975850031523e-05 true resid norm 1.026969214966e-04 ||r(i)||/||b|| 5.321596011077e-03
 59 KSP preconditioned resid norm 5.361348998236e-05 true resid norm 1.084459542944e-04 ||r(i)||/||b|| 5.619502019927e-03
 60 KSP preconditioned resid norm 3.788590843479e-05 true resid norm 1.094589775755e-04 ||r(i)||/||b|| 5.671995323264e-03
 60 KSP preconditioned resid norm 5.357827016974e-05 true resid norm 1.096760085697e-04 ||r(i)||/||b|| 5.683241534507e-03
 61 KSP preconditioned resid norm 3.788542154240e-05 true resid norm 1.095989012303e-04 ||r(i)||/||b|| 5.679245951154e-03
 61 KSP preconditioned resid norm 5.357800160265e-05 true resid norm 1.096296119866e-04 ||r(i)||/||b|| 5.680837335160e-03
 62 KSP preconditioned resid norm 3.788527560181e-05 true resid norm 1.096246686585e-04 ||r(i)||/||b|| 5.680581179525e-03
 62 KSP preconditioned resid norm 5.357764273507e-05 true resid norm 1.097138355306e-04 ||r(i)||/||b|| 5.685201669255e-03
 63 KSP preconditioned resid norm 3.788336467828e-05 true resid norm 1.096874822262e-04 ||r(i)||/||b|| 5.683836081682e-03
 63 KSP preconditioned resid norm 5.354831023281e-05 true resid norm 1.100923168710e-04 ||r(i)||/||b|| 5.704813988320e-03
 64 KSP preconditioned resid norm 3.784558149370e-05 true resid norm 1.090517004213e-04 ||r(i)||/||b|| 5.650890849562e-03
 64 KSP preconditioned resid norm 5.349543793004e-05 true resid norm 1.100908982466e-04 ||r(i)||/||b|| 5.704740477392e-03
 65 KSP preconditioned resid norm 3.779898754919e-05 true resid norm 1.087836896105e-04 ||r(i)||/||b|| 5.637002942885e-03
 65 KSP preconditioned resid norm 5.339627198027e-05 true resid norm 1.090304040864e-04 ||r(i)||/||b|| 5.649787306345e-03
 66 KSP preconditioned resid norm 3.772864747785e-05 true resid norm 1.080888052859e-04 ||r(i)||/||b|| 5.600995109388e-03
 66 KSP preconditioned resid norm 5.332960538998e-05 true resid norm 1.083622558383e-04 ||r(i)||/||b|| 5.615164895081e-03
 67 KSP preconditioned resid norm 3.770749135592e-05 true resid norm 1.083754229631e-04 ||r(i)||/||b|| 5.615847195169e-03
 67 KSP preconditioned resid norm 5.332607230980e-05 true resid norm 1.083785385993e-04 ||r(i)||/||b|| 5.616008642632e-03
 68 KSP preconditioned resid norm 3.770569920140e-05 true resid norm 1.083885067799e-04 ||r(i)||/||b|| 5.616525178371e-03
 68 KSP preconditioned resid norm 5.331140653527e-05 true resid norm 1.092435165662e-04 ||r(i)||/||b|| 5.660830466221e-03
 69 KSP preconditioned resid norm 3.701810167444e-05 true resid norm 1.027670792621e-04 ||r(i)||/||b|| 5.325231478234e-03
 69 KSP preconditioned resid norm 2.679844278582e-05 true resid norm 4.273942053949e-05 ||r(i)||/||b|| 2.214690825628e-03
 70 KSP preconditioned resid norm 1.666297542653e-05 true resid norm 3.486120704410e-05 ||r(i)||/||b|| 1.806453958344e-03
 70 KSP preconditioned resid norm 2.257004901240e-05 true resid norm 3.482121723154e-05 ||r(i)||/||b|| 1.804381747961e-03
 71 KSP preconditioned resid norm 1.436150771433e-05 true resid norm 2.879758820020e-05 ||r(i)||/||b|| 1.492246585989e-03
 71 KSP preconditioned resid norm 1.636334921105e-05 true resid norm 2.540305259039e-05 ||r(i)||/||b|| 1.316346988441e-03
 72 KSP preconditioned resid norm 1.086968799812e-05 true resid norm 2.232260133286e-05 ||r(i)||/||b|| 1.156722757398e-03
 72 KSP preconditioned resid norm 1.504049178719e-05 true resid norm 2.301193395861e-05 ||r(i)||/||b|| 1.192442910427e-03
 73 KSP preconditioned resid norm 1.055548234084e-05 true resid norm 2.343770958615e-05 ||r(i)||/||b|| 1.214505946476e-03
 73 KSP preconditioned resid norm 1.488822482363e-05 true resid norm 2.383838400538e-05 ||r(i)||/||b|| 1.235268276642e-03
 74 KSP preconditioned resid norm 1.043956233151e-05 true resid norm 2.449389779802e-05 ||r(i)||/||b|| 1.269235989922e-03
 74 KSP preconditioned resid norm 1.438498805250e-05 true resid norm 2.547435486173e-05 ||r(i)||/||b|| 1.320041762123e-03
 75 KSP preconditioned resid norm 1.011743728818e-05 true resid norm 2.580746690814e-05 ||r(i)||/||b|| 1.337303114378e-03
 75 KSP preconditioned resid norm 1.429206723500e-05 true resid norm 2.616392248800e-05 ||r(i)||/||b|| 1.355774092516e-03
 76 KSP preconditioned resid norm 9.975000722289e-06 true resid norm 2.680525236663e-05 ||r(i)||/||b|| 1.389006817258e-03
 76 KSP preconditioned resid norm 1.236339801013e-05 true resid norm 2.548517084405e-05 ||r(i)||/||b|| 1.320602229638e-03
 77 KSP preconditioned resid norm 7.561157337611e-06 true resid norm 2.072908943883e-05 ||r(i)||/||b|| 1.074149429831e-03
 77 KSP preconditioned resid norm 9.149311734922e-06 true resid norm 1.842307070209e-05 ||r(i)||/||b|| 9.546550970694e-04
 78 KSP preconditioned resid norm 5.854336415706e-06 true resid norm 1.751408652239e-05 ||r(i)||/||b|| 9.075529394357e-04
 78 KSP preconditioned resid norm 7.721898716858e-06 true resid norm 1.736454243223e-05 ||r(i)||/||b|| 8.998037954292e-04
 79 KSP preconditioned resid norm 5.158893769006e-06 true resid norm 1.649002391534e-05 ||r(i)||/||b|| 8.544875952619e-04
 79 KSP preconditioned resid norm 6.958891682244e-06 true resid norm 1.664302876601e-05 ||r(i)||/||b|| 8.624160705379e-04
 80 KSP preconditioned resid norm 4.775066497582e-06 true resid norm 1.664916828072e-05 ||r(i)||/||b|| 8.627342107173e-04
 80 KSP preconditioned resid norm 6.621768028052e-06 true resid norm 1.688312499758e-05 ||r(i)||/||b|| 8.748574867909e-04
 81 KSP preconditioned resid norm 4.668501482116e-06 true resid norm 1.698036326753e-05 ||r(i)||/||b|| 8.798962239012e-04
 81 KSP preconditioned resid norm 6.599272337412e-06 true resid norm 1.703151242728e-05 ||r(i)||/||b|| 8.825466944365e-04
 82 KSP preconditioned resid norm 4.665870753467e-06 true resid norm 1.705652103680e-05 ||r(i)||/||b|| 8.838426019937e-04
 82 KSP preconditioned resid norm 6.598356830026e-06 true resid norm 1.706874964612e-05 ||r(i)||/||b|| 8.844762696601e-04
 83 KSP preconditioned resid norm 4.665706720585e-06 true resid norm 1.706835084919e-05 ||r(i)||/||b|| 8.844556046183e-04
 83 KSP preconditioned resid norm 6.598291280439e-06 true resid norm 1.706909109517e-05 ||r(i)||/||b|| 8.844939630229e-04
 84 KSP preconditioned resid norm 4.665634843128e-06 true resid norm 1.707106312736e-05 ||r(i)||/||b|| 8.845961506884e-04
 84 KSP preconditioned resid norm 6.597677520815e-06 true resid norm 1.708451439261e-05 ||r(i)||/||b|| 8.852931744984e-04
 85 KSP preconditioned resid norm 4.664178949235e-06 true resid norm 1.708646901346e-05 ||r(i)||/||b|| 8.853944599347e-04
 85 KSP preconditioned resid norm 6.591689472135e-06 true resid norm 1.711833800564e-05 ||r(i)||/||b|| 8.870458619357e-04
 86 KSP preconditioned resid norm 4.652994606745e-06 true resid norm 1.710329914189e-05 ||r(i)||/||b|| 8.862665712210e-04
 86 KSP preconditioned resid norm 6.551518775713e-06 true resid norm 1.719987967443e-05 ||r(i)||/||b|| 8.912712253939e-04
 87 KSP preconditioned resid norm 4.610271634780e-06 true resid norm 1.707003651273e-05 ||r(i)||/||b|| 8.845429531020e-04
 87 KSP preconditioned resid norm 6.485274274932e-06 true resid norm 1.709541492514e-05 ||r(i)||/||b|| 8.858580232743e-04
 88 KSP preconditioned resid norm 4.580866723819e-06 true resid norm 1.714737717306e-05 ||r(i)||/||b|| 8.885506267840e-04
 88 KSP preconditioned resid norm 6.476918311268e-06 true resid norm 1.717945838320e-05 ||r(i)||/||b|| 8.902130255925e-04
 89 KSP preconditioned resid norm 4.574353373196e-06 true resid norm 1.706684575304e-05 ||r(i)||/||b|| 8.843776128583e-04
 89 KSP preconditioned resid norm 6.426180062815e-06 true resid norm 1.705416178310e-05 ||r(i)||/||b|| 8.837203491073e-04
 90 KSP preconditioned resid norm 4.542594916101e-06 true resid norm 1.701990407581e-05 ||r(i)||/||b|| 8.819451675750e-04
 90 KSP preconditioned resid norm 6.424107041715e-06 true resid norm 1.702328872786e-05 ||r(i)||/||b|| 8.821205550217e-04
 91 KSP preconditioned resid norm 4.542479884782e-06 true resid norm 1.702637741450e-05 ||r(i)||/||b|| 8.822806059974e-04
 91 KSP preconditioned resid norm 6.423982989116e-06 true resid norm 1.702917255849e-05 ||r(i)||/||b|| 8.824254460462e-04
 92 KSP preconditioned resid norm 4.542438626594e-06 true resid norm 1.702968820379e-05 ||r(i)||/||b|| 8.824521659901e-04
 92 KSP preconditioned resid norm 6.423977904382e-06 true resid norm 1.703010736422e-05 ||r(i)||/||b|| 8.824738862370e-04
 93 KSP preconditioned resid norm 4.542438007577e-06 true resid norm 1.703053140925e-05 ||r(i)||/||b|| 8.824958595962e-04
 93 KSP preconditioned resid norm 6.423976899593e-06 true resid norm 1.703096425881e-05 ||r(i)||/||b|| 8.825182891924e-04
 94 KSP preconditioned resid norm 4.542411273331e-06 true resid norm 1.702927290486e-05 ||r(i)||/||b|| 8.824306458403e-04
 94 KSP preconditioned resid norm 6.421354178380e-06 true resid norm 1.703557363587e-05 ||r(i)||/||b|| 8.827571399991e-04
 95 KSP preconditioned resid norm 4.533781322874e-06 true resid norm 1.701157786012e-05 ||r(i)||/||b|| 8.815137159254e-04
 95 KSP preconditioned resid norm 6.376222701383e-06 true resid norm 1.692277433281e-05 ||r(i)||/||b|| 8.769120541637e-04
 96 KSP preconditioned resid norm 4.472466442768e-06 true resid norm 1.675656439291e-05 ||r(i)||/||b|| 8.682993115391e-04
 96 KSP preconditioned resid norm 6.251875247538e-06 true resid norm 1.654243655161e-05 ||r(i)||/||b|| 8.572035372010e-04
 97 KSP preconditioned resid norm 4.381315733471e-06 true resid norm 1.639249697478e-05 ||r(i)||/||b|| 8.494338996860e-04
 97 KSP preconditioned resid norm 6.153311279626e-06 true resid norm 1.634134790158e-05 ||r(i)||/||b|| 8.467834336353e-04
 98 KSP preconditioned resid norm 4.345318450033e-06 true resid norm 1.632701616252e-05 ||r(i)||/||b|| 8.460407850314e-04
 98 KSP preconditioned resid norm 6.143658942391e-06 true resid norm 1.632737374300e-05 ||r(i)||/||b|| 8.460593142998e-04
 99 KSP preconditioned resid norm 4.344189013492e-06 true resid norm 1.632825399770e-05 ||r(i)||/||b|| 8.461049277403e-04
 99 KSP preconditioned resid norm 6.143609537579e-06 true resid norm 1.632843218836e-05 ||r(i)||/||b|| 8.461141613055e-04
100 KSP preconditioned resid norm 4.344186409744e-06 true resid norm 1.632865881335e-05 ||r(i)||/||b|| 8.461259046627e-04
100 KSP preconditioned resid norm 6.143604075732e-06 true resid norm 1.632894826588e-05 ||r(i)||/||b|| 8.461409036463e-04
101 KSP preconditioned resid norm 4.344141309459e-06 true resid norm 1.633025645449e-05 ||r(i)||/||b|| 8.462086919614e-04
101 KSP preconditioned resid norm 6.142421209261e-06 true resid norm 1.633595235875e-05 ||r(i)||/||b|| 8.465038449313e-04
102 KSP preconditioned resid norm 4.338498088738e-06 true resid norm 1.631171344495e-05 ||r(i)||/||b|| 8.452478218187e-04
102 KSP preconditioned resid norm 6.094066424990e-06 true resid norm 1.633240159443e-05 ||r(i)||/||b|| 8.463198498031e-04
103 KSP preconditioned resid norm 4.266445313805e-06 true resid norm 1.627705989249e-05 ||r(i)||/||b|| 8.434521282007e-04
103 KSP preconditioned resid norm 5.946758246336e-06 true resid norm 1.617818698125e-05 ||r(i)||/||b|| 8.383286865008e-04
104 KSP preconditioned resid norm 4.189018347431e-06 true resid norm 1.614608903579e-05 ||r(i)||/||b|| 8.366654204936e-04
104 KSP preconditioned resid norm 5.918173801665e-06 true resid norm 1.617519354548e-05 ||r(i)||/||b|| 8.381735712777e-04
105 KSP preconditioned resid norm 4.176936365139e-06 true resid norm 1.610341543302e-05 ||r(i)||/||b|| 8.344541402437e-04
105 KSP preconditioned resid norm 5.886618994056e-06 true resid norm 1.608120942640e-05 ||r(i)||/||b|| 8.333034592441e-04
106 KSP preconditioned resid norm 4.104791879500e-06 true resid norm 1.559597216526e-05 ||r(i)||/||b|| 8.081592130910e-04
106 KSP preconditioned resid norm 5.503429470108e-06 true resid norm 1.451493708855e-05 ||r(i)||/||b|| 7.521416434476e-04
107 KSP preconditioned resid norm 3.807033749143e-06 true resid norm 1.374062094047e-05 ||r(i)||/||b|| 7.120177754207e-04
107 KSP preconditioned resid norm 5.333426636991e-06 true resid norm 1.364542903897e-05 ||r(i)||/||b|| 7.070850779653e-04
108 KSP preconditioned resid norm 3.728566949249e-06 true resid norm 1.321946943376e-05 ||r(i)||/||b|| 6.850125084770e-04
108 KSP preconditioned resid norm 5.201170483385e-06 true resid norm 1.306230200753e-05 ||r(i)||/||b|| 6.768683349586e-04
109 KSP preconditioned resid norm 3.674968528626e-06 true resid norm 1.308834966762e-05 ||r(i)||/||b|| 6.782180845128e-04
109 KSP preconditioned resid norm 5.196965194876e-06 true resid norm 1.309779378040e-05 ||r(i)||/||b|| 6.787074638650e-04
110 KSP preconditioned resid norm 3.674713973348e-06 true resid norm 1.309265135222e-05 ||r(i)||/||b|| 6.784409911716e-04
110 KSP preconditioned resid norm 5.196749558501e-06 true resid norm 1.309759022962e-05 ||r(i)||/||b|| 6.786969161777e-04
111 KSP preconditioned resid norm 3.674576824991e-06 true resid norm 1.309304200333e-05 ||r(i)||/||b|| 6.784612341091e-04
111 KSP preconditioned resid norm 5.196477820508e-06 true resid norm 1.310102588869e-05 ||r(i)||/||b|| 6.788749467294e-04
112 KSP preconditioned resid norm 3.674436008737e-06 true resid norm 1.309684151140e-05 ||r(i)||/||b|| 6.786581187549e-04
112 KSP preconditioned resid norm 5.196426850228e-06 true resid norm 1.309907857782e-05 ||r(i)||/||b|| 6.787740400848e-04
113 KSP preconditioned resid norm 3.674395970486e-06 true resid norm 1.309482650101e-05 ||r(i)||/||b|| 6.785537040255e-04
113 KSP preconditioned resid norm 5.196174829479e-06 true resid norm 1.310380032004e-05 ||r(i)||/||b|| 6.790187134810e-04
114 KSP preconditioned resid norm 3.674190270418e-06 true resid norm 1.310916456106e-05 ||r(i)||/||b|| 6.792966801738e-04
114 KSP preconditioned resid norm 5.196054502252e-06 true resid norm 1.311323825675e-05 ||r(i)||/||b|| 6.795077727988e-04
115 KSP preconditioned resid norm 3.660386375096e-06 true resid norm 1.308480067711e-05 ||r(i)||/||b|| 6.780341813007e-04
115 KSP preconditioned resid norm 2.277348328682e-06 true resid norm 3.428228384588e-06 ||r(i)||/||b|| 1.776455051488e-04
116 KSP preconditioned resid norm 1.164786442859e-06 true resid norm 2.259885287702e-06 ||r(i)||/||b|| 1.171037686162e-04
116 KSP preconditioned resid norm 1.327910361686e-06 true resid norm 1.989324758310e-06 ||r(i)||/||b|| 1.030837394567e-04
117 KSP preconditioned resid norm 8.164136399453e-07 true resid norm 1.909579736640e-06 ||r(i)||/||b|| 9.895147547996e-05
117 KSP preconditioned resid norm 1.043199795912e-06 true resid norm 1.889641879178e-06 ||r(i)||/||b|| 9.791832647031e-05
118 KSP preconditioned resid norm 7.321087831627e-07 true resid norm 1.885446337163e-06 ||r(i)||/||b|| 9.770091995681e-05
118 KSP preconditioned resid norm 1.034716780230e-06 true resid norm 1.893509655310e-06 ||r(i)||/||b|| 9.811874866151e-05
119 KSP preconditioned resid norm 7.264522484711e-07 true resid norm 1.876688560059e-06 ||r(i)||/||b|| 9.724710546050e-05
119 KSP preconditioned resid norm 9.520387797504e-07 true resid norm 1.772475498033e-06 ||r(i)||/||b|| 9.184694538658e-05
120 KSP preconditioned resid norm 6.497823565242e-07 true resid norm 1.770554568279e-06 ||r(i)||/||b|| 9.174740577069e-05
120 KSP preconditioned resid norm 9.030456862367e-07 true resid norm 1.800905644954e-06 ||r(i)||/||b|| 9.332015173242e-05
121 KSP preconditioned resid norm 6.382169490014e-07 true resid norm 1.787595178411e-06 ||r(i)||/||b|| 9.263042389416e-05
121 KSP preconditioned resid norm 9.025607536967e-07 true resid norm 1.789173664790e-06 ||r(i)||/||b|| 9.271221862270e-05
122 KSP preconditioned resid norm 6.381996122887e-07 true resid norm 1.790245726041e-06 ||r(i)||/||b|| 9.276777118254e-05
122 KSP preconditioned resid norm 9.025432680801e-07 true resid norm 1.791991589649e-06 ||r(i)||/||b|| 9.285823914089e-05
123 KSP preconditioned resid norm 6.381906724306e-07 true resid norm 1.793454890984e-06 ||r(i)||/||b|| 9.293406515816e-05
123 KSP preconditioned resid norm 9.025339519361e-07 true resid norm 1.794686982431e-06 ||r(i)||/||b|| 9.299791023586e-05
124 KSP preconditioned resid norm 6.381854504957e-07 true resid norm 1.795809255851e-06 ||r(i)||/||b|| 9.305606471279e-05
124 KSP preconditioned resid norm 9.025275383417e-07 true resid norm 1.796836390703e-06 ||r(i)||/||b|| 9.310928925598e-05
125 KSP preconditioned resid norm 6.381618495975e-07 true resid norm 1.797088404333e-06 ||r(i)||/||b|| 9.312234821343e-05
125 KSP preconditioned resid norm 9.021873786954e-07 true resid norm 1.800989652045e-06 ||r(i)||/||b|| 9.332450485025e-05
126 KSP preconditioned resid norm 6.367123005158e-07 true resid norm 1.782838183466e-06 ||r(i)||/||b|| 9.238392375610e-05
126 KSP preconditioned resid norm 8.908224418803e-07 true resid norm 1.773796752376e-06 ||r(i)||/||b|| 9.191541074792e-05
127 KSP preconditioned resid norm 6.228215203492e-07 true resid norm 1.701034627467e-06 ||r(i)||/||b|| 8.814498970674e-05
127 KSP preconditioned resid norm 8.703894750770e-07 true resid norm 1.688465211086e-06 ||r(i)||/||b|| 8.749366194444e-05
128 KSP preconditioned resid norm 6.088351178184e-07 true resid norm 1.641752158965e-06 ||r(i)||/||b|| 8.507306366159e-05
128 KSP preconditioned resid norm 8.525719919720e-07 true resid norm 1.652275642953e-06 ||r(i)||/||b|| 8.561837436415e-05
129 KSP preconditioned resid norm 6.027231187763e-07 true resid norm 1.656565376134e-06 ||r(i)||/||b|| 8.584066171854e-05
129 KSP preconditioned resid norm 8.523747456709e-07 true resid norm 1.657654873774e-06 ||r(i)||/||b|| 8.589711780517e-05
130 KSP preconditioned resid norm 6.027128975516e-07 true resid norm 1.659322980448e-06 ||r(i)||/||b|| 8.598355651911e-05
130 KSP preconditioned resid norm 8.523423864981e-07 true resid norm 1.662297530509e-06 ||r(i)||/||b|| 8.613769311357e-05
131 KSP preconditioned resid norm 6.015597498338e-07 true resid norm 1.672795529452e-06 ||r(i)||/||b|| 8.668168322044e-05
131 KSP preconditioned resid norm 7.543342284525e-07 true resid norm 1.528243273255e-06 ||r(i)||/||b|| 7.919120834778e-05
132 KSP preconditioned resid norm 5.296355038990e-07 true resid norm 1.591296286958e-06 ||r(i)||/||b|| 8.245851822734e-05
132 KSP preconditioned resid norm 7.486674133965e-07 true resid norm 1.615164515267e-06 ||r(i)||/||b|| 8.369533298977e-05
133 KSP preconditioned resid norm 5.292517424926e-07 true resid norm 1.595458203029e-06 ||r(i)||/||b|| 8.267418229633e-05
133 KSP preconditioned resid norm 7.483692423669e-07 true resid norm 1.608962314494e-06 ||r(i)||/||b|| 8.337394451567e-05
134 KSP preconditioned resid norm 5.290962106746e-07 true resid norm 1.622951066403e-06 ||r(i)||/||b|| 8.409882005500e-05
134 KSP preconditioned resid norm 7.481317040997e-07 true resid norm 1.637950482052e-06 ||r(i)||/||b|| 8.487606662988e-05
135 KSP preconditioned resid norm 5.289891514428e-07 true resid norm 1.645265205191e-06 ||r(i)||/||b|| 8.525510429639e-05
135 KSP preconditioned resid norm 7.480972414037e-07 true resid norm 1.648815409967e-06 ||r(i)||/||b|| 8.543907042993e-05
136 KSP preconditioned resid norm 5.285542945674e-07 true resid norm 1.614544829039e-06 ||r(i)||/||b|| 8.366322180559e-05
136 KSP preconditioned resid norm 6.955064704992e-07 true resid norm 1.666082890821e-06 ||r(i)||/||b|| 8.633384464413e-05
137 KSP preconditioned resid norm 4.465477348029e-07 true resid norm 1.366199307741e-06 ||r(i)||/||b|| 7.079434008794e-05
137 KSP preconditioned resid norm 5.585244423469e-07 true resid norm 1.145268760863e-06 ||r(i)||/||b|| 5.934606004353e-05
138 KSP preconditioned resid norm 3.383039268257e-07 true resid norm 8.272433761274e-07 ||r(i)||/||b|| 4.286647531821e-05
138 KSP preconditioned resid norm 3.982103815522e-07 true resid norm 6.533927786800e-07 ||r(i)||/||b|| 3.385780560916e-05
139 KSP preconditioned resid norm 2.328278805609e-07 true resid norm 4.970137402609e-07 ||r(i)||/||b|| 2.575448513041e-05
139 KSP preconditioned resid norm 2.710037759722e-07 true resid norm 4.156721001188e-07 ||r(i)||/||b|| 2.153948684802e-05
140 KSP preconditioned resid norm 1.673475307082e-07 true resid norm 3.862929582902e-07 ||r(i)||/||b|| 2.001710505035e-05
140 KSP preconditioned resid norm 2.134796820188e-07 true resid norm 3.756002724638e-07 ||r(i)||/||b|| 1.946302656959e-05
141 KSP preconditioned resid norm 1.496576119062e-07 true resid norm 3.720752238396e-07 ||r(i)||/||b|| 1.928036398902e-05
141 KSP preconditioned resid norm 2.114793063897e-07 true resid norm 3.719581297647e-07 ||r(i)||/||b|| 1.927429635473e-05
142 KSP preconditioned resid norm 1.494451275521e-07 true resid norm 3.712265696221e-07 ||r(i)||/||b|| 1.923638803693e-05
142 KSP preconditioned resid norm 2.112439142094e-07 true resid norm 3.711600722210e-07 ||r(i)||/||b|| 1.923294224421e-05
143 KSP preconditioned resid norm 1.493134924520e-07 true resid norm 3.706218644593e-07 ||r(i)||/||b|| 1.920505314846e-05
143 KSP preconditioned resid norm 2.110949352751e-07 true resid norm 3.706135309472e-07 ||r(i)||/||b|| 1.920462131871e-05
144 KSP preconditioned resid norm 1.492519777869e-07 true resid norm 3.704171089427e-07 ||r(i)||/||b|| 1.919444303352e-05
144 KSP preconditioned resid norm 2.110676586696e-07 true resid norm 3.704745059664e-07 ||r(i)||/||b|| 1.919741725873e-05
145 KSP preconditioned resid norm 1.492444174326e-07 true resid norm 3.705305979371e-07 ||r(i)||/||b|| 1.920032385810e-05
145 KSP preconditioned resid norm 2.110607970121e-07 true resid norm 3.705820169505e-07 ||r(i)||/||b|| 1.920298831203e-05
146 KSP preconditioned resid norm 1.492413574824e-07 true resid norm 3.705349296308e-07 ||r(i)||/||b|| 1.920054831978e-05
146 KSP preconditioned resid norm 2.110581426976e-07 true resid norm 3.705759774487e-07 ||r(i)||/||b|| 1.920267535437e-05
147 KSP preconditioned resid norm 1.492370226312e-07 true resid norm 3.706571113441e-07 ||r(i)||/||b|| 1.920687958764e-05
147 KSP preconditioned resid norm 2.110270355308e-07 true resid norm 3.708451386016e-07 ||r(i)||/||b|| 1.921662287000e-05
148 KSP preconditioned resid norm 1.491823961909e-07 true resid norm 3.705446675575e-07 ||r(i)||/||b|| 1.920105292412e-05
148 KSP preconditioned resid norm 2.108746761469e-07 true resid norm 3.705049757037e-07 ||r(i)||/||b|| 1.919899615350e-05
149 KSP preconditioned resid norm 1.490730778823e-07 true resid norm 3.706193542999e-07 ||r(i)||/||b|| 1.920492307587e-05
149 KSP preconditioned resid norm 2.107928324341e-07 true resid norm 3.707915318225e-07 ||r(i)||/||b|| 1.921384504942e-05
150 KSP preconditioned resid norm 1.489232385936e-07 true resid norm 3.704935198504e-07 ||r(i)||/||b|| 1.919840252886e-05
150 KSP preconditioned resid norm 2.094298000575e-07 true resid norm 3.695837788685e-07 ||r(i)||/||b|| 1.915126115490e-05
151 KSP preconditioned resid norm 1.473485539767e-07 true resid norm 3.673439243009e-07 ||r(i)||/||b|| 1.903519534729e-05
151 KSP preconditioned resid norm 2.074504801757e-07 true resid norm 3.674426844485e-07 ||r(i)||/||b|| 1.904031294576e-05
152 KSP preconditioned resid norm 1.451790729749e-07 true resid norm 3.588872646637e-07 ||r(i)||/||b|| 1.859698429348e-05
152 KSP preconditioned resid norm 2.005544213400e-07 true resid norm 3.474351972612e-07 ||r(i)||/||b|| 1.800355583117e-05
153 KSP preconditioned resid norm 1.403809226464e-07 true resid norm 3.472094221721e-07 ||r(i)||/||b|| 1.799185651442e-05
153 KSP preconditioned resid norm 1.976415399156e-07 true resid norm 3.503924045397e-07 ||r(i)||/||b|| 1.815679374939e-05
154 KSP preconditioned resid norm 1.382037802424e-07 true resid norm 3.446025239375e-07 ||r(i)||/||b|| 1.785677107034e-05
154 KSP preconditioned resid norm 1.902150698107e-07 true resid norm 3.289515501232e-07 ||r(i)||/||b|| 1.704576175666e-05
155 KSP preconditioned resid norm 1.342992182066e-07 true resid norm 3.278914703245e-07 ||r(i)||/||b|| 1.699083005719e-05
155 KSP preconditioned resid norm 1.899113563264e-07 true resid norm 3.282464914496e-07 ||r(i)||/||b|| 1.700922670410e-05
156 KSP preconditioned resid norm 1.342643971130e-07 true resid norm 3.287444500285e-07 ||r(i)||/||b|| 1.703503014931e-05
156 KSP preconditioned resid norm 1.898129347942e-07 true resid norm 3.294289463904e-07 ||r(i)||/||b|| 1.707049969460e-05
157 KSP preconditioned resid norm 1.335084889866e-07 true resid norm 3.300977266551e-07 ||r(i)||/||b|| 1.710515485600e-05
157 KSP preconditioned resid norm 1.751035358014e-07 true resid norm 3.148172387989e-07 ||r(i)||/||b|| 1.631334355301e-05
158 KSP preconditioned resid norm 1.218320535840e-07 true resid norm 2.916594169501e-07 ||r(i)||/||b|| 1.511334095722e-05
158 KSP preconditioned resid norm 1.716568630916e-07 true resid norm 2.963828912276e-07 ||r(i)||/||b|| 1.535810410598e-05
159 KSP preconditioned resid norm 1.213155393993e-07 true resid norm 2.989620283486e-07 ||r(i)||/||b|| 1.549175101200e-05
159 KSP preconditioned resid norm 1.715531269696e-07 true resid norm 3.001850523202e-07 ||r(i)||/||b|| 1.555512622708e-05
160 KSP preconditioned resid norm 1.212901595236e-07 true resid norm 3.016373145326e-07 ||r(i)||/||b|| 1.563038021410e-05
160 KSP preconditioned resid norm 1.714895806374e-07 true resid norm 3.034657296497e-07 ||r(i)||/||b|| 1.572512586423e-05
161 KSP preconditioned resid norm 1.202248609226e-07 true resid norm 2.998808781455e-07 ||r(i)||/||b|| 1.553936439069e-05
161 KSP preconditioned resid norm 1.334700838218e-07 true resid norm 2.064302793639e-07 ||r(i)||/||b|| 1.069689855567e-05
162 KSP preconditioned resid norm 8.531477384481e-08 true resid norm 1.803096080047e-07 ||r(i)||/||b|| 9.343365669911e-06
162 KSP preconditioned resid norm 1.146950698964e-07 true resid norm 1.811709306101e-07 ||r(i)||/||b|| 9.387998078307e-06
163 KSP preconditioned resid norm 8.062149521385e-08 true resid norm 1.813483431309e-07 ||r(i)||/||b|| 9.397191321384e-06
163 KSP preconditioned resid norm 1.139326293606e-07 true resid norm 1.819659989297e-07 ||r(i)||/||b|| 9.429197291840e-06
164 KSP preconditioned resid norm 8.041127367195e-08 true resid norm 1.824354336804e-07 ||r(i)||/||b|| 9.453522676285e-06
164 KSP preconditioned resid norm 1.131732662982e-07 true resid norm 1.828350585553e-07 ||r(i)||/||b|| 9.474230620684e-06
165 KSP preconditioned resid norm 7.986409824933e-08 true resid norm 1.831238866153e-07 ||r(i)||/||b|| 9.489197245094e-06
165 KSP preconditioned resid norm 1.128487026528e-07 true resid norm 1.848241497444e-07 ||r(i)||/||b|| 9.577302256945e-06
166 KSP preconditioned resid norm 7.968892002677e-08 true resid norm 1.852256394017e-07 ||r(i)||/||b|| 9.598106831490e-06
166 KSP preconditioned resid norm 1.124588248706e-07 true resid norm 1.878709975572e-07 ||r(i)||/||b|| 9.735185209332e-06
167 KSP preconditioned resid norm 7.884257747500e-08 true resid norm 1.883306222931e-07 ||r(i)||/||b|| 9.759002253946e-06
167 KSP preconditioned resid norm 1.078226505870e-07 true resid norm 1.844900255797e-07 ||r(i)||/||b|| 9.559988458281e-06
168 KSP preconditioned resid norm 7.549740185582e-08 true resid norm 1.863670105524e-07 ||r(i)||/||b|| 9.657250923389e-06
168 KSP preconditioned resid norm 1.064537112962e-07 true resid norm 1.900905531157e-07 ||r(i)||/||b|| 9.850199153612e-06
169 KSP preconditioned resid norm 7.521427902736e-08 true resid norm 1.894763497190e-07 ||r(i)||/||b|| 9.818372081307e-06
169 KSP preconditioned resid norm 1.063462607704e-07 true resid norm 1.902884019689e-07 ||r(i)||/||b|| 9.860451375901e-06
170 KSP preconditioned resid norm 7.519372727303e-08 true resid norm 1.899902851149e-07 ||r(i)||/||b|| 9.845003420522e-06
170 KSP preconditioned resid norm 1.063382625799e-07 true resid norm 1.901262148347e-07 ||r(i)||/||b|| 9.852047088864e-06
171 KSP preconditioned resid norm 7.518617563903e-08 true resid norm 1.905154525609e-07 ||r(i)||/||b|| 9.872216787245e-06
171 KSP preconditioned resid norm 1.062829041332e-07 true resid norm 1.916683974674e-07 ||r(i)||/||b|| 9.931960613309e-06
172 KSP preconditioned resid norm 7.403915171357e-08 true resid norm 1.812921301449e-07 ||r(i)||/||b|| 9.394278451190e-06
172 KSP preconditioned resid norm 7.362200257915e-08 true resid norm 1.234942091233e-07 ||r(i)||/||b|| 6.399279365775e-06
173 KSP preconditioned resid norm 4.819738651840e-08 true resid norm 1.130421968439e-07 ||r(i)||/||b|| 5.857672216864e-06
173 KSP preconditioned resid norm 6.661146515929e-08 true resid norm 1.165291969824e-07 ||r(i)||/||b|| 6.038363183617e-06
174 KSP preconditioned resid norm 4.709237083399e-08 true resid norm 1.157894664623e-07 ||r(i)||/||b|| 6.000031489464e-06
174 KSP preconditioned resid norm 6.659856018108e-08 true resid norm 1.158858266548e-07 ||r(i)||/||b|| 6.005024725957e-06
175 KSP preconditioned resid norm 4.708121830023e-08 true resid norm 1.156949495292e-07 ||r(i)||/||b|| 5.995133767830e-06
175 KSP preconditioned resid norm 6.444656906742e-08 true resid norm 1.116873111078e-07 ||r(i)||/||b|| 5.787464128599e-06
176 KSP preconditioned resid norm 4.506490435209e-08 true resid norm 1.104867420050e-07 ||r(i)||/||b|| 5.725252490164e-06
176 KSP preconditioned resid norm 6.348148499120e-08 true resid norm 1.135912776728e-07 ||r(i)||/||b|| 5.886124738190e-06
177 KSP preconditioned resid norm 4.447166432609e-08 true resid norm 1.165038510424e-07 ||r(i)||/||b|| 6.037049796114e-06
177 KSP preconditioned resid norm 6.154064462533e-08 true resid norm 1.188520487314e-07 ||r(i)||/||b|| 6.158729777098e-06
178 KSP preconditioned resid norm 4.333912169500e-08 true resid norm 1.209916531111e-07 ||r(i)||/||b|| 6.269600774654e-06
178 KSP preconditioned resid norm 6.124311441165e-08 true resid norm 1.222001155980e-07 ||r(i)||/||b|| 6.332221436077e-06
179 KSP preconditioned resid norm 4.326125921002e-08 true resid norm 1.235976735065e-07 ||r(i)||/||b|| 6.404640730467e-06
179 KSP preconditioned resid norm 6.109888437309e-08 true resid norm 1.256298004591e-07 ||r(i)||/||b|| 6.509942413590e-06
180 KSP preconditioned resid norm 4.195482327423e-08 true resid norm 1.219184301502e-07 ||r(i)||/||b|| 6.317624930806e-06
180 KSP preconditioned resid norm 3.922437300905e-08 true resid norm 6.692347421002e-08 ||r(i)||/||b|| 3.467871170952e-06
181 KSP preconditioned resid norm 2.546807197517e-08 true resid norm 6.156959808591e-08 ||r(i)||/||b|| 3.190441571206e-06
181 KSP preconditioned resid norm 3.511880559170e-08 true resid norm 6.284999667919e-08 ||r(i)||/||b|| 3.256789850661e-06
182 KSP preconditioned resid norm 2.413026737777e-08 true resid norm 6.217728727079e-08 ||r(i)||/||b|| 3.221931087105e-06
182 KSP preconditioned resid norm 3.303853979234e-08 true resid norm 6.158400322664e-08 ||r(i)||/||b|| 3.191188023372e-06
183 KSP preconditioned resid norm 2.230214586539e-08 true resid norm 5.971591192148e-08 ||r(i)||/||b|| 3.094386414395e-06
183 KSP preconditioned resid norm 2.957107684431e-08 true resid norm 5.717263766338e-08 ||r(i)||/||b|| 2.962597866600e-06
184 KSP preconditioned resid norm 2.020770597354e-08 true resid norm 5.522354661029e-08 ||r(i)||/||b|| 2.861598975668e-06
184 KSP preconditioned resid norm 2.804188993699e-08 true resid norm 5.553170936986e-08 ||r(i)||/||b|| 2.877567494375e-06
185 KSP preconditioned resid norm 1.908430924653e-08 true resid norm 5.278069171549e-08 ||r(i)||/||b|| 2.735014004333e-06
185 KSP preconditioned resid norm 2.508479915245e-08 true resid norm 4.962112728546e-08 ||r(i)||/||b|| 2.571290250762e-06
186 KSP preconditioned resid norm 1.677258726399e-08 true resid norm 4.826531667856e-08 ||r(i)||/||b|| 2.501034237122e-06
186 KSP preconditioned resid norm 2.269841826620e-08 true resid norm 4.841503919908e-08 ||r(i)||/||b|| 2.508792627114e-06
187 KSP preconditioned resid norm 1.541282952708e-08 true resid norm 4.831949582225e-08 ||r(i)||/||b|| 2.503841716750e-06
187 KSP preconditioned resid norm 2.099394947456e-08 true resid norm 4.829623982425e-08 ||r(i)||/||b|| 2.502636626817e-06
188 KSP preconditioned resid norm 1.479487639176e-08 true resid norm 4.849302718076e-08 ||r(i)||/||b|| 2.512833843990e-06
188 KSP preconditioned resid norm 2.091650936298e-08 true resid norm 4.870560117735e-08 ||r(i)||/||b|| 2.523849100493e-06
189 KSP preconditioned resid norm 1.471941740269e-08 true resid norm 4.769404604173e-08 ||r(i)||/||b|| 2.471431874189e-06
189 KSP preconditioned resid norm 1.944658887522e-08 true resid norm 4.584371779883e-08 ||r(i)||/||b|| 2.375550719690e-06
190 KSP preconditioned resid norm 1.222925756482e-08 true resid norm 4.000456893252e-08 ||r(i)||/||b|| 2.072975035218e-06
190 KSP preconditioned resid norm 1.444165706380e-08 true resid norm 3.234839074220e-08 ||r(i)||/||b|| 1.676243694843e-06
191 KSP preconditioned resid norm 8.943160534813e-09 true resid norm 2.846145211925e-08 ||r(i)||/||b|| 1.474828532930e-06
191 KSP preconditioned resid norm 1.138594187519e-08 true resid norm 2.615332197586e-08 ||r(i)||/||b|| 1.355224790334e-06
192 KSP preconditioned resid norm 7.397651409397e-09 true resid norm 2.422642287662e-08 ||r(i)||/||b|| 1.255375852208e-06
192 KSP preconditioned resid norm 9.749165205481e-09 true resid norm 2.340693666879e-08 ||r(i)||/||b|| 1.212911341382e-06
193 KSP preconditioned resid norm 6.473437299676e-09 true resid norm 2.283931942939e-08 ||r(i)||/||b|| 1.183498291867e-06
193 KSP preconditioned resid norm 8.648901470928e-09 true resid norm 2.241540707677e-08 ||r(i)||/||b|| 1.161531807848e-06
194 KSP preconditioned resid norm 5.865519432451e-09 true resid norm 2.235993287888e-08 ||r(i)||/||b|| 1.158657220510e-06
194 KSP preconditioned resid norm 8.038096262893e-09 true resid norm 2.263071486953e-08 ||r(i)||/||b|| 1.172688725451e-06
195 KSP preconditioned resid norm 5.475675132876e-09 true resid norm 2.211915471676e-08 ||r(i)||/||b|| 1.146180467669e-06
195 KSP preconditioned resid norm 7.412829868377e-09 true resid norm 2.162295872697e-08 ||r(i)||/||b|| 1.120468357106e-06
196 KSP preconditioned resid norm 5.138657861542e-09 true resid norm 2.147911019533e-08 ||r(i)||/||b|| 1.113014348154e-06
196 KSP preconditioned resid norm 7.199660952436e-09 true resid norm 2.179352336359e-08 ||r(i)||/||b|| 1.129306753395e-06
197 KSP preconditioned resid norm 4.998917532192e-09 true resid norm 2.170990011898e-08 ||r(i)||/||b|| 1.124973525890e-06
197 KSP preconditioned resid norm 6.828087458380e-09 true resid norm 2.139009677887e-08 ||r(i)||/||b|| 1.108401810260e-06
198 KSP preconditioned resid norm 4.714923660707e-09 true resid norm 2.120497615785e-08 ||r(i)||/||b|| 1.098809145320e-06
198 KSP preconditioned resid norm 6.558703826389e-09 true resid norm 2.119653291074e-08 ||r(i)||/||b|| 1.098371629282e-06
199 KSP preconditioned resid norm 4.542567834924e-09 true resid norm 2.100342188375e-08 ||r(i)||/||b|| 1.088364913833e-06
199 KSP preconditioned resid norm 6.260690449616e-09 true resid norm 2.085523251937e-08 ||r(i)||/||b|| 1.080685969626e-06
200 KSP preconditioned resid norm 4.322417999253e-09 true resid norm 2.071403093903e-08 ||r(i)||/||b|| 1.073369121607e-06
200 KSP preconditioned resid norm 5.978356629833e-09 true resid norm 2.062638902150e-08 ||r(i)||/||b|| 1.068827652671e-06
201 KSP preconditioned resid norm 4.137304220773e-09 true resid norm 2.053350074675e-08 ||r(i)||/||b|| 1.064014325600e-06
201 KSP preconditioned resid norm 5.730218781872e-09 true resid norm 2.045317468775e-08 ||r(i)||/||b|| 1.059851953165e-06
202 KSP preconditioned resid norm 3.970572846283e-09 true resid norm 2.037098393415e-08 ||r(i)||/||b|| 1.055592955133e-06
202 KSP preconditioned resid norm 5.505618940476e-09 true resid norm 2.029963634613e-08 ||r(i)||/||b|| 1.051895833211e-06
203 KSP preconditioned resid norm 3.890597028155e-09 true resid norm 2.029360572615e-08 ||r(i)||/||b|| 1.051583335789e-06
203 KSP preconditioned resid norm 5.502021046600e-09 true resid norm 2.030128494481e-08 ||r(i)||/||b|| 1.051981261051e-06
204 KSP preconditioned resid norm 3.890384460023e-09 true resid norm 2.029060220948e-08 ||r(i)||/||b|| 1.051427698190e-06
204 KSP preconditioned resid norm 5.501529208911e-09 true resid norm 2.030562785813e-08 ||r(i)||/||b|| 1.052206304118e-06
205 KSP preconditioned resid norm 3.890118005173e-09 true resid norm 2.031398156271e-08 ||r(i)||/||b|| 1.052639180200e-06
205 KSP preconditioned resid norm 5.501440862190e-09 true resid norm 2.031867176912e-08 ||r(i)||/||b|| 1.052882219459e-06
206 KSP preconditioned resid norm 3.889872458380e-09 true resid norm 2.032902542362e-08 ||r(i)||/||b|| 1.053418729860e-06
206 KSP preconditioned resid norm 5.494613277650e-09 true resid norm 2.039171366799e-08 ||r(i)||/||b|| 1.056667137955e-06
207 KSP preconditioned resid norm 3.880471636431e-09 true resid norm 2.045383567200e-08 ||r(i)||/||b|| 1.059886204349e-06
207 KSP preconditioned resid norm 5.480704725306e-09 true resid norm 2.051907262977e-08 ||r(i)||/||b|| 1.063266682840e-06
208 KSP preconditioned resid norm 3.872468850778e-09 true resid norm 2.054982348772e-08 ||r(i)||/||b|| 1.064860144851e-06
208 KSP preconditioned resid norm 5.474006135910e-09 true resid norm 2.057363191017e-08 ||r(i)||/||b|| 1.066093860566e-06
209 KSP preconditioned resid norm 3.867687861455e-09 true resid norm 2.060202189449e-08 ||r(i)||/||b|| 1.067564985748e-06
209 KSP preconditioned resid norm 5.462430919756e-09 true resid norm 2.066986538798e-08 ||r(i)||/||b|| 1.071080530898e-06
210 KSP preconditioned resid norm 3.862498937216e-09 true resid norm 2.067042264334e-08 ||r(i)||/||b|| 1.071109407011e-06
210 KSP preconditioned resid norm 5.462398236454e-09 true resid norm 2.067042141599e-08 ||r(i)||/||b|| 1.071109343412e-06
211 KSP preconditioned resid norm 3.862498781286e-09 true resid norm 2.067042160957e-08 ||r(i)||/||b|| 1.071109353443e-06
211 KSP preconditioned resid norm 5.462398122086e-09 true resid norm 2.067042215133e-08 ||r(i)||/||b|| 1.071109381516e-06
212 KSP preconditioned resid norm 3.862493681366e-09 true resid norm 2.067039969306e-08 ||r(i)||/||b|| 1.071108217763e-06
212 KSP preconditioned resid norm 5.461073979622e-09 true resid norm 2.069711734635e-08 ||r(i)||/||b|| 1.072492685331e-06
213 KSP preconditioned resid norm 3.860633430101e-09 true resid norm 2.072414056678e-08 ||r(i)||/||b|| 1.073892986917e-06
213 KSP preconditioned resid norm 5.458449468956e-09 true resid norm 2.075146989260e-08 ||r(i)||/||b|| 1.075309150412e-06
214 KSP preconditioned resid norm 3.858720567821e-09 true resid norm 2.078077417715e-08 ||r(i)||/||b|| 1.076827653221e-06
214 KSP preconditioned resid norm 5.455571340850e-09 true resid norm 2.081189556814e-08 ||r(i)||/||b|| 1.078440315682e-06
215 KSP preconditioned resid norm 3.856784826881e-09 true resid norm 2.083297802427e-08 ||r(i)||/||b|| 1.079532776029e-06
215 KSP preconditioned resid norm 5.453257483167e-09 true resid norm 2.085129349332e-08 ||r(i)||/||b|| 1.080481855374e-06
216 KSP preconditioned resid norm 3.855254012023e-09 true resid norm 2.087067382925e-08 ||r(i)||/||b|| 1.081486114478e-06
216 KSP preconditioned resid norm 5.451000605220e-09 true resid norm 2.089115391803e-08 ||r(i)||/||b|| 1.082547361079e-06
217 KSP preconditioned resid norm 3.853718038309e-09 true resid norm 2.091185499317e-08 ||r(i)||/||b|| 1.083620058850e-06
217 KSP preconditioned resid norm 5.449076540773e-09 true resid norm 2.093706670120e-08 ||r(i)||/||b|| 1.084926490659e-06
218 KSP preconditioned resid norm 3.853065370002e-09 true resid norm 2.093557710126e-08 ||r(i)||/||b|| 1.084849301889e-06
218 KSP preconditioned resid norm 5.449056893368e-09 true resid norm 2.093573795532e-08 ||r(i)||/||b|| 1.084857637098e-06
219 KSP preconditioned resid norm 3.853023521589e-09 true resid norm 2.093580235976e-08 ||r(i)||/||b|| 1.084860974436e-06
219 KSP preconditioned resid norm 5.440584363202e-09 true resid norm 2.089698300231e-08 ||r(i)||/||b|| 1.082849415232e-06
220 KSP preconditioned resid norm 3.831688840601e-09 true resid norm 2.076006134768e-08 ||r(i)||/||b|| 1.075754346358e-06
220 KSP preconditioned resid norm 5.363294540513e-09 true resid norm 2.038954113894e-08 ||r(i)||/||b|| 1.056554560852e-06
221 KSP preconditioned resid norm 3.751603033190e-09 true resid norm 1.996841302426e-08 ||r(i)||/||b|| 1.034732351748e-06
221 KSP preconditioned resid norm 5.245654604634e-09 true resid norm 1.975671622356e-08 ||r(i)||/||b|| 1.023762550183e-06
222 KSP preconditioned resid norm 3.652454637724e-09 true resid norm 1.943390157113e-08 ||r(i)||/||b|| 1.007034792996e-06
222 KSP preconditioned resid norm 5.059225749375e-09 true resid norm 1.899541472088e-08 ||r(i)||/||b|| 9.843130809987e-07
223 KSP preconditioned resid norm 3.516044453685e-09 true resid norm 1.867427236309e-08 ||r(i)||/||b|| 9.676719795394e-07
223 KSP preconditioned resid norm 4.900795658957e-09 true resid norm 1.844158243308e-08 ||r(i)||/||b|| 9.556143464056e-07
224 KSP preconditioned resid norm 3.441546338516e-09 true resid norm 1.837680150421e-08 ||r(i)||/||b|| 9.522574986283e-07
224 KSP preconditioned resid norm 4.850947567942e-09 true resid norm 1.838128849063e-08 ||r(i)||/||b|| 9.524900073410e-07
225 KSP preconditioned resid norm 3.380753415588e-09 true resid norm 1.814710883424e-08 ||r(i)||/||b|| 9.403551788850e-07
225 KSP preconditioned resid norm 4.503462794806e-09 true resid norm 1.678672648376e-08 ||r(i)||/||b|| 8.698622645470e-07
226 KSP preconditioned resid norm 2.888795643270e-09 true resid norm 1.462512494678e-08 ||r(i)||/||b|| 7.578514082419e-07
226 KSP preconditioned resid norm 3.532130991587e-09 true resid norm 1.193805054135e-08 ||r(i)||/||b|| 6.186113586959e-07
227 KSP preconditioned resid norm 2.242134785630e-09 true resid norm 1.044427719075e-08 ||r(i)||/||b|| 5.412063285530e-07
227 KSP preconditioned resid norm 2.912665142710e-09 true resid norm 9.522709722515e-09 ||r(i)||/||b|| 4.934521243236e-07
228 KSP preconditioned resid norm 1.993880326338e-09 true resid norm 9.281991144906e-09 ||r(i)||/||b|| 4.809784590595e-07
228 KSP preconditioned resid norm 2.782583818341e-09 true resid norm 9.212120236121e-09 ||r(i)||/||b|| 4.773578563768e-07
229 KSP preconditioned resid norm 1.941017455876e-09 true resid norm 9.146791742597e-09 ||r(i)||/||b|| 4.739726346439e-07
229 KSP preconditioned resid norm 2.707092949550e-09 true resid norm 9.087059625152e-09 ||r(i)||/||b|| 4.708774084843e-07
230 KSP preconditioned resid norm 1.901421832583e-09 true resid norm 9.079633940559e-09 ||r(i)||/||b|| 4.704926209665e-07
230 KSP preconditioned resid norm 2.680260982563e-09 true resid norm 9.118953301608e-09 ||r(i)||/||b|| 4.725300895865e-07
231 KSP preconditioned resid norm 1.883109935339e-09 true resid norm 9.044306976843e-09 ||r(i)||/||b|| 4.686620322161e-07
231 KSP preconditioned resid norm 2.630023224182e-09 true resid norm 8.902218661960e-09 ||r(i)||/||b|| 4.612992349805e-07
232 KSP preconditioned resid norm 1.839294968033e-09 true resid norm 8.726496431733e-09 ||r(i)||/||b|| 4.521935801487e-07
232 KSP preconditioned resid norm 2.575873607487e-09 true resid norm 8.620734650368e-09 ||r(i)||/||b|| 4.467131678283e-07
233 KSP preconditioned resid norm 1.724630368849e-09 true resid norm 7.827568984157e-09 ||r(i)||/||b|| 4.056125468562e-07
233 KSP preconditioned resid norm 1.917977337017e-09 true resid norm 5.353414009519e-09 ||r(i)||/||b|| 2.774056536802e-07
234 KSP preconditioned resid norm 1.275291438150e-09 true resid norm 5.023726326122e-09 ||r(i)||/||b|| 2.603217466331e-07
KSP Object: 1 MPI processes
  type: tfqmr
  maximum iterations=1000, initial guess is zero
  tolerances:  relative=1e-07, absolute=1e-50, divergence=10000.
  left preconditioning
  using PRECONDITIONED norm type for convergence test
PC Object: 1 MPI processes
  type: fieldsplit
    FieldSplit with Schur preconditioner, blocksize = 1, factorization FULL
    Preconditioner for the Schur complement formed from Sp, an assembled approximation to S, which uses A00's diagonal's inverse
    Split info:
    Split number 0 Defined by IS
    Split number 1 Defined by IS
    KSP solver for A00 block
      KSP Object: (fieldsplit_0_) 1 MPI processes
        type: preonly
        maximum iterations=10000, initial guess is zero
        tolerances:  relative=1e-05, absolute=1e-50, divergence=10000.
        left preconditioning
        using NONE norm type for convergence test
      PC Object: (fieldsplit_0_) 1 MPI processes
        type: gasm
          Restriction/interpolation type: RESTRICT
          requested amount of overlap = 0
          total number of subdomains = 1
          max number of local subdomains = 1
          [0|1] number of locally-supported subdomains = 1
          Subdomain solver info is as follows:
            - - - - - - - - - - - - - - - - - -
            [0|1] (subcomm [0|1]) local subdomain number 0, local size = 405
          KSP Object: (fieldsplit_0_sub_) 1 MPI processes
            type: preonly
            maximum iterations=10000, initial guess is zero
            tolerances:  relative=1e-05, absolute=1e-50, divergence=10000.
            left preconditioning
            using NONE norm type for convergence test
          PC Object: (fieldsplit_0_sub_) 1 MPI processes
            type: ilu
              out-of-place factorization
              0 levels of fill
              tolerance for zero pivot 2.22045e-14
              matrix ordering: natural
              factor fill ratio given 1., needed 1.
                Factored matrix follows:
                  Mat Object: 1 MPI processes
                    type: seqaij
                    rows=405, cols=405
                    package used to perform factorization: petsc
                    total: nonzeros=20025, allocated nonzeros=20025
                    total number of mallocs used during MatSetValues calls =0
                      using I-node routines: found 245 nodes, limit used is 5
            linear system matrix = precond matrix:
            Mat Object: (fieldsplit_0_) 1 MPI processes
              type: seqaij
              rows=405, cols=405
              total: nonzeros=20025, allocated nonzeros=20025
              total number of mallocs used during MatSetValues calls =0
                using I-node routines: found 245 nodes, limit used is 5
            - - - - - - - - - - - - - - - - - -
None
Traceback (most recent call last):
  File "/usr/local/bin/fenicsR13", line 11, in <module>
    load_entry_point('fenicsR13', 'console_scripts', 'fenicsR13')()
  File "/fenicsR13/fenicsR13/fenicsR13.py", line 120, in main
    solver.solve()
  File "/fenicsR13/fenicsR13/solver.py", line 1141, in solve
    solver.solve(sol.vector(), LL)
RuntimeError: 

*** -------------------------------------------------------------------------
*** DOLFIN encountered an error. If you are not able to resolve this issue
*** using the information listed below, you can ask for help at
***
***     fenics-support@googlegroups.com
***
*** Remember to include the error message listed below and, if possible,
*** include a *minimal* running example to reproduce the error.
***
*** -------------------------------------------------------------------------
*** Error:   Unable to successfully call PETSc function 'KSPSolve'.
*** Reason:  PETSc error code is: 77 (Petsc has generated inconsistent data).
*** Where:   This error was encountered inside /tmp/dolfin/dolfin/la/PETScKrylovSolver.cpp.
*** Process: 0
*** 
*** DOLFIN version: 2019.1.0
*** Git changeset:  74d7efe1e84d65e9433fd96c50f1d278fa3e3f3f
*** -------------------------------------------------------------------------

