-> Version: 1.4
-> Contact: Lambert Theisen <lambert.theisen@rwth-aachen.de>
-> Contact: Manuel Torrilhon <mt@mathcces.rwth-aachen.de>
-> Repository: <https://git.rwth-aachen.de/lamBOO/fenicsR13>
-> Documentation: <https://lamboo.pages.rwth-aachen.de/fenicsR13/>
  __            _          ____  _ _____
 / _| ___ _ __ (_) ___ ___|  _ \/ |___ /
| |_ / _ \ '_ \| |/ __/ __| |_) | | |_ \
|  _|  __/ | | | | (__\__ \  _ <| |___) |
|_|  \___|_| |_|_|\___|___/_| \_\_|____/

Input:
{"output_folder": "../../examples/precon_study/Simulation_Output_v1/schur_lower_gasm_jacobi", "meshes": ["../../tests/square_manufactured_solution/meshes/square2.h5", "../../tests/square_manufactured_solution/meshes/square3.h5", "../../tests/square_manufactured_solution/meshes/square4.h5", "../../tests/square_manufactured_solution/meshes/square5.h5"], "elements": {"theta": {"shape": "Lagrange", "degree": 1}, "s": {"shape": "Lagrange", "degree": 2}, "p": {"shape": "Lagrange", "degree": 1}, "u": {"shape": "Lagrange", "degree": 1}, "sigma": {"shape": "Lagrange", "degree": 2}}, "stabilization": {"cip": {"enable": false, "delta_theta": 1.0, "delta_u": 1.0, "delta_p": 0.1}, "gls": {"enable": false, "tau_energy": 0.001, "tau_heatflux": 0.001, "tau_mass": 0.01, "tau_momentum": 0.01, "tau_stress": 0.01}}, "nsd": 2, "mode": "r13", "heat_source": "2*(-1 + x[0])*x[0]*(-1 + x[1])*x[1]*(-((-1 + x[1])*x[1]) + std::pow(x[0],2)*(-1 + 2*x[1]) + x[0]*(1 - 4*x[1] + 2*std::pow(x[1],2)))", "mass_source": 0, "body_force": ["2*std::pow(-1 + x[0],2)*std::pow(x[0],2)*(-1 + x[1])*x[1]*(-1 + 2*x[1])", "2*(-1 + x[0])*x[0]*(-1 + 2*x[0])*std::pow(-1 + x[1],2)*std::pow(x[1],2)"], "f_s": ["(2*(-108*std::pow(-1 + x[1],2)*std::pow(x[1],2) + 9*x[0]*x[1]*(-16 + 115*x[1] - 166*std::pow(x[1],2) + 67*std::pow(x[1],3)) + std::pow(x[0],2)*(-36 + 678*x[1] - 2105*std::pow(x[1],2) + 1930*std::pow(x[1],3) - 503*std::pow(x[1],4)) + 2*std::pow(x[0],4)*(-18 + 123*x[1] - 148*std::pow(x[1],2) + 20*std::pow(x[1],3) + 5*std::pow(x[1],4)) - 2*std::pow(x[0],3)*(-36 + 390*x[1] - 683*std::pow(x[1],2) + 238*std::pow(x[1],3) + 55*std::pow(x[1],4))))/75.", "(2*(-36*std::pow(-1 + x[1],2)*std::pow(x[1],2) + 6*x[0]*x[1]*(-24 + 113*x[1] - 130*std::pow(x[1],2) + 41*std::pow(x[1],3)) + std::pow(x[0],2)*(-108 + 1035*x[1] - 2105*std::pow(x[1],2) + 1366*std::pow(x[1],3) - 296*std::pow(x[1],4)) + std::pow(x[0],4)*(-108 + 603*x[1] - 503*std::pow(x[1],2) - 110*std::pow(x[1],3) + 10*std::pow(x[1],4)) + 2*std::pow(x[0],3)*(108 - 747*x[1] + 965*std::pow(x[1],2) - 238*std::pow(x[1],3) + 20*std::pow(x[1],4))))/75."], "f_sigma": [["(-36*std::pow(-1 + x[1],2)*std::pow(x[1],2) + 8*x[0]*x[1]*(13 - 10*x[1] - 32*std::pow(x[1],2) + 29*std::pow(x[1],3)) + 2*std::pow(x[0],3)*(12 + 40*x[1] - 263*std::pow(x[1],2) + 222*std::pow(x[1],3) + std::pow(x[1],4)) + std::pow(x[0],4)*(-12 + 64*x[1] - 33*std::pow(x[1],2) - 46*std::pow(x[1],3) + 15*std::pow(x[1],4)) - std::pow(x[0],2)*(12 + 248*x[1] - 639*std::pow(x[1],2) + 142*std::pow(x[1],3) + 249*std::pow(x[1],4)))/30.", "(-62*std::pow(-1 + x[1],2)*std::pow(x[1],2) + 48*x[0]*x[1]*(-1 + 11*x[1] - 18*std::pow(x[1],2) + 8*std::pow(x[1],3)) + std::pow(x[0],2)*(-2 + 168*x[1] - 873*std::pow(x[1],2) + 1098*std::pow(x[1],3) - 393*std::pow(x[1],4)) - 2*std::pow(x[0],3)*(-2 + 72*x[1] - 189*std::pow(x[1],2) + 114*std::pow(x[1],3) + 3*std::pow(x[1],4)) + std::pow(x[0],4)*(-2 + 24*x[1] - 33*std::pow(x[1],2) - 6*std::pow(x[1],3) + 15*std::pow(x[1],4)))/30."], ["(-62*std::pow(-1 + x[1],2)*std::pow(x[1],2) + 48*x[0]*x[1]*(-1 + 11*x[1] - 18*std::pow(x[1],2) + 8*std::pow(x[1],3)) + std::pow(x[0],2)*(-2 + 168*x[1] - 873*std::pow(x[1],2) + 1098*std::pow(x[1],3) - 393*std::pow(x[1],4)) - 2*std::pow(x[0],3)*(-2 + 72*x[1] - 189*std::pow(x[1],2) + 114*std::pow(x[1],3) + 3*std::pow(x[1],4)) + std::pow(x[0],4)*(-2 + 24*x[1] - 33*std::pow(x[1],2) - 6*std::pow(x[1],3) + 15*std::pow(x[1],4)))/30.", "(-12*std::pow(-1 + x[1],2)*std::pow(x[1],2) + 8*x[0]*x[1]*(-17 + 59*x[1] - 50*std::pow(x[1],2) + 8*std::pow(x[1],3)) + std::pow(x[0],2)*(-36 + 640*x[1] - 1521*std::pow(x[1],2) + 914*std::pow(x[1],3) - 33*std::pow(x[1],4)) + std::pow(x[0],4)*(-36 + 232*x[1] - 249*std::pow(x[1],2) + 2*std::pow(x[1],3) + 15*std::pow(x[1],4)) - 2*std::pow(x[0],3)*(-36 + 368*x[1] - 649*std::pow(x[1],2) + 258*std::pow(x[1],3) + 23*std::pow(x[1],4)))/30."]], "petsc_options": {"ksp_type": "tfqmr", "ksp_rtol": "1E-7", "ksp_max_it": 1000, "ksp_view": null, "ksp_monitor_true_residual": null, "pc_type": "fieldsplit", "pc_fieldsplit_detect_saddle_point": null, "pc_fieldsplit_type": "schur", "pc_fieldsplit_schur_fact_type": "lower", "pc_fieldsplit_schur_precondition": "selfp", "fieldsplit_0_ksp_type": "preonly", "fieldsplit_0_pc_type": "gasm", "fieldsplit_0_pc_gamg_type": "classical", "fieldsplit_1_ksp_type": "preonly", "fieldsplit_1_pc_type": "jacobi"}, "regs": {"4000": {"kn": 1.0}}, "polar_coord_syst": true, "bcs": {"3000": {"chi_tilde": 1, "theta_w": 0, "u_t_w": 0, "u_n_w": 0, "u_x_w": "1E300", "u_y_w": "1E300", "u_z_w": "1E300", "p_w": 0, "epsilon_w": 0}, "3100": {"chi_tilde": 1, "theta_w": 0, "u_t_w": 0, "u_n_w": 0, "u_x_w": "1E300", "u_y_w": "1E300", "u_z_w": "1E300", "p_w": 0, "epsilon_w": 0}, "3200": {"chi_tilde": 1, "theta_w": 0, "u_t_w": 0, "u_n_w": 0, "u_x_w": "1E300", "u_y_w": "1E300", "u_z_w": "1E300", "p_w": 0, "epsilon_w": 0}, "3300": {"chi_tilde": 1, "theta_w": 0, "u_t_w": 0, "u_n_w": 0, "u_x_w": "1E300", "u_y_w": "1E300", "u_z_w": "1E300", "p_w": 0, "epsilon_w": 0}}, "convergence_study": {"enable":...
Study [''] : 
Mesh: ../../tests/square_manufactured_solution/meshes/square2.h5
hmax: 0.35355339059415386
Start assemble
Write: ../../examples/precon_study/Simulation_Output_v1/schur_lower_gasm_jacobi/assemble_0
Finish assemble: 0.04523730278015137
Start solve
#PETSc Option Table entries:
-fieldsplit_0_ksp_type preonly
-fieldsplit_0_pc_gamg_type classical
-fieldsplit_0_pc_type gasm
-fieldsplit_1_ksp_type preonly
-fieldsplit_1_pc_type jacobi
-ksp_max_it 1000
-ksp_monitor_true_residual
-ksp_rtol 1E-7
-ksp_type tfqmr
-ksp_view
-pc_fieldsplit_detect_saddle_point
-pc_fieldsplit_schur_fact_type lower
-pc_fieldsplit_schur_precondition selfp
-pc_fieldsplit_type schur
-pc_type fieldsplit
#End of PETSc Option Table entries
  0 KSP preconditioned resid norm 1.532505739150e-01 true resid norm 1.929814312902e-02 ||r(i)||/||b|| 1.000000000000e+00
  1 KSP preconditioned resid norm 8.855346876488e-02 true resid norm 1.629031536937e-02 ||r(i)||/||b|| 8.441390065592e-01
  1 KSP preconditioned resid norm 8.206316347009e-02 true resid norm 1.516685201057e-02 ||r(i)||/||b|| 7.859228688050e-01
  2 KSP preconditioned resid norm 5.362232815908e-02 true resid norm 1.408487430818e-02 ||r(i)||/||b|| 7.298564537541e-01
  2 KSP preconditioned resid norm 7.422582390494e-02 true resid norm 1.365874812324e-02 ||r(i)||/||b|| 7.077752523609e-01
  3 KSP preconditioned resid norm 3.954655524481e-02 true resid norm 1.015095725963e-02 ||r(i)||/||b|| 5.260069423137e-01
  3 KSP preconditioned resid norm 1.880366596224e-02 true resid norm 7.464235813660e-03 ||r(i)||/||b|| 3.867851825825e-01
  4 KSP preconditioned resid norm 1.315678117771e-02 true resid norm 7.543624552280e-03 ||r(i)||/||b|| 3.908989845213e-01
  4 KSP preconditioned resid norm 1.860183818408e-02 true resid norm 7.548124328311e-03 ||r(i)||/||b|| 3.911321559721e-01
  5 KSP preconditioned resid norm 1.309018064543e-02 true resid norm 7.547600830310e-03 ||r(i)||/||b|| 3.911050291134e-01
  5 KSP preconditioned resid norm 1.699963611276e-02 true resid norm 6.913539799406e-03 ||r(i)||/||b|| 3.582489648452e-01
  6 KSP preconditioned resid norm 8.332986106316e-03 true resid norm 5.204577051301e-03 ||r(i)||/||b|| 2.696931521600e-01
  6 KSP preconditioned resid norm 5.505459117893e-03 true resid norm 4.055505874752e-03 ||r(i)||/||b|| 2.101500568028e-01
  7 KSP preconditioned resid norm 2.661501804758e-03 true resid norm 3.838761471320e-03 ||r(i)||/||b|| 1.989186962526e-01
  7 KSP preconditioned resid norm 2.824129720975e-03 true resid norm 3.707025414062e-03 ||r(i)||/||b|| 1.920923370336e-01
  8 KSP preconditioned resid norm 1.988811046079e-03 true resid norm 3.761235283422e-03 ||r(i)||/||b|| 1.949014088182e-01
  8 KSP preconditioned resid norm 2.812388297751e-03 true resid norm 3.766055356395e-03 ||r(i)||/||b|| 1.951511775624e-01
  9 KSP preconditioned resid norm 1.987085492320e-03 true resid norm 3.770782985111e-03 ||r(i)||/||b|| 1.953961559877e-01
  9 KSP preconditioned resid norm 2.787439592615e-03 true resid norm 3.741629076143e-03 ||r(i)||/||b|| 1.938854454093e-01
 10 KSP preconditioned resid norm 1.893283546422e-03 true resid norm 3.605099670418e-03 ||r(i)||/||b|| 1.868107022689e-01
 10 KSP preconditioned resid norm 2.261062708813e-03 true resid norm 3.149746779644e-03 ||r(i)||/||b|| 1.632150180764e-01
 11 KSP preconditioned resid norm 1.485374346692e-03 true resid norm 2.941776383013e-03 ||r(i)||/||b|| 1.524383130204e-01
 11 KSP preconditioned resid norm 2.025416832715e-03 true resid norm 2.833849410679e-03 ||r(i)||/||b|| 1.468457038448e-01
 12 KSP preconditioned resid norm 1.249312065300e-03 true resid norm 2.500577258226e-03 ||r(i)||/||b|| 1.295760551421e-01
 12 KSP preconditioned resid norm 1.228613701447e-03 true resid norm 2.021105077889e-03 ||r(i)||/||b|| 1.047305465804e-01
 13 KSP preconditioned resid norm 6.476549350829e-04 true resid norm 1.821441528473e-03 ||r(i)||/||b|| 9.438428952962e-02
 13 KSP preconditioned resid norm 7.050556786048e-04 true resid norm 1.709324882773e-03 ||r(i)||/||b|| 8.857457794491e-02
 14 KSP preconditioned resid norm 4.148107933340e-04 true resid norm 1.648036543000e-03 ||r(i)||/||b|| 8.539871074547e-02
 14 KSP preconditioned resid norm 5.075867583869e-04 true resid norm 1.604000764071e-03 ||r(i)||/||b|| 8.311684462840e-02
 15 KSP preconditioned resid norm 3.220737703518e-04 true resid norm 1.582261207093e-03 ||r(i)||/||b|| 8.199033432984e-02
 15 KSP preconditioned resid norm 4.179874702551e-04 true resid norm 1.570968526639e-03 ||r(i)||/||b|| 8.140516505326e-02
 16 KSP preconditioned resid norm 2.915246061286e-04 true resid norm 1.564814254046e-03 ||r(i)||/||b|| 8.108626014348e-02
 16 KSP preconditioned resid norm 4.112934759988e-04 true resid norm 1.563094389805e-03 ||r(i)||/||b|| 8.099713943226e-02
 17 KSP preconditioned resid norm 2.868420194386e-04 true resid norm 1.555146033365e-03 ||r(i)||/||b|| 8.058526786583e-02
 17 KSP preconditioned resid norm 3.766856637556e-04 true resid norm 1.526186097240e-03 ||r(i)||/||b|| 7.908460866087e-02
 18 KSP preconditioned resid norm 2.625760170219e-04 true resid norm 1.493613066317e-03 ||r(i)||/||b|| 7.739672445849e-02
 18 KSP preconditioned resid norm 3.702412055778e-04 true resid norm 1.487731303854e-03 ||r(i)||/||b|| 7.709194060320e-02
 19 KSP preconditioned resid norm 2.574407559520e-04 true resid norm 1.452950687511e-03 ||r(i)||/||b|| 7.528966273063e-02
 19 KSP preconditioned resid norm 3.335907519437e-04 true resid norm 1.315325402268e-03 ||r(i)||/||b|| 6.815813280449e-02
 20 KSP preconditioned resid norm 2.194585711123e-04 true resid norm 1.240450592599e-03 ||r(i)||/||b|| 6.427823569897e-02
 20 KSP preconditioned resid norm 2.919508562060e-04 true resid norm 1.220360734182e-03 ||r(i)||/||b|| 6.323721023431e-02
 21 KSP preconditioned resid norm 2.003829789508e-04 true resid norm 1.234004639028e-03 ||r(i)||/||b|| 6.394421633096e-02
 21 KSP preconditioned resid norm 2.791148554910e-04 true resid norm 1.259619254587e-03 ||r(i)||/||b|| 6.527152618599e-02
 22 KSP preconditioned resid norm 1.961240442464e-04 true resid norm 1.276800734364e-03 ||r(i)||/||b|| 6.616184395713e-02
 22 KSP preconditioned resid norm 2.766273982927e-04 true resid norm 1.287685640100e-03 ||r(i)||/||b|| 6.672588297696e-02
 23 KSP preconditioned resid norm 1.950451899556e-04 true resid norm 1.299459208669e-03 ||r(i)||/||b|| 6.733597113365e-02
 23 KSP preconditioned resid norm 2.749817469807e-04 true resid norm 1.312183779698e-03 ||r(i)||/||b|| 6.799533877043e-02
 24 KSP preconditioned resid norm 1.935234792570e-04 true resid norm 1.328899140507e-03 ||r(i)||/||b|| 6.886150297584e-02
 24 KSP preconditioned resid norm 2.717216683751e-04 true resid norm 1.350518679832e-03 ||r(i)||/||b|| 6.998179414483e-02
 25 KSP preconditioned resid norm 1.910568484358e-04 true resid norm 1.369511720023e-03 ||r(i)||/||b|| 7.096598418133e-02
 25 KSP preconditioned resid norm 2.690025182519e-04 true resid norm 1.386199081483e-03 ||r(i)||/||b|| 7.183069750365e-02
 26 KSP preconditioned resid norm 1.901512838386e-04 true resid norm 1.386309549860e-03 ||r(i)||/||b|| 7.183642180452e-02
 26 KSP preconditioned resid norm 2.689079894552e-04 true resid norm 1.386302064176e-03 ||r(i)||/||b|| 7.183603390790e-02
 27 KSP preconditioned resid norm 1.900849188880e-04 true resid norm 1.386293044717e-03 ||r(i)||/||b|| 7.183556653344e-02
 27 KSP preconditioned resid norm 2.676614402758e-04 true resid norm 1.390913723722e-03 ||r(i)||/||b|| 7.207500298982e-02
 28 KSP preconditioned resid norm 1.892519763803e-04 true resid norm 1.391417343511e-03 ||r(i)||/||b|| 7.210109979022e-02
 28 KSP preconditioned resid norm 2.676424071567e-04 true resid norm 1.391444439470e-03 ||r(i)||/||b|| 7.210250386100e-02
 29 KSP preconditioned resid norm 1.892264800243e-04 true resid norm 1.391124135239e-03 ||r(i)||/||b|| 7.208590618998e-02
 29 KSP preconditioned resid norm 2.635056256668e-04 true resid norm 1.353679707751e-03 ||r(i)||/||b|| 7.014559373412e-02
 30 KSP preconditioned resid norm 1.860331076986e-04 true resid norm 1.350110065244e-03 ||r(i)||/||b|| 6.996062036733e-02
 30 KSP preconditioned resid norm 2.630475590716e-04 true resid norm 1.349805361174e-03 ||r(i)||/||b|| 6.994483107261e-02
 31 KSP preconditioned resid norm 1.851887715591e-04 true resid norm 1.338675918425e-03 ||r(i)||/||b|| 6.936812052204e-02
 31 KSP preconditioned resid norm 2.356221211645e-04 true resid norm 1.118376332170e-03 ||r(i)||/||b|| 5.795253588354e-02
 32 KSP preconditioned resid norm 1.431353422693e-04 true resid norm 8.698460042494e-04 ||r(i)||/||b|| 4.507407777184e-02
 32 KSP preconditioned resid norm 1.659554444542e-04 true resid norm 6.376392374800e-04 ||r(i)||/||b|| 3.304148141181e-02
 33 KSP preconditioned resid norm 1.031970789226e-04 true resid norm 5.319172271564e-04 ||r(i)||/||b|| 2.756312996542e-02
 33 KSP preconditioned resid norm 1.330837460202e-04 true resid norm 4.725414846960e-04 ||r(i)||/||b|| 2.448637060762e-02
 34 KSP preconditioned resid norm 9.402229389269e-05 true resid norm 4.713191123855e-04 ||r(i)||/||b|| 2.442302916060e-02
 34 KSP preconditioned resid norm 1.329663998232e-04 true resid norm 4.713662185242e-04 ||r(i)||/||b|| 2.442547012803e-02
 35 KSP preconditioned resid norm 9.387836961487e-05 true resid norm 4.710670169794e-04 ||r(i)||/||b|| 2.440996596564e-02
 35 KSP preconditioned resid norm 1.079520350671e-04 true resid norm 3.661376477504e-04 ||r(i)||/||b|| 1.897268795772e-02
 36 KSP preconditioned resid norm 6.954662877661e-05 true resid norm 3.262133417833e-04 ||r(i)||/||b|| 1.690387202553e-02
 36 KSP preconditioned resid norm 9.366392153273e-05 true resid norm 3.078740694649e-04 ||r(i)||/||b|| 1.595355923140e-02
 37 KSP preconditioned resid norm 6.132007503073e-05 true resid norm 2.820355853379e-04 ||r(i)||/||b|| 1.461464885261e-02
 37 KSP preconditioned resid norm 7.739520875445e-05 true resid norm 2.502421533287e-04 ||r(i)||/||b|| 1.296716226300e-02
 38 KSP preconditioned resid norm 4.733809815969e-05 true resid norm 2.178206039748e-04 ||r(i)||/||b|| 1.128712760179e-02
 38 KSP preconditioned resid norm 5.625121908003e-05 true resid norm 1.922199466591e-04 ||r(i)||/||b|| 9.960541041382e-03
 39 KSP preconditioned resid norm 3.492039648797e-05 true resid norm 1.783976250857e-04 ||r(i)||/||b|| 9.244289665229e-03
 39 KSP preconditioned resid norm 4.449459827244e-05 true resid norm 1.697315371605e-04 ||r(i)||/||b|| 8.795226360680e-03
 40 KSP preconditioned resid norm 2.923614593321e-05 true resid norm 1.659102470935e-04 ||r(i)||/||b|| 8.597213005641e-03
 40 KSP preconditioned resid norm 3.916207948003e-05 true resid norm 1.644571954785e-04 ||r(i)||/||b|| 8.521918113001e-03
 41 KSP preconditioned resid norm 2.632967889998e-05 true resid norm 1.625435772844e-04 ||r(i)||/||b|| 8.422757370889e-03
 41 KSP preconditioned resid norm 3.551878316530e-05 true resid norm 1.603140237692e-04 ||r(i)||/||b|| 8.307225347923e-03
 42 KSP preconditioned resid norm 2.511339397357e-05 true resid norm 1.601902976563e-04 ||r(i)||/||b|| 8.300814051659e-03
 42 KSP preconditioned resid norm 3.551569642278e-05 true resid norm 1.601914615439e-04 ||r(i)||/||b|| 8.300874362520e-03
 43 KSP preconditioned resid norm 2.511309365940e-05 true resid norm 1.601933874994e-04 ||r(i)||/||b|| 8.300974162563e-03
 43 KSP preconditioned resid norm 3.548574978704e-05 true resid norm 1.600046059352e-04 ||r(i)||/||b|| 8.291191793193e-03
 44 KSP preconditioned resid norm 2.509215517716e-05 true resid norm 1.600028458276e-04 ||r(i)||/||b|| 8.291100587135e-03
 44 KSP preconditioned resid norm 3.548566592358e-05 true resid norm 1.600029260991e-04 ||r(i)||/||b|| 8.291104746681e-03
 45 KSP preconditioned resid norm 2.509215460928e-05 true resid norm 1.600034181846e-04 ||r(i)||/||b|| 8.291130245791e-03
 45 KSP preconditioned resid norm 3.548566400684e-05 true resid norm 1.600063642125e-04 ||r(i)||/||b|| 8.291282904408e-03
 46 KSP preconditioned resid norm 2.509215324308e-05 true resid norm 1.600069227072e-04 ||r(i)||/||b|| 8.291311844743e-03
 46 KSP preconditioned resid norm 3.548566317532e-05 true resid norm 1.600070271275e-04 ||r(i)||/||b|| 8.291317255644e-03
 47 KSP preconditioned resid norm 2.509205628415e-05 true resid norm 1.599987656968e-04 ||r(i)||/||b|| 8.290889161054e-03
 47 KSP preconditioned resid norm 3.541088493299e-05 true resid norm 1.598634538188e-04 ||r(i)||/||b|| 8.283877508317e-03
 48 KSP preconditioned resid norm 2.501099319636e-05 true resid norm 1.594994359149e-04 ||r(i)||/||b|| 8.265014662219e-03
 48 KSP preconditioned resid norm 3.534940265307e-05 true resid norm 1.593165751618e-04 ||r(i)||/||b|| 8.255539100142e-03
 49 KSP preconditioned resid norm 2.498776650823e-05 true resid norm 1.592222838640e-04 ||r(i)||/||b|| 8.250653070583e-03
 49 KSP preconditioned resid norm 3.533202270959e-05 true resid norm 1.591816958692e-04 ||r(i)||/||b|| 8.248549863318e-03
 50 KSP preconditioned resid norm 2.492312785467e-05 true resid norm 1.584072997541e-04 ||r(i)||/||b|| 8.208421851524e-03
 50 KSP preconditioned resid norm 3.409320542856e-05 true resid norm 1.488846993592e-04 ||r(i)||/||b|| 7.714975392390e-03
 51 KSP preconditioned resid norm 2.172151939151e-05 true resid norm 1.222463955234e-04 ||r(i)||/||b|| 6.334619590397e-03
 51 KSP preconditioned resid norm 2.371889393545e-05 true resid norm 7.597899977698e-05 ||r(i)||/||b|| 3.937114533197e-03
 52 KSP preconditioned resid norm 1.530315102093e-05 true resid norm 6.456234761175e-05 ||r(i)||/||b|| 3.345521233837e-03
 52 KSP preconditioned resid norm 2.079208324102e-05 true resid norm 6.022652797432e-05 ||r(i)||/||b|| 3.120845750374e-03
 53 KSP preconditioned resid norm 1.435680475955e-05 true resid norm 5.776786080322e-05 ||r(i)||/||b|| 2.993441411280e-03
 53 KSP preconditioned resid norm 2.001183580985e-05 true resid norm 5.633353909521e-05 ||r(i)||/||b|| 2.919117073523e-03
 54 KSP preconditioned resid norm 1.296287336880e-05 true resid norm 4.849806329812e-05 ||r(i)||/||b|| 2.513094807821e-03
 54 KSP preconditioned resid norm 1.271098599748e-05 true resid norm 2.755125609097e-05 ||r(i)||/||b|| 1.427663579173e-03
 55 KSP preconditioned resid norm 7.879886193759e-06 true resid norm 2.325684592780e-05 ||r(i)||/||b|| 1.205133870773e-03
 55 KSP preconditioned resid norm 1.046407435528e-05 true resid norm 2.162168942444e-05 ||r(i)||/||b|| 1.120402583808e-03
 56 KSP preconditioned resid norm 7.397799395019e-06 true resid norm 2.161170743673e-05 ||r(i)||/||b|| 1.119885332607e-03
 56 KSP preconditioned resid norm 1.046206173278e-05 true resid norm 2.161174737060e-05 ||r(i)||/||b|| 1.119887401918e-03
 57 KSP preconditioned resid norm 7.393121060864e-06 true resid norm 2.158419313821e-05 ||r(i)||/||b|| 1.118459584112e-03
 57 KSP preconditioned resid norm 6.916694410468e-06 true resid norm 1.361572025190e-05 ||r(i)||/||b|| 7.055456144601e-04
 58 KSP preconditioned resid norm 4.453178574940e-06 true resid norm 1.262602731579e-05 ||r(i)||/||b|| 6.542612536021e-04
 58 KSP preconditioned resid norm 6.109154957974e-06 true resid norm 1.235612850387e-05 ||r(i)||/||b|| 6.402755136214e-04
 59 KSP preconditioned resid norm 4.319639085086e-06 true resid norm 1.235034842194e-05 ||r(i)||/||b|| 6.399759986942e-04
 59 KSP preconditioned resid norm 6.108891795493e-06 true resid norm 1.235041823810e-05 ||r(i)||/||b|| 6.399796164602e-04
 60 KSP preconditioned resid norm 4.319286449295e-06 true resid norm 1.234815862578e-05 ||r(i)||/||b|| 6.398625268361e-04
 60 KSP preconditioned resid norm 5.548094176350e-06 true resid norm 1.056464004287e-05 ||r(i)||/||b|| 5.474433458306e-04
 61 KSP preconditioned resid norm 3.921228416006e-06 true resid norm 1.055468310534e-05 ||r(i)||/||b|| 5.469273926912e-04
 61 KSP preconditioned resid norm 5.545440056061e-06 true resid norm 1.055467237300e-05 ||r(i)||/||b|| 5.469268365579e-04
 62 KSP preconditioned resid norm 3.921145642348e-06 true resid norm 1.055443829916e-05 ||r(i)||/||b|| 5.469147072130e-04
 62 KSP preconditioned resid norm 5.544602416736e-06 true resid norm 1.055234952960e-05 ||r(i)||/||b|| 5.468064703971e-04
 63 KSP preconditioned resid norm 3.920102025520e-06 true resid norm 1.054936574307e-05 ||r(i)||/||b|| 5.466518551830e-04
 63 KSP preconditioned resid norm 5.543114401292e-06 true resid norm 1.054908672933e-05 ||r(i)||/||b|| 5.466373971217e-04
 64 KSP preconditioned resid norm 3.919330947668e-06 true resid norm 1.054626535514e-05 ||r(i)||/||b|| 5.464911978644e-04
 64 KSP preconditioned resid norm 5.542613085875e-06 true resid norm 1.054754136967e-05 ||r(i)||/||b|| 5.465573189685e-04
 65 KSP preconditioned resid norm 3.916203684670e-06 true resid norm 1.054570465334e-05 ||r(i)||/||b|| 5.464621431627e-04
 65 KSP preconditioned resid norm 5.426628141571e-06 true resid norm 1.027478722214e-05 ||r(i)||/||b|| 5.324236199018e-04
 66 KSP preconditioned resid norm 3.612378081115e-06 true resid norm 9.543531095040e-06 ||r(i)||/||b|| 4.945310557206e-04
 66 KSP preconditioned resid norm 4.371713058345e-06 true resid norm 8.089144006995e-06 ||r(i)||/||b|| 4.191669609306e-04
 67 KSP preconditioned resid norm 2.740883741998e-06 true resid norm 7.311236657551e-06 ||r(i)||/||b|| 3.788570023899e-04
 67 KSP preconditioned resid norm 3.513247500727e-06 true resid norm 6.841191856554e-06 ||r(i)||/||b|| 3.545000060792e-04
 68 KSP preconditioned resid norm 2.130614783454e-06 true resid norm 6.201019565985e-06 ||r(i)||/||b|| 3.213272657648e-04
 68 KSP preconditioned resid norm 2.433951888229e-06 true resid norm 5.497975700198e-06 ||r(i)||/||b|| 2.848966174331e-04
 69 KSP preconditioned resid norm 1.464096727483e-06 true resid norm 5.140949111831e-06 ||r(i)||/||b|| 2.663960505143e-04
 69 KSP preconditioned resid norm 1.813462446615e-06 true resid norm 4.930269245375e-06 ||r(i)||/||b|| 2.554789449126e-04
 70 KSP preconditioned resid norm 1.226557813358e-06 true resid norm 4.834301297838e-06 ||r(i)||/||b|| 2.505060339494e-04
 70 KSP preconditioned resid norm 1.705891154531e-06 true resid norm 4.787667630257e-06 ||r(i)||/||b|| 2.480895492509e-04
 71 KSP preconditioned resid norm 1.141297577696e-06 true resid norm 4.627462002810e-06 ||r(i)||/||b|| 2.397879408331e-04
 71 KSP preconditioned resid norm 1.377222817078e-06 true resid norm 4.217934901089e-06 ||r(i)||/||b|| 2.185668783204e-04
 72 KSP preconditioned resid norm 8.615848039856e-07 true resid norm 3.979367022741e-06 ||r(i)||/||b|| 2.062046589735e-04
 72 KSP preconditioned resid norm 1.102346645785e-06 true resid norm 3.822257091549e-06 ||r(i)||/||b|| 1.980634647590e-04
 73 KSP preconditioned resid norm 7.738631658021e-07 true resid norm 3.804895733675e-06 ||r(i)||/||b|| 1.971638259825e-04
 73 KSP preconditioned resid norm 1.093778358402e-06 true resid norm 3.803094423429e-06 ||r(i)||/||b|| 1.970704848649e-04
 74 KSP preconditioned resid norm 7.733333934574e-07 true resid norm 3.802825268233e-06 ||r(i)||/||b|| 1.970565376580e-04
 74 KSP preconditioned resid norm 1.093635758168e-06 true resid norm 3.802791970490e-06 ||r(i)||/||b|| 1.970548122204e-04
 75 KSP preconditioned resid norm 7.732035894075e-07 true resid norm 3.800441770547e-06 ||r(i)||/||b|| 1.969330284856e-04
 75 KSP preconditioned resid norm 1.092344037851e-06 true resid norm 3.807604665623e-06 ||r(i)||/||b|| 1.973041986562e-04
 76 KSP preconditioned resid norm 7.679235548290e-07 true resid norm 3.794709533270e-06 ||r(i)||/||b|| 1.966359927948e-04
 76 KSP preconditioned resid norm 1.052110606871e-06 true resid norm 3.625776236998e-06 ||r(i)||/||b|| 1.878821300452e-04
 77 KSP preconditioned resid norm 7.415085127293e-07 true resid norm 3.617702675097e-06 ||r(i)||/||b|| 1.874637705250e-04
 77 KSP preconditioned resid norm 1.048281428098e-06 true resid norm 3.619144666069e-06 ||r(i)||/||b|| 1.875384922722e-04
 78 KSP preconditioned resid norm 7.397224068562e-07 true resid norm 3.624232158832e-06 ||r(i)||/||b|| 1.878021182972e-04
 78 KSP preconditioned resid norm 1.033777115806e-06 true resid norm 3.638084840707e-06 ||r(i)||/||b|| 1.885199428973e-04
 79 KSP preconditioned resid norm 7.215801248133e-07 true resid norm 3.653640954194e-06 ||r(i)||/||b|| 1.893260366952e-04
 79 KSP preconditioned resid norm 1.006172610890e-06 true resid norm 3.670873446221e-06 ||r(i)||/||b|| 1.902189978424e-04
 80 KSP preconditioned resid norm 7.094007750406e-07 true resid norm 3.642892955463e-06 ||r(i)||/||b|| 1.887690919851e-04
 80 KSP preconditioned resid norm 1.002632072585e-06 true resid norm 3.638859961043e-06 ||r(i)||/||b|| 1.885601084371e-04
 81 KSP preconditioned resid norm 6.961906232598e-07 true resid norm 3.511871951911e-06 ||r(i)||/||b|| 1.819797857458e-04
 81 KSP preconditioned resid norm 6.819092722923e-07 true resid norm 1.697931056935e-06 ||r(i)||/||b|| 8.798416747060e-05
 82 KSP preconditioned resid norm 4.689979675003e-07 true resid norm 1.606123665593e-06 ||r(i)||/||b|| 8.322685010962e-05
 82 KSP preconditioned resid norm 6.613117303417e-07 true resid norm 1.596825531633e-06 ||r(i)||/||b|| 8.274503515482e-05
 83 KSP preconditioned resid norm 3.815158035931e-07 true resid norm 1.062864991578e-06 ||r(i)||/||b|| 5.507602386781e-05
 83 KSP preconditioned resid norm 9.920102749818e-08 true resid norm 4.019119471255e-08 ||r(i)||/||b|| 2.082645695176e-06
 84 KSP preconditioned resid norm 3.322951696827e-08 true resid norm 1.443134607526e-08 ||r(i)||/||b|| 7.478100861199e-07
 84 KSP preconditioned resid norm 2.418919595839e-08 true resid norm 9.309782448802e-09 ||r(i)||/||b|| 4.824185615456e-07
 85 KSP preconditioned resid norm 1.558444849265e-08 true resid norm 7.741912145894e-09 ||r(i)||/||b|| 4.011739416655e-07
 85 KSP preconditioned resid norm 2.153667914691e-08 true resid norm 7.431958747677e-09 ||r(i)||/||b|| 3.851126348266e-07
 86 KSP preconditioned resid norm 1.471807946242e-08 true resid norm 7.049279982088e-09 ||r(i)||/||b|| 3.652828116653e-07
KSP Object: 1 MPI processes
  type: tfqmr
  maximum iterations=1000, initial guess is zero
  tolerances:  relative=1e-07, absolute=1e-50, divergence=10000.
  left preconditioning
  using PRECONDITIONED norm type for convergence test
PC Object: 1 MPI processes
  type: fieldsplit
    FieldSplit with Schur preconditioner, blocksize = 1, factorization LOWER
    Preconditioner for the Schur complement formed from Sp, an assembled approximation to S, which uses A00's diagonal's inverse
    Split info:
    Split number 0 Defined by IS
    Split number 1 Defined by IS
    KSP solver for A00 block
      KSP Object: (fieldsplit_0_) 1 MPI processes
        type: preonly
        maximum iterations=10000, initial guess is zero
        tolerances:  relative=1e-05, absolute=1e-50, divergence=10000.
        left preconditioning
        using NONE norm type for convergence test
      PC Object: (fieldsplit_0_) 1 MPI processes
        type: gasm
          Restriction/interpolation type: RESTRICT
          requested amount of overlap = 0
          total number of subdomains = 1
          max number of local subdomains = 1
          [0|1] number of locally-supported subdomains = 1
          Subdomain solver info is as follows:
            - - - - - - - - - - - - - - - - - -
            [0|1] (subcomm [0|1]) local subdomain number 0, local size = 405
          KSP Object: (fieldsplit_0_sub_) 1 MPI processes
            type: preonly
            maximum iterations=10000, initial guess is zero
            tolerances:  relative=1e-05, absolute=1e-50, divergence=10000.
            left preconditioning
            using NONE norm type for convergence test
          PC Object: (fieldsplit_0_sub_) 1 MPI processes
            type: ilu
              out-of-place factorization
              0 levels of fill
              tolerance for zero pivot 2.22045e-14
              matrix ordering: natural
              factor fill ratio given 1., needed 1.
                Factored matrix follows:
                  Mat Object: 1 MPI processes
                    type: seqaij
                    rows=405, cols=405
                    package used to perform factorization: petsc
                    total: nonzeros=20025, allocated nonzeros=20025
                    total number of mallocs used during MatSetValues calls =0
                      using I-node routines: found 245 nodes, limit used is 5
            linear system matrix = precond matrix:
            Mat Object: (fieldsplit_0_) 1 MPI processes
              type: seqaij
              rows=405, cols=405
              total: nonzeros=20025, allocated nonzeros=20025
              total number of mallocs used during MatSetValues calls =0
                using I-node routines: found 245 nodes, limit used is 5
            - - - - - - - - - - - - - - - - - -
None
Traceback (most recent call last):
  File "/usr/local/bin/fenicsR13", line 11, in <module>
    load_entry_point('fenicsR13', 'console_scripts', 'fenicsR13')()
  File "/fenicsR13/fenicsR13/fenicsR13.py", line 120, in main
    solver.solve()
  File "/fenicsR13/fenicsR13/solver.py", line 1141, in solve
    solver.solve(sol.vector(), LL)
RuntimeError: 

*** -------------------------------------------------------------------------
*** DOLFIN encountered an error. If you are not able to resolve this issue
*** using the information listed below, you can ask for help at
***
***     fenics-support@googlegroups.com
***
*** Remember to include the error message listed below and, if possible,
*** include a *minimal* running example to reproduce the error.
***
*** -------------------------------------------------------------------------
*** Error:   Unable to successfully call PETSc function 'KSPSolve'.
*** Reason:  PETSc error code is: 77 (Petsc has generated inconsistent data).
*** Where:   This error was encountered inside /tmp/dolfin/dolfin/la/PETScKrylovSolver.cpp.
*** Process: 0
*** 
*** DOLFIN version: 2019.1.0
*** Git changeset:  74d7efe1e84d65e9433fd96c50f1d278fa3e3f3f
*** -------------------------------------------------------------------------

